Log file open, 06/28/14 10:16:07
LogInit:Display: Running engine for game: DigitalJamSession
LogInit: Version: 4.2.0-2092659+++depot+UE4-Releases+4.2
LogInit: Compiled (64-bit): Jun  3 2014 00:56:21
LogInit: Build Configuration: Development
LogInit: Branch Name: ++depot+UE4-Releases+4.2
LogInit: Command line:  
LogInit: Base directory: C:/Program Files/Unreal Engine/4.2/Engine/Binaries/Win64/
LogInit: Rocket: 1
[2014.06.28-00.16.07:052][  0]LogTaskGraph: Started task graph with 3 named threads and 8 total threads.
[2014.06.28-00.16.07:127][  0]LogOnline:Warning: No default platform service specified for OnlineSubsystem
[2014.06.28-00.16.07:145][  0]LogInit: Presizing for 0 objects not considered by GC, pre-allocating 0 bytes.
[2014.06.28-00.16.07:154][  0]LogInit: Object subsystem initialized
[2014.06.28-00.16.07:156][  0]LogInit: Selected Device Profile: [Windows]
[2014.06.28-00.16.07:156][  0]LogInit: Applying CVar settings loaded from the selected device profile: [Windows]
[2014.06.28-00.16.07:192][  0]LogInit: Computer: TAKAMATSU-PC
[2014.06.28-00.16.07:192][  0]LogInit: User: takamatsu
[2014.06.28-00.16.07:193][  0]LogInit: CPU Page size=4096, Cores=8
[2014.06.28-00.16.07:193][  0]LogInit: High frequency timer resolution =3.527597 MHz
[2014.06.28-00.16.07:194][  0]LogMemory: Memory total: Physical=31.9GB (32GB approx) Virtual=8192.0GB
[2014.06.28-00.16.07:194][  0]LogMemory: Platform Memory Stats for Windows
[2014.06.28-00.16.07:194][  0]LogMemory: Process Physical Memory: 55.04 MB used, 55.04 MB peak
[2014.06.28-00.16.07:194][  0]LogMemory: Process Virtual Memory: 31.84 MB used, 31.93 MB peak
[2014.06.28-00.16.07:194][  0]LogMemory: Physical Memory: 4041.71 MB used, 32695.07 MB total
[2014.06.28-00.16.07:194][  0]LogMemory: Virtual Memory: 237.16 MB used, 8388608.00 MB total
[2014.06.28-00.16.07:271][  0]LogD3D11RHI: Found D3D11 adapter 0: ASUS HD7970 Series (Feature Level 11_0)
[2014.06.28-00.16.07:271][  0]LogD3D11RHI: Adapter has 3023MB of dedicated video memory, 0MB of dedicated system memory, and 16091MB of shared system memory, 2 output[s]
[2014.06.28-00.16.07:271][  0]LogD3D11RHI: Chosen D3D11 Adapter Id = 0
[2014.06.28-00.16.07:286][  0]LogRHI: Texture pool is 1361 MB (70% of 1945 MB)
[2014.06.28-00.16.07:308][  0]LogD3D11RHI: Async texture creation disabled: no driver support
[2014.06.28-00.16.07:479][  0]LogContentStreaming: Texture pool size is 0.000000MB
[2014.06.28-00.16.09:974][  0]LogTargetPlatformManager:Display: Building Assets For Windows
[2014.06.28-00.16.10:200][  0]LogTargetPlatformManager:Display: Building Assets For Windows
[2014.06.28-00.16.10:271][  0]LogDerivedDataCache:Display: Max Cache Size: 512 MB
[2014.06.28-00.16.10:725][  0]LogDerivedDataCache: Loaded boot cache 0.45s 43MB C:/Users/takamatsu/AppData/Local/UnrealEngine/4.2/DerivedDataCache/Boot.ddc.
[2014.06.28-00.16.10:725][  0]LogDerivedDataCache:Display: Loaded Boot cache: C:/Users/takamatsu/AppData/Local/UnrealEngine/4.2/DerivedDataCache/Boot.ddc
[2014.06.28-00.16.10:725][  0]LogDerivedDataCache: FDerivedDataBackendGraph:  Pak pak cache file ../../../../../../Users/takamatsu/Documents/Unreal Projects/DigitalJamSession/DerivedDataCache/DDC.ddp not found, will not use a pak cache.
[2014.06.28-00.16.10:725][  0]LogDerivedDataCache: Unable to find inner node Pak for hierarchical cache Hierarchy.
[2014.06.28-00.16.10:761][  0]LogDerivedDataCache:Display: Pak cache opened for reading ../../../Engine/DerivedDataCache/DDC.ddp.
[2014.06.28-00.16.10:773][  0]LogDerivedDataCache: Using Local data cache path C:/Users/takamatsu/AppData/Local/UnrealEngine/4.2/DerivedDataCache: Writable
[2014.06.28-00.16.11:073][  0]LogMeshUtilities: No automatic mesh reduction module available
[2014.06.28-00.16.11:073][  0]LogMeshUtilities: No automatic mesh merging module available
[2014.06.28-00.16.11:610][  0]LogInit: WinSock: version 1.1 (2.2), MaxSocks=32767, MaxUdp=65467
[2014.06.28-00.16.18:647][  0]LogStreaming:Warning: Failed to read file '../../../Engine/Content/Editor/Slate/Icons/ActorIcons/GroupActor_16x.png' error.
[2014.06.28-00.16.18:647][  0]LogSlate: Could not find file for Slate resource: ../../../Engine/Content/Editor/Slate/Icons/ActorIcons/GroupActor_16x.png
[2014.06.28-00.16.18:812][  0]LogStreaming:Warning: Failed to read file '../../../Engine/Content/Editor/Slate/Icons/ActorIcons/DecalActor_16x.png' error.
[2014.06.28-00.16.18:812][  0]LogSlate: Could not find file for Slate resource: ../../../Engine/Content/Editor/Slate/Icons/ActorIcons/DecalActor_16x.png
[2014.06.28-00.16.23:129][  0]UdpMessaging: Initializing bridge on interface 0.0.0.0:0 to multicast group 230.0.0.1:6666.
[2014.06.28-00.16.23:245][  0]SourceControl: Info Source control is disabled
[2014.06.28-00.16.23:245][  0]SourceControl: Info Source control is disabled
[2014.06.28-00.16.23:259][  0]SourceControl: Info Source control is disabled
[2014.06.28-00.16.23:430][  0]BlueprintLog: New page: Editor Load
[2014.06.28-00.16.23:622][  0]LogObj: 19136 objects as part of root set at end of initial load.
[2014.06.28-00.16.23:622][  0]LogUObjectAllocator: 3804656 out of 0 bytes used by permanent object pool.
[2014.06.28-00.16.24:107][  0]LogEngine: Initializing Engine...
[2014.06.28-00.16.24:275][  0]LogInit: XAudio2 using 'Speakers (2- SB Recon3D PCIe)' : 6 channels at 48 kHz using 32 bits per sample (channel mask 0x3f)
[2014.06.28-00.16.24:369][  0]LogInit: FAudioDevice initialized.
[2014.06.28-00.16.24:408][  0]LogDerivedDataCache: Saved boot cache 0.04s 39MB C:/Users/takamatsu/AppData/Local/UnrealEngine/4.2/DerivedDataCache/Boot.ddc.
[2014.06.28-00.16.24:417][  0]LogInit: Texture streaming: Enabled
[2014.06.28-00.16.24:474][  0]LogInit: Transaction tracking system initialized
[2014.06.28-00.16.24:709][  0]LogAssetRegistry: FAssetRegistry took 0.0104 seconds to start up
[2014.06.28-00.16.25:057][  0]LogModuleManager:Warning: ModuleManager: Unable to load module '' because the file was not found.
[2014.06.28-00.16.25:072][  0]LogModuleManager:Warning: ModuleManager: Unable to load module '' because the file was not found.
[2014.06.28-00.16.25:191][  0]LogConsoleResponse:Display: 
[2014.06.28-00.16.26:179][  0]SourceControl: Info Source control is disabled
[2014.06.28-00.16.26:179][  0]Cmd: MAP LOAD FILE="../../../../../../Users/takamatsu/Documents/Unreal Projects/DigitalJamSession/Content/Jam.umap" TEMPLATE=0 SHOWPROGRESS=1 WORLDCOMPOSITION=0
[2014.06.28-00.16.26:246][  0]LightingResults: New page: Lighting Build
[2014.06.28-00.16.26:262][  0]MapCheck: New page: Map Check
[2014.06.28-00.16.26:262][  0]LightingResults: New page: Lighting Build
[2014.06.28-00.16.26:270][  0]LogParticles: Destroying 0 GPU particle simulations for FXSystem 0x00000000125BEF20
[2014.06.28-00.16.28:419][  0]LogEditorServer: Finished looking for orphan Actors (0.000 secs)
[2014.06.28-00.16.28:419][  0]Cmd: MAP CHECKDEP
[2014.06.28-00.16.28:420][  0]MapCheck: New page: Jam - 28/06/2014 8:16:28 pm
[2014.06.28-00.16.28:511][  0]MapCheck: Info ========== Map Check: 0 Error(s), 0 Warning(s), [91.281ms] ==========
[2014.06.28-00.16.28:511][  0]LogFileHelpers: Loading map 'Jam' took 2.333
[2014.06.28-00.16.28:726][  0]LogCollectionManager: Loaded 0 collections in 0.001202 seconds
[2014.06.28-00.16.28:968][  0]LogCrashTracker: Crashtracker disabled due to settings.
[2014.06.28-00.16.28:969][  0]Cmd: MODE PLACEMENT
[2014.06.28-00.16.29:009][  0]LogLoad: Full Startup: 23.68 seconds (BP compile: 0.07 seconds)
[2014.06.28-00.16.29:027][  0]LogContentBrowser:Verbose: The content browser source was changed by the sources view to '/Game/Assets'
[2014.06.28-00.16.29:171][  0]LogRenderer:Warning: Reallocating scene render targets to support 32x32.
[2014.06.28-00.16.29:371][  0]LogRenderer:Warning: Reallocating scene render targets to support 1040x896.
[2014.06.28-00.16.29:706][  1]LogEpicStorage:Warning: EnumerateFiles request failed. Invalid response. code=403 error=<?xml version="1.0" encoding="UTF-8"?>
<Error><Code>AccessDenied</Code><Message>Access Denied</Message><RequestId>7355B2010BF3E5F4</RequestId><HostId>2h4K7le1awNJHNIWZhc9LDX220NwTi4WpewPCobQHUxKRVd3BKFV/n907ozGdApm5rc8rxmKOi8=</HostId></Error>
[2014.06.28-00.16.29:741][  1]LogAssetRegistry: Asset discovery search completed in 5.0421 seconds
[2014.06.28-00.16.29:771][  2]LogEpicSurvey:Warning: EnumerateFiles request failed. Invalid response. code=403 error=<?xml version="1.0" encoding="UTF-8"?>
<Error><Code>AccessDenied</Code><Message>Access Denied</Message><RequestId>A67C647EF883EFB0</RequestId><HostId>tCUZi6XhRqdmKdmouMbbJWvfN10sKE9xl92J0LU28RKoJQblRWXAhMQc8IjUUNJl</HostId></Error>
[2014.06.28-00.16.29:806][  3]LogEpicStorage:Warning: EnumerateFiles request failed. Invalid response. code=403 error=<?xml version="1.0" encoding="UTF-8"?>
<Error><Code>AccessDenied</Code><Message>Access Denied</Message><RequestId>486F47179EA95B28</RequestId><HostId>6voy7ETcmZdOEmoTkTBLTc4lH/wmHKSgW4bNyd0nDmehMMOYRFZBViJ63XUZoHiy</HostId></Error>
[2014.06.28-00.16.29:833][  4]LogEpicSurvey:Warning: EnumerateFiles request failed. Invalid response. code=403 error=<?xml version="1.0" encoding="UTF-8"?>
<Error><Code>AccessDenied</Code><Message>Access Denied</Message><RequestId>1B2823CE8F5013F7</RequestId><HostId>QY2BfThH8KTRVIQVzyEo1WFu8Fn9PtrlfGCxgy93+Qky786M4gDKFfScP6P/IO1p</HostId></Error>
[2014.06.28-00.16.29:888][  6]LogEpicSurvey:Warning: EnumerateFiles request failed. Invalid response. code=403 error=<?xml version="1.0" encoding="UTF-8"?>
<Error><Code>AccessDenied</Code><Message>Access Denied</Message><RequestId>A7AC3362FFD7176D</RequestId><HostId>L/dUCTFgHjoeFoJL8c3BCE4pA45kjdH+s8aXNSSUevm/xAGn+cio1+h+3mktYru5</HostId></Error>
[2014.06.28-00.16.30:169][  7]LogEpicStorage:Warning: ReadFile request failed. File request already pending for filename=http://cdn.unrealengine.com/newsfeed/blueprint_icon_b.png
[2014.06.28-00.16.30:647][  7]LogEpicStorage:Warning: ReadFile request failed. File request already pending for filename=http://cdn.unrealengine.com/newsfeed/blueprint_icon_b.png
[2014.06.28-00.16.36:785][385]LogPlayLevel: PIE:  No blueprints needed recompiling
[2014.06.28-00.16.36:785][385]PIE: New page: PIE session: Jam (28/06/2014 8:16:36 pm)
[2014.06.28-00.16.36:804][385]LogPlayLevel: PIE: StaticDuplicateObject took: (0.018131s)
[2014.06.28-00.16.36:804][385]LogPlayLevel: PIE: World Init took: (0.000666s)
[2014.06.28-00.16.36:804][385]LogPlayLevel: PIE: Created PIE world by copying editor world from /Game/Jam.Jam to /Game/UEDPIE_0_Jam.Jam (0.018995s)
[2014.06.28-00.16.37:646][385]LogWorld: Game class is 'JamGameMode_C'
[2014.06.28-00.16.37:734][385]LogWorld: Bringing World /Game/UEDPIE_0_Jam.Jam up for play (max tick rate 0) at 2014.06.28-10.16.37
[2014.06.28-00.16.37:736][385]LogWorld: Bringing up level for play took: 0.003805
[2014.06.28-00.16.37:737][385]LogPlayerController: Spawned spectator SpectatorPawn_0 [server:1]
[2014.06.28-00.16.37:737][385]LogGameMode: RestartPlayer 256
[2014.06.28-00.16.37:739][385]LogPlayerController: ClientRestart_Implementation CharacterBP_C_0
[2014.06.28-00.16.37:739][385]LogPlayerController: ServerAcknowledgePossession_Implementation CharacterBP_C_0
[2014.06.28-00.16.37:747][385]PIE: Info Play in editor start time for /Game/UEDPIE_0_Jam 0.582
[2014.06.28-00.16.37:771][385]LogRenderer:Warning: Reallocating scene render targets to support 1296x896.
[2014.06.28-00.16.37:841][385]LogRenderer:Warning: Reallocating scene render targets to support 1296x904.
[2014.06.28-00.16.40:461][682]LogRenderer:Warning: Reallocating scene render targets to support 1920x1016.
[2014.06.28-00.17.27:541][857]LogBlueprintUserMessages: Un-named character can now fly !
[2014.06.28-00.18.31:709][509]LogBlueprintUserMessages: Un-named character  has stopped flying!
[2014.06.28-00.18.36:503][911]LogParticles: Destroying 0 GPU particle simulations for FXSystem 0x000000001DB939C0
[2014.06.28-00.18.45:302][664]Cmd: QUIT_EDITOR
[2014.06.28-00.18.45:417][664]LogWindowsTextInputMethodSystem:Error: Terminating failed while unadvising the language notification sink from the TSF source.
[2014.06.28-00.18.45:418][664]LogExit: Preparing to exit.
[2014.06.28-00.18.46:192][664]LogExit: Editor shut down
[2014.06.28-00.18.46:192][664]LogExit: Transaction tracking system shut down
[2014.06.28-00.18.46:194][664]LogParticles: Destroying 0 GPU particle simulations for FXSystem 0x000000000F68F2E0
[2014.06.28-00.18.46:194][664]LogParticles: Destroying 0 GPU particle simulations for FXSystem 0x000000000EDE9260
[2014.06.28-00.18.46:214][664]LogExit: Object subsystem successfully closed.
[2014.06.28-00.18.46:276][664]LogModuleManager: Shutting down and abandoning module AndroidDeviceDetection (163)
[2014.06.28-00.18.46:276][664]LogModuleManager: Shutting down and abandoning module CrashTracker (162)
[2014.06.28-00.18.46:276][664]LogModuleManager: Shutting down and abandoning module HTTP (161)
[2014.06.28-00.18.46:277][664]LogModuleManager: Shutting down and abandoning module NewsFeed (160)
[2014.06.28-00.18.46:277][664]LogModuleManager: Shutting down and abandoning module SceneOutliner (159)
[2014.06.28-00.18.46:277][664]LogModuleManager: Shutting down and abandoning module EditorWidgets (158)
[2014.06.28-00.18.46:277][664]LogModuleManager: Shutting down and abandoning module CollectionManager (157)
[2014.06.28-00.18.46:277][664]LogModuleManager: Shutting down and abandoning module StatsViewer (156)
[2014.06.28-00.18.46:277][664]LogModuleManager: Shutting down and abandoning module FoliageEdit (155)
[2014.06.28-00.18.46:277][664]LogModuleManager: Shutting down and abandoning module LandscapeEditor (154)
[2014.06.28-00.18.46:282][664]LogModuleManager: Shutting down and abandoning module MeshPaint (153)
[2014.06.28-00.18.46:282][664]LogModuleManager: Shutting down and abandoning module ActorPickerMode (152)
[2014.06.28-00.18.46:282][664]LogModuleManager: Shutting down and abandoning module GeometryMode (151)
[2014.06.28-00.18.46:282][664]LogModuleManager: Shutting down and abandoning module TextureAlignMode (150)
[2014.06.28-00.18.46:282][664]LogModuleManager: Shutting down and abandoning module BspMode (149)
[2014.06.28-00.18.46:282][664]LogModuleManager: Shutting down and abandoning module PlacementMode (148)
[2014.06.28-00.18.46:282][664]LogModuleManager: Shutting down and abandoning module AutomationWorker (147)
[2014.06.28-00.18.46:282][664]LogModuleManager: Shutting down and abandoning module ViewportSnapping (146)
[2014.06.28-00.18.46:282][664]LogModuleManager: Shutting down and abandoning module DeviceProfileEditor (145)
[2014.06.28-00.18.46:282][664]LogModuleManager: Shutting down and abandoning module UndoHistory (144)
[2014.06.28-00.18.46:282][664]LogModuleManager: Shutting down and abandoning module GameplayTagsEditor (143)
[2014.06.28-00.18.46:282][664]LogModuleManager: Shutting down and abandoning module UserFeedback (142)
[2014.06.28-00.18.46:282][664]LogModuleManager: Shutting down and abandoning module XmlParser (141)
[2014.06.28-00.18.46:282][664]LogModuleManager: Shutting down and abandoning module Blutility (140)
[2014.06.28-00.18.46:282][664]LogModuleManager: Shutting down and abandoning module AndroidPlatformEditor (137)
[2014.06.28-00.18.46:283][664]LogModuleManager: Shutting down and abandoning module AndroidRuntimeSettings (136)
[2014.06.28-00.18.46:283][664]LogModuleManager: Shutting down and abandoning module ProjectSettingsViewer (135)
[2014.06.28-00.18.46:283][664]LogModuleManager: Shutting down and abandoning module InputBindingEditor (134)
[2014.06.28-00.18.46:283][664]LogModuleManager: Shutting down and abandoning module EditorSettingsViewer (133)
[2014.06.28-00.18.46:283][664]LogModuleManager: Shutting down and abandoning module SettingsEditor (132)
[2014.06.28-00.18.46:283][664]LogModuleManager: Shutting down and abandoning module SessionLauncher (131)
[2014.06.28-00.18.46:283][664]LogModuleManager: Shutting down and abandoning module SessionFrontend (130)
[2014.06.28-00.18.46:283][664]LogModuleManager: Shutting down and abandoning module ProfilerClient (129)
[2014.06.28-00.18.46:283][664]LogModuleManager: Shutting down and abandoning module TargetDeviceServices (128)
[2014.06.28-00.18.46:283][664]LogModuleManager: Shutting down and abandoning module DeviceManager (127)
[2014.06.28-00.18.46:283][664]LogModuleManager: Shutting down and abandoning module AutomationController (126)
[2014.06.28-00.18.46:283][664]LogModuleManager: Shutting down and abandoning module AutomationWindow (125)
[2014.06.28-00.18.46:283][664]LogModuleManager: Shutting down and abandoning module Layers (124)
[2014.06.28-00.18.46:283][664]LogModuleManager: Shutting down and abandoning module ComponentVisualizers (123)
[2014.06.28-00.18.46:283][664]LogModuleManager: Shutting down and abandoning module DetailCustomizations (122)
[2014.06.28-00.18.46:283][664]LogModuleManager: Shutting down and abandoning module PackagesDialog (121)
[2014.06.28-00.18.46:283][664]LogModuleManager: Shutting down and abandoning module PropertyEditor (120)
[2014.06.28-00.18.46:283][664]LogModuleManager: Shutting down and abandoning module DirectoryWatcher (119)
[2014.06.28-00.18.46:283][664]LogModuleManager: Shutting down and abandoning module AssetRegistry (118)
[2014.06.28-00.18.46:330][664]LogModuleManager: Shutting down and abandoning module Persona (117)
[2014.06.28-00.18.46:331][664]LogModuleManager: Shutting down and abandoning module GraphEditor (116)
[2014.06.28-00.18.46:331][664]LogModuleManager: Shutting down and abandoning module ContentBrowser (115)
[2014.06.28-00.18.46:331][664]LogModuleManager: Shutting down and abandoning module ClassViewer (114)
[2014.06.28-00.18.46:331][664]LogModuleManager: Shutting down and abandoning module Toolbox (113)
[2014.06.28-00.18.46:331][664]LogModuleManager: Shutting down and abandoning module ModuleUI (112)
[2014.06.28-00.18.46:331][664]LogModuleManager: Shutting down and abandoning module Sequencer (111)
[2014.06.28-00.18.46:331][664]LogModuleManager: Shutting down and abandoning module AssetTools (110)
[2014.06.28-00.18.46:331][664]LogModuleManager: Shutting down and abandoning module MovieSceneTools (109)
[2014.06.28-00.18.46:331][664]LogModuleManager: Shutting down and abandoning module OutputLog (108)
[2014.06.28-00.18.46:331][664]LogModuleManager: Shutting down and abandoning module GammaUI (107)
[2014.06.28-00.18.46:331][664]LogModuleManager: Shutting down and abandoning module Documentation (106)
[2014.06.28-00.18.46:331][664]LogModuleManager: Shutting down and abandoning module StreamingPauseRendering (105)
[2014.06.28-00.18.46:331][664]LogModuleManager: Shutting down and abandoning module AnalyticsET (104)
[2014.06.28-00.18.46:331][664]LogModuleManager: Shutting down and abandoning module Analytics (103)
[2014.06.28-00.18.46:331][664]LogModuleManager: Shutting down and abandoning module ProfilerService (102)
[2014.06.28-00.18.46:413][664]LogModuleManager: Shutting down and abandoning module TaskGraph (101)
[2014.06.28-00.18.46:413][664]LogModuleManager: Shutting down and abandoning module GameProjectGeneration (100)
[2014.06.28-00.18.46:413][664]LogModuleManager: Shutting down and abandoning module Matinee (99)
[2014.06.28-00.18.46:413][664]LogModuleManager: Shutting down and abandoning module Kismet (98)
[2014.06.28-00.18.46:413][664]LogModuleManager: Shutting down and abandoning module SlateReflector (97)
[2014.06.28-00.18.46:413][664]LogModuleManager: Shutting down and abandoning module LevelEditor (96)
[2014.06.28-00.18.46:414][664]LogModuleManager: Shutting down and abandoning module MainFrame (95)
[2014.06.28-00.18.46:414][664]LogModuleManager: Shutting down and abandoning module SourceControl (94)
[2014.06.28-00.18.46:414][664]LogModuleManager: Shutting down and abandoning module ImageWrapper (93)
[2014.06.28-00.18.46:414][664]LogModuleManager: Shutting down and abandoning module OnlineBlueprintSupport (92)
[2014.06.28-00.18.46:414][664]LogModuleManager: Shutting down and abandoning module FunctionalTesting (91)
[2014.06.28-00.18.46:414][664]LogModuleManager: Shutting down and abandoning module CollisionAnalyzer (90)
[2014.06.28-00.18.46:414][664]LogModuleManager: Shutting down and abandoning module WorkspaceMenuStructure (89)
[2014.06.28-00.18.46:414][664]LogModuleManager: Shutting down and abandoning module MessageLog (88)
[2014.06.28-00.18.46:414][664]LogModuleManager: Shutting down and abandoning module Slate (87)
[2014.06.28-00.18.46:414][664]LogModuleManager: Shutting down and abandoning module EditorStyle (86)
[2014.06.28-00.18.46:416][664]LogModuleManager: Shutting down and abandoning module SessionServices (85)
[2014.06.28-00.18.46:416][664]LogModuleManager: Shutting down and abandoning module Messaging (84)
[2014.06.28-00.18.46:416][664]LogModuleManager: Shutting down and abandoning module SourceCodeAccess (83)
[2014.06.28-00.18.46:416][664]LogModuleManager: Shutting down and abandoning module HeadMountedDisplay (82)
[2014.06.28-00.18.46:416][664]LogModuleManager: Shutting down and abandoning module XAudio2 (81)
[2014.06.28-00.18.46:416][664]LogModuleManager: Shutting down and abandoning module Networking (79)
[2014.06.28-00.18.46:416][664]LogModuleManager: Shutting down and abandoning module Core (78)
[2014.06.28-00.18.46:416][664]LogModuleManager: Shutting down and abandoning module KismetCompiler (77)
[2014.06.28-00.18.46:416][664]LogModuleManager: Shutting down and abandoning module PhysXFormats (76)
[2014.06.28-00.18.46:416][664]LogModuleManager: Shutting down and abandoning module SimplygonMeshReduction (75)
[2014.06.28-00.18.46:416][664]LogModuleManager: Shutting down and abandoning module MeshUtilities (74)
[2014.06.28-00.18.46:416][664]LogModuleManager: Shutting down and abandoning module DerivedDataCache (73)
[2014.06.28-00.18.46:462][664]LogDerivedDataCache: Shutdown
[2014.06.28-00.18.46:462][664]LogModuleManager: Shutting down and abandoning module ShaderFormatOpenGL (72)
[2014.06.28-00.18.46:462][664]LogModuleManager: Shutting down and abandoning module ShaderFormatD3D (71)
[2014.06.28-00.18.46:462][664]LogModuleManager: Shutting down and abandoning module TextureFormatUncompressed (70)
[2014.06.28-00.18.46:462][664]LogModuleManager: Shutting down and abandoning module TextureFormatPVR (69)
[2014.06.28-00.18.46:462][664]LogModuleManager: Shutting down and abandoning module TextureFormatDXT (68)
[2014.06.28-00.18.46:462][664]LogModuleManager: Shutting down and abandoning module TextureFormatAndroid (67)
[2014.06.28-00.18.46:462][664]LogModuleManager: Shutting down and abandoning module AudioFormatOpus (66)
[2014.06.28-00.18.46:462][664]LogModuleManager: Shutting down and abandoning module AudioFormatOgg (65)
[2014.06.28-00.18.46:462][664]LogModuleManager: Shutting down and abandoning module AudioFormatADPCM (64)
[2014.06.28-00.18.46:462][664]LogModuleManager: Shutting down and abandoning module Android_PVRTCTargetPlatform (63)
[2014.06.28-00.18.46:462][664]LogModuleManager: Shutting down and abandoning module Android_ETC2TargetPlatform (62)
[2014.06.28-00.18.46:462][664]LogModuleManager: Shutting down and abandoning module Android_ETC1TargetPlatform (61)
[2014.06.28-00.18.46:462][664]LogModuleManager: Shutting down and abandoning module Android_DXTTargetPlatform (60)
[2014.06.28-00.18.46:462][664]LogModuleManager: Shutting down and abandoning module Android_ATCTargetPlatform (59)
[2014.06.28-00.18.46:462][664]LogModuleManager: Shutting down and abandoning module AndroidTargetPlatform (58)
[2014.06.28-00.18.46:462][664]LogModuleManager: Shutting down and abandoning module WindowsTargetPlatform (57)
[2014.06.28-00.18.46:462][664]LogModuleManager: Shutting down and abandoning module WindowsServerTargetPlatform (56)
[2014.06.28-00.18.46:462][664]LogModuleManager: Shutting down and abandoning module WindowsNoEditorTargetPlatform (55)
[2014.06.28-00.18.46:462][664]LogModuleManager: Shutting down and abandoning module WindowsClientTargetPlatform (54)
[2014.06.28-00.18.46:462][664]LogModuleManager: Shutting down and abandoning module TargetPlatform (53)
[2014.06.28-00.18.46:462][664]LogModuleManager: Shutting down and abandoning module InputCore (52)
[2014.06.28-00.18.46:462][664]LogModuleManager: Shutting down and abandoning module Settings (51)
[2014.06.28-00.18.46:462][664]LogModuleManager: Shutting down and abandoning module TextureCompressor (48)
[2014.06.28-00.18.46:462][664]LogModuleManager: Shutting down and abandoning module ShaderCore (47)
[2014.06.28-00.18.46:462][664]LogModuleManager: Shutting down and abandoning module OpenGLDrv (46)
[2014.06.28-00.18.46:462][664]LogModuleManager: Shutting down and abandoning module D3D11RHI (45)
[2014.06.28-00.18.46:462][664]LogModuleManager: Shutting down and abandoning module SlateRHIRenderer (44)
[2014.06.28-00.18.46:462][664]LogModuleManager: Shutting down and abandoning module Renderer (43)
[2014.06.28-00.18.46:462][664]LogModuleManager: Shutting down and abandoning module Engine (42)
[2014.06.28-00.18.46:462][664]LogModuleManager: Shutting down and abandoning module SlateRemote (41)
[2014.06.28-00.18.46:462][664]LogModuleManager: Shutting down and abandoning module ScriptPlugin (40)
[2014.06.28-00.18.46:462][664]LogModuleManager: Shutting down and abandoning module ScriptEditorPlugin (38)
[2014.06.28-00.18.46:462][664]LogModuleManager: Shutting down and abandoning module WindowsMoviePlayer (37)
[2014.06.28-00.18.46:465][664]LogModuleManager: Shutting down and abandoning module ExampleDeviceProfileSelector (32)
[2014.06.28-00.18.46:465][664]LogModuleManager: Shutting down and abandoning module CustomMeshComponent (31)
[2014.06.28-00.18.46:465][664]LogModuleManager: Shutting down and abandoning module CableComponent (30)
[2014.06.28-00.18.46:465][664]LogModuleManager: Shutting down and abandoning module OculusRift (26)
[2014.06.28-00.18.46:465][664]LogModuleManager: Shutting down and abandoning module UdpMessaging (25)
[2014.06.28-00.18.46:565][664]LogModuleManager: Shutting down and abandoning module MessagingDebugger (24)
[2014.06.28-00.18.46:565][664]LogModuleManager: Shutting down and abandoning module PluginsEditor (14)
[2014.06.28-00.18.46:565][664]LogModuleManager: Shutting down and abandoning module IntroTutorials (13)
[2014.06.28-00.18.46:565][664]LogModuleManager: Shutting down and abandoning module EpicSurvey (12)
[2014.06.28-00.18.46:565][664]LogModuleManager: Shutting down and abandoning module VisualStudioSourceCodeAccess (10)
[2014.06.28-00.18.46:565][664]LogModuleManager: Shutting down and abandoning module UObjectPlugin (9)
[2014.06.28-00.18.46:565][664]LogModuleManager: Shutting down and abandoning module SubversionSourceControl (8)
[2014.06.28-00.18.46:565][664]LogModuleManager: Shutting down and abandoning module PerforceSourceControl (7)
[2014.06.28-00.18.46:565][664]LogModuleManager: Shutting down and abandoning module BlankPlugin (6)
[2014.06.28-00.18.46:565][664]LogModuleManager: Shutting down and abandoning module CoreUObject (5)
[2014.06.28-00.18.46:565][664]LogModuleManager: Shutting down and abandoning module NetworkFile (4)
[2014.06.28-00.18.46:565][664]LogModuleManager: Shutting down and abandoning module StreamingFile (3)
[2014.06.28-00.18.46:565][664]LogModuleManager: Shutting down and abandoning module SandboxFile (2)
[2014.06.28-00.18.46:565][664]LogModuleManager: Shutting down and abandoning module PakFile (1)
[2014.06.28-00.18.46:566][664]LogExit: Exiting.
[2014.06.28-00.18.46:569][664]Log file closed, 06/28/14 10:18:46
