Log file open, 06/18/14 21:53:29
LogInit:Display: Running engine for game: DigitalJamSession
LogInit: Version: 4.2.0-2092659+++depot+UE4-Releases+4.2
LogInit: Compiled (64-bit): Jun  3 2014 00:56:21
LogInit: Build Configuration: Development
LogInit: Branch Name: ++depot+UE4-Releases+4.2
LogInit: Command line: 
LogInit: Base directory: C:/Program Files/Unreal Engine/4.2/Engine/Binaries/Win64/
LogInit: Rocket: 1
[2014.06.18-11.53.29:374][  0]LogTaskGraph: Started task graph with 3 named threads and 8 total threads.
[2014.06.18-11.53.29:450][  0]LogOnline:Warning: No default platform service specified for OnlineSubsystem
[2014.06.18-11.53.29:468][  0]LogInit: Presizing for 0 objects not considered by GC, pre-allocating 0 bytes.
[2014.06.18-11.53.29:477][  0]LogInit: Object subsystem initialized
[2014.06.18-11.53.29:479][  0]LogInit: Selected Device Profile: [Windows]
[2014.06.18-11.53.29:479][  0]LogInit: Applying CVar settings loaded from the selected device profile: [Windows]
[2014.06.18-11.53.29:487][  0]LogInit: Computer: TAKAMATSU-PC
[2014.06.18-11.53.29:487][  0]LogInit: User: takamatsu
[2014.06.18-11.53.29:489][  0]LogInit: CPU Page size=4096, Cores=8
[2014.06.18-11.53.29:489][  0]LogInit: High frequency timer resolution =3.527578 MHz
[2014.06.18-11.53.29:489][  0]LogMemory: Memory total: Physical=31.9GB (32GB approx) Virtual=8192.0GB
[2014.06.18-11.53.29:489][  0]LogMemory: Platform Memory Stats for Windows
[2014.06.18-11.53.29:489][  0]LogMemory: Process Physical Memory: 55.15 MB used, 55.15 MB peak
[2014.06.18-11.53.29:489][  0]LogMemory: Process Virtual Memory: 31.83 MB used, 31.93 MB peak
[2014.06.18-11.53.29:489][  0]LogMemory: Physical Memory: 4198.76 MB used, 32695.07 MB total
[2014.06.18-11.53.29:489][  0]LogMemory: Virtual Memory: 237.16 MB used, 8388608.00 MB total
[2014.06.18-11.53.29:562][  0]LogD3D11RHI: Found D3D11 adapter 0: ASUS HD7970 Series (Feature Level 11_0)
[2014.06.18-11.53.29:562][  0]LogD3D11RHI: Adapter has 3023MB of dedicated video memory, 0MB of dedicated system memory, and 16091MB of shared system memory, 1 output[s]
[2014.06.18-11.53.29:562][  0]LogD3D11RHI: Chosen D3D11 Adapter Id = 0
[2014.06.18-11.53.29:571][  0]LogRHI: Texture pool is 1361 MB (70% of 1945 MB)
[2014.06.18-11.53.29:609][  0]LogD3D11RHI: Async texture creation disabled: no driver support
[2014.06.18-11.53.29:733][  0]LogContentStreaming: Texture pool size is 0.000000MB
[2014.06.18-11.53.30:908][  0]LogTargetPlatformManager:Display: Building Assets For Windows
[2014.06.18-11.53.31:134][  0]LogTargetPlatformManager:Display: Building Assets For Windows
[2014.06.18-11.53.31:205][  0]LogDerivedDataCache:Display: Max Cache Size: 512 MB
[2014.06.18-11.53.31:270][  0]LogDerivedDataCache: Loaded boot cache 0.06s 39MB C:/Users/takamatsu/AppData/Local/UnrealEngine/4.2/DerivedDataCache/Boot.ddc.
[2014.06.18-11.53.31:270][  0]LogDerivedDataCache:Display: Loaded Boot cache: C:/Users/takamatsu/AppData/Local/UnrealEngine/4.2/DerivedDataCache/Boot.ddc
[2014.06.18-11.53.31:270][  0]LogDerivedDataCache: FDerivedDataBackendGraph:  Pak pak cache file ../../../../../../Users/takamatsu/Documents/Unreal Projects/DigitalJamSession/DerivedDataCache/DDC.ddp not found, will not use a pak cache.
[2014.06.18-11.53.31:270][  0]LogDerivedDataCache: Unable to find inner node Pak for hierarchical cache Hierarchy.
[2014.06.18-11.53.31:280][  0]LogDerivedDataCache:Display: Pak cache opened for reading ../../../Engine/DerivedDataCache/DDC.ddp.
[2014.06.18-11.53.31:292][  0]LogDerivedDataCache: Using Local data cache path C:/Users/takamatsu/AppData/Local/UnrealEngine/4.2/DerivedDataCache: Writable
[2014.06.18-11.53.31:582][  0]LogMeshUtilities: No automatic mesh reduction module available
[2014.06.18-11.53.31:582][  0]LogMeshUtilities: No automatic mesh merging module available
[2014.06.18-11.53.32:062][  0]LogInit: WinSock: version 1.1 (2.2), MaxSocks=32767, MaxUdp=65467
[2014.06.18-11.53.32:613][  0]LogStreaming:Warning: Failed to read file '../../../Engine/Content/Editor/Slate/Icons/ActorIcons/GroupActor_16x.png' error.
[2014.06.18-11.53.32:613][  0]LogSlate: Could not find file for Slate resource: ../../../Engine/Content/Editor/Slate/Icons/ActorIcons/GroupActor_16x.png
[2014.06.18-11.53.32:619][  0]LogStreaming:Warning: Failed to read file '../../../Engine/Content/Editor/Slate/Icons/ActorIcons/DecalActor_16x.png' error.
[2014.06.18-11.53.32:619][  0]LogSlate: Could not find file for Slate resource: ../../../Engine/Content/Editor/Slate/Icons/ActorIcons/DecalActor_16x.png
[2014.06.18-11.53.32:948][  0]UdpMessaging: Initializing bridge on interface 0.0.0.0:0 to multicast group 230.0.0.1:6666.
[2014.06.18-11.53.33:063][  0]SourceControl: Info Source control is disabled
[2014.06.18-11.53.33:063][  0]SourceControl: Info Source control is disabled
[2014.06.18-11.53.33:077][  0]SourceControl: Info Source control is disabled
[2014.06.18-11.53.33:213][  0]BlueprintLog: New page: Editor Load
[2014.06.18-11.53.33:279][  0]LogObj: 19136 objects as part of root set at end of initial load.
[2014.06.18-11.53.33:279][  0]LogUObjectAllocator: 3804656 out of 0 bytes used by permanent object pool.
[2014.06.18-11.53.33:725][  0]LogEngine: Initializing Engine...
[2014.06.18-11.53.33:879][  0]LogInit: XAudio2 using 'Speakers (SB Recon3D PCIe)' : 6 channels at 48 kHz using 32 bits per sample (channel mask 0x3f)
[2014.06.18-11.53.33:895][  0]LogInit: FAudioDevice initialized.
[2014.06.18-11.53.33:933][  0]LogDerivedDataCache: Saved boot cache 0.04s 39MB C:/Users/takamatsu/AppData/Local/UnrealEngine/4.2/DerivedDataCache/Boot.ddc.
[2014.06.18-11.53.33:941][  0]LogInit: Texture streaming: Enabled
[2014.06.18-11.53.34:001][  0]LogInit: Transaction tracking system initialized
[2014.06.18-11.53.34:216][  0]LogAssetRegistry: FAssetRegistry took 0.0098 seconds to start up
[2014.06.18-11.53.34:556][  0]LogModuleManager:Warning: ModuleManager: Unable to load module '' because the file was not found.
[2014.06.18-11.53.34:573][  0]LogModuleManager:Warning: ModuleManager: Unable to load module '' because the file was not found.
[2014.06.18-11.53.34:672][  0]LogConsoleResponse:Display: 
[2014.06.18-11.53.35:049][  0]SourceControl: Info Source control is disabled
[2014.06.18-11.53.35:049][  0]Cmd: MAP LOAD FILE="../../../../../../Users/takamatsu/Documents/Unreal Projects/DigitalJamSession/Content/Jam.umap" TEMPLATE=0 SHOWPROGRESS=1 WORLDCOMPOSITION=0
[2014.06.18-11.53.35:049][  0]LightingResults: New page: Lighting Build
[2014.06.18-11.53.35:065][  0]MapCheck: New page: Map Check
[2014.06.18-11.53.35:065][  0]LightingResults: New page: Lighting Build
[2014.06.18-11.53.35:073][  0]LogParticles: Destroying 0 GPU particle simulations for FXSystem 0x0000000013AD2F20
[2014.06.18-11.53.35:344][  0]LogEditorServer: Finished looking for orphan Actors (0.000 secs)
[2014.06.18-11.53.35:345][  0]Cmd: MAP CHECKDEP
[2014.06.18-11.53.35:345][  0]MapCheck: New page: Jam - 19/06/2014 7:53:35 am
[2014.06.18-11.53.35:431][  0]MapCheck: Info ========== Map Check: 0 Error(s), 0 Warning(s), [85.867ms] ==========
[2014.06.18-11.53.35:431][  0]LogFileHelpers: Loading map 'Jam' took 0.382
[2014.06.18-11.53.35:618][  0]LogCollectionManager: Loaded 0 collections in 0.001160 seconds
[2014.06.18-11.53.35:829][  0]LogCrashTracker: Crashtracker disabled due to settings.
[2014.06.18-11.53.35:829][  0]Cmd: MODE PLACEMENT
[2014.06.18-11.53.35:859][  0]LogLoad: Full Startup: 7.85 seconds (BP compile: 0.07 seconds)
[2014.06.18-11.53.35:872][  0]LogContentBrowser:Verbose: The content browser source was changed by the sources view to '/Game/Assets/Character'
[2014.06.18-11.53.36:037][  0]LogRenderer:Warning: Reallocating scene render targets to support 1040x896.
[2014.06.18-11.53.36:387][  1]LogEpicStorage:Warning: EnumerateFiles request failed. Invalid response. code=403 error=<?xml version="1.0" encoding="UTF-8"?>
<Error><Code>AccessDenied</Code><Message>Access Denied</Message><RequestId>A669F815126E0C88</RequestId><HostId>N6iEymc/++hZ3TqqYw5lyUbX5DGlYHf15eV8juOPOJDgO8uocUQD2GeJFV6WyWpx</HostId></Error>
[2014.06.18-11.53.36:403][  2]LogEpicSurvey:Warning: EnumerateFiles request failed. Invalid response. code=403 error=<?xml version="1.0" encoding="UTF-8"?>
<Error><Code>AccessDenied</Code><Message>Access Denied</Message><RequestId>116F890FA19AA22C</RequestId><HostId>+4ruciY/E7Rp6Mws4hUNWjtuYImCl7Hp8rkdHNUgnwmVmWUPILGtE7y42Lj+HjIM</HostId></Error>
[2014.06.18-11.53.36:428][  3]LogEpicStorage:Warning: EnumerateFiles request failed. Invalid response. code=403 error=<?xml version="1.0" encoding="UTF-8"?>
<Error><Code>AccessDenied</Code><Message>Access Denied</Message><RequestId>F8AA7D0585C56C04</RequestId><HostId>NVG6Cd8CPePqxMTWKj+rZtN5J2E+8mzUX7pqJ8xFmRasVrdw7gwMNUNe46KgEzdN</HostId></Error>
[2014.06.18-11.53.36:465][  6]LogEpicSurvey:Warning: EnumerateFiles request failed. Invalid response. code=403 error=<?xml version="1.0" encoding="UTF-8"?>
<Error><Code>AccessDenied</Code><Message>Access Denied</Message><RequestId>1C772B0A91097DB7</RequestId><HostId>Kz5VrPS6fYSlP+280jcfEBcu5W6v9OgDKLNGX9LIkSRus3UlYLi4qJCHecaEQ+gA</HostId></Error>
[2014.06.18-11.53.36:500][  9]LogEpicSurvey:Warning: EnumerateFiles request failed. Invalid response. code=403 error=<?xml version="1.0" encoding="UTF-8"?>
<Error><Code>AccessDenied</Code><Message>Access Denied</Message><RequestId>48602A097A61394F</RequestId><HostId>oqNRQSuweAu37zd3sd9aa2bZxjv0BJsRep+bfpOJPetCpPZCpxsGd9VPq882Ks1z</HostId></Error>
[2014.06.18-11.53.36:530][ 12]LogEpicStorage:Warning: ReadFile request failed. File request already pending for filename=http://cdn.unrealengine.com/newsfeed/blueprint_icon_b.png
[2014.06.18-11.53.43:024][676]LogAssetRegistry: Asset discovery search completed in 8.8189 seconds
[2014.06.18-11.53.59:377][357]LogPlayLevel: PIE:  No blueprints needed recompiling
[2014.06.18-11.53.59:377][357]PIE: New page: PIE session: Jam (19/06/2014 7:53:59 am)
[2014.06.18-11.53.59:395][357]LogPlayLevel: PIE: StaticDuplicateObject took: (0.017991s)
[2014.06.18-11.53.59:395][357]LogPlayLevel: PIE: World Init took: (0.000713s)
[2014.06.18-11.53.59:396][357]LogPlayLevel: PIE: Created PIE world by copying editor world from /Game/Jam.Jam to /Game/UEDPIE_0_Jam.Jam (0.018905s)
[2014.06.18-11.53.59:918][357]LogWorld: Game class is 'JamGameMode_C'
[2014.06.18-11.53.59:981][357]LogWorld: Bringing World /Game/UEDPIE_0_Jam.Jam up for play (max tick rate 0) at 2014.06.18-21.53.59
[2014.06.18-11.53.59:985][357]LogWorld: Bringing up level for play took: 0.005707
[2014.06.18-11.53.59:986][357]LogPlayerController: Spawned spectator SpectatorPawn_0 [server:1]
[2014.06.18-11.53.59:986][357]LogGameMode: RestartPlayer 256
[2014.06.18-11.53.59:988][357]LogPlayerController: ClientRestart_Implementation CharacterBP_C_0
[2014.06.18-11.53.59:988][357]LogPlayerController: ServerAcknowledgePossession_Implementation CharacterBP_C_0
[2014.06.18-11.53.59:994][357]PIE: Info Play in editor start time for /Game/UEDPIE_0_Jam 0.785
[2014.06.18-11.54.00:152][358]LogRenderer:Warning: Reallocating scene render targets to support 1040x904.
[2014.06.18-11.54.39:053][582]LogBlueprintUserMessages: Un-named character can now fly !
[2014.06.18-11.54.43:085][ 17]LogBlueprintUserMessages: Un-named character can walk through walls...
[2014.06.18-11.54.52:401][ 37]LogBlueprintUserMessages: Un-named character  has stopped walking through walls
[2014.06.18-11.54.53:128][116]LogBlueprintUserMessages: Un-named character  has stopped flying!
[2014.06.18-11.54.54:931][302]LogActorComponent: UnregisterComponent: (/Engine/Transient.CharacterMovementComponent_0) Not registered. Aborting.
[2014.06.18-11.54.54:953][302]LogParticles: Destroying 0 GPU particle simulations for FXSystem 0x000000001C732A20
[2014.06.18-11.54.59:919][813]LogPlayLevel: PIE:  No blueprints needed recompiling
[2014.06.18-11.54.59:919][813]PIE: New page: PIE session: Jam (19/06/2014 7:54:59 am)
[2014.06.18-11.54.59:938][813]LogPlayLevel: PIE: StaticDuplicateObject took: (0.019087s)
[2014.06.18-11.54.59:939][813]LogPlayLevel: PIE: World Init took: (0.000712s)
[2014.06.18-11.54.59:939][813]LogPlayLevel: PIE: Created PIE world by copying editor world from /Game/Jam.Jam to /Game/UEDPIE_1_Jam.Jam (0.020026s)
[2014.06.18-11.54.59:940][813]LogWorld: Game class is 'JamGameMode_C'
[2014.06.18-11.54.59:982][813]LogWorld: Bringing World /Game/UEDPIE_1_Jam.Jam up for play (max tick rate 0) at 2014.06.18-21.54.59
[2014.06.18-11.54.59:986][813]LogWorld: Bringing up level for play took: 0.006032
[2014.06.18-11.54.59:986][813]PIE: Info Play in editor start time for /Game/UEDPIE_1_Jam 0.777
[2014.06.18-11.55.00:020][813]LogInit: WinSock: Socket queue 131072 / 131072
[2014.06.18-11.55.00:032][813]LogInit: WinSock: I am takamatsu-PC (10.0.0.1:0)
[2014.06.18-11.55.00:033][813]LogNet: GameNetDriver IpNetDriver_0 IpNetDriver listening on port 7777
[2014.06.18-11.55.00:033][813]PIE: New page: PIE session: Jam (19/06/2014 7:55:00 am)
[2014.06.18-11.55.00:034][813]LogWorld: Game class is 'GameMode'
[2014.06.18-11.55.00:060][813]LogWorld: Bringing World /Temp/Untitled_1.NewWorld up for play (max tick rate 0) at 2014.06.18-21.55.00
[2014.06.18-11.55.00:061][813]LogWorld: Bringing up level for play took: 0.000330
[2014.06.18-11.55.00:061][813]LogGameMode: Warning - PATHS NOT DEFINED or NO PLAYERSTART with positive rating
[2014.06.18-11.55.00:061][813]LogPlayerController: Spawned spectator SpectatorPawn_1 [server:1]
[2014.06.18-11.55.00:061][813]LogGameMode: RestartPlayer 257
[2014.06.18-11.55.00:061][813]LogPlayerController: ClientRestart_Implementation DefaultPawn_0
[2014.06.18-11.55.00:061][813]LogPlayerController: ServerAcknowledgePossession_Implementation DefaultPawn_0
[2014.06.18-11.55.00:064][813]PIE: Info Play in editor start time for /Game/Jam 0.854
[2014.06.18-11.55.00:064][813]LogNet: Browse: 127.0.0.1//Game/Jam
[2014.06.18-11.55.00:064][813]LogInit: WinSock: Socket queue 32768 / 32768
[2014.06.18-11.55.00:066][813]LogNet: Game client on port 7777, rate 10000
[2014.06.18-11.55.00:098][813]LogNet: NotifyAcceptingConnection: Server Jam accept
[2014.06.18-11.55.00:098][813]LogNet: Open Jam 06/18/14 21:55:00 127.0.0.1
[2014.06.18-11.55.00:098][813]LogNet: Added client connection.  Remote address = 127.0.0.1:60629
[2014.06.18-11.55.00:098][813]LogNet: NotifyAcceptingChannel Control 0 server World /Game/UEDPIE_1_Jam.Jam: Accepted
[2014.06.18-11.55.00:098][813]LogNet: Remote platform little endian=1
[2014.06.18-11.55.00:098][813]LogNet: This platform little endian=1
[2014.06.18-11.55.00:169][814]LogNet: Login request: /Game/Jam userId: Invalid
[2014.06.18-11.55.00:169][814]LogNet: Client netspeed is 10000
[2014.06.18-11.55.00:171][814]LogNet: Welcomed by server (Level: /Game/UEDPIE_1_Jam, Game: /Game/Assets/Character/JamGameMode.JamGameMode_C)
[2014.06.18-11.55.00:171][814]LogLoad: LoadMap: 127.0.0.1//Game/UEDPIE_1_Jam?game=/Game/Assets/Character/JamGameMode.JamGameMode_C
[2014.06.18-11.55.00:184][814]LogParticles: Destroying 0 GPU particle simulations for FXSystem 0x000000000E609B20
[2014.06.18-11.55.00:184][814]Cmd: MEM
[2014.06.18-11.55.00:194][814]LogMemory: Platform Memory Stats for Windows
[2014.06.18-11.55.00:194][814]LogMemory: Process Physical Memory: 409.78 MB used, 416.78 MB peak
[2014.06.18-11.55.00:194][814]LogMemory: Process Virtual Memory: 351.13 MB used, 358.20 MB peak
[2014.06.18-11.55.00:194][814]LogMemory: Physical Memory: 4548.16 MB used, 32695.07 MB total
[2014.06.18-11.55.00:194][814]LogMemory: Virtual Memory: 822.50 MB used, 8388608.00 MB total
[2014.06.18-11.55.00:194][814]LogMemory: 
[2014.06.18-11.55.00:194][814]Allocator Stats for TBB: (not implemented)
[2014.06.18-11.55.00:195][814]LogLinker: Can't find file for asset '/Game/UEDPIE_1_Jam' while loading NULL.
[2014.06.18-11.55.00:212][814]LogWorld: PIE: Copying PIE streaming level from /Game/Jam.Jam to /Game/UEDPIE_2_Jam.Jam. OwningWorld: None
[2014.06.18-11.55.00:215][814]LogWorld: Bringing World /Game/UEDPIE_2_Jam.Jam up for play (max tick rate 0) at 2014.06.18-21.55.00
[2014.06.18-11.55.00:218][814]LogWorld: Bringing up level for play took: 0.005382
[2014.06.18-11.55.00:230][815]LogNet: Join request: /Game/Jam?SplitscreenCount=1
[2014.06.18-11.55.00:245][815]LogGameMode: RestartPlayer 258
[2014.06.18-11.55.00:246][815]LogNet: Join succeeded: 258
[2014.06.18-11.55.00:252][815]LogPlayerController: NULL GameState when trying to spawn spectator!
[2014.06.18-11.55.00:252][815]LogNet: PlayerController_4 setplayer LocalPlayer_1
[2014.06.18-11.55.00:253][815]LogPlayerController: ClientRestart_Implementation None
[2014.06.18-11.55.00:268][816]LogNetPackageMap:Warning: UPackageMapClient::SupportsObject /Game/UEDPIE_1_Jam.Jam:PersistentLevel.CharacterBP_C_1.CharacterMesh0.MaterialInstanceDynamic_30 NOT Supported.Not RF_WasLoaded. NetGUID: <0>
[2014.06.18-11.55.00:268][816]LogNetPackageMap:Warning:    
[2014.06.18-11.55.00:270][816]LogPlayerController: Spawned spectator SpectatorPawn_2 [server:0]
[2014.06.18-11.55.00:499][839]LogPlayerController: ClientRetryClientRestart_Implementation CharacterBP_C_2, AcknowledgedPawn: None
[2014.06.18-11.55.00:499][839]LogPlayerController: ClientRestart_Implementation CharacterBP_C_2
[2014.06.18-11.55.00:517][840]LogPlayerController: ServerAcknowledgePossession_Implementation CharacterBP_C_1
[2014.06.18-11.55.04:824][257]LogBlueprintUserMessages: Server: Un-named character can now fly !
[2014.06.18-11.55.06:139][385]LogBlueprintUserMessages: Server: Un-named character can walk through walls...
[2014.06.18-11.55.06:140][385]LogNetPackageMap:Warning: UPackageMapClient::SupportsObject /Game/UEDPIE_1_Jam.Jam:PersistentLevel.CharacterBP_C_1.CharacterMesh0.MaterialInstanceDynamic_32 NOT Supported.Not RF_WasLoaded. NetGUID: <0>
[2014.06.18-11.55.06:140][385]LogNetPackageMap:Warning:    
[2014.06.18-11.55.26:213][285]LogNet: UChannel::CleanUp: [GameNetDriver] [None] [None]. ChIndex == 0. Closing connection.
[2014.06.18-11.55.26:213][285]LogNet: UNetConnection::Close: Name: IpConnection_1, Driver: GameNetDriver IpNetDriver_0, PC: None, Owner: None, Channels: 2, RemoteAddr: 127.0.0.1:60629, Time: 2014.06.18-11.55.26
[2014.06.18-11.55.26:213][285]LogNet: UChannel::Close: Sending CloseBunch. ChIndex == 0. Name: ControlChannel_1
[2014.06.18-11.55.26:213][285]LogNet: UChannel::CleanUp: [GameNetDriver] [None] [None]. ChIndex == 0. Closing connection.
[2014.06.18-11.55.26:213][285]LogNet: UNetConnection::Close: Name: IpConnection_0, Driver: GameNetDriver IpNetDriver_1, PC: None, Owner: None, Channels: 2, RemoteAddr: 127.0.0.1:7777, Time: 2014.06.18-11.55.26
[2014.06.18-11.55.26:213][285]LogNet: UChannel::Close: Sending CloseBunch. ChIndex == 0. Name: ControlChannel_0
[2014.06.18-11.55.26:217][285]LogExit: GameNetDriver None shut down
[2014.06.18-11.55.26:217][285]LogExit: GameNetDriver None shut down
[2014.06.18-11.55.26:217][285]LogParticles: Destroying 0 GPU particle simulations for FXSystem 0x000000000E976C00
[2014.06.18-11.55.26:253][286]LogParticles: Destroying 0 GPU particle simulations for FXSystem 0x000000000E60AAC0
[2014.06.18-11.57.11:198][259]LogRenderer:Warning: Reallocating scene render targets to support 1616x904.
[2014.06.18-11.58.17:676][545]LogActorComponent: UnregisterComponent: (/Engine/Transient.CharacterMovementComponent_1) Not registered. Aborting.
[2014.06.18-11.58.19:832][653]BlueprintLog: New page: Compile CharacterBP
[2014.06.18-11.58.19:977][653]LogActorComponent: UnregisterComponent: (/Engine/Transient.CharacterMovementComponent_2) Not registered. Aborting.
[2014.06.18-11.58.20:297][653]BlueprintEditorCompileResults: Info [0291.90] Compile of CharacterBP successful! [in 70 ms]
[2014.06.18-11.58.23:105][772]LogSavePackage: Save=410.785522ms
[2014.06.18-11.58.23:106][772]LogSavePackage: Moving '../../../../../../Users/takamatsu/Documents/Unreal Projects/DigitalJamSession/Saved/CharacterBPB72169324F9B3F7B56F00EAF5CA8A46C.tmp' to '../../../../../../Users/takamatsu/Documents/Unreal Projects/DigitalJamSession/Content/Assets/Character/CharacterBP.uasset'
[2014.06.18-11.58.25:228][923]LogPlayLevel: PIE:  No blueprints needed recompiling
[2014.06.18-11.58.25:229][923]PIE: New page: PIE session: Jam (19/06/2014 7:58:25 am)
[2014.06.18-11.58.25:248][923]LogPlayLevel: PIE: StaticDuplicateObject took: (0.019496s)
[2014.06.18-11.58.25:249][923]LogPlayLevel: PIE: World Init took: (0.000696s)
[2014.06.18-11.58.25:249][923]LogPlayLevel: PIE: Created PIE world by copying editor world from /Game/Jam.Jam to /Game/UEDPIE_1_Jam.Jam (0.020435s)
[2014.06.18-11.58.25:250][923]LogWorld: Game class is 'JamGameMode_C'
[2014.06.18-11.58.25:253][923]LogWorld: Bringing World /Game/UEDPIE_1_Jam.Jam up for play (max tick rate 0) at 2014.06.18-21.58.25
[2014.06.18-11.58.25:256][923]LogWorld: Bringing up level for play took: 0.005560
[2014.06.18-11.58.25:257][923]PIE: Info Play in editor start time for /Game/UEDPIE_1_Jam 0.043
[2014.06.18-11.58.25:257][923]LogInit: WinSock: Socket queue 131072 / 131072
[2014.06.18-11.58.25:258][923]LogNet: GameNetDriver IpNetDriver_2 IpNetDriver listening on port 7777
[2014.06.18-11.58.25:258][923]PIE: New page: PIE session: Jam (19/06/2014 7:58:25 am)
[2014.06.18-11.58.25:259][923]LogWorld: Game class is 'GameMode'
[2014.06.18-11.58.25:287][923]LogWorld: Bringing World /Temp/Untitled_2.NewWorld up for play (max tick rate 0) at 2014.06.18-21.58.25
[2014.06.18-11.58.25:287][923]LogWorld: Bringing up level for play took: 0.000333
[2014.06.18-11.58.25:288][923]LogGameMode: Warning - PATHS NOT DEFINED or NO PLAYERSTART with positive rating
[2014.06.18-11.58.25:288][923]LogPlayerController: Spawned spectator SpectatorPawn_3 [server:1]
[2014.06.18-11.58.25:288][923]LogGameMode: RestartPlayer 259
[2014.06.18-11.58.25:288][923]LogPlayerController: ClientRestart_Implementation DefaultPawn_1
[2014.06.18-11.58.25:288][923]LogPlayerController: ServerAcknowledgePossession_Implementation DefaultPawn_1
[2014.06.18-11.58.25:291][923]PIE: Info Play in editor start time for /Game/Jam 0.077
[2014.06.18-11.58.25:291][923]LogNet: Browse: 127.0.0.1//Game/Jam
[2014.06.18-11.58.25:291][923]LogInit: WinSock: Socket queue 32768 / 32768
[2014.06.18-11.58.25:292][923]LogNet: Game client on port 7777, rate 10000
[2014.06.18-11.58.25:344][924]LogNet: NotifyAcceptingConnection: Server Jam accept
[2014.06.18-11.58.25:344][924]LogNet: Open Jam 06/18/14 21:58:25 127.0.0.1
[2014.06.18-11.58.25:344][924]LogNet: Added client connection.  Remote address = 127.0.0.1:65330
[2014.06.18-11.58.25:344][924]LogNet: NotifyAcceptingChannel Control 0 server World /Game/UEDPIE_1_Jam.Jam: Accepted
[2014.06.18-11.58.25:345][924]LogNet: Remote platform little endian=1
[2014.06.18-11.58.25:345][924]LogNet: This platform little endian=1
[2014.06.18-11.58.25:354][925]LogNet: Login request: /Game/Jam userId: Invalid
[2014.06.18-11.58.25:354][925]LogNet: Client netspeed is 10000
[2014.06.18-11.58.25:355][925]LogNet: Welcomed by server (Level: /Game/UEDPIE_1_Jam, Game: /Game/Assets/Character/JamGameMode.JamGameMode_C)
[2014.06.18-11.58.25:355][925]LogLoad: LoadMap: 127.0.0.1//Game/UEDPIE_1_Jam?game=/Game/Assets/Character/JamGameMode.JamGameMode_C
[2014.06.18-11.58.25:356][925]LogActorComponent: UnregisterComponent: (/Engine/Transient.CharacterMovementComponent_3) Not registered. Aborting.
[2014.06.18-11.58.25:371][925]LogParticles: Destroying 0 GPU particle simulations for FXSystem 0x000000000E609E40
[2014.06.18-11.58.25:372][925]LogParticles: Destroying 0 GPU particle simulations for FXSystem 0x000000000C7B3880
[2014.06.18-11.58.25:374][925]Cmd: MEM
[2014.06.18-11.58.25:385][925]LogMemory: Platform Memory Stats for Windows
[2014.06.18-11.58.25:385][925]LogMemory: Process Physical Memory: 460.02 MB used, 476.39 MB peak
[2014.06.18-11.58.25:385][925]LogMemory: Process Virtual Memory: 385.13 MB used, 408.75 MB peak
[2014.06.18-11.58.25:385][925]LogMemory: Physical Memory: 4616.39 MB used, 32695.07 MB total
[2014.06.18-11.58.25:385][925]LogMemory: Virtual Memory: 860.33 MB used, 8388608.00 MB total
[2014.06.18-11.58.25:385][925]LogMemory: 
[2014.06.18-11.58.25:385][925]Allocator Stats for TBB: (not implemented)
[2014.06.18-11.58.25:385][925]LogLinker: Can't find file for asset '/Game/UEDPIE_1_Jam' while loading NULL.
[2014.06.18-11.58.25:406][925]LogWorld: PIE: Copying PIE streaming level from /Game/Jam.Jam to /Game/UEDPIE_2_Jam.Jam. OwningWorld: None
[2014.06.18-11.58.25:409][925]LogWorld: Bringing World /Game/UEDPIE_2_Jam.Jam up for play (max tick rate 0) at 2014.06.18-21.58.25
[2014.06.18-11.58.25:412][925]LogWorld: Bringing up level for play took: 0.005495
[2014.06.18-11.58.25:424][926]LogNet: Join request: /Game/Jam?SplitscreenCount=1
[2014.06.18-11.58.25:425][926]LogGameMode: RestartPlayer 260
[2014.06.18-11.58.25:426][926]LogNet: Join succeeded: 260
[2014.06.18-11.58.25:427][926]LogPlayerController: NULL GameState when trying to spawn spectator!
[2014.06.18-11.58.25:427][926]LogNet: PlayerController_8 setplayer LocalPlayer_2
[2014.06.18-11.58.25:427][926]LogPlayerController: ClientRestart_Implementation None
[2014.06.18-11.58.25:441][927]LogNetPackageMap:Warning: UPackageMapClient::SupportsObject /Game/UEDPIE_1_Jam.Jam:PersistentLevel.CharacterBP_C_9.CharacterMesh0.MaterialInstanceDynamic_58 NOT Supported.Not RF_WasLoaded. NetGUID: <0>
[2014.06.18-11.58.25:441][927]LogNetPackageMap:Warning:    
[2014.06.18-11.58.25:443][927]LogPlayerController: Spawned spectator SpectatorPawn_4 [server:0]
[2014.06.18-11.58.25:867][970]LogPlayerController: ClientRetryClientRestart_Implementation CharacterBP_C_10, AcknowledgedPawn: None
[2014.06.18-11.58.25:867][970]LogPlayerController: ClientRestart_Implementation CharacterBP_C_10
[2014.06.18-11.58.25:877][971]LogPlayerController: ServerAcknowledgePossession_Implementation CharacterBP_C_9
[2014.06.18-11.58.28:914][265]LogBlueprintUserMessages: Server: Un-named character can now fly !
[2014.06.18-11.58.29:390][311]LogBlueprintUserMessages: Server: Un-named character can walk through walls...
[2014.06.18-11.58.29:401][312]LogNetPackageMap:Warning: UPackageMapClient::SupportsObject /Game/UEDPIE_1_Jam.Jam:PersistentLevel.CharacterBP_C_9.CharacterMesh0.MaterialInstanceDynamic_60 NOT Supported.Not RF_WasLoaded. NetGUID: <0>
[2014.06.18-11.58.29:401][312]LogNetPackageMap:Warning:    
[2014.06.18-11.58.44:603][782]LogNet: UChannel::CleanUp: [GameNetDriver] [PlayerController_7] [PlayerController_7]. ChIndex == 0. Closing connection.
[2014.06.18-11.58.44:604][782]LogNet: UNetConnection::Close: Name: IpConnection_3, Driver: GameNetDriver IpNetDriver_2, PC: PlayerController_7, Owner: PlayerController_7, Channels: 7, RemoteAddr: 127.0.0.1:65330, Time: 2014.06.18-11.58.44
[2014.06.18-11.58.44:604][782]LogNet: UChannel::Close: Sending CloseBunch. ChIndex == 0. Name: ControlChannel_3
[2014.06.18-11.58.44:604][782]LogNet: UChannel::CleanUp: [GameNetDriver] [PlayerController_8] [PlayerController_8]. ChIndex == 0. Closing connection.
[2014.06.18-11.58.44:604][782]LogNet: UNetConnection::Close: Name: IpConnection_2, Driver: GameNetDriver IpNetDriver_3, PC: PlayerController_8, Owner: PlayerController_8, Channels: 7, RemoteAddr: 127.0.0.1:7777, Time: 2014.06.18-11.58.44
[2014.06.18-11.58.44:604][782]LogNet: UChannel::Close: Sending CloseBunch. ChIndex == 0. Name: ControlChannel_2
[2014.06.18-11.58.44:608][782]LogExit: GameNetDriver None shut down
[2014.06.18-11.58.44:608][782]LogExit: GameNetDriver None shut down
[2014.06.18-11.58.44:609][782]LogParticles: Destroying 0 GPU particle simulations for FXSystem 0x000000000E6093A0
[2014.06.18-11.58.44:625][783]LogParticles: Destroying 0 GPU particle simulations for FXSystem 0x000000000E6080E0
[2014.06.18-11.59.00:049][680]LogActorComponent: UnregisterComponent: (/Engine/Transient.CharacterMovementComponent_4) Not registered. Aborting.
[2014.06.18-11.59.02:124][784]BlueprintLog: New page: Compile CharacterBP
[2014.06.18-11.59.02:273][784]LogActorComponent: UnregisterComponent: (/Engine/Transient.CharacterMovementComponent_5) Not registered. Aborting.
[2014.06.18-11.59.02:581][784]BlueprintEditorCompileResults: Info [0334.20] Compile of CharacterBP successful! [in 72 ms]
[2014.06.18-11.59.03:440][807]LogSavePackage: Save=406.804047ms
[2014.06.18-11.59.03:440][807]LogSavePackage: Moving '../../../../../../Users/takamatsu/Documents/Unreal Projects/DigitalJamSession/Saved/CharacterBP997FD2524E55766BD53827875468182A.tmp' to '../../../../../../Users/takamatsu/Documents/Unreal Projects/DigitalJamSession/Content/Assets/Character/CharacterBP.uasset'
[2014.06.18-11.59.14:738][595]LogActorComponent: UnregisterComponent: (/Engine/Transient.CharacterMovementComponent_6) Not registered. Aborting.
[2014.06.18-11.59.18:515][785]LogActorComponent: UnregisterComponent: (/Engine/Transient.CharacterMovementComponent_7) Not registered. Aborting.
[2014.06.18-11.59.19:259][825]LogActorComponent: UnregisterComponent: (/Engine/Transient.CharacterMovementComponent_8) Not registered. Aborting.
[2014.06.18-11.59.21:981][963]BlueprintLog: New page: Compile CharacterBP
[2014.06.18-11.59.22:128][963]LogActorComponent: UnregisterComponent: (/Engine/Transient.CharacterMovementComponent_9) Not registered. Aborting.
[2014.06.18-11.59.22:432][963]BlueprintEditorCompileResults: Info [0354.05] Compile of CharacterBP successful! [in 67 ms]
[2014.06.18-11.59.23:326][987]LogSavePackage: Save=409.791656ms
[2014.06.18-11.59.23:326][987]LogSavePackage: Moving '../../../../../../Users/takamatsu/Documents/Unreal Projects/DigitalJamSession/Saved/CharacterBP9FA266704FAF14B9C60A18AD609AEA55.tmp' to '../../../../../../Users/takamatsu/Documents/Unreal Projects/DigitalJamSession/Content/Assets/Character/CharacterBP.uasset'
[2014.06.18-11.59.25:746][155]LogPlayLevel: PIE:  No blueprints needed recompiling
[2014.06.18-11.59.25:747][155]PIE: New page: PIE session: Jam (19/06/2014 7:59:25 am)
[2014.06.18-11.59.25:766][155]LogPlayLevel: PIE: StaticDuplicateObject took: (0.019498s)
[2014.06.18-11.59.25:767][155]LogPlayLevel: PIE: World Init took: (0.000685s)
[2014.06.18-11.59.25:767][155]LogPlayLevel: PIE: Created PIE world by copying editor world from /Game/Jam.Jam to /Game/UEDPIE_1_Jam.Jam (0.020365s)
[2014.06.18-11.59.25:768][155]LogWorld: Game class is 'JamGameMode_C'
[2014.06.18-11.59.25:771][155]LogWorld: Bringing World /Game/UEDPIE_1_Jam.Jam up for play (max tick rate 0) at 2014.06.18-21.59.25
[2014.06.18-11.59.25:774][155]LogWorld: Bringing up level for play took: 0.005595
[2014.06.18-11.59.25:775][155]PIE: Info Play in editor start time for /Game/UEDPIE_1_Jam 0.561
[2014.06.18-11.59.25:775][155]LogInit: WinSock: Socket queue 131072 / 131072
[2014.06.18-11.59.25:775][155]LogNet: GameNetDriver IpNetDriver_4 IpNetDriver listening on port 7777
[2014.06.18-11.59.25:776][155]PIE: New page: PIE session: Jam (19/06/2014 7:59:25 am)
[2014.06.18-11.59.25:777][155]LogWorld: Game class is 'GameMode'
[2014.06.18-11.59.25:801][155]LogWorld: Bringing World /Temp/Untitled_3.NewWorld up for play (max tick rate 0) at 2014.06.18-21.59.25
[2014.06.18-11.59.25:801][155]LogWorld: Bringing up level for play took: 0.000325
[2014.06.18-11.59.25:802][155]LogGameMode: Warning - PATHS NOT DEFINED or NO PLAYERSTART with positive rating
[2014.06.18-11.59.25:802][155]LogPlayerController: Spawned spectator SpectatorPawn_5 [server:1]
[2014.06.18-11.59.25:802][155]LogGameMode: RestartPlayer 261
[2014.06.18-11.59.25:802][155]LogPlayerController: ClientRestart_Implementation DefaultPawn_2
[2014.06.18-11.59.25:802][155]LogPlayerController: ServerAcknowledgePossession_Implementation DefaultPawn_2
[2014.06.18-11.59.25:805][155]PIE: Info Play in editor start time for /Game/Jam 0.591
[2014.06.18-11.59.25:805][155]LogNet: Browse: 127.0.0.1//Game/Jam
[2014.06.18-11.59.25:805][155]LogInit: WinSock: Socket queue 32768 / 32768
[2014.06.18-11.59.25:806][155]LogNet: Game client on port 7777, rate 10000
[2014.06.18-11.59.25:865][156]LogNet: NotifyAcceptingConnection: Server Jam accept
[2014.06.18-11.59.25:865][156]LogNet: Open Jam 06/18/14 21:59:25 127.0.0.1
[2014.06.18-11.59.25:865][156]LogNet: Added client connection.  Remote address = 127.0.0.1:65336
[2014.06.18-11.59.25:865][156]LogNet: NotifyAcceptingChannel Control 0 server World /Game/UEDPIE_1_Jam.Jam: Accepted
[2014.06.18-11.59.25:865][156]LogNet: Remote platform little endian=1
[2014.06.18-11.59.25:865][156]LogNet: This platform little endian=1
[2014.06.18-11.59.25:875][157]LogNet: Login request: /Game/Jam userId: Invalid
[2014.06.18-11.59.25:875][157]LogNet: Client netspeed is 10000
[2014.06.18-11.59.25:876][157]LogNet: Welcomed by server (Level: /Game/UEDPIE_1_Jam, Game: /Game/Assets/Character/JamGameMode.JamGameMode_C)
[2014.06.18-11.59.25:876][157]LogLoad: LoadMap: 127.0.0.1//Game/UEDPIE_1_Jam?game=/Game/Assets/Character/JamGameMode.JamGameMode_C
[2014.06.18-11.59.25:877][157]LogActorComponent: UnregisterComponent: (/Engine/Transient.CharacterMovementComponent_10) Not registered. Aborting.
[2014.06.18-11.59.25:894][157]LogParticles: Destroying 0 GPU particle simulations for FXSystem 0x0000000021ACD9E0
[2014.06.18-11.59.25:895][157]LogParticles: Destroying 0 GPU particle simulations for FXSystem 0x000000000687C2C0
[2014.06.18-11.59.25:897][157]Cmd: MEM
[2014.06.18-11.59.25:907][157]LogMemory: Platform Memory Stats for Windows
[2014.06.18-11.59.25:907][157]LogMemory: Process Physical Memory: 477.67 MB used, 496.82 MB peak
[2014.06.18-11.59.25:907][157]LogMemory: Process Virtual Memory: 403.50 MB used, 428.60 MB peak
[2014.06.18-11.59.25:907][157]LogMemory: Physical Memory: 4637.86 MB used, 32695.07 MB total
[2014.06.18-11.59.25:907][157]LogMemory: Virtual Memory: 882.52 MB used, 8388608.00 MB total
[2014.06.18-11.59.25:907][157]LogMemory: 
[2014.06.18-11.59.25:907][157]Allocator Stats for TBB: (not implemented)
[2014.06.18-11.59.25:908][157]LogLinker: Can't find file for asset '/Game/UEDPIE_1_Jam' while loading NULL.
[2014.06.18-11.59.25:927][157]LogWorld: PIE: Copying PIE streaming level from /Game/Jam.Jam to /Game/UEDPIE_2_Jam.Jam. OwningWorld: None
[2014.06.18-11.59.25:930][157]LogWorld: Bringing World /Game/UEDPIE_2_Jam.Jam up for play (max tick rate 0) at 2014.06.18-21.59.25
[2014.06.18-11.59.25:934][157]LogWorld: Bringing up level for play took: 0.005432
[2014.06.18-11.59.25:945][158]LogNet: Join request: /Game/Jam?SplitscreenCount=1
[2014.06.18-11.59.25:946][158]LogGameMode: RestartPlayer 262
[2014.06.18-11.59.25:947][158]LogNet: Join succeeded: 262
[2014.06.18-11.59.25:949][158]LogPlayerController: NULL GameState when trying to spawn spectator!
[2014.06.18-11.59.25:949][158]LogNet: PlayerController_12 setplayer LocalPlayer_3
[2014.06.18-11.59.25:949][158]LogPlayerController: ClientRestart_Implementation None
[2014.06.18-11.59.25:964][159]LogNetPackageMap:Warning: UPackageMapClient::SupportsObject /Game/UEDPIE_1_Jam.Jam:PersistentLevel.CharacterBP_C_10.CharacterMesh0.MaterialInstanceDynamic_97 NOT Supported.Not RF_WasLoaded. NetGUID: <0>
[2014.06.18-11.59.25:964][159]LogNetPackageMap:Warning:    
[2014.06.18-11.59.25:966][159]LogPlayerController: Spawned spectator SpectatorPawn_6 [server:0]
[2014.06.18-11.59.26:380][200]LogPlayerController: ClientRetryClientRestart_Implementation CharacterBP_C_11, AcknowledgedPawn: None
[2014.06.18-11.59.26:380][200]LogPlayerController: ClientRestart_Implementation CharacterBP_C_11
[2014.06.18-11.59.26:389][201]LogPlayerController: ServerAcknowledgePossession_Implementation CharacterBP_C_10
[2014.06.18-11.59.31:941][740]LogBlueprintUserMessages: Server: Un-named character can now fly !
[2014.06.18-11.59.32:906][833]LogBlueprintUserMessages: Server: Un-named character can walk through walls...
[2014.06.18-11.59.32:907][833]LogNetPackageMap:Warning: UPackageMapClient::SupportsObject /Game/UEDPIE_1_Jam.Jam:PersistentLevel.CharacterBP_C_10.CharacterMesh0.MaterialInstanceDynamic_99 NOT Supported.Not RF_WasLoaded. NetGUID: <0>
[2014.06.18-11.59.32:907][833]LogNetPackageMap:Warning:    
[2014.06.18-11.59.44:002][878]LogNet: UChannel::CleanUp: [GameNetDriver] [PlayerController_11] [PlayerController_11]. ChIndex == 0. Closing connection.
[2014.06.18-11.59.44:002][878]LogNet: UNetConnection::Close: Name: IpConnection_5, Driver: GameNetDriver IpNetDriver_4, PC: PlayerController_11, Owner: PlayerController_11, Channels: 7, RemoteAddr: 127.0.0.1:65336, Time: 2014.06.18-11.59.44
[2014.06.18-11.59.44:002][878]LogNet: UChannel::Close: Sending CloseBunch. ChIndex == 0. Name: ControlChannel_5
[2014.06.18-11.59.44:002][878]LogNet: UChannel::CleanUp: [GameNetDriver] [PlayerController_12] [PlayerController_12]. ChIndex == 0. Closing connection.
[2014.06.18-11.59.44:002][878]LogNet: UNetConnection::Close: Name: IpConnection_4, Driver: GameNetDriver IpNetDriver_5, PC: PlayerController_12, Owner: PlayerController_12, Channels: 7, RemoteAddr: 127.0.0.1:7777, Time: 2014.06.18-11.59.44
[2014.06.18-11.59.44:002][878]LogNet: UChannel::Close: Sending CloseBunch. ChIndex == 0. Name: ControlChannel_4
[2014.06.18-11.59.44:007][878]LogExit: GameNetDriver None shut down
[2014.06.18-11.59.44:007][878]LogExit: GameNetDriver None shut down
[2014.06.18-11.59.44:007][878]LogParticles: Destroying 0 GPU particle simulations for FXSystem 0x0000000021ACFF60
[2014.06.18-11.59.44:025][879]LogParticles: Destroying 0 GPU particle simulations for FXSystem 0x0000000021ACDE40
[2014.06.18-11.59.54:278][507]LogActorComponent: UnregisterComponent: (/Engine/Transient.CharacterMovementComponent_11) Not registered. Aborting.
[2014.06.18-12.01.09:798][844]LogUObjectGlobals:Warning: Failed to find object 'Object None.'
[2014.06.18-12.01.09:804][844]LogUObjectGlobals:Warning: Failed to find object 'Object None.'
[2014.06.18-12.01.09:804][844]LogUObjectGlobals:Warning: Failed to find object 'Object None.'
[2014.06.18-12.01.09:805][844]LogUObjectHash:Warning: Ambiguous search, could be K2Node_CallFunction /Game/Assets/Character/CharacterBP.CharacterBP:OnRep_IsGhosting.K2Node_CallFunction_7070 or K2Node_CallFunction /Game/Assets/Character/CharacterBP.CharacterBP:MakeGhost.K2Node_CallFunction_7070
[2014.06.18-12.01.09:805][844]LogUObjectHash:Warning: Ambiguous search, could be K2Node_CallFunction /Game/Assets/Character/CharacterBP.CharacterBP:OnRep_IsGhosting.K2Node_CallFunction_7202 or K2Node_CallFunction /Game/Assets/Character/CharacterBP.CharacterBP:MakeGhost.K2Node_CallFunction_7202
[2014.06.18-12.01.38:290][701]BlueprintLog: New page: Compile CharacterBP
[2014.06.18-12.01.38:416][701]LogActorComponent: UnregisterComponent: (/Engine/Transient.CharacterMovementComponent_12) Not registered. Aborting.
[2014.06.18-12.01.38:724][701]BlueprintEditorCompileResults: Info [0490.34] Compile of CharacterBP successful! [in 49 ms]
[2014.06.18-12.01.39:786][729]LogSavePackage: Save=410.223114ms
[2014.06.18-12.01.39:786][729]LogSavePackage: Moving '../../../../../../Users/takamatsu/Documents/Unreal Projects/DigitalJamSession/Saved/CharacterBP88C6D8BC46D1AF67317C3B97F803B24B.tmp' to '../../../../../../Users/takamatsu/Documents/Unreal Projects/DigitalJamSession/Content/Assets/Character/CharacterBP.uasset'
[2014.06.18-12.01.43:158][995]LogPlayLevel: PIE:  No blueprints needed recompiling
[2014.06.18-12.01.43:159][995]PIE: New page: PIE session: Jam (19/06/2014 8:01:43 am)
[2014.06.18-12.01.43:178][995]LogPlayLevel: PIE: StaticDuplicateObject took: (0.019140s)
[2014.06.18-12.01.43:179][995]LogPlayLevel: PIE: World Init took: (0.000727s)
[2014.06.18-12.01.43:179][995]LogPlayLevel: PIE: Created PIE world by copying editor world from /Game/Jam.Jam to /Game/UEDPIE_1_Jam.Jam (0.020038s)
[2014.06.18-12.01.43:179][995]LogWorld: Game class is 'JamGameMode_C'
[2014.06.18-12.01.43:182][995]LogWorld: Bringing World /Game/UEDPIE_1_Jam.Jam up for play (max tick rate 0) at 2014.06.18-22.01.43
[2014.06.18-12.01.43:186][995]LogWorld: Bringing up level for play took: 0.005522
[2014.06.18-12.01.43:186][995]PIE: Info Play in editor start time for /Game/UEDPIE_1_Jam -0.03
[2014.06.18-12.01.43:187][995]LogInit: WinSock: Socket queue 131072 / 131072
[2014.06.18-12.01.43:187][995]LogNet: GameNetDriver IpNetDriver_6 IpNetDriver listening on port 7777
[2014.06.18-12.01.43:187][995]PIE: New page: PIE session: Jam (19/06/2014 8:01:43 am)
[2014.06.18-12.01.43:188][995]LogWorld: Game class is 'GameMode'
[2014.06.18-12.01.43:213][995]LogWorld: Bringing World /Temp/Untitled_4.NewWorld up for play (max tick rate 0) at 2014.06.18-22.01.43
[2014.06.18-12.01.43:213][995]LogWorld: Bringing up level for play took: 0.000333
[2014.06.18-12.01.43:214][995]LogGameMode: Warning - PATHS NOT DEFINED or NO PLAYERSTART with positive rating
[2014.06.18-12.01.43:214][995]LogPlayerController: Spawned spectator SpectatorPawn_7 [server:1]
[2014.06.18-12.01.43:214][995]LogGameMode: RestartPlayer 263
[2014.06.18-12.01.43:214][995]LogPlayerController: ClientRestart_Implementation DefaultPawn_3
[2014.06.18-12.01.43:214][995]LogPlayerController: ServerAcknowledgePossession_Implementation DefaultPawn_3
[2014.06.18-12.01.43:217][995]PIE: Info Play in editor start time for /Game/Jam 0
[2014.06.18-12.01.43:217][995]LogNet: Browse: 127.0.0.1//Game/Jam
[2014.06.18-12.01.43:217][995]LogInit: WinSock: Socket queue 32768 / 32768
[2014.06.18-12.01.43:218][995]LogNet: Game client on port 7777, rate 10000
[2014.06.18-12.01.43:271][996]LogNet: NotifyAcceptingConnection: Server Jam accept
[2014.06.18-12.01.43:272][996]LogNet: Open Jam 06/18/14 22:01:43 127.0.0.1
[2014.06.18-12.01.43:272][996]LogNet: Added client connection.  Remote address = 127.0.0.1:65341
[2014.06.18-12.01.43:272][996]LogNet: NotifyAcceptingChannel Control 0 server World /Game/UEDPIE_1_Jam.Jam: Accepted
[2014.06.18-12.01.43:272][996]LogNet: Remote platform little endian=1
[2014.06.18-12.01.43:272][996]LogNet: This platform little endian=1
[2014.06.18-12.01.43:283][997]LogNet: Login request: /Game/Jam userId: Invalid
[2014.06.18-12.01.43:283][997]LogNet: Client netspeed is 10000
[2014.06.18-12.01.43:284][997]LogNet: Welcomed by server (Level: /Game/UEDPIE_1_Jam, Game: /Game/Assets/Character/JamGameMode.JamGameMode_C)
[2014.06.18-12.01.43:284][997]LogLoad: LoadMap: 127.0.0.1//Game/UEDPIE_1_Jam?game=/Game/Assets/Character/JamGameMode.JamGameMode_C
[2014.06.18-12.01.43:285][997]LogActorComponent: UnregisterComponent: (/Engine/Transient.CharacterMovementComponent_13) Not registered. Aborting.
[2014.06.18-12.01.43:299][997]LogParticles: Destroying 0 GPU particle simulations for FXSystem 0x00000000258C1A80
[2014.06.18-12.01.43:300][997]LogParticles: Destroying 0 GPU particle simulations for FXSystem 0x000000001F1E8180
[2014.06.18-12.01.43:302][997]Cmd: MEM
[2014.06.18-12.01.43:312][997]LogMemory: Platform Memory Stats for Windows
[2014.06.18-12.01.43:312][997]LogMemory: Process Physical Memory: 488.34 MB used, 506.41 MB peak
[2014.06.18-12.01.43:312][997]LogMemory: Process Virtual Memory: 413.59 MB used, 440.52 MB peak
[2014.06.18-12.01.43:312][997]LogMemory: Physical Memory: 4641.25 MB used, 32695.07 MB total
[2014.06.18-12.01.43:312][997]LogMemory: Virtual Memory: 883.02 MB used, 8388608.00 MB total
[2014.06.18-12.01.43:312][997]LogMemory: 
[2014.06.18-12.01.43:312][997]Allocator Stats for TBB: (not implemented)
[2014.06.18-12.01.43:313][997]LogLinker: Can't find file for asset '/Game/UEDPIE_1_Jam' while loading NULL.
[2014.06.18-12.01.43:332][997]LogWorld: PIE: Copying PIE streaming level from /Game/Jam.Jam to /Game/UEDPIE_2_Jam.Jam. OwningWorld: None
[2014.06.18-12.01.43:335][997]LogWorld: Bringing World /Game/UEDPIE_2_Jam.Jam up for play (max tick rate 0) at 2014.06.18-22.01.43
[2014.06.18-12.01.43:338][997]LogWorld: Bringing up level for play took: 0.005508
[2014.06.18-12.01.43:351][998]LogNet: Join request: /Game/Jam?SplitscreenCount=1
[2014.06.18-12.01.43:351][998]LogGameMode: RestartPlayer 264
[2014.06.18-12.01.43:353][998]LogNet: Join succeeded: 264
[2014.06.18-12.01.43:354][998]LogPlayerController: NULL GameState when trying to spawn spectator!
[2014.06.18-12.01.43:354][998]LogNet: PlayerController_16 setplayer LocalPlayer_4
[2014.06.18-12.01.43:355][998]LogPlayerController: ClientRestart_Implementation None
[2014.06.18-12.01.43:369][999]LogNetPackageMap:Warning: UPackageMapClient::SupportsObject /Game/UEDPIE_1_Jam.Jam:PersistentLevel.CharacterBP_C_5.CharacterMesh0.MaterialInstanceDynamic_117 NOT Supported.Not RF_WasLoaded. NetGUID: <0>
[2014.06.18-12.01.43:369][999]LogNetPackageMap:Warning:    
[2014.06.18-12.01.43:371][999]LogPlayerController: Spawned spectator SpectatorPawn_8 [server:0]
[2014.06.18-12.01.43:790][ 40]LogPlayerController: ClientRetryClientRestart_Implementation CharacterBP_C_6, AcknowledgedPawn: None
[2014.06.18-12.01.43:790][ 40]LogPlayerController: ClientRestart_Implementation CharacterBP_C_6
[2014.06.18-12.01.43:799][ 41]LogPlayerController: ServerAcknowledgePossession_Implementation CharacterBP_C_5
[2014.06.18-12.01.46:429][292]LogBlueprintUserMessages: Server: Un-named character can now fly !
[2014.06.18-12.01.47:105][356]LogBlueprintUserMessages: Server: Un-named character can walk through walls...
[2014.06.18-12.01.47:106][356]LogNetPackageMap:Warning: UPackageMapClient::SupportsObject /Game/UEDPIE_1_Jam.Jam:PersistentLevel.CharacterBP_C_5.CharacterMesh0.MaterialInstanceDynamic_119 NOT Supported.Not RF_WasLoaded. NetGUID: <0>
[2014.06.18-12.01.47:106][356]LogNetPackageMap:Warning:    
[2014.06.18-12.02.11:303][673]LogBlueprintUserMessages: Server: Un-named character  has stopped walking through walls
[2014.06.18-12.02.11:304][673]LogNetPackageMap:Warning: UPackageMapClient::SupportsObject /Game/UEDPIE_1_Jam.Jam:PersistentLevel.CharacterBP_C_5.CharacterMesh0.MaterialInstanceDynamic_121 NOT Supported.Not RF_WasLoaded. NetGUID: <0>
[2014.06.18-12.02.11:304][673]LogNetPackageMap:Warning:    
[2014.06.18-12.02.13:074][846]LogBlueprintUserMessages: Server: Un-named character  has stopped flying!
[2014.06.18-12.02.16:047][132]LogBlueprintUserMessages: Server: Un-named character can walk through walls...
[2014.06.18-12.02.16:048][132]LogNetPackageMap:Warning: UPackageMapClient::SupportsObject /Game/UEDPIE_1_Jam.Jam:PersistentLevel.CharacterBP_C_5.CharacterMesh0.MaterialInstanceDynamic_123 NOT Supported.Not RF_WasLoaded. NetGUID: <0>
[2014.06.18-12.02.16:048][132]LogNetPackageMap:Warning:    
[2014.06.18-12.02.19:234][442]LogBlueprintUserMessages: Server: Un-named character can now fly !
[2014.06.18-12.02.24:080][905]LogBlueprintUserMessages: Server: Un-named character  has stopped flying!
[2014.06.18-12.02.28:630][335]LogBlueprintUserMessages: Server: Un-named character  has stopped walking through walls
[2014.06.18-12.02.28:631][335]LogNetPackageMap:Warning: UPackageMapClient::SupportsObject /Game/UEDPIE_1_Jam.Jam:PersistentLevel.CharacterBP_C_5.CharacterMesh0.MaterialInstanceDynamic_125 NOT Supported.Not RF_WasLoaded. NetGUID: <0>
[2014.06.18-12.02.28:631][335]LogNetPackageMap:Warning:    
[2014.06.18-12.02.32:034][651]LogNet: UChannel::CleanUp: [GameNetDriver] [PlayerController_15] [PlayerController_15]. ChIndex == 0. Closing connection.
[2014.06.18-12.02.32:034][651]LogNet: UNetConnection::Close: Name: IpConnection_7, Driver: GameNetDriver IpNetDriver_6, PC: PlayerController_15, Owner: PlayerController_15, Channels: 7, RemoteAddr: 127.0.0.1:65341, Time: 2014.06.18-12.02.32
[2014.06.18-12.02.32:034][651]LogNet: UChannel::Close: Sending CloseBunch. ChIndex == 0. Name: ControlChannel_7
[2014.06.18-12.02.32:034][651]LogNet: UChannel::CleanUp: [GameNetDriver] [PlayerController_16] [PlayerController_16]. ChIndex == 0. Closing connection.
[2014.06.18-12.02.32:034][651]LogNet: UNetConnection::Close: Name: IpConnection_6, Driver: GameNetDriver IpNetDriver_7, PC: PlayerController_16, Owner: PlayerController_16, Channels: 7, RemoteAddr: 127.0.0.1:7777, Time: 2014.06.18-12.02.32
[2014.06.18-12.02.32:034][651]LogNet: UChannel::Close: Sending CloseBunch. ChIndex == 0. Name: ControlChannel_6
[2014.06.18-12.02.32:039][651]LogExit: GameNetDriver None shut down
[2014.06.18-12.02.32:039][651]LogExit: GameNetDriver None shut down
[2014.06.18-12.02.32:039][651]LogParticles: Destroying 0 GPU particle simulations for FXSystem 0x00000000258C1260
[2014.06.18-12.02.32:056][652]LogParticles: Destroying 0 GPU particle simulations for FXSystem 0x00000000258C1B20
[2014.06.18-12.03.27:707][284]BlueprintLog: New page: Compile CharacterBP
[2014.06.18-12.03.27:818][284]LogActorComponent: UnregisterComponent: (/Engine/Transient.CharacterMovementComponent_14) Not registered. Aborting.
[2014.06.18-12.03.28:125][284]BlueprintEditorCompileResults: Info [0599.75] Compile of CharacterBP successful! [in 49 ms]
[2014.06.18-12.03.29:131][309]LogSavePackage: Save=413.426422ms
[2014.06.18-12.03.29:131][309]LogSavePackage: Moving '../../../../../../Users/takamatsu/Documents/Unreal Projects/DigitalJamSession/Saved/CharacterBPB206F07B44A513F8FC5A7CABD697DF8E.tmp' to '../../../../../../Users/takamatsu/Documents/Unreal Projects/DigitalJamSession/Content/Assets/Character/CharacterBP.uasset'
[2014.06.18-12.03.53:575][769]BlueprintLog: New page: Compile CharacterBP
[2014.06.18-12.03.53:687][769]LogActorComponent: UnregisterComponent: (/Engine/Transient.CharacterMovementComponent_15) Not registered. Aborting.
[2014.06.18-12.03.53:989][769]BlueprintEditorCompileResults: Info [0625.62] Compile of CharacterBP successful! [in 48 ms]
[2014.06.18-12.03.54:958][789]LogSavePackage: Save=405.961823ms
[2014.06.18-12.03.54:958][789]LogSavePackage: Moving '../../../../../../Users/takamatsu/Documents/Unreal Projects/DigitalJamSession/Saved/CharacterBP54C225494FCD480E7FC71FB83EEB0A58.tmp' to '../../../../../../Users/takamatsu/Documents/Unreal Projects/DigitalJamSession/Content/Assets/Character/CharacterBP.uasset'
[2014.06.18-12.03.57:793][  9]LogPlayLevel: PIE:  No blueprints needed recompiling
[2014.06.18-12.03.57:793][  9]PIE: New page: PIE session: Jam (19/06/2014 8:03:57 am)
[2014.06.18-12.03.57:814][  9]LogPlayLevel: PIE: StaticDuplicateObject took: (0.021097s)
[2014.06.18-12.03.57:815][  9]LogPlayLevel: PIE: World Init took: (0.000724s)
[2014.06.18-12.03.57:815][  9]LogPlayLevel: PIE: Created PIE world by copying editor world from /Game/Jam.Jam to /Game/UEDPIE_1_Jam.Jam (0.022004s)
[2014.06.18-12.03.57:816][  9]LogWorld: Game class is 'JamGameMode_C'
[2014.06.18-12.03.57:819][  9]LogWorld: Bringing World /Game/UEDPIE_1_Jam.Jam up for play (max tick rate 0) at 2014.06.18-22.03.57
[2014.06.18-12.03.57:822][  9]LogWorld: Bringing up level for play took: 0.005602
[2014.06.18-12.03.57:823][  9]PIE: Info Play in editor start time for /Game/UEDPIE_1_Jam 0.604
[2014.06.18-12.03.57:823][  9]LogInit: WinSock: Socket queue 131072 / 131072
[2014.06.18-12.03.57:824][  9]LogNet: GameNetDriver IpNetDriver_8 IpNetDriver listening on port 7777
[2014.06.18-12.03.57:824][  9]PIE: New page: PIE session: Jam (19/06/2014 8:03:57 am)
[2014.06.18-12.03.57:825][  9]LogWorld: Game class is 'GameMode'
[2014.06.18-12.03.57:854][  9]LogWorld: Bringing World /Temp/Untitled_5.NewWorld up for play (max tick rate 0) at 2014.06.18-22.03.57
[2014.06.18-12.03.57:854][  9]LogWorld: Bringing up level for play took: 0.000325
[2014.06.18-12.03.57:855][  9]LogGameMode: Warning - PATHS NOT DEFINED or NO PLAYERSTART with positive rating
[2014.06.18-12.03.57:855][  9]LogPlayerController: Spawned spectator SpectatorPawn_9 [server:1]
[2014.06.18-12.03.57:855][  9]LogGameMode: RestartPlayer 265
[2014.06.18-12.03.57:855][  9]LogPlayerController: ClientRestart_Implementation DefaultPawn_4
[2014.06.18-12.03.57:855][  9]LogPlayerController: ServerAcknowledgePossession_Implementation DefaultPawn_4
[2014.06.18-12.03.57:858][  9]PIE: Info Play in editor start time for /Game/Jam 0.639
[2014.06.18-12.03.57:858][  9]LogNet: Browse: 127.0.0.1//Game/Jam
[2014.06.18-12.03.57:858][  9]LogInit: WinSock: Socket queue 32768 / 32768
[2014.06.18-12.03.57:859][  9]LogNet: Game client on port 7777, rate 10000
[2014.06.18-12.03.57:912][ 10]LogNet: NotifyAcceptingConnection: Server Jam accept
[2014.06.18-12.03.57:913][ 10]LogNet: Open Jam 06/18/14 22:03:57 127.0.0.1
[2014.06.18-12.03.57:913][ 10]LogNet: Added client connection.  Remote address = 127.0.0.1:65342
[2014.06.18-12.03.57:913][ 10]LogNet: NotifyAcceptingChannel Control 0 server World /Game/UEDPIE_1_Jam.Jam: Accepted
[2014.06.18-12.03.57:913][ 10]LogNet: Remote platform little endian=1
[2014.06.18-12.03.57:913][ 10]LogNet: This platform little endian=1
[2014.06.18-12.03.57:925][ 11]LogNet: Login request: /Game/Jam userId: Invalid
[2014.06.18-12.03.57:925][ 11]LogNet: Client netspeed is 10000
[2014.06.18-12.03.57:926][ 11]LogNet: Welcomed by server (Level: /Game/UEDPIE_1_Jam, Game: /Game/Assets/Character/JamGameMode.JamGameMode_C)
[2014.06.18-12.03.57:926][ 11]LogLoad: LoadMap: 127.0.0.1//Game/UEDPIE_1_Jam?game=/Game/Assets/Character/JamGameMode.JamGameMode_C
[2014.06.18-12.03.57:926][ 11]LogActorComponent: UnregisterComponent: (/Engine/Transient.CharacterMovementComponent_16) Not registered. Aborting.
[2014.06.18-12.03.57:940][ 11]LogParticles: Destroying 0 GPU particle simulations for FXSystem 0x0000000021E500E0
[2014.06.18-12.03.57:942][ 11]LogParticles: Destroying 0 GPU particle simulations for FXSystem 0x0000000021B4C400
[2014.06.18-12.03.57:942][ 11]Cmd: MEM
[2014.06.18-12.03.57:953][ 11]LogMemory: Platform Memory Stats for Windows
[2014.06.18-12.03.57:953][ 11]LogMemory: Process Physical Memory: 505.18 MB used, 524.79 MB peak
[2014.06.18-12.03.57:953][ 11]LogMemory: Process Virtual Memory: 430.41 MB used, 453.03 MB peak
[2014.06.18-12.03.57:953][ 11]LogMemory: Physical Memory: 4664.59 MB used, 32695.07 MB total
[2014.06.18-12.03.57:953][ 11]LogMemory: Virtual Memory: 899.10 MB used, 8388608.00 MB total
[2014.06.18-12.03.57:953][ 11]LogMemory: 
[2014.06.18-12.03.57:953][ 11]Allocator Stats for TBB: (not implemented)
[2014.06.18-12.03.57:953][ 11]LogLinker: Can't find file for asset '/Game/UEDPIE_1_Jam' while loading NULL.
[2014.06.18-12.03.57:974][ 11]LogWorld: PIE: Copying PIE streaming level from /Game/Jam.Jam to /Game/UEDPIE_2_Jam.Jam. OwningWorld: None
[2014.06.18-12.03.57:976][ 11]LogWorld: Bringing World /Game/UEDPIE_2_Jam.Jam up for play (max tick rate 0) at 2014.06.18-22.03.57
[2014.06.18-12.03.57:980][ 11]LogWorld: Bringing up level for play took: 0.005373
[2014.06.18-12.03.57:992][ 12]LogNet: Join request: /Game/Jam?SplitscreenCount=1
[2014.06.18-12.03.57:993][ 12]LogGameMode: RestartPlayer 266
[2014.06.18-12.03.57:994][ 12]LogNet: Join succeeded: 266
[2014.06.18-12.03.57:996][ 12]LogPlayerController: NULL GameState when trying to spawn spectator!
[2014.06.18-12.03.57:996][ 12]LogNet: PlayerController_20 setplayer LocalPlayer_5
[2014.06.18-12.03.57:996][ 12]LogPlayerController: ClientRestart_Implementation None
[2014.06.18-12.03.58:010][ 13]LogNetPackageMap:Warning: UPackageMapClient::SupportsObject /Game/UEDPIE_1_Jam.Jam:PersistentLevel.CharacterBP_C_0.CharacterMesh0.MaterialInstanceDynamic_134 NOT Supported.Not RF_WasLoaded. NetGUID: <0>
[2014.06.18-12.03.58:010][ 13]LogNetPackageMap:Warning:    
[2014.06.18-12.03.58:022][ 14]LogPlayerController: Spawned spectator SpectatorPawn_10 [server:0]
[2014.06.18-12.03.58:433][ 55]LogPlayerController: ClientRetryClientRestart_Implementation CharacterBP_C_1, AcknowledgedPawn: None
[2014.06.18-12.03.58:433][ 55]LogPlayerController: ClientRestart_Implementation CharacterBP_C_1
[2014.06.18-12.03.58:442][ 56]LogPlayerController: ServerAcknowledgePossession_Implementation CharacterBP_C_0
[2014.06.18-12.04.01:459][347]LogBlueprintUserMessages: Server: Un-named character can now fly !
[2014.06.18-12.04.02:163][415]LogBlueprintUserMessages: Server: Un-named character can walk through walls...
[2014.06.18-12.04.02:174][416]LogNetPackageMap:Warning: UPackageMapClient::SupportsObject /Game/UEDPIE_1_Jam.Jam:PersistentLevel.CharacterBP_C_0.CharacterMesh0.MaterialInstanceDynamic_136 NOT Supported.Not RF_WasLoaded. NetGUID: <0>
[2014.06.18-12.04.02:174][416]LogNetPackageMap:Warning:    
[2014.06.18-12.04.43:506][392]LogBlueprintUserMessages: Server: Un-named character  has stopped flying!
[2014.06.18-12.04.44:313][469]LogBlueprintUserMessages: Server: Un-named character  has stopped walking through walls
[2014.06.18-12.04.44:325][470]LogNetPackageMap:Warning: UPackageMapClient::SupportsObject /Game/UEDPIE_1_Jam.Jam:PersistentLevel.CharacterBP_C_0.CharacterMesh0.MaterialInstanceDynamic_138 NOT Supported.Not RF_WasLoaded. NetGUID: <0>
[2014.06.18-12.04.44:325][470]LogNetPackageMap:Warning:    
[2014.06.18-12.04.50:047][  9]LogNet: UChannel::CleanUp: [GameNetDriver] [PlayerController_19] [PlayerController_19]. ChIndex == 0. Closing connection.
[2014.06.18-12.04.50:047][  9]LogNet: UNetConnection::Close: Name: IpConnection_9, Driver: GameNetDriver IpNetDriver_8, PC: PlayerController_19, Owner: PlayerController_19, Channels: 7, RemoteAddr: 127.0.0.1:65342, Time: 2014.06.18-12.04.50
[2014.06.18-12.04.50:047][  9]LogNet: UChannel::Close: Sending CloseBunch. ChIndex == 0. Name: ControlChannel_9
[2014.06.18-12.04.50:047][  9]LogNet: UChannel::CleanUp: [GameNetDriver] [PlayerController_20] [PlayerController_20]. ChIndex == 0. Closing connection.
[2014.06.18-12.04.50:047][  9]LogNet: UNetConnection::Close: Name: IpConnection_8, Driver: GameNetDriver IpNetDriver_9, PC: PlayerController_20, Owner: PlayerController_20, Channels: 7, RemoteAddr: 127.0.0.1:7777, Time: 2014.06.18-12.04.50
[2014.06.18-12.04.50:047][  9]LogNet: UChannel::Close: Sending CloseBunch. ChIndex == 0. Name: ControlChannel_8
[2014.06.18-12.04.50:052][  9]LogExit: GameNetDriver None shut down
[2014.06.18-12.04.50:053][  9]LogExit: GameNetDriver None shut down
[2014.06.18-12.04.50:053][  9]LogParticles: Destroying 0 GPU particle simulations for FXSystem 0x0000000021E50220
[2014.06.18-12.04.50:071][ 10]LogParticles: Destroying 0 GPU particle simulations for FXSystem 0x00000000258C1580
[2014.06.18-12.07.19:359][214]LogActorComponent: UnregisterComponent: (/Engine/Transient.CharacterMovementComponent_17) Not registered. Aborting.
[2014.06.18-12.07.19:374][214]LogFileHelpers: Editor autosave (incl. sublevels) for '/Game/Jam' took 0.014
[2014.06.18-12.07.19:394][214]OBJ SavePackage: Generating thumbnails for [0] asset(s) in package [/Game/Assets/Character/CharacterBP] ([1] browsable assets)...
[2014.06.18-12.07.19:411][214]OBJ SavePackage: Finished generating thumbnails for package [/Game/Assets/Character/CharacterBP]
[2014.06.18-12.07.19:564][214]LogSavePackage: Save=98.548920ms
[2014.06.18-12.07.19:564][214]LogSavePackage: Moving '../../../../../../Users/takamatsu/Documents/Unreal Projects/DigitalJamSession/Saved/CharacterBP_Auto1F73EE3C84588408B42840CB18C2288B5.tmp' to '../../../../../../Users/takamatsu/Documents/Unreal Projects/DigitalJamSession/Saved/Autosaves/Game/Assets/Character/CharacterBP_Auto1.uasset'
[2014.06.18-12.07.19:573][214]LogFileHelpers: Auto-saving content packages took 0.199
[2014.06.18-12.07.26:773][688]LogSavePackage: Save=94.116699ms
[2014.06.18-12.07.26:773][688]LogSavePackage: Moving '../../../../../../Users/takamatsu/Documents/Unreal Projects/DigitalJamSession/Saved/CharacterBP066DB90C4713A12662CB73B5195ABB2C.tmp' to '../../../../../../Users/takamatsu/Documents/Unreal Projects/DigitalJamSession/Content/Assets/Character/CharacterBP.uasset'
[2014.06.18-12.07.29:949][953]LogActorComponent: UnregisterComponent: (/Engine/Transient.CharacterMovementComponent_18) Not registered. Aborting.
[2014.06.18-12.07.29:960][953]LogParticles: Destroying 0 GPU particle simulations for FXSystem 0x0000000017EA3880
[2014.06.18-12.07.30:319][954]Cmd: QUIT_EDITOR
[2014.06.18-12.07.30:385][954]LogWindowsTextInputMethodSystem:Error: Terminating failed while unadvising the language notification sink from the TSF source.
[2014.06.18-12.07.30:386][954]LogExit: Preparing to exit.
[2014.06.18-12.07.31:114][954]LogExit: Editor shut down
[2014.06.18-12.07.31:114][954]LogExit: Transaction tracking system shut down
[2014.06.18-12.07.31:115][954]LogParticles: Destroying 0 GPU particle simulations for FXSystem 0x000000000EF23600
[2014.06.18-12.07.31:116][954]LogParticles: Destroying 0 GPU particle simulations for FXSystem 0x000000000E975760
[2014.06.18-12.07.31:116][954]LogParticles: Destroying 0 GPU particle simulations for FXSystem 0x000000001F1EBCE0
[2014.06.18-12.07.31:138][954]LogParticles: Destroying 0 GPU particle simulations for FXSystem 0x000000001F1EB420
[2014.06.18-12.07.31:138][954]LogParticles: Destroying 0 GPU particle simulations for FXSystem 0x000000001F1EBB00
[2014.06.18-12.07.31:138][954]LogExit: Object subsystem successfully closed.
[2014.06.18-12.07.31:201][954]LogModuleManager: Shutting down and abandoning module AndroidDeviceDetection (163)
[2014.06.18-12.07.31:201][954]LogModuleManager: Shutting down and abandoning module CrashTracker (162)
[2014.06.18-12.07.31:201][954]LogModuleManager: Shutting down and abandoning module HTTP (161)
[2014.06.18-12.07.31:201][954]LogModuleManager: Shutting down and abandoning module NewsFeed (160)
[2014.06.18-12.07.31:201][954]LogModuleManager: Shutting down and abandoning module SceneOutliner (159)
[2014.06.18-12.07.31:201][954]LogModuleManager: Shutting down and abandoning module EditorWidgets (158)
[2014.06.18-12.07.31:201][954]LogModuleManager: Shutting down and abandoning module CollectionManager (157)
[2014.06.18-12.07.31:201][954]LogModuleManager: Shutting down and abandoning module StatsViewer (156)
[2014.06.18-12.07.31:201][954]LogModuleManager: Shutting down and abandoning module FoliageEdit (155)
[2014.06.18-12.07.31:201][954]LogModuleManager: Shutting down and abandoning module LandscapeEditor (154)
[2014.06.18-12.07.31:206][954]LogModuleManager: Shutting down and abandoning module MeshPaint (153)
[2014.06.18-12.07.31:207][954]LogModuleManager: Shutting down and abandoning module ActorPickerMode (152)
[2014.06.18-12.07.31:207][954]LogModuleManager: Shutting down and abandoning module GeometryMode (151)
[2014.06.18-12.07.31:207][954]LogModuleManager: Shutting down and abandoning module TextureAlignMode (150)
[2014.06.18-12.07.31:207][954]LogModuleManager: Shutting down and abandoning module BspMode (149)
[2014.06.18-12.07.31:207][954]LogModuleManager: Shutting down and abandoning module PlacementMode (148)
[2014.06.18-12.07.31:207][954]LogModuleManager: Shutting down and abandoning module AutomationWorker (147)
[2014.06.18-12.07.31:207][954]LogModuleManager: Shutting down and abandoning module ViewportSnapping (146)
[2014.06.18-12.07.31:207][954]LogModuleManager: Shutting down and abandoning module DeviceProfileEditor (145)
[2014.06.18-12.07.31:207][954]LogModuleManager: Shutting down and abandoning module UndoHistory (144)
[2014.06.18-12.07.31:207][954]LogModuleManager: Shutting down and abandoning module GameplayTagsEditor (143)
[2014.06.18-12.07.31:207][954]LogModuleManager: Shutting down and abandoning module UserFeedback (142)
[2014.06.18-12.07.31:207][954]LogModuleManager: Shutting down and abandoning module XmlParser (141)
[2014.06.18-12.07.31:207][954]LogModuleManager: Shutting down and abandoning module Blutility (140)
[2014.06.18-12.07.31:207][954]LogModuleManager: Shutting down and abandoning module AndroidPlatformEditor (137)
[2014.06.18-12.07.31:207][954]LogModuleManager: Shutting down and abandoning module AndroidRuntimeSettings (136)
[2014.06.18-12.07.31:207][954]LogModuleManager: Shutting down and abandoning module ProjectSettingsViewer (135)
[2014.06.18-12.07.31:207][954]LogModuleManager: Shutting down and abandoning module InputBindingEditor (134)
[2014.06.18-12.07.31:207][954]LogModuleManager: Shutting down and abandoning module EditorSettingsViewer (133)
[2014.06.18-12.07.31:207][954]LogModuleManager: Shutting down and abandoning module SettingsEditor (132)
[2014.06.18-12.07.31:207][954]LogModuleManager: Shutting down and abandoning module SessionLauncher (131)
[2014.06.18-12.07.31:207][954]LogModuleManager: Shutting down and abandoning module SessionFrontend (130)
[2014.06.18-12.07.31:207][954]LogModuleManager: Shutting down and abandoning module ProfilerClient (129)
[2014.06.18-12.07.31:207][954]LogModuleManager: Shutting down and abandoning module TargetDeviceServices (128)
[2014.06.18-12.07.31:207][954]LogModuleManager: Shutting down and abandoning module DeviceManager (127)
[2014.06.18-12.07.31:207][954]LogModuleManager: Shutting down and abandoning module AutomationController (126)
[2014.06.18-12.07.31:207][954]LogModuleManager: Shutting down and abandoning module AutomationWindow (125)
[2014.06.18-12.07.31:207][954]LogModuleManager: Shutting down and abandoning module Layers (124)
[2014.06.18-12.07.31:207][954]LogModuleManager: Shutting down and abandoning module ComponentVisualizers (123)
[2014.06.18-12.07.31:208][954]LogModuleManager: Shutting down and abandoning module DetailCustomizations (122)
[2014.06.18-12.07.31:208][954]LogModuleManager: Shutting down and abandoning module PackagesDialog (121)
[2014.06.18-12.07.31:208][954]LogModuleManager: Shutting down and abandoning module PropertyEditor (120)
[2014.06.18-12.07.31:208][954]LogModuleManager: Shutting down and abandoning module DirectoryWatcher (119)
[2014.06.18-12.07.31:208][954]LogModuleManager: Shutting down and abandoning module AssetRegistry (118)
[2014.06.18-12.07.31:303][954]LogModuleManager: Shutting down and abandoning module Persona (117)
[2014.06.18-12.07.31:303][954]LogModuleManager: Shutting down and abandoning module GraphEditor (116)
[2014.06.18-12.07.31:303][954]LogModuleManager: Shutting down and abandoning module ContentBrowser (115)
[2014.06.18-12.07.31:303][954]LogModuleManager: Shutting down and abandoning module ClassViewer (114)
[2014.06.18-12.07.31:303][954]LogModuleManager: Shutting down and abandoning module Toolbox (113)
[2014.06.18-12.07.31:303][954]LogModuleManager: Shutting down and abandoning module ModuleUI (112)
[2014.06.18-12.07.31:303][954]LogModuleManager: Shutting down and abandoning module Sequencer (111)
[2014.06.18-12.07.31:303][954]LogModuleManager: Shutting down and abandoning module AssetTools (110)
[2014.06.18-12.07.31:303][954]LogModuleManager: Shutting down and abandoning module MovieSceneTools (109)
[2014.06.18-12.07.31:303][954]LogModuleManager: Shutting down and abandoning module OutputLog (108)
[2014.06.18-12.07.31:303][954]LogModuleManager: Shutting down and abandoning module GammaUI (107)
[2014.06.18-12.07.31:303][954]LogModuleManager: Shutting down and abandoning module Documentation (106)
[2014.06.18-12.07.31:303][954]LogModuleManager: Shutting down and abandoning module StreamingPauseRendering (105)
[2014.06.18-12.07.31:303][954]LogModuleManager: Shutting down and abandoning module AnalyticsET (104)
[2014.06.18-12.07.31:303][954]LogModuleManager: Shutting down and abandoning module Analytics (103)
[2014.06.18-12.07.31:303][954]LogModuleManager: Shutting down and abandoning module ProfilerService (102)
[2014.06.18-12.07.31:360][954]LogModuleManager: Shutting down and abandoning module TaskGraph (101)
[2014.06.18-12.07.31:360][954]LogModuleManager: Shutting down and abandoning module GameProjectGeneration (100)
[2014.06.18-12.07.31:360][954]LogModuleManager: Shutting down and abandoning module Matinee (99)
[2014.06.18-12.07.31:360][954]LogModuleManager: Shutting down and abandoning module Kismet (98)
[2014.06.18-12.07.31:360][954]LogModuleManager: Shutting down and abandoning module SlateReflector (97)
[2014.06.18-12.07.31:360][954]LogModuleManager: Shutting down and abandoning module LevelEditor (96)
[2014.06.18-12.07.31:361][954]LogModuleManager: Shutting down and abandoning module MainFrame (95)
[2014.06.18-12.07.31:361][954]LogModuleManager: Shutting down and abandoning module SourceControl (94)
[2014.06.18-12.07.31:361][954]LogModuleManager: Shutting down and abandoning module ImageWrapper (93)
[2014.06.18-12.07.31:361][954]LogModuleManager: Shutting down and abandoning module OnlineBlueprintSupport (92)
[2014.06.18-12.07.31:361][954]LogModuleManager: Shutting down and abandoning module FunctionalTesting (91)
[2014.06.18-12.07.31:361][954]LogModuleManager: Shutting down and abandoning module CollisionAnalyzer (90)
[2014.06.18-12.07.31:361][954]LogModuleManager: Shutting down and abandoning module WorkspaceMenuStructure (89)
[2014.06.18-12.07.31:361][954]LogModuleManager: Shutting down and abandoning module MessageLog (88)
[2014.06.18-12.07.31:361][954]LogModuleManager: Shutting down and abandoning module Slate (87)
[2014.06.18-12.07.31:361][954]LogModuleManager: Shutting down and abandoning module EditorStyle (86)
[2014.06.18-12.07.31:363][954]LogModuleManager: Shutting down and abandoning module SessionServices (85)
[2014.06.18-12.07.31:363][954]LogModuleManager: Shutting down and abandoning module Messaging (84)
[2014.06.18-12.07.31:363][954]LogModuleManager: Shutting down and abandoning module SourceCodeAccess (83)
[2014.06.18-12.07.31:363][954]LogModuleManager: Shutting down and abandoning module HeadMountedDisplay (82)
[2014.06.18-12.07.31:363][954]LogModuleManager: Shutting down and abandoning module XAudio2 (81)
[2014.06.18-12.07.31:363][954]LogModuleManager: Shutting down and abandoning module Networking (79)
[2014.06.18-12.07.31:363][954]LogModuleManager: Shutting down and abandoning module Core (78)
[2014.06.18-12.07.31:363][954]LogModuleManager: Shutting down and abandoning module KismetCompiler (77)
[2014.06.18-12.07.31:363][954]LogModuleManager: Shutting down and abandoning module PhysXFormats (76)
[2014.06.18-12.07.31:363][954]LogModuleManager: Shutting down and abandoning module SimplygonMeshReduction (75)
[2014.06.18-12.07.31:363][954]LogModuleManager: Shutting down and abandoning module MeshUtilities (74)
[2014.06.18-12.07.31:363][954]LogModuleManager: Shutting down and abandoning module DerivedDataCache (73)
[2014.06.18-12.07.31:384][954]LogDerivedDataCache: Shutdown
[2014.06.18-12.07.31:384][954]LogModuleManager: Shutting down and abandoning module ShaderFormatOpenGL (72)
[2014.06.18-12.07.31:384][954]LogModuleManager: Shutting down and abandoning module ShaderFormatD3D (71)
[2014.06.18-12.07.31:384][954]LogModuleManager: Shutting down and abandoning module TextureFormatUncompressed (70)
[2014.06.18-12.07.31:384][954]LogModuleManager: Shutting down and abandoning module TextureFormatPVR (69)
[2014.06.18-12.07.31:384][954]LogModuleManager: Shutting down and abandoning module TextureFormatDXT (68)
[2014.06.18-12.07.31:384][954]LogModuleManager: Shutting down and abandoning module TextureFormatAndroid (67)
[2014.06.18-12.07.31:384][954]LogModuleManager: Shutting down and abandoning module AudioFormatOpus (66)
[2014.06.18-12.07.31:384][954]LogModuleManager: Shutting down and abandoning module AudioFormatOgg (65)
[2014.06.18-12.07.31:384][954]LogModuleManager: Shutting down and abandoning module AudioFormatADPCM (64)
[2014.06.18-12.07.31:384][954]LogModuleManager: Shutting down and abandoning module Android_PVRTCTargetPlatform (63)
[2014.06.18-12.07.31:384][954]LogModuleManager: Shutting down and abandoning module Android_ETC2TargetPlatform (62)
[2014.06.18-12.07.31:384][954]LogModuleManager: Shutting down and abandoning module Android_ETC1TargetPlatform (61)
[2014.06.18-12.07.31:384][954]LogModuleManager: Shutting down and abandoning module Android_DXTTargetPlatform (60)
[2014.06.18-12.07.31:384][954]LogModuleManager: Shutting down and abandoning module Android_ATCTargetPlatform (59)
[2014.06.18-12.07.31:384][954]LogModuleManager: Shutting down and abandoning module AndroidTargetPlatform (58)
[2014.06.18-12.07.31:384][954]LogModuleManager: Shutting down and abandoning module WindowsTargetPlatform (57)
[2014.06.18-12.07.31:384][954]LogModuleManager: Shutting down and abandoning module WindowsServerTargetPlatform (56)
[2014.06.18-12.07.31:384][954]LogModuleManager: Shutting down and abandoning module WindowsNoEditorTargetPlatform (55)
[2014.06.18-12.07.31:384][954]LogModuleManager: Shutting down and abandoning module WindowsClientTargetPlatform (54)
[2014.06.18-12.07.31:384][954]LogModuleManager: Shutting down and abandoning module TargetPlatform (53)
[2014.06.18-12.07.31:384][954]LogModuleManager: Shutting down and abandoning module InputCore (52)
[2014.06.18-12.07.31:384][954]LogModuleManager: Shutting down and abandoning module Settings (51)
[2014.06.18-12.07.31:384][954]LogModuleManager: Shutting down and abandoning module TextureCompressor (48)
[2014.06.18-12.07.31:384][954]LogModuleManager: Shutting down and abandoning module ShaderCore (47)
[2014.06.18-12.07.31:384][954]LogModuleManager: Shutting down and abandoning module OpenGLDrv (46)
[2014.06.18-12.07.31:384][954]LogModuleManager: Shutting down and abandoning module D3D11RHI (45)
[2014.06.18-12.07.31:384][954]LogModuleManager: Shutting down and abandoning module SlateRHIRenderer (44)
[2014.06.18-12.07.31:384][954]LogModuleManager: Shutting down and abandoning module Renderer (43)
[2014.06.18-12.07.31:384][954]LogModuleManager: Shutting down and abandoning module Engine (42)
[2014.06.18-12.07.31:384][954]LogModuleManager: Shutting down and abandoning module SlateRemote (41)
[2014.06.18-12.07.31:384][954]LogModuleManager: Shutting down and abandoning module ScriptPlugin (40)
[2014.06.18-12.07.31:384][954]LogModuleManager: Shutting down and abandoning module ScriptEditorPlugin (38)
[2014.06.18-12.07.31:384][954]LogModuleManager: Shutting down and abandoning module WindowsMoviePlayer (37)
[2014.06.18-12.07.31:387][954]LogModuleManager: Shutting down and abandoning module ExampleDeviceProfileSelector (32)
[2014.06.18-12.07.31:387][954]LogModuleManager: Shutting down and abandoning module CustomMeshComponent (31)
[2014.06.18-12.07.31:387][954]LogModuleManager: Shutting down and abandoning module CableComponent (30)
[2014.06.18-12.07.31:387][954]LogModuleManager: Shutting down and abandoning module OculusRift (26)
[2014.06.18-12.07.31:387][954]LogModuleManager: Shutting down and abandoning module UdpMessaging (25)
[2014.06.18-12.07.31:487][954]LogModuleManager: Shutting down and abandoning module MessagingDebugger (24)
[2014.06.18-12.07.31:487][954]LogModuleManager: Shutting down and abandoning module PluginsEditor (14)
[2014.06.18-12.07.31:487][954]LogModuleManager: Shutting down and abandoning module IntroTutorials (13)
[2014.06.18-12.07.31:487][954]LogModuleManager: Shutting down and abandoning module EpicSurvey (12)
[2014.06.18-12.07.31:487][954]LogModuleManager: Shutting down and abandoning module VisualStudioSourceCodeAccess (10)
[2014.06.18-12.07.31:487][954]LogModuleManager: Shutting down and abandoning module UObjectPlugin (9)
[2014.06.18-12.07.31:487][954]LogModuleManager: Shutting down and abandoning module SubversionSourceControl (8)
[2014.06.18-12.07.31:487][954]LogModuleManager: Shutting down and abandoning module PerforceSourceControl (7)
[2014.06.18-12.07.31:487][954]LogModuleManager: Shutting down and abandoning module BlankPlugin (6)
[2014.06.18-12.07.31:487][954]LogModuleManager: Shutting down and abandoning module CoreUObject (5)
[2014.06.18-12.07.31:487][954]LogModuleManager: Shutting down and abandoning module NetworkFile (4)
[2014.06.18-12.07.31:487][954]LogModuleManager: Shutting down and abandoning module StreamingFile (3)
[2014.06.18-12.07.31:487][954]LogModuleManager: Shutting down and abandoning module SandboxFile (2)
[2014.06.18-12.07.31:487][954]LogModuleManager: Shutting down and abandoning module PakFile (1)
[2014.06.18-12.07.31:488][954]LogExit: Exiting.
[2014.06.18-12.07.31:491][954]Log file closed, 06/18/14 22:07:31
