Log file open, 06/18/14 22:48:59
LogInit:Display: Running engine for game: DigitalJamSession
LogInit: Version: 4.2.0-2092659+++depot+UE4-Releases+4.2
LogInit: Compiled (64-bit): Jun  3 2014 00:56:21
LogInit: Build Configuration: Development
LogInit: Branch Name: ++depot+UE4-Releases+4.2
LogInit: Command line:  
LogInit: Base directory: C:/Program Files/Unreal Engine/4.2/Engine/Binaries/Win64/
LogInit: Rocket: 1
[2014.06.18-12.48.59:169][  0]LogTaskGraph: Started task graph with 3 named threads and 8 total threads.
[2014.06.18-12.48.59:245][  0]LogOnline:Warning: No default platform service specified for OnlineSubsystem
[2014.06.18-12.48.59:262][  0]LogInit: Presizing for 0 objects not considered by GC, pre-allocating 0 bytes.
[2014.06.18-12.48.59:271][  0]LogInit: Object subsystem initialized
[2014.06.18-12.48.59:273][  0]LogInit: Selected Device Profile: [Windows]
[2014.06.18-12.48.59:273][  0]LogInit: Applying CVar settings loaded from the selected device profile: [Windows]
[2014.06.18-12.48.59:282][  0]LogInit: Computer: TAKAMATSU-PC
[2014.06.18-12.48.59:282][  0]LogInit: User: takamatsu
[2014.06.18-12.48.59:283][  0]LogInit: CPU Page size=4096, Cores=8
[2014.06.18-12.48.59:283][  0]LogInit: High frequency timer resolution =3.527578 MHz
[2014.06.18-12.48.59:283][  0]LogMemory: Memory total: Physical=31.9GB (32GB approx) Virtual=8192.0GB
[2014.06.18-12.48.59:283][  0]LogMemory: Platform Memory Stats for Windows
[2014.06.18-12.48.59:283][  0]LogMemory: Process Physical Memory: 55.13 MB used, 55.13 MB peak
[2014.06.18-12.48.59:283][  0]LogMemory: Process Virtual Memory: 31.86 MB used, 31.95 MB peak
[2014.06.18-12.48.59:283][  0]LogMemory: Physical Memory: 4351.39 MB used, 32695.07 MB total
[2014.06.18-12.48.59:283][  0]LogMemory: Virtual Memory: 237.16 MB used, 8388608.00 MB total
[2014.06.18-12.48.59:340][  0]LogD3D11RHI: Found D3D11 adapter 0: ASUS HD7970 Series (Feature Level 11_0)
[2014.06.18-12.48.59:340][  0]LogD3D11RHI: Adapter has 3023MB of dedicated video memory, 0MB of dedicated system memory, and 16091MB of shared system memory, 1 output[s]
[2014.06.18-12.48.59:340][  0]LogD3D11RHI: Chosen D3D11 Adapter Id = 0
[2014.06.18-12.48.59:350][  0]LogRHI: Texture pool is 1361 MB (70% of 1945 MB)
[2014.06.18-12.48.59:387][  0]LogD3D11RHI: Async texture creation disabled: no driver support
[2014.06.18-12.48.59:517][  0]LogContentStreaming: Texture pool size is 0.000000MB
[2014.06.18-12.49.00:659][  0]LogTargetPlatformManager:Display: Building Assets For Windows
[2014.06.18-12.49.00:884][  0]LogTargetPlatformManager:Display: Building Assets For Windows
[2014.06.18-12.49.00:955][  0]LogDerivedDataCache:Display: Max Cache Size: 512 MB
[2014.06.18-12.49.01:021][  0]LogDerivedDataCache: Loaded boot cache 0.07s 39MB C:/Users/takamatsu/AppData/Local/UnrealEngine/4.2/DerivedDataCache/Boot.ddc.
[2014.06.18-12.49.01:021][  0]LogDerivedDataCache:Display: Loaded Boot cache: C:/Users/takamatsu/AppData/Local/UnrealEngine/4.2/DerivedDataCache/Boot.ddc
[2014.06.18-12.49.01:022][  0]LogDerivedDataCache: FDerivedDataBackendGraph:  Pak pak cache file ../../../../../../Users/takamatsu/Documents/Unreal Projects/DigitalJamSession/DerivedDataCache/DDC.ddp not found, will not use a pak cache.
[2014.06.18-12.49.01:022][  0]LogDerivedDataCache: Unable to find inner node Pak for hierarchical cache Hierarchy.
[2014.06.18-12.49.01:032][  0]LogDerivedDataCache:Display: Pak cache opened for reading ../../../Engine/DerivedDataCache/DDC.ddp.
[2014.06.18-12.49.01:044][  0]LogDerivedDataCache: Using Local data cache path C:/Users/takamatsu/AppData/Local/UnrealEngine/4.2/DerivedDataCache: Writable
[2014.06.18-12.49.01:339][  0]LogMeshUtilities: No automatic mesh reduction module available
[2014.06.18-12.49.01:339][  0]LogMeshUtilities: No automatic mesh merging module available
[2014.06.18-12.49.01:834][  0]LogInit: WinSock: version 1.1 (2.2), MaxSocks=32767, MaxUdp=65467
[2014.06.18-12.49.02:585][  0]LogStreaming:Warning: Failed to read file '../../../Engine/Content/Editor/Slate/Icons/ActorIcons/GroupActor_16x.png' error.
[2014.06.18-12.49.02:585][  0]LogSlate: Could not find file for Slate resource: ../../../Engine/Content/Editor/Slate/Icons/ActorIcons/GroupActor_16x.png
[2014.06.18-12.49.02:594][  0]LogStreaming:Warning: Failed to read file '../../../Engine/Content/Editor/Slate/Icons/ActorIcons/DecalActor_16x.png' error.
[2014.06.18-12.49.02:594][  0]LogSlate: Could not find file for Slate resource: ../../../Engine/Content/Editor/Slate/Icons/ActorIcons/DecalActor_16x.png
[2014.06.18-12.49.03:037][  0]UdpMessaging: Initializing bridge on interface 0.0.0.0:0 to multicast group 230.0.0.1:6666.
[2014.06.18-12.49.03:152][  0]SourceControl: Info Source control is disabled
[2014.06.18-12.49.03:152][  0]SourceControl: Info Source control is disabled
[2014.06.18-12.49.03:166][  0]SourceControl: Info Source control is disabled
[2014.06.18-12.49.03:307][  0]BlueprintLog: New page: Editor Load
[2014.06.18-12.49.03:373][  0]LogObj: 19136 objects as part of root set at end of initial load.
[2014.06.18-12.49.03:373][  0]LogUObjectAllocator: 3804656 out of 0 bytes used by permanent object pool.
[2014.06.18-12.49.03:822][  0]LogEngine: Initializing Engine...
[2014.06.18-12.49.03:984][  0]LogInit: XAudio2 using 'Speakers (SB Recon3D PCIe)' : 6 channels at 48 kHz using 32 bits per sample (channel mask 0x3f)
[2014.06.18-12.49.04:001][  0]LogInit: FAudioDevice initialized.
[2014.06.18-12.49.04:039][  0]LogDerivedDataCache: Saved boot cache 0.04s 39MB C:/Users/takamatsu/AppData/Local/UnrealEngine/4.2/DerivedDataCache/Boot.ddc.
[2014.06.18-12.49.04:047][  0]LogInit: Texture streaming: Enabled
[2014.06.18-12.49.04:105][  0]LogInit: Transaction tracking system initialized
[2014.06.18-12.49.04:322][  0]LogAssetRegistry: FAssetRegistry took 0.0102 seconds to start up
[2014.06.18-12.49.04:726][  0]LogModuleManager:Warning: ModuleManager: Unable to load module '' because the file was not found.
[2014.06.18-12.49.04:744][  0]LogModuleManager:Warning: ModuleManager: Unable to load module '' because the file was not found.
[2014.06.18-12.49.04:845][  0]LogConsoleResponse:Display: 
[2014.06.18-12.49.05:205][  0]SourceControl: Info Source control is disabled
[2014.06.18-12.49.05:205][  0]Cmd: MAP LOAD FILE="../../../../../../Users/takamatsu/Documents/Unreal Projects/DigitalJamSession/Content/Jam.umap" TEMPLATE=0 SHOWPROGRESS=1 WORLDCOMPOSITION=0
[2014.06.18-12.49.05:206][  0]LightingResults: New page: Lighting Build
[2014.06.18-12.49.05:221][  0]MapCheck: New page: Map Check
[2014.06.18-12.49.05:221][  0]LightingResults: New page: Lighting Build
[2014.06.18-12.49.05:229][  0]LogParticles: Destroying 0 GPU particle simulations for FXSystem 0x00000000131D2F20
[2014.06.18-12.49.05:447][  0]LogEditorServer: Finished looking for orphan Actors (0.000 secs)
[2014.06.18-12.49.05:447][  0]Cmd: MAP CHECKDEP
[2014.06.18-12.49.05:448][  0]MapCheck: New page: Jam - 19/06/2014 8:49:05 am
[2014.06.18-12.49.05:532][  0]MapCheck: Info ========== Map Check: 0 Error(s), 0 Warning(s), [84.468ms] ==========
[2014.06.18-12.49.05:532][  0]LogFileHelpers: Loading map 'Jam' took 0.327
[2014.06.18-12.49.05:680][  0]LogCollectionManager: Loaded 0 collections in 0.001121 seconds
[2014.06.18-12.49.05:837][  0]LogCrashTracker: Crashtracker disabled due to settings.
[2014.06.18-12.49.05:838][  0]Cmd: MODE PLACEMENT
[2014.06.18-12.49.05:877][  0]LogLoad: Full Startup: 8.00 seconds (BP compile: 0.07 seconds)
[2014.06.18-12.49.05:895][  0]LogContentBrowser:Verbose: The content browser source was changed by the sources view to '/Game/Assets/Character'
[2014.06.18-12.49.06:028][  0]LogRenderer:Warning: Reallocating scene render targets to support 1040x896.
[2014.06.18-12.49.06:377][  1]LogEpicStorage:Warning: EnumerateFiles request failed. Invalid response. code=403 error=<?xml version="1.0" encoding="UTF-8"?>
<Error><Code>AccessDenied</Code><Message>Access Denied</Message><RequestId>066CE9CA60D9E4A3</RequestId><HostId>G9NjWeySBDZVObZE6j1ZDBdnKQOfH3OPg4asASulV0tXNDca4isCyl1zKE4DnwjS</HostId></Error>
[2014.06.18-12.49.06:392][  1]LogAssetRegistry: Asset discovery search completed in 2.0802 seconds
[2014.06.18-12.49.06:421][  2]LogEpicSurvey:Warning: EnumerateFiles request failed. Invalid response. code=403 error=<?xml version="1.0" encoding="UTF-8"?>
<Error><Code>AccessDenied</Code><Message>Access Denied</Message><RequestId>C2E6E8AA3D5B51EE</RequestId><HostId>BkVG78w9aMejfy07OBFVRMdB2wcH6RqXf9ht/vkUNs40Q+LPTNVAAw0DwxUYoX9h</HostId></Error>
[2014.06.18-12.49.06:692][ 23]LogEpicSurvey:Warning: EnumerateFiles request failed. Invalid response. code=403 error=<?xml version="1.0" encoding="UTF-8"?>
<Error><Code>AccessDenied</Code><Message>Access Denied</Message><RequestId>C26EF6B0618266A5</RequestId><HostId>tFddUOJTV8nz9dccirW/h+hTmOx6l4HCFaTODOsWht04Bl1x7rmD5vy+UHIRlcrI</HostId></Error>
[2014.06.18-12.49.06:902][ 42]LogEpicStorage:Warning: EnumerateFiles request failed. Invalid response. code=403 error=<?xml version="1.0" encoding="UTF-8"?>
<Error><Code>AccessDenied</Code><Message>Access Denied</Message><RequestId>7610AA411AED252E</RequestId><HostId>VgCbEPyMCp95TKsME2F/l3TawV/2UryyQOEkuv4S38xSsHOuokpciezTEmPrVfCq</HostId></Error>
[2014.06.18-12.49.06:999][ 50]LogEpicStorage:Warning: ReadFile request failed. File request already pending for filename=http://cdn.unrealengine.com/newsfeed/blueprint_icon_b.png
[2014.06.18-12.49.07:164][ 61]LogEpicSurvey:Warning: EnumerateFiles request failed. Invalid response. code=403 error=<?xml version="1.0" encoding="UTF-8"?>
<Error><Code>AccessDenied</Code><Message>Access Denied</Message><RequestId>CB5790C797EF26CC</RequestId><HostId>Ofb+q2dl+JnXldj1E0oScG5HhfTcgLAC2tujJuYH9tVcgqLigCKJ58oxjfNtkcrL</HostId></Error>
[2014.06.18-12.50.12:029][392]LogSlate:Warning: GetFontFace failed to load or process 'Roboto-Regular'
[2014.06.18-12.50.12:029][392]LogSlate:Warning: GetFontFace failed to load or process 'Roboto-Regular'
[2014.06.18-12.50.12:033][392]LogSlate:Warning: GetFontFace failed to load or process 'Roboto-Regular'
[2014.06.18-12.50.12:033][392]LogSlate:Warning: GetFontFace failed to load or process 'Roboto-Regular'
[2014.06.18-12.50.12:033][392]LogSlate:Warning: GetFontFace failed to load or process 'Roboto-Regular'
[2014.06.18-12.50.12:033][392]LogSlate:Warning: GetFontFace failed to load or process 'Roboto-Regular'
[2014.06.18-12.50.12:033][392]LogSlate:Warning: GetFontFace failed to load or process 'Roboto-Regular'
[2014.06.18-12.50.12:033][392]LogSlate:Warning: GetFontFace failed to load or process 'Roboto-Regular'
[2014.06.18-12.50.12:033][392]LogSlate:Warning: GetFontFace failed to load or process 'Roboto-Regular'
[2014.06.18-12.50.12:034][392]LogSlate:Warning: GetFontFace failed to load or process 'Roboto-Regular'
[2014.06.18-12.50.12:034][392]LogSlate:Warning: GetFontFace failed to load or process 'Roboto-Regular'
[2014.06.18-12.50.12:034][392]LogSlate:Warning: GetFontFace failed to load or process 'Roboto-Regular'
[2014.06.18-12.50.12:034][392]LogSlate:Warning: GetFontFace failed to load or process 'Roboto-Regular'
[2014.06.18-12.50.12:034][392]LogSlate:Warning: GetFontFace failed to load or process 'Roboto-Regular'
[2014.06.18-12.50.12:034][392]LogSlate:Warning: GetFontFace failed to load or process 'Roboto-Regular'
[2014.06.18-12.50.12:034][392]LogSlate:Warning: GetFontFace failed to load or process 'Roboto-Regular'
[2014.06.18-12.50.12:034][392]LogSlate:Warning: GetFontFace failed to load or process 'Roboto-Regular'
[2014.06.18-12.50.12:035][392]LogSlate:Warning: GetFontFace failed to load or process 'Roboto-Regular'
[2014.06.18-12.53.38:155][637]LogInstancedFoliage: Map Rebuilt - Update all BSP painted foliage!
[2014.06.18-12.56.07:311][441]LogActorComponent: UnregisterComponent: (/Engine/Transient.CharacterMovementComponent_0) Not registered. Aborting.
[2014.06.18-12.56.07:336][441]LogParticles: Destroying 0 GPU particle simulations for FXSystem 0x000000000E2C3100
[2014.06.18-12.56.11:261][442]Cmd: QUIT_EDITOR
[2014.06.18-12.56.11:325][442]LogWindowsTextInputMethodSystem:Error: Terminating failed while unadvising the language notification sink from the TSF source.
[2014.06.18-12.56.11:326][442]LogExit: Preparing to exit.
[2014.06.18-12.56.12:155][442]LogExit: Editor shut down
[2014.06.18-12.56.12:156][442]LogExit: Transaction tracking system shut down
[2014.06.18-12.56.12:157][442]LogParticles: Destroying 0 GPU particle simulations for FXSystem 0x000000000CB27600
[2014.06.18-12.56.12:157][442]LogParticles: Destroying 0 GPU particle simulations for FXSystem 0x000000000F8172E0
[2014.06.18-12.56.12:157][442]LogParticles: Destroying 0 GPU particle simulations for FXSystem 0x00000000228379C0
[2014.06.18-12.56.12:181][442]LogParticles: Destroying 0 GPU particle simulations for FXSystem 0x00000000228377E0
[2014.06.18-12.56.12:181][442]LogParticles: Destroying 0 GPU particle simulations for FXSystem 0x0000000022837A60
[2014.06.18-12.56.12:181][442]LogExit: Object subsystem successfully closed.
[2014.06.18-12.56.12:266][442]LogModuleManager: Shutting down and abandoning module DesktopPlatform (164)
[2014.06.18-12.56.12:266][442]LogModuleManager: Shutting down and abandoning module AndroidDeviceDetection (163)
[2014.06.18-12.56.12:266][442]LogModuleManager: Shutting down and abandoning module CrashTracker (162)
[2014.06.18-12.56.12:266][442]LogModuleManager: Shutting down and abandoning module HTTP (161)
[2014.06.18-12.56.12:266][442]LogModuleManager: Shutting down and abandoning module NewsFeed (160)
[2014.06.18-12.56.12:266][442]LogModuleManager: Shutting down and abandoning module SceneOutliner (159)
[2014.06.18-12.56.12:266][442]LogModuleManager: Shutting down and abandoning module EditorWidgets (158)
[2014.06.18-12.56.12:266][442]LogModuleManager: Shutting down and abandoning module CollectionManager (157)
[2014.06.18-12.56.12:266][442]LogModuleManager: Shutting down and abandoning module StatsViewer (156)
[2014.06.18-12.56.12:266][442]LogModuleManager: Shutting down and abandoning module FoliageEdit (155)
[2014.06.18-12.56.12:266][442]LogModuleManager: Shutting down and abandoning module LandscapeEditor (154)
[2014.06.18-12.56.12:271][442]LogModuleManager: Shutting down and abandoning module MeshPaint (153)
[2014.06.18-12.56.12:271][442]LogModuleManager: Shutting down and abandoning module ActorPickerMode (152)
[2014.06.18-12.56.12:271][442]LogModuleManager: Shutting down and abandoning module GeometryMode (151)
[2014.06.18-12.56.12:272][442]LogModuleManager: Shutting down and abandoning module TextureAlignMode (150)
[2014.06.18-12.56.12:272][442]LogModuleManager: Shutting down and abandoning module BspMode (149)
[2014.06.18-12.56.12:272][442]LogModuleManager: Shutting down and abandoning module PlacementMode (148)
[2014.06.18-12.56.12:272][442]LogModuleManager: Shutting down and abandoning module AutomationWorker (147)
[2014.06.18-12.56.12:272][442]LogModuleManager: Shutting down and abandoning module ViewportSnapping (146)
[2014.06.18-12.56.12:272][442]LogModuleManager: Shutting down and abandoning module DeviceProfileEditor (145)
[2014.06.18-12.56.12:272][442]LogModuleManager: Shutting down and abandoning module UndoHistory (144)
[2014.06.18-12.56.12:272][442]LogModuleManager: Shutting down and abandoning module GameplayTagsEditor (143)
[2014.06.18-12.56.12:272][442]LogModuleManager: Shutting down and abandoning module UserFeedback (142)
[2014.06.18-12.56.12:272][442]LogModuleManager: Shutting down and abandoning module XmlParser (141)
[2014.06.18-12.56.12:272][442]LogModuleManager: Shutting down and abandoning module Blutility (140)
[2014.06.18-12.56.12:272][442]LogModuleManager: Shutting down and abandoning module AndroidPlatformEditor (137)
[2014.06.18-12.56.12:272][442]LogModuleManager: Shutting down and abandoning module AndroidRuntimeSettings (136)
[2014.06.18-12.56.12:272][442]LogModuleManager: Shutting down and abandoning module ProjectSettingsViewer (135)
[2014.06.18-12.56.12:272][442]LogModuleManager: Shutting down and abandoning module InputBindingEditor (134)
[2014.06.18-12.56.12:272][442]LogModuleManager: Shutting down and abandoning module EditorSettingsViewer (133)
[2014.06.18-12.56.12:272][442]LogModuleManager: Shutting down and abandoning module SettingsEditor (132)
[2014.06.18-12.56.12:272][442]LogModuleManager: Shutting down and abandoning module SessionLauncher (131)
[2014.06.18-12.56.12:272][442]LogModuleManager: Shutting down and abandoning module SessionFrontend (130)
[2014.06.18-12.56.12:272][442]LogModuleManager: Shutting down and abandoning module ProfilerClient (129)
[2014.06.18-12.56.12:272][442]LogModuleManager: Shutting down and abandoning module TargetDeviceServices (128)
[2014.06.18-12.56.12:272][442]LogModuleManager: Shutting down and abandoning module DeviceManager (127)
[2014.06.18-12.56.12:272][442]LogModuleManager: Shutting down and abandoning module AutomationController (126)
[2014.06.18-12.56.12:272][442]LogModuleManager: Shutting down and abandoning module AutomationWindow (125)
[2014.06.18-12.56.12:272][442]LogModuleManager: Shutting down and abandoning module Layers (124)
[2014.06.18-12.56.12:273][442]LogModuleManager: Shutting down and abandoning module ComponentVisualizers (123)
[2014.06.18-12.56.12:273][442]LogModuleManager: Shutting down and abandoning module DetailCustomizations (122)
[2014.06.18-12.56.12:273][442]LogModuleManager: Shutting down and abandoning module PackagesDialog (121)
[2014.06.18-12.56.12:273][442]LogModuleManager: Shutting down and abandoning module PropertyEditor (120)
[2014.06.18-12.56.12:273][442]LogModuleManager: Shutting down and abandoning module DirectoryWatcher (119)
[2014.06.18-12.56.12:273][442]LogModuleManager: Shutting down and abandoning module AssetRegistry (118)
[2014.06.18-12.56.12:305][442]LogModuleManager: Shutting down and abandoning module Persona (117)
[2014.06.18-12.56.12:305][442]LogModuleManager: Shutting down and abandoning module GraphEditor (116)
[2014.06.18-12.56.12:306][442]LogModuleManager: Shutting down and abandoning module ContentBrowser (115)
[2014.06.18-12.56.12:306][442]LogModuleManager: Shutting down and abandoning module ClassViewer (114)
[2014.06.18-12.56.12:306][442]LogModuleManager: Shutting down and abandoning module Toolbox (113)
[2014.06.18-12.56.12:306][442]LogModuleManager: Shutting down and abandoning module ModuleUI (112)
[2014.06.18-12.56.12:306][442]LogModuleManager: Shutting down and abandoning module Sequencer (111)
[2014.06.18-12.56.12:306][442]LogModuleManager: Shutting down and abandoning module AssetTools (110)
[2014.06.18-12.56.12:306][442]LogModuleManager: Shutting down and abandoning module MovieSceneTools (109)
[2014.06.18-12.56.12:306][442]LogModuleManager: Shutting down and abandoning module OutputLog (108)
[2014.06.18-12.56.12:306][442]LogModuleManager: Shutting down and abandoning module GammaUI (107)
[2014.06.18-12.56.12:306][442]LogModuleManager: Shutting down and abandoning module Documentation (106)
[2014.06.18-12.56.12:306][442]LogModuleManager: Shutting down and abandoning module StreamingPauseRendering (105)
[2014.06.18-12.56.12:306][442]LogModuleManager: Shutting down and abandoning module AnalyticsET (104)
[2014.06.18-12.56.12:306][442]LogModuleManager: Shutting down and abandoning module Analytics (103)
[2014.06.18-12.56.12:306][442]LogModuleManager: Shutting down and abandoning module ProfilerService (102)
[2014.06.18-12.56.12:431][442]LogModuleManager: Shutting down and abandoning module TaskGraph (101)
[2014.06.18-12.56.12:431][442]LogModuleManager: Shutting down and abandoning module GameProjectGeneration (100)
[2014.06.18-12.56.12:431][442]LogModuleManager: Shutting down and abandoning module Matinee (99)
[2014.06.18-12.56.12:431][442]LogModuleManager: Shutting down and abandoning module Kismet (98)
[2014.06.18-12.56.12:431][442]LogModuleManager: Shutting down and abandoning module SlateReflector (97)
[2014.06.18-12.56.12:431][442]LogModuleManager: Shutting down and abandoning module LevelEditor (96)
[2014.06.18-12.56.12:432][442]LogModuleManager: Shutting down and abandoning module MainFrame (95)
[2014.06.18-12.56.12:432][442]LogModuleManager: Shutting down and abandoning module SourceControl (94)
[2014.06.18-12.56.12:432][442]LogModuleManager: Shutting down and abandoning module ImageWrapper (93)
[2014.06.18-12.56.12:432][442]LogModuleManager: Shutting down and abandoning module OnlineBlueprintSupport (92)
[2014.06.18-12.56.12:432][442]LogModuleManager: Shutting down and abandoning module FunctionalTesting (91)
[2014.06.18-12.56.12:432][442]LogModuleManager: Shutting down and abandoning module CollisionAnalyzer (90)
[2014.06.18-12.56.12:432][442]LogModuleManager: Shutting down and abandoning module WorkspaceMenuStructure (89)
[2014.06.18-12.56.12:432][442]LogModuleManager: Shutting down and abandoning module MessageLog (88)
[2014.06.18-12.56.12:432][442]LogModuleManager: Shutting down and abandoning module Slate (87)
[2014.06.18-12.56.12:432][442]LogModuleManager: Shutting down and abandoning module EditorStyle (86)
[2014.06.18-12.56.12:434][442]LogModuleManager: Shutting down and abandoning module SessionServices (85)
[2014.06.18-12.56.12:434][442]LogModuleManager: Shutting down and abandoning module Messaging (84)
[2014.06.18-12.56.12:434][442]LogModuleManager: Shutting down and abandoning module SourceCodeAccess (83)
[2014.06.18-12.56.12:434][442]LogModuleManager: Shutting down and abandoning module HeadMountedDisplay (82)
[2014.06.18-12.56.12:434][442]LogModuleManager: Shutting down and abandoning module XAudio2 (81)
[2014.06.18-12.56.12:434][442]LogModuleManager: Shutting down and abandoning module Networking (79)
[2014.06.18-12.56.12:434][442]LogModuleManager: Shutting down and abandoning module Core (78)
[2014.06.18-12.56.12:434][442]LogModuleManager: Shutting down and abandoning module KismetCompiler (77)
[2014.06.18-12.56.12:434][442]LogModuleManager: Shutting down and abandoning module PhysXFormats (76)
[2014.06.18-12.56.12:434][442]LogModuleManager: Shutting down and abandoning module SimplygonMeshReduction (75)
[2014.06.18-12.56.12:434][442]LogModuleManager: Shutting down and abandoning module MeshUtilities (74)
[2014.06.18-12.56.12:434][442]LogModuleManager: Shutting down and abandoning module DerivedDataCache (73)
[2014.06.18-12.56.12:508][442]LogDerivedDataCache: Shutdown
[2014.06.18-12.56.12:508][442]LogModuleManager: Shutting down and abandoning module ShaderFormatOpenGL (72)
[2014.06.18-12.56.12:508][442]LogModuleManager: Shutting down and abandoning module ShaderFormatD3D (71)
[2014.06.18-12.56.12:508][442]LogModuleManager: Shutting down and abandoning module TextureFormatUncompressed (70)
[2014.06.18-12.56.12:508][442]LogModuleManager: Shutting down and abandoning module TextureFormatPVR (69)
[2014.06.18-12.56.12:508][442]LogModuleManager: Shutting down and abandoning module TextureFormatDXT (68)
[2014.06.18-12.56.12:508][442]LogModuleManager: Shutting down and abandoning module TextureFormatAndroid (67)
[2014.06.18-12.56.12:508][442]LogModuleManager: Shutting down and abandoning module AudioFormatOpus (66)
[2014.06.18-12.56.12:508][442]LogModuleManager: Shutting down and abandoning module AudioFormatOgg (65)
[2014.06.18-12.56.12:508][442]LogModuleManager: Shutting down and abandoning module AudioFormatADPCM (64)
[2014.06.18-12.56.12:508][442]LogModuleManager: Shutting down and abandoning module Android_PVRTCTargetPlatform (63)
[2014.06.18-12.56.12:508][442]LogModuleManager: Shutting down and abandoning module Android_ETC2TargetPlatform (62)
[2014.06.18-12.56.12:508][442]LogModuleManager: Shutting down and abandoning module Android_ETC1TargetPlatform (61)
[2014.06.18-12.56.12:508][442]LogModuleManager: Shutting down and abandoning module Android_DXTTargetPlatform (60)
[2014.06.18-12.56.12:508][442]LogModuleManager: Shutting down and abandoning module Android_ATCTargetPlatform (59)
[2014.06.18-12.56.12:508][442]LogModuleManager: Shutting down and abandoning module AndroidTargetPlatform (58)
[2014.06.18-12.56.12:508][442]LogModuleManager: Shutting down and abandoning module WindowsTargetPlatform (57)
[2014.06.18-12.56.12:508][442]LogModuleManager: Shutting down and abandoning module WindowsServerTargetPlatform (56)
[2014.06.18-12.56.12:508][442]LogModuleManager: Shutting down and abandoning module WindowsNoEditorTargetPlatform (55)
[2014.06.18-12.56.12:508][442]LogModuleManager: Shutting down and abandoning module WindowsClientTargetPlatform (54)
[2014.06.18-12.56.12:508][442]LogModuleManager: Shutting down and abandoning module TargetPlatform (53)
[2014.06.18-12.56.12:508][442]LogModuleManager: Shutting down and abandoning module InputCore (52)
[2014.06.18-12.56.12:508][442]LogModuleManager: Shutting down and abandoning module Settings (51)
[2014.06.18-12.56.12:508][442]LogModuleManager: Shutting down and abandoning module TextureCompressor (48)
[2014.06.18-12.56.12:508][442]LogModuleManager: Shutting down and abandoning module ShaderCore (47)
[2014.06.18-12.56.12:508][442]LogModuleManager: Shutting down and abandoning module OpenGLDrv (46)
[2014.06.18-12.56.12:508][442]LogModuleManager: Shutting down and abandoning module D3D11RHI (45)
[2014.06.18-12.56.12:508][442]LogModuleManager: Shutting down and abandoning module SlateRHIRenderer (44)
[2014.06.18-12.56.12:508][442]LogModuleManager: Shutting down and abandoning module Renderer (43)
[2014.06.18-12.56.12:508][442]LogModuleManager: Shutting down and abandoning module Engine (42)
[2014.06.18-12.56.12:508][442]LogModuleManager: Shutting down and abandoning module SlateRemote (41)
[2014.06.18-12.56.12:508][442]LogModuleManager: Shutting down and abandoning module ScriptPlugin (40)
[2014.06.18-12.56.12:508][442]LogModuleManager: Shutting down and abandoning module ScriptEditorPlugin (38)
[2014.06.18-12.56.12:508][442]LogModuleManager: Shutting down and abandoning module WindowsMoviePlayer (37)
[2014.06.18-12.56.12:513][442]LogModuleManager: Shutting down and abandoning module ExampleDeviceProfileSelector (32)
[2014.06.18-12.56.12:513][442]LogModuleManager: Shutting down and abandoning module CustomMeshComponent (31)
[2014.06.18-12.56.12:513][442]LogModuleManager: Shutting down and abandoning module CableComponent (30)
[2014.06.18-12.56.12:513][442]LogModuleManager: Shutting down and abandoning module OculusRift (26)
[2014.06.18-12.56.12:513][442]LogModuleManager: Shutting down and abandoning module UdpMessaging (25)
[2014.06.18-12.56.12:613][442]LogModuleManager: Shutting down and abandoning module MessagingDebugger (24)
[2014.06.18-12.56.12:613][442]LogModuleManager: Shutting down and abandoning module PluginsEditor (14)
[2014.06.18-12.56.12:613][442]LogModuleManager: Shutting down and abandoning module IntroTutorials (13)
[2014.06.18-12.56.12:613][442]LogModuleManager: Shutting down and abandoning module EpicSurvey (12)
[2014.06.18-12.56.12:613][442]LogModuleManager: Shutting down and abandoning module VisualStudioSourceCodeAccess (10)
[2014.06.18-12.56.12:613][442]LogModuleManager: Shutting down and abandoning module UObjectPlugin (9)
[2014.06.18-12.56.12:613][442]LogModuleManager: Shutting down and abandoning module SubversionSourceControl (8)
[2014.06.18-12.56.12:613][442]LogModuleManager: Shutting down and abandoning module PerforceSourceControl (7)
[2014.06.18-12.56.12:613][442]LogModuleManager: Shutting down and abandoning module BlankPlugin (6)
[2014.06.18-12.56.12:613][442]LogModuleManager: Shutting down and abandoning module CoreUObject (5)
[2014.06.18-12.56.12:613][442]LogModuleManager: Shutting down and abandoning module NetworkFile (4)
[2014.06.18-12.56.12:613][442]LogModuleManager: Shutting down and abandoning module StreamingFile (3)
[2014.06.18-12.56.12:613][442]LogModuleManager: Shutting down and abandoning module SandboxFile (2)
[2014.06.18-12.56.12:613][442]LogModuleManager: Shutting down and abandoning module PakFile (1)
[2014.06.18-12.56.12:614][442]LogExit: Exiting.
[2014.06.18-12.56.12:617][442]Log file closed, 06/18/14 22:56:12
