Log file open, 06/09/14 12:48:20
LogInit:Display: Running engine for game: DigitalJamSession
LogInit: Version: 4.2.0-2092659+++depot+UE4-Releases+4.2
LogInit: Compiled (64-bit): Jun  3 2014 00:56:21
LogInit: Build Configuration: Development
LogInit: Branch Name: ++depot+UE4-Releases+4.2
LogInit: Command line: 
LogInit: Base directory: C:/Program Files/Unreal Engine/4.2/Engine/Binaries/Win64/
LogInit: Rocket: 1
[2014.06.09-02.48.20:923][  0]LogTaskGraph: Started task graph with 3 named threads and 4 total threads.
[2014.06.09-02.48.20:956][  0]LogOnline:Warning: No default platform service specified for OnlineSubsystem
[2014.06.09-02.48.20:967][  0]LogInit: Presizing for 0 objects not considered by GC, pre-allocating 0 bytes.
[2014.06.09-02.48.20:979][  0]LogInit: Object subsystem initialized
[2014.06.09-02.48.20:981][  0]LogInit: Selected Device Profile: [Windows]
[2014.06.09-02.48.20:981][  0]LogInit: Applying CVar settings loaded from the selected device profile: [Windows]
[2014.06.09-02.48.20:992][  0]LogInit: Computer: VIZREALPC
[2014.06.09-02.48.20:992][  0]LogInit: User: Jonno
[2014.06.09-02.48.20:993][  0]LogInit: CPU Page size=4096, Cores=2
[2014.06.09-02.48.20:993][  0]LogInit: High frequency timer resolution =3.989543 MHz
[2014.06.09-02.48.20:993][  0]LogMemory: Memory total: Physical=16.0GB (16GB approx) Virtual=131072.0GB
[2014.06.09-02.48.20:994][  0]LogMemory: Platform Memory Stats for Windows
[2014.06.09-02.48.20:994][  0]LogMemory: Process Physical Memory: 53.10 MB used, 53.21 MB peak
[2014.06.09-02.48.20:994][  0]LogMemory: Process Virtual Memory: 29.43 MB used, 29.55 MB peak
[2014.06.09-02.48.20:994][  0]LogMemory: Physical Memory: 3664.16 MB used, 16367.23 MB total
[2014.06.09-02.48.20:994][  0]LogMemory: Virtual Memory: 245.96 MB used, 134217728.00 MB total
[2014.06.09-02.48.21:036][  0]LogD3D11RHI: Found D3D11 adapter 0: NVIDIA GeForce GTX 660   (Feature Level 11_0)
[2014.06.09-02.48.21:036][  0]LogD3D11RHI: Adapter has 1989MB of dedicated video memory, 0MB of dedicated system memory, and 2048MB of shared system memory, 1 output[s]
[2014.06.09-02.48.21:038][  0]LogD3D11RHI: Found D3D11 adapter 1: Microsoft Basic Render Driver (Feature Level 11_0)
[2014.06.09-02.48.21:038][  0]LogD3D11RHI: Adapter has 0MB of dedicated video memory, 0MB of dedicated system memory, and 256MB of shared system memory, 0 output[s]
[2014.06.09-02.48.21:038][  0]LogD3D11RHI: Chosen D3D11 Adapter Id = 0
[2014.06.09-02.48.21:046][  0]LogRHI: Texture pool is 1361 MB (70% of 1945 MB)
[2014.06.09-02.48.21:062][  0]LogD3D11RHI: Async texture creation enabled
[2014.06.09-02.48.21:172][  0]LogContentStreaming: Texture pool size is 0.000000MB
[2014.06.09-02.48.22:277][  0]LogTargetPlatformManager:Display: Building Assets For Windows
[2014.06.09-02.48.22:418][  0]LogTargetPlatformManager:Display: Building Assets For Windows
[2014.06.09-02.48.22:466][  0]LogDerivedDataCache:Display: Max Cache Size: 512 MB
[2014.06.09-02.48.22:537][  0]LogDerivedDataCache: Loaded boot cache 0.07s 39MB C:/Users/Jonno/AppData/Local/UnrealEngine/4.2/DerivedDataCache/Boot.ddc.
[2014.06.09-02.48.22:537][  0]LogDerivedDataCache:Display: Loaded Boot cache: C:/Users/Jonno/AppData/Local/UnrealEngine/4.2/DerivedDataCache/Boot.ddc
[2014.06.09-02.48.22:537][  0]LogDerivedDataCache: FDerivedDataBackendGraph:  Pak pak cache file ../../../../../../Users/Jonno/Documents/GitHub/DigitalJamSession/DerivedDataCache/DDC.ddp not found, will not use a pak cache.
[2014.06.09-02.48.22:537][  0]LogDerivedDataCache: Unable to find inner node Pak for hierarchical cache Hierarchy.
[2014.06.09-02.48.22:548][  0]LogDerivedDataCache:Display: Pak cache opened for reading ../../../Engine/DerivedDataCache/DDC.ddp.
[2014.06.09-02.48.22:561][  0]LogDerivedDataCache: Using Local data cache path C:/Users/Jonno/AppData/Local/UnrealEngine/4.2/DerivedDataCache: Writable
[2014.06.09-02.48.22:792][  0]LogMeshUtilities: No automatic mesh reduction module available
[2014.06.09-02.48.22:792][  0]LogMeshUtilities: No automatic mesh merging module available
[2014.06.09-02.48.23:239][  0]LogInit: WinSock: version 1.1 (2.2), MaxSocks=32767, MaxUdp=65467
[2014.06.09-02.48.23:756][  0]LogStreaming:Warning: Failed to read file '../../../Engine/Content/Editor/Slate/Icons/ActorIcons/GroupActor_16x.png' error.
[2014.06.09-02.48.23:756][  0]LogSlate: Could not find file for Slate resource: ../../../Engine/Content/Editor/Slate/Icons/ActorIcons/GroupActor_16x.png
[2014.06.09-02.48.23:762][  0]LogStreaming:Warning: Failed to read file '../../../Engine/Content/Editor/Slate/Icons/ActorIcons/DecalActor_16x.png' error.
[2014.06.09-02.48.23:762][  0]LogSlate: Could not find file for Slate resource: ../../../Engine/Content/Editor/Slate/Icons/ActorIcons/DecalActor_16x.png
[2014.06.09-02.48.24:131][  0]UdpMessaging: Initializing bridge on interface 0.0.0.0:0 to multicast group 230.0.0.1:6666.
[2014.06.09-02.48.24:234][  0]SourceControl: Info Source control is disabled
[2014.06.09-02.48.24:235][  0]SourceControl: Info Source control is disabled
[2014.06.09-02.48.24:242][  0]SourceControl: Info Source control is disabled
[2014.06.09-02.48.24:349][  0]BlueprintLog: New page: Editor Load
[2014.06.09-02.48.24:400][  0]LogObj: 19136 objects as part of root set at end of initial load.
[2014.06.09-02.48.24:400][  0]LogUObjectAllocator: 3804648 out of 0 bytes used by permanent object pool.
[2014.06.09-02.48.24:840][  0]LogEngine: Initializing Engine...
[2014.06.09-02.48.24:978][  0]LogInit: XAudio2 using 'Speakers (Realtek High Definition Audio)' : 2 channels at 48 kHz using 32 bits per sample (channel mask 0x3)
[2014.06.09-02.48.24:998][  0]LogInit: FAudioDevice initialized.
[2014.06.09-02.48.25:044][  0]LogDerivedDataCache: Saved boot cache 0.04s 39MB C:/Users/Jonno/AppData/Local/UnrealEngine/4.2/DerivedDataCache/Boot.ddc.
[2014.06.09-02.48.25:054][  0]LogInit: Texture streaming: Enabled
[2014.06.09-02.48.25:091][  0]LogInit: Transaction tracking system initialized
[2014.06.09-02.48.25:237][  0]LogAssetRegistry: FAssetRegistry took 0.0111 seconds to start up
[2014.06.09-02.48.25:466][  0]LogModuleManager:Warning: ModuleManager: Unable to load module '' because the file was not found.
[2014.06.09-02.48.25:473][  0]LogModuleManager:Warning: ModuleManager: Unable to load module '' because the file was not found.
[2014.06.09-02.48.25:540][  0]LogConsoleResponse:Display: 
[2014.06.09-02.48.25:831][  0]SourceControl: Info Source control is disabled
[2014.06.09-02.48.25:831][  0]Cmd: MAP LOAD FILE="../../../../../../Users/Jonno/Documents/GitHub/DigitalJamSession/Content/Jam.umap" TEMPLATE=0 SHOWPROGRESS=1 WORLDCOMPOSITION=0
[2014.06.09-02.48.25:832][  0]LightingResults: New page: Lighting Build
[2014.06.09-02.48.25:842][  0]MapCheck: New page: Map Check
[2014.06.09-02.48.25:842][  0]LightingResults: New page: Lighting Build
[2014.06.09-02.48.25:859][  0]LogParticles: Destroying 0 GPU particle simulations for FXSystem 0x000000E23F290AE0
[2014.06.09-02.48.26:054][  0]LogEditorServer: Finished looking for orphan Actors (0.000 secs)
[2014.06.09-02.48.26:054][  0]Cmd: MAP CHECKDEP
[2014.06.09-02.48.26:054][  0]MapCheck: New page: Jam - 09/06/2014 10:48:26 pm
[2014.06.09-02.48.26:135][  0]MapCheck: Info ========== Map Check: 0 Error(s), 0 Warning(s), [81.405ms] ==========
[2014.06.09-02.48.26:136][  0]LogFileHelpers: Loading map 'Jam' took 0.304
[2014.06.09-02.48.26:264][  0]LogCollectionManager: Loaded 0 collections in 0.001648 seconds
[2014.06.09-02.48.26:407][  0]LogCrashTracker: Crashtracker disabled due to settings.
[2014.06.09-02.48.26:408][  0]Cmd: MODE PLACEMENT
[2014.06.09-02.48.26:454][  0]LogLoad: Full Startup: 6.48 seconds (BP compile: 0.07 seconds)
[2014.06.09-02.48.26:470][  0]LogContentBrowser:Verbose: The content browser source was changed by the sources view to '/Game/Assets/Terrain_Trial'
[2014.06.09-02.48.26:657][  0]LogRenderer:Warning: Reallocating scene render targets to support 640x872.
[2014.06.09-02.48.26:965][  1]LogEpicStorage:Warning: EnumerateFiles request failed. Invalid response. code=403 error=<?xml version="1.0" encoding="UTF-8"?>
<Error><Code>AccessDenied</Code><Message>Access Denied</Message><RequestId>6D7C020E94F4E4B5</RequestId><HostId>saxd8psOucQjKzq9bZ2YvTGjVP/OPvFAJfB+MiDiNrMOPxInG2CRlhwyLj0cqDHT</HostId></Error>
[2014.06.09-02.48.27:007][  2]LogEpicSurvey:Warning: EnumerateFiles request failed. Invalid response. code=403 error=<?xml version="1.0" encoding="UTF-8"?>
<Error><Code>AccessDenied</Code><Message>Access Denied</Message><RequestId>F07377683B76F85E</RequestId><HostId>Hayt/ar6jMuAxex7+jHYyzxo4/tqjLxsszKQA72LWmM04ZMvlMiXI14yohmQ3nhG</HostId></Error>
[2014.06.09-02.48.27:031][  3]LogEpicStorage:Warning: EnumerateFiles request failed. Invalid response. code=403 error=<?xml version="1.0" encoding="UTF-8"?>
<Error><Code>AccessDenied</Code><Message>Access Denied</Message><RequestId>8D6692981F08F511</RequestId><HostId>tgnOFt0IrlrniG5yl5iesapu7kOOnofwnk7voDL21v9cNALM/2SZnhdYbfk4GF69</HostId></Error>
[2014.06.09-02.48.27:066][  5]LogEpicSurvey:Warning: EnumerateFiles request failed. Invalid response. code=403 error=<?xml version="1.0" encoding="UTF-8"?>
<Error><Code>AccessDenied</Code><Message>Access Denied</Message><RequestId>C9BA1F9BA542DFFE</RequestId><HostId>XD2tCRbZ5Zi2mu0pfzW1CX3CSIMd0ttFCYnsEx2VLRtMjYX5qQPO6d9gO0A2LspP</HostId></Error>
[2014.06.09-02.48.27:130][  7]LogEpicSurvey:Warning: EnumerateFiles request failed. Invalid response. code=403 error=<?xml version="1.0" encoding="UTF-8"?>
<Error><Code>AccessDenied</Code><Message>Access Denied</Message><RequestId>40649AEE641987E8</RequestId><HostId>uhXJrsszz2hx/Gki/LGI21MKbMkJiyfogq7o+6KJIHS6pCjSIt+Y+ye0Mm3hU7Hf</HostId></Error>
[2014.06.09-02.48.27:163][  8]LogEpicStorage:Warning: ReadFile request failed. File request already pending for filename=http://cdn.unrealengine.com/newsfeed/blueprint_icon_b.png
[2014.06.09-02.48.33:804][504]LogAssetRegistry: Asset discovery search completed in 8.5789 seconds
[2014.06.09-02.48.58:366][750]LogTexture:Display: Building textures: Dirt2_normal (BC5)
[2014.06.09-02.48.58:771][750]LogTexture:Display: Building textures: Dirt1 (AutoDXT)
[2014.06.09-02.49.01:814][750]LogTexture:Display: Building textures: Dirt1_norm (BC5)
[2014.06.09-02.49.02:225][750]LogTexture:Display: Building textures: Dirt2 (AutoDXT)
[2014.06.09-02.49.05:084][750]LogTexture:Display: Building textures: gravel2 (AutoDXT)
[2014.06.09-02.49.08:009][750]LogTexture:Display: Building textures: gravel2_normal (BC5)
[2014.06.09-02.49.08:414][750]LogTexture:Display: Building textures: gravel3 (AutoDXT)
[2014.06.09-02.49.11:451][750]LogTexture:Display: Building textures: gravel3_normal (BC5)
[2014.06.09-02.49.11:820][750]LogMaterial: Missing cached shader map for material TerrainMat, compiling.
[2014.06.09-02.49.11:875][750]LogMaterial: Missing cached shader map for material PreviewMaterial_0, compiling.
[2014.06.09-02.49.11:886][750]LogActorComponent: UnregisterComponent: (/Engine/Transient.SkeletalMeshComponent_0) Not registered. Aborting.
[2014.06.09-02.49.11:951][750]LogActorComponent: UnregisterComponent: (/Engine/Transient.SkeletalMeshComponent_0) Not registered. Aborting.
[2014.06.09-02.49.11:951][750]LogActorComponent: RegisterComponentWithWorld: (/Engine/Transient.MaterialEditorMeshComponent_0) Already registered. Aborting.
[2014.06.09-02.49.11:951][750]LogActorComponent: UnregisterComponent: (/Engine/Transient.SkeletalMeshComponent_0) Not registered. Aborting.
[2014.06.09-02.49.11:951][750]LogActorComponent: RegisterComponentWithWorld: (/Engine/Transient.MaterialEditorMeshComponent_0) Already registered. Aborting.
[2014.06.09-02.49.11:982][750]LogMaterial: Missing cached shader map for material FMatExpressionPreview MaterialExpressionTextureSample_0, compiling.
[2014.06.09-02.49.11:984][750]LogMaterial: Missing cached shader map for material FMatExpressionPreview MaterialExpressionTextureSample_2, compiling.
[2014.06.09-02.49.11:985][750]LogMaterial: Missing cached shader map for material FMatExpressionPreview MaterialExpressionTextureSample_7, compiling.
[2014.06.09-02.49.11:987][750]LogMaterial: Missing cached shader map for material FMatExpressionPreview MaterialExpressionTextureSample_8, compiling.
[2014.06.09-02.49.11:988][750]LogMaterial: Missing cached shader map for material FMatExpressionPreview MaterialExpressionLandscapeLayerCoords_0, compiling.
[2014.06.09-02.49.11:990][750]LogMaterial: Missing cached shader map for material FMatExpressionPreview MaterialExpressionTextureSample_9, compiling.
[2014.06.09-02.49.11:991][750]LogMaterial: Missing cached shader map for material FMatExpressionPreview MaterialExpressionTextureSample_10, compiling.
[2014.06.09-02.49.11:993][750]LogMaterial: Missing cached shader map for material FMatExpressionPreview MaterialExpressionTextureSample_14, compiling.
[2014.06.09-02.49.11:994][750]LogMaterial: Missing cached shader map for material FMatExpressionPreview MaterialExpressionTextureSample_15, compiling.
[2014.06.09-02.49.38:835][336]MaterialEditorStats: Info Base pass shader with static lighting: 90 instructions
[2014.06.09-02.49.38:835][336]MaterialEditorStats: Info Base pass shader with only dynamic lighting: 59 instructions
[2014.06.09-02.49.38:835][336]MaterialEditorStats: Info Vertex shader: 31 instructions
[2014.06.09-02.49.38:835][336]MaterialEditorStats: Info Texture samplers: 4/16
[2014.06.09-02.50.56:623][398]LogContentBrowser:Verbose: The content browser source was changed by the sources view to '/Game/Assets/Character'
[2014.06.09-02.50.57:560][502]LogContentBrowser:Verbose: The content browser source was changed by the sources view to '/Game/Assets'
[2014.06.09-02.50.58:650][631]LogContentBrowser:Verbose: The content browser source was changed by the sources view to '/Game'
[2014.06.09-02.59.02:057][198]LogRenderer:Warning: Reallocating scene render targets to support 912x872.
[2014.06.09-02.59.10:920][122]LogPlayLevel: PIE:  No blueprints needed recompiling
[2014.06.09-02.59.10:921][122]PIE: New page: PIE session: Jam (09/06/2014 10:59:10 pm)
[2014.06.09-02.59.10:923][122]LogPlayLevel: PIE: StaticDuplicateObject took: (0.001982s)
[2014.06.09-02.59.10:924][122]LogPlayLevel: PIE: World Init took: (0.001237s)
[2014.06.09-02.59.10:924][122]LogPlayLevel: PIE: Created PIE world by copying editor world from /Game/Jam.Jam to /Game/UEDPIE_0_Jam.Jam (0.003414s)
[2014.06.09-02.59.11:187][122]LogMaterial: Missing cached shader map for material Character_Parent, compiling.
[2014.06.09-02.59.11:211][122]LogTexture:Display: Building textures: ghost_distortion (BC5)
[2014.06.09-02.59.11:301][122]LogMaterial: Missing cached shader map for material Character_Parent_Trans, compiling.
[2014.06.09-02.59.11:320][122]LogMaterial: Missing cached shader map for material M_TextMaterial_Opaque_Emissive, compiling.
[2014.06.09-02.59.11:332][122]LogAudioDerivedData:Display: Building compressed audio format OGG wave Flying_Activated...
[2014.06.09-02.59.11:437][122]LogAudioDerivedData:Display: Building compressed audio format OGG wave Flying_Deactivated...
[2014.06.09-02.59.11:508][122]LogAudioDerivedData:Display: Building compressed audio format OGG wave Ghost_Mode_Activated...
[2014.06.09-02.59.11:576][122]LogAudioDerivedData:Display: Building compressed audio format OGG wave Ghost_Mode_Deactivated...
[2014.06.09-02.59.11:652][122]LogWorld: Game class is 'JamGameMode_C'
[2014.06.09-02.59.11:694][122]LogWorld: Bringing World /Game/UEDPIE_0_Jam.Jam up for play (max tick rate 0) at 2014.06.09-12.59.11
[2014.06.09-02.59.11:694][122]LogWorld: Bringing up level for play took: 0.001480
[2014.06.09-02.59.11:695][122]LogPlayerController: Spawned spectator SpectatorPawn_0 [server:1]
[2014.06.09-02.59.11:695][122]LogGameMode: RestartPlayer 256
[2014.06.09-02.59.11:698][122]LogPlayerController: ClientRestart_Implementation CharacterBP_C_0
[2014.06.09-02.59.11:698][122]LogPlayerController: ServerAcknowledgePossession_Implementation CharacterBP_C_0
[2014.06.09-02.59.11:700][122]PIE: Info Play in editor start time for /Game/UEDPIE_0_Jam 0.379
[2014.06.09-02.59.39:921][ 62]LogParticles: Destroying 0 GPU particle simulations for FXSystem 0x000000E23B59D8A0
[2014.06.09-02.59.43:028][382]LogContentBrowser:Verbose: The content browser source was changed by the sources view to '/Game/Assets/Character'
[2014.06.09-02.59.50:094][500]LogContentBrowser:Verbose: The content browser source was changed by the sources view to '/Game/Assets/Character/Audio'
[2014.06.09-03.00.39:110][900]LogPlayLevel: PIE:  No blueprints needed recompiling
[2014.06.09-03.00.39:110][900]PIE: New page: PIE session: Jam (09/06/2014 11:00:39 pm)
[2014.06.09-03.00.39:114][900]LogPlayLevel: PIE: StaticDuplicateObject took: (0.004030s)
[2014.06.09-03.00.39:116][900]LogPlayLevel: PIE: World Init took: (0.002218s)
[2014.06.09-03.00.39:116][900]LogPlayLevel: PIE: Created PIE world by copying editor world from /Game/Jam.Jam to /Game/UEDPIE_0_Jam.Jam (0.006487s)
[2014.06.09-03.00.39:117][900]LogWorld: Game class is 'JamGameMode_C'
[2014.06.09-03.00.39:150][900]LogWorld: Bringing World /Game/UEDPIE_0_Jam.Jam up for play (max tick rate 0) at 2014.06.09-13.00.39
[2014.06.09-03.00.39:150][900]LogWorld: Bringing up level for play took: 0.001102
[2014.06.09-03.00.39:150][900]LogPlayerController: Spawned spectator SpectatorPawn_1 [server:1]
[2014.06.09-03.00.39:150][900]LogGameMode: RestartPlayer 257
[2014.06.09-03.00.39:152][900]LogPlayerController: ClientRestart_Implementation CharacterBP_C_1
[2014.06.09-03.00.39:152][900]LogPlayerController: ServerAcknowledgePossession_Implementation CharacterBP_C_1
[2014.06.09-03.00.39:163][900]PIE: Info Play in editor start time for /Game/UEDPIE_0_Jam -0.159
[2014.06.09-03.00.43:920][461]LogBlueprintUserMessages: Un-named character can now fly !
[2014.06.09-03.00.49:365][111]LogBlueprintUserMessages: Un-named character can walk through walls...
[2014.06.09-03.01.06:685][175]LogBlueprintUserMessages: Un-named character  has stopped flying!
[2014.06.09-03.01.08:649][410]LogBlueprintUserMessages: Un-named character  has stopped walking through walls
[2014.06.09-03.01.13:296][959]LogActorComponent: UnregisterComponent: (/Engine/Transient.CharacterMovementComponent_0) Not registered. Aborting.
[2014.06.09-03.01.13:319][959]LogParticles: Destroying 0 GPU particle simulations for FXSystem 0x000000E245839DA0
[2014.06.09-03.03.26:619][988]LogEpicStorage:Warning: ReadFile request failed. File request already pending for filename=http://cdn.unrealengine.com/newsfeed/blueprint_icon_b.png
[2014.06.09-03.18.26:659][654]LogEpicStorage:Warning: ReadFile request failed. File request already pending for filename=http://cdn.unrealengine.com/newsfeed/blueprint_icon_b.png
[2014.06.09-03.33.26:623][305]LogEpicStorage:Warning: ReadFile request failed. File request already pending for filename=http://cdn.unrealengine.com/newsfeed/blueprint_icon_b.png
[2014.06.09-03.48.26:639][924]LogEpicStorage:Warning: ReadFile request failed. File request already pending for filename=http://cdn.unrealengine.com/newsfeed/blueprint_icon_b.png
[2014.06.09-04.03.26:697][135]LogEpicStorage:Warning: ReadFile request failed. File request already pending for filename=http://cdn.unrealengine.com/newsfeed/blueprint_icon_b.png
[2014.06.09-04.18.26:650][249]LogEpicStorage:Warning: ReadFile request failed. File request already pending for filename=http://cdn.unrealengine.com/newsfeed/blueprint_icon_b.png
[2014.06.09-04.27.52:377][338]LogContentBrowser:Verbose: The content browser source was changed by the sources view to '/Game/Assets/Character'
[2014.06.09-04.28.29:219][212]LogContentBrowser:Verbose: The content browser source was changed by the sources view to '/Game/Assets/Terrain_Trial'
[2014.06.09-04.28.31:733][495]LogContentBrowser:Verbose: The content browser source was changed by the sources view to '/Game/Assets'
[2014.06.09-04.28.33:043][642]LogContentBrowser:Verbose: The content browser source was changed by the sources view to '/Game/Assets/Character'
[2014.06.09-04.29.42:951][646]ImportText (LocalizedDisplayNames): Missing closing parenthesis: (Language="en",Text="Blueprint Side Scroller"
[2014.06.09-04.29.42:951][646]ImportText (LocalizedDisplayNames): Missing closing parenthesis: (Language="ko",Text="è°¸ ¡¤ld"
[2014.06.09-04.29.42:982][646]LogUProjectInfo: Found 0 directories to search
[2014.06.09-04.29.42:982][646]LogUProjectInfo: FillProjectInfo took 0.0003 seconds
[2014.06.09-04.29.42:989][646]LogJson:Warning: Field EngineAssociation was not found.
[2014.06.09-04.29.42:989][646]LogJson:Error: Json Value of type 'Null' used as a 'String'.
[2014.06.09-04.29.42:992][646]LogJson:Warning: Field EngineAssociation was not found.
[2014.06.09-04.29.42:992][646]LogJson:Error: Json Value of type 'Null' used as a 'String'.
[2014.06.09-04.29.42:993][646]LogJson:Warning: Field EngineAssociation was not found.
[2014.06.09-04.29.42:993][646]LogJson:Error: Json Value of type 'Null' used as a 'String'.
[2014.06.09-04.29.42:994][646]LogJson:Warning: Field EngineAssociation was not found.
[2014.06.09-04.29.42:994][646]LogJson:Error: Json Value of type 'Null' used as a 'String'.
[2014.06.09-04.29.42:995][646]LogJson:Warning: Field EngineAssociation was not found.
[2014.06.09-04.29.42:995][646]LogJson:Error: Json Value of type 'Null' used as a 'String'.
[2014.06.09-04.29.42:996][646]LogJson:Warning: Field EngineAssociation was not found.
[2014.06.09-04.29.42:996][646]LogJson:Error: Json Value of type 'Null' used as a 'String'.
[2014.06.09-04.29.42:996][646]LogJson:Warning: Field EngineAssociation was not found.
[2014.06.09-04.29.42:996][646]LogJson:Error: Json Value of type 'Null' used as a 'String'.
[2014.06.09-04.29.42:999][646]LogJson:Warning: Field EngineAssociation was not found.
[2014.06.09-04.29.42:999][646]LogJson:Error: Json Value of type 'Null' used as a 'String'.
[2014.06.09-04.29.43:001][646]LogJson:Warning: Field EngineAssociation was not found.
[2014.06.09-04.29.43:001][646]LogJson:Error: Json Value of type 'Null' used as a 'String'.
[2014.06.09-04.29.43:002][646]LogJson:Warning: Field EngineAssociation was not found.
[2014.06.09-04.29.43:002][646]LogJson:Error: Json Value of type 'Null' used as a 'String'.
[2014.06.09-04.29.43:004][646]LogJson:Warning: Field EngineAssociation was not found.
[2014.06.09-04.29.43:004][646]LogJson:Error: Json Value of type 'Null' used as a 'String'.
[2014.06.09-04.29.43:004][646]LogJson:Warning: Field EngineAssociation was not found.
[2014.06.09-04.29.43:004][646]LogJson:Error: Json Value of type 'Null' used as a 'String'.
[2014.06.09-04.29.43:005][646]LogJson:Warning: Field EngineAssociation was not found.
[2014.06.09-04.29.43:005][646]LogJson:Error: Json Value of type 'Null' used as a 'String'.
[2014.06.09-04.30.02:443][657]Cmd: CLOSE_SLATE_MAINFRAME
[2014.06.09-04.30.02:444][657]LogActorComponent: UnregisterComponent: (/Engine/Transient.CharacterMovementComponent_1) Not registered. Aborting.
[2014.06.09-04.30.02:473][657]LogParticles: Destroying 0 GPU particle simulations for FXSystem 0x000000E24583ADE0
[2014.06.09-04.30.03:007][658]Cmd: QUIT_EDITOR
[2014.06.09-04.30.03:971][658]LogWindowsTextInputMethodSystem:Error: Terminating failed while unadvising the language notification sink from the TSF source.
[2014.06.09-04.30.03:972][658]LogExit: Preparing to exit.
[2014.06.09-04.30.04:548][658]LogExit: Editor shut down
[2014.06.09-04.30.04:549][658]LogExit: Transaction tracking system shut down
[2014.06.09-04.30.04:550][658]LogParticles: Destroying 0 GPU particle simulations for FXSystem 0x000000E2399FC7C0
[2014.06.09-04.30.04:566][658]LogParticles: Destroying 0 GPU particle simulations for FXSystem 0x000000E23B432FC0
[2014.06.09-04.30.04:566][658]LogParticles: Destroying 0 GPU particle simulations for FXSystem 0x000000E23B59D620
[2014.06.09-04.30.04:566][658]LogParticles: Destroying 0 GPU particle simulations for FXSystem 0x000000E23D128400
[2014.06.09-04.30.04:603][658]LogParticles: Destroying 0 GPU particle simulations for FXSystem 0x000000E23D12B1A0
[2014.06.09-04.30.04:603][658]LogParticles: Destroying 0 GPU particle simulations for FXSystem 0x000000E23D12B240
[2014.06.09-04.30.04:603][658]LogExit: Object subsystem successfully closed.
[2014.06.09-04.30.04:664][658]LogModuleManager: Shutting down and abandoning module DesktopPlatform (165)
[2014.06.09-04.30.04:664][658]LogModuleManager: Shutting down and abandoning module MaterialEditor (164)
[2014.06.09-04.30.04:664][658]LogModuleManager: Shutting down and abandoning module AndroidDeviceDetection (163)
[2014.06.09-04.30.04:664][658]LogModuleManager: Shutting down and abandoning module CrashTracker (162)
[2014.06.09-04.30.04:664][658]LogModuleManager: Shutting down and abandoning module HTTP (161)
[2014.06.09-04.30.04:664][658]LogModuleManager: Shutting down and abandoning module NewsFeed (160)
[2014.06.09-04.30.04:664][658]LogModuleManager: Shutting down and abandoning module SceneOutliner (159)
[2014.06.09-04.30.04:664][658]LogModuleManager: Shutting down and abandoning module EditorWidgets (158)
[2014.06.09-04.30.04:664][658]LogModuleManager: Shutting down and abandoning module CollectionManager (157)
[2014.06.09-04.30.04:664][658]LogModuleManager: Shutting down and abandoning module StatsViewer (156)
[2014.06.09-04.30.04:664][658]LogModuleManager: Shutting down and abandoning module FoliageEdit (155)
[2014.06.09-04.30.04:667][658]LogModuleManager: Shutting down and abandoning module LandscapeEditor (154)
[2014.06.09-04.30.04:668][658]LogModuleManager: Shutting down and abandoning module MeshPaint (153)
[2014.06.09-04.30.04:668][658]LogModuleManager: Shutting down and abandoning module ActorPickerMode (152)
[2014.06.09-04.30.04:669][658]LogModuleManager: Shutting down and abandoning module GeometryMode (151)
[2014.06.09-04.30.04:669][658]LogModuleManager: Shutting down and abandoning module TextureAlignMode (150)
[2014.06.09-04.30.04:669][658]LogModuleManager: Shutting down and abandoning module BspMode (149)
[2014.06.09-04.30.04:669][658]LogModuleManager: Shutting down and abandoning module PlacementMode (148)
[2014.06.09-04.30.04:669][658]LogModuleManager: Shutting down and abandoning module AutomationWorker (147)
[2014.06.09-04.30.04:669][658]LogModuleManager: Shutting down and abandoning module ViewportSnapping (146)
[2014.06.09-04.30.04:669][658]LogModuleManager: Shutting down and abandoning module DeviceProfileEditor (145)
[2014.06.09-04.30.04:669][658]LogModuleManager: Shutting down and abandoning module UndoHistory (144)
[2014.06.09-04.30.04:669][658]LogModuleManager: Shutting down and abandoning module GameplayTagsEditor (143)
[2014.06.09-04.30.04:669][658]LogModuleManager: Shutting down and abandoning module UserFeedback (142)
[2014.06.09-04.30.04:669][658]LogModuleManager: Shutting down and abandoning module XmlParser (141)
[2014.06.09-04.30.04:669][658]LogModuleManager: Shutting down and abandoning module Blutility (140)
[2014.06.09-04.30.04:669][658]LogModuleManager: Shutting down and abandoning module AndroidPlatformEditor (137)
[2014.06.09-04.30.04:669][658]LogModuleManager: Shutting down and abandoning module AndroidRuntimeSettings (136)
[2014.06.09-04.30.04:669][658]LogModuleManager: Shutting down and abandoning module ProjectSettingsViewer (135)
[2014.06.09-04.30.04:669][658]LogModuleManager: Shutting down and abandoning module InputBindingEditor (134)
[2014.06.09-04.30.04:669][658]LogModuleManager: Shutting down and abandoning module EditorSettingsViewer (133)
[2014.06.09-04.30.04:669][658]LogModuleManager: Shutting down and abandoning module SettingsEditor (132)
[2014.06.09-04.30.04:669][658]LogModuleManager: Shutting down and abandoning module SessionLauncher (131)
[2014.06.09-04.30.04:669][658]LogModuleManager: Shutting down and abandoning module SessionFrontend (130)
[2014.06.09-04.30.04:669][658]LogModuleManager: Shutting down and abandoning module ProfilerClient (129)
[2014.06.09-04.30.04:670][658]LogModuleManager: Shutting down and abandoning module TargetDeviceServices (128)
[2014.06.09-04.30.04:670][658]LogModuleManager: Shutting down and abandoning module DeviceManager (127)
[2014.06.09-04.30.04:670][658]LogModuleManager: Shutting down and abandoning module AutomationController (126)
[2014.06.09-04.30.04:670][658]LogModuleManager: Shutting down and abandoning module AutomationWindow (125)
[2014.06.09-04.30.04:670][658]LogModuleManager: Shutting down and abandoning module Layers (124)
[2014.06.09-04.30.04:670][658]LogModuleManager: Shutting down and abandoning module ComponentVisualizers (123)
[2014.06.09-04.30.04:670][658]LogModuleManager: Shutting down and abandoning module DetailCustomizations (122)
[2014.06.09-04.30.04:670][658]LogModuleManager: Shutting down and abandoning module PackagesDialog (121)
[2014.06.09-04.30.04:670][658]LogModuleManager: Shutting down and abandoning module PropertyEditor (120)
[2014.06.09-04.30.04:670][658]LogModuleManager: Shutting down and abandoning module DirectoryWatcher (119)
[2014.06.09-04.30.04:672][658]LogModuleManager: Shutting down and abandoning module AssetRegistry (118)
[2014.06.09-04.30.04:743][658]LogModuleManager: Shutting down and abandoning module Persona (117)
[2014.06.09-04.30.04:743][658]LogModuleManager: Shutting down and abandoning module GraphEditor (116)
[2014.06.09-04.30.04:743][658]LogModuleManager: Shutting down and abandoning module ContentBrowser (115)
[2014.06.09-04.30.04:743][658]LogModuleManager: Shutting down and abandoning module ClassViewer (114)
[2014.06.09-04.30.04:743][658]LogModuleManager: Shutting down and abandoning module Toolbox (113)
[2014.06.09-04.30.04:743][658]LogModuleManager: Shutting down and abandoning module ModuleUI (112)
[2014.06.09-04.30.04:743][658]LogModuleManager: Shutting down and abandoning module Sequencer (111)
[2014.06.09-04.30.04:743][658]LogModuleManager: Shutting down and abandoning module AssetTools (110)
[2014.06.09-04.30.04:743][658]LogModuleManager: Shutting down and abandoning module MovieSceneTools (109)
[2014.06.09-04.30.04:743][658]LogModuleManager: Shutting down and abandoning module OutputLog (108)
[2014.06.09-04.30.04:743][658]LogModuleManager: Shutting down and abandoning module GammaUI (107)
[2014.06.09-04.30.04:743][658]LogModuleManager: Shutting down and abandoning module Documentation (106)
[2014.06.09-04.30.04:743][658]LogModuleManager: Shutting down and abandoning module StreamingPauseRendering (105)
[2014.06.09-04.30.04:743][658]LogModuleManager: Shutting down and abandoning module AnalyticsET (104)
[2014.06.09-04.30.04:743][658]LogModuleManager: Shutting down and abandoning module Analytics (103)
[2014.06.09-04.30.04:743][658]LogModuleManager: Shutting down and abandoning module ProfilerService (102)
[2014.06.09-04.30.04:987][658]LogModuleManager: Shutting down and abandoning module TaskGraph (101)
[2014.06.09-04.30.04:987][658]LogModuleManager: Shutting down and abandoning module GameProjectGeneration (100)
[2014.06.09-04.30.04:987][658]LogModuleManager: Shutting down and abandoning module Matinee (99)
[2014.06.09-04.30.04:987][658]LogModuleManager: Shutting down and abandoning module Kismet (98)
[2014.06.09-04.30.04:987][658]LogModuleManager: Shutting down and abandoning module SlateReflector (97)
[2014.06.09-04.30.04:987][658]LogModuleManager: Shutting down and abandoning module LevelEditor (96)
[2014.06.09-04.30.04:988][658]LogModuleManager: Shutting down and abandoning module MainFrame (95)
[2014.06.09-04.30.04:988][658]LogModuleManager: Shutting down and abandoning module SourceControl (94)
[2014.06.09-04.30.04:988][658]LogModuleManager: Shutting down and abandoning module ImageWrapper (93)
[2014.06.09-04.30.04:988][658]LogModuleManager: Shutting down and abandoning module OnlineBlueprintSupport (92)
[2014.06.09-04.30.04:988][658]LogModuleManager: Shutting down and abandoning module FunctionalTesting (91)
[2014.06.09-04.30.04:988][658]LogModuleManager: Shutting down and abandoning module CollisionAnalyzer (90)
[2014.06.09-04.30.04:988][658]LogModuleManager: Shutting down and abandoning module WorkspaceMenuStructure (89)
[2014.06.09-04.30.04:989][658]LogModuleManager: Shutting down and abandoning module MessageLog (88)
[2014.06.09-04.30.04:989][658]LogModuleManager: Shutting down and abandoning module Slate (87)
[2014.06.09-04.30.04:989][658]LogModuleManager: Shutting down and abandoning module EditorStyle (86)
[2014.06.09-04.30.04:990][658]LogModuleManager: Shutting down and abandoning module SessionServices (85)
[2014.06.09-04.30.04:990][658]LogModuleManager: Shutting down and abandoning module Messaging (84)
[2014.06.09-04.30.04:990][658]LogModuleManager: Shutting down and abandoning module SourceCodeAccess (83)
[2014.06.09-04.30.04:990][658]LogModuleManager: Shutting down and abandoning module HeadMountedDisplay (82)
[2014.06.09-04.30.04:991][658]LogModuleManager: Shutting down and abandoning module XAudio2 (81)
[2014.06.09-04.30.04:991][658]LogModuleManager: Shutting down and abandoning module Networking (79)
[2014.06.09-04.30.04:991][658]LogModuleManager: Shutting down and abandoning module Core (78)
[2014.06.09-04.30.04:991][658]LogModuleManager: Shutting down and abandoning module KismetCompiler (77)
[2014.06.09-04.30.04:991][658]LogModuleManager: Shutting down and abandoning module PhysXFormats (76)
[2014.06.09-04.30.04:991][658]LogModuleManager: Shutting down and abandoning module SimplygonMeshReduction (75)
[2014.06.09-04.30.04:991][658]LogModuleManager: Shutting down and abandoning module MeshUtilities (74)
[2014.06.09-04.30.04:991][658]LogModuleManager: Shutting down and abandoning module DerivedDataCache (73)
[2014.06.09-04.30.05:088][658]LogDerivedDataCache: Shutdown
[2014.06.09-04.30.05:088][658]LogModuleManager: Shutting down and abandoning module ShaderFormatOpenGL (72)
[2014.06.09-04.30.05:088][658]LogModuleManager: Shutting down and abandoning module ShaderFormatD3D (71)
[2014.06.09-04.30.05:088][658]LogModuleManager: Shutting down and abandoning module TextureFormatUncompressed (70)
[2014.06.09-04.30.05:088][658]LogModuleManager: Shutting down and abandoning module TextureFormatPVR (69)
[2014.06.09-04.30.05:088][658]LogModuleManager: Shutting down and abandoning module TextureFormatDXT (68)
[2014.06.09-04.30.05:088][658]LogModuleManager: Shutting down and abandoning module TextureFormatAndroid (67)
[2014.06.09-04.30.05:088][658]LogModuleManager: Shutting down and abandoning module AudioFormatOpus (66)
[2014.06.09-04.30.05:088][658]LogModuleManager: Shutting down and abandoning module AudioFormatOgg (65)
[2014.06.09-04.30.05:088][658]LogModuleManager: Shutting down and abandoning module AudioFormatADPCM (64)
[2014.06.09-04.30.05:088][658]LogModuleManager: Shutting down and abandoning module Android_PVRTCTargetPlatform (63)
[2014.06.09-04.30.05:088][658]LogModuleManager: Shutting down and abandoning module Android_ETC2TargetPlatform (62)
[2014.06.09-04.30.05:088][658]LogModuleManager: Shutting down and abandoning module Android_ETC1TargetPlatform (61)
[2014.06.09-04.30.05:088][658]LogModuleManager: Shutting down and abandoning module Android_DXTTargetPlatform (60)
[2014.06.09-04.30.05:088][658]LogModuleManager: Shutting down and abandoning module Android_ATCTargetPlatform (59)
[2014.06.09-04.30.05:088][658]LogModuleManager: Shutting down and abandoning module AndroidTargetPlatform (58)
[2014.06.09-04.30.05:088][658]LogModuleManager: Shutting down and abandoning module WindowsTargetPlatform (57)
[2014.06.09-04.30.05:088][658]LogModuleManager: Shutting down and abandoning module WindowsServerTargetPlatform (56)
[2014.06.09-04.30.05:088][658]LogModuleManager: Shutting down and abandoning module WindowsNoEditorTargetPlatform (55)
[2014.06.09-04.30.05:088][658]LogModuleManager: Shutting down and abandoning module WindowsClientTargetPlatform (54)
[2014.06.09-04.30.05:088][658]LogModuleManager: Shutting down and abandoning module TargetPlatform (53)
[2014.06.09-04.30.05:088][658]LogModuleManager: Shutting down and abandoning module InputCore (52)
[2014.06.09-04.30.05:088][658]LogModuleManager: Shutting down and abandoning module Settings (51)
[2014.06.09-04.30.05:088][658]LogModuleManager: Shutting down and abandoning module TextureCompressor (48)
[2014.06.09-04.30.05:089][658]LogModuleManager: Shutting down and abandoning module ShaderCore (47)
[2014.06.09-04.30.05:089][658]LogModuleManager: Shutting down and abandoning module OpenGLDrv (46)
[2014.06.09-04.30.05:089][658]LogModuleManager: Shutting down and abandoning module D3D11RHI (45)
[2014.06.09-04.30.05:089][658]LogModuleManager: Shutting down and abandoning module SlateRHIRenderer (44)
[2014.06.09-04.30.05:089][658]LogModuleManager: Shutting down and abandoning module Renderer (43)
[2014.06.09-04.30.05:089][658]LogModuleManager: Shutting down and abandoning module Engine (42)
[2014.06.09-04.30.05:089][658]LogModuleManager: Shutting down and abandoning module SlateRemote (41)
[2014.06.09-04.30.05:089][658]LogModuleManager: Shutting down and abandoning module ScriptPlugin (40)
[2014.06.09-04.30.05:089][658]LogModuleManager: Shutting down and abandoning module ScriptEditorPlugin (38)
[2014.06.09-04.30.05:089][658]LogModuleManager: Shutting down and abandoning module WindowsMoviePlayer (37)
[2014.06.09-04.30.05:090][658]LogModuleManager: Shutting down and abandoning module ExampleDeviceProfileSelector (32)
[2014.06.09-04.30.05:090][658]LogModuleManager: Shutting down and abandoning module CustomMeshComponent (31)
[2014.06.09-04.30.05:090][658]LogModuleManager: Shutting down and abandoning module CableComponent (30)
[2014.06.09-04.30.05:090][658]LogModuleManager: Shutting down and abandoning module OculusRift (26)
[2014.06.09-04.30.05:090][658]LogModuleManager: Shutting down and abandoning module UdpMessaging (25)
[2014.06.09-04.30.05:191][658]LogModuleManager: Shutting down and abandoning module MessagingDebugger (24)
[2014.06.09-04.30.05:191][658]LogModuleManager: Shutting down and abandoning module PluginsEditor (14)
[2014.06.09-04.30.05:191][658]LogModuleManager: Shutting down and abandoning module IntroTutorials (13)
[2014.06.09-04.30.05:191][658]LogModuleManager: Shutting down and abandoning module EpicSurvey (12)
[2014.06.09-04.30.05:191][658]LogModuleManager: Shutting down and abandoning module VisualStudioSourceCodeAccess (10)
[2014.06.09-04.30.05:191][658]LogModuleManager: Shutting down and abandoning module UObjectPlugin (9)
[2014.06.09-04.30.05:191][658]LogModuleManager: Shutting down and abandoning module SubversionSourceControl (8)
[2014.06.09-04.30.05:191][658]LogModuleManager: Shutting down and abandoning module PerforceSourceControl (7)
[2014.06.09-04.30.05:191][658]LogModuleManager: Shutting down and abandoning module BlankPlugin (6)
[2014.06.09-04.30.05:191][658]LogModuleManager: Shutting down and abandoning module CoreUObject (5)
[2014.06.09-04.30.05:191][658]LogModuleManager: Shutting down and abandoning module NetworkFile (4)
[2014.06.09-04.30.05:191][658]LogModuleManager: Shutting down and abandoning module StreamingFile (3)
[2014.06.09-04.30.05:191][658]LogModuleManager: Shutting down and abandoning module SandboxFile (2)
[2014.06.09-04.30.05:191][658]LogModuleManager: Shutting down and abandoning module PakFile (1)
[2014.06.09-04.30.05:191][658]LogExit: Exiting.
[2014.06.09-04.30.05:205][658]Log file closed, 06/09/14 14:30:05
