Log file open, 06/06/14 19:47:50
LogInit:Display: Running engine for game: DigitalJamSession
LogInit: Version: 4.2.0-2092659+++depot+UE4-Releases+4.2
LogInit: Compiled (64-bit): Jun  3 2014 00:56:21
LogInit: Build Configuration: Development
LogInit: Branch Name: ++depot+UE4-Releases+4.2
LogInit: Command line: 
LogInit: Base directory: C:/Program Files/Unreal Engine/4.2/Engine/Binaries/Win64/
LogInit: Rocket: 1
[2014.06.06-09.47.50:093][  0]LogTaskGraph: Started task graph with 3 named threads and 8 total threads.
[2014.06.06-09.47.50:174][  0]LogOnline:Warning: No default platform service specified for OnlineSubsystem
[2014.06.06-09.47.50:195][  0]LogInit: Presizing for 0 objects not considered by GC, pre-allocating 0 bytes.
[2014.06.06-09.47.50:206][  0]LogInit: Object subsystem initialized
[2014.06.06-09.47.50:208][  0]LogInit: Selected Device Profile: [Windows]
[2014.06.06-09.47.50:208][  0]LogInit: Applying CVar settings loaded from the selected device profile: [Windows]
[2014.06.06-09.47.50:240][  0]LogInit: Computer: TAKAMATSU-PC
[2014.06.06-09.47.50:240][  0]LogInit: User: takamatsu
[2014.06.06-09.47.50:241][  0]LogInit: CPU Page size=4096, Cores=8
[2014.06.06-09.47.50:241][  0]LogInit: High frequency timer resolution =3.527597 MHz
[2014.06.06-09.47.50:241][  0]LogMemory: Memory total: Physical=31.9GB (32GB approx) Virtual=8192.0GB
[2014.06.06-09.47.50:241][  0]LogMemory: Platform Memory Stats for Windows
[2014.06.06-09.47.50:241][  0]LogMemory: Process Physical Memory: 55.18 MB used, 55.18 MB peak
[2014.06.06-09.47.50:241][  0]LogMemory: Process Virtual Memory: 31.84 MB used, 31.94 MB peak
[2014.06.06-09.47.50:241][  0]LogMemory: Physical Memory: 4299.11 MB used, 32695.07 MB total
[2014.06.06-09.47.50:241][  0]LogMemory: Virtual Memory: 237.16 MB used, 8388608.00 MB total
[2014.06.06-09.47.50:313][  0]LogD3D11RHI: Found D3D11 adapter 0: ASUS HD7970 Series (Feature Level 11_0)
[2014.06.06-09.47.50:313][  0]LogD3D11RHI: Adapter has 3023MB of dedicated video memory, 0MB of dedicated system memory, and 16091MB of shared system memory, 2 output[s]
[2014.06.06-09.47.50:313][  0]LogD3D11RHI: Chosen D3D11 Adapter Id = 0
[2014.06.06-09.47.50:323][  0]LogRHI: Texture pool is 1361 MB (70% of 1945 MB)
[2014.06.06-09.47.50:354][  0]LogD3D11RHI: Async texture creation disabled: no driver support
[2014.06.06-09.47.50:477][  0]LogContentStreaming: Texture pool size is 0.000000MB
[2014.06.06-09.47.51:624][  0]LogTargetPlatformManager:Display: Building Assets For Windows
[2014.06.06-09.47.51:844][  0]LogTargetPlatformManager:Display: Building Assets For Windows
[2014.06.06-09.47.51:913][  0]LogDerivedDataCache:Display: Max Cache Size: 512 MB
[2014.06.06-09.47.51:975][  0]LogDerivedDataCache: Loaded boot cache 0.06s 39MB C:/Users/takamatsu/AppData/Local/UnrealEngine/4.2/DerivedDataCache/Boot.ddc.
[2014.06.06-09.47.51:975][  0]LogDerivedDataCache:Display: Loaded Boot cache: C:/Users/takamatsu/AppData/Local/UnrealEngine/4.2/DerivedDataCache/Boot.ddc
[2014.06.06-09.47.51:976][  0]LogDerivedDataCache: FDerivedDataBackendGraph:  Pak pak cache file ../../../../../../Users/takamatsu/Documents/Unreal Projects/DigitalJamSession/DerivedDataCache/DDC.ddp not found, will not use a pak cache.
[2014.06.06-09.47.51:976][  0]LogDerivedDataCache: Unable to find inner node Pak for hierarchical cache Hierarchy.
[2014.06.06-09.47.51:986][  0]LogDerivedDataCache:Display: Pak cache opened for reading ../../../Engine/DerivedDataCache/DDC.ddp.
[2014.06.06-09.47.51:998][  0]LogDerivedDataCache: Using Local data cache path C:/Users/takamatsu/AppData/Local/UnrealEngine/4.2/DerivedDataCache: Writable
[2014.06.06-09.47.52:284][  0]LogMeshUtilities: No automatic mesh reduction module available
[2014.06.06-09.47.52:284][  0]LogMeshUtilities: No automatic mesh merging module available
[2014.06.06-09.47.52:764][  0]LogInit: WinSock: version 1.1 (2.2), MaxSocks=32767, MaxUdp=65467
[2014.06.06-09.47.53:300][  0]LogStreaming:Warning: Failed to read file '../../../Engine/Content/Editor/Slate/Icons/ActorIcons/GroupActor_16x.png' error.
[2014.06.06-09.47.53:300][  0]LogSlate: Could not find file for Slate resource: ../../../Engine/Content/Editor/Slate/Icons/ActorIcons/GroupActor_16x.png
[2014.06.06-09.47.53:306][  0]LogStreaming:Warning: Failed to read file '../../../Engine/Content/Editor/Slate/Icons/ActorIcons/DecalActor_16x.png' error.
[2014.06.06-09.47.53:306][  0]LogSlate: Could not find file for Slate resource: ../../../Engine/Content/Editor/Slate/Icons/ActorIcons/DecalActor_16x.png
[2014.06.06-09.47.53:638][  0]UdpMessaging: Initializing bridge on interface 0.0.0.0:0 to multicast group 230.0.0.1:6666.
[2014.06.06-09.47.53:750][  0]SourceControl: Info Source control is disabled
[2014.06.06-09.47.53:750][  0]SourceControl: Info Source control is disabled
[2014.06.06-09.47.53:764][  0]SourceControl: Info Source control is disabled
[2014.06.06-09.47.53:897][  0]BlueprintLog: New page: Editor Load
[2014.06.06-09.47.53:962][  0]LogObj: 19136 objects as part of root set at end of initial load.
[2014.06.06-09.47.53:962][  0]LogUObjectAllocator: 3804648 out of 0 bytes used by permanent object pool.
[2014.06.06-09.47.54:404][  0]LogEngine: Initializing Engine...
[2014.06.06-09.47.54:562][  0]LogInit: XAudio2 using 'Speakers (2- SB Recon3D PCIe)' : 6 channels at 48 kHz using 32 bits per sample (channel mask 0x3f)
[2014.06.06-09.47.54:609][  0]LogInit: FAudioDevice initialized.
[2014.06.06-09.47.54:645][  0]LogDerivedDataCache: Saved boot cache 0.03s 39MB C:/Users/takamatsu/AppData/Local/UnrealEngine/4.2/DerivedDataCache/Boot.ddc.
[2014.06.06-09.47.54:653][  0]LogInit: Texture streaming: Enabled
[2014.06.06-09.47.54:710][  0]LogInit: Transaction tracking system initialized
[2014.06.06-09.47.54:921][  0]LogAssetRegistry: FAssetRegistry took 0.0098 seconds to start up
[2014.06.06-09.47.55:291][  0]LogModuleManager:Warning: ModuleManager: Unable to load module '' because the file was not found.
[2014.06.06-09.47.55:306][  0]LogModuleManager:Warning: ModuleManager: Unable to load module '' because the file was not found.
[2014.06.06-09.47.55:417][  0]LogConsoleResponse:Display: 
[2014.06.06-09.47.55:773][  0]SourceControl: Info Source control is disabled
[2014.06.06-09.47.55:773][  0]Cmd: MAP LOAD FILE="../../../../../../Users/takamatsu/Documents/Unreal Projects/DigitalJamSession/Content/Jam.umap" TEMPLATE=0 SHOWPROGRESS=1 WORLDCOMPOSITION=0
[2014.06.06-09.47.55:792][  0]LightingResults: New page: Lighting Build
[2014.06.06-09.47.55:808][  0]MapCheck: New page: Map Check
[2014.06.06-09.47.55:808][  0]LightingResults: New page: Lighting Build
[2014.06.06-09.47.55:816][  0]LogParticles: Destroying 0 GPU particle simulations for FXSystem 0x0000000013D22F20
[2014.06.06-09.47.56:079][  0]LogEditorServer: Finished looking for orphan Actors (0.000 secs)
[2014.06.06-09.47.56:080][  0]Cmd: MAP CHECKDEP
[2014.06.06-09.47.56:080][  0]MapCheck: New page: Jam - 07/06/2014 5:47:56 am
[2014.06.06-09.47.56:162][  0]MapCheck: Info ========== Map Check: 0 Error(s), 0 Warning(s), [82.28ms] ==========
[2014.06.06-09.47.56:162][  0]LogFileHelpers: Loading map 'Jam' took 0.389
[2014.06.06-09.47.56:468][  0]LogCollectionManager: Loaded 0 collections in 0.001746 seconds
[2014.06.06-09.47.57:178][  0]LogCrashTracker: Crashtracker disabled due to settings.
[2014.06.06-09.47.57:295][  0]Cmd: MODE PLACEMENT
[2014.06.06-09.47.57:639][  0]LogLoad: Full Startup: 9.10 seconds (BP compile: 0.07 seconds)
[2014.06.06-09.47.57:652][  0]LogContentBrowser:Verbose: The content browser source was changed by the sources view to '/Game/Assets/Character'
[2014.06.06-09.47.57:920][  0]LogRenderer:Warning: Reallocating scene render targets to support 1136x936.
[2014.06.06-09.47.58:261][  1]LogEpicStorage:Warning: EnumerateFiles request failed. Invalid response. code=403 error=<?xml version="1.0" encoding="UTF-8"?>
<Error><Code>AccessDenied</Code><Message>Access Denied</Message><RequestId>26CC5D6BB5581CFF</RequestId><HostId>5Nj0v460t4dhMN+yPhurB0Zov22C8eSCSYovAIchIYg6tXYmpDbfa9Wkv8dcluOd</HostId></Error>
[2014.06.06-09.47.58:272][  1]LogAssetRegistry: Asset discovery search completed in 3.3608 seconds
[2014.06.06-09.47.58:296][  2]LogEpicSurvey:Warning: EnumerateFiles request failed. Invalid response. code=403 error=<?xml version="1.0" encoding="UTF-8"?>
<Error><Code>AccessDenied</Code><Message>Access Denied</Message><RequestId>36F2134EAC1E414D</RequestId><HostId>Zq3Xo8Q6Z4vK048oyHA4pe2SxGcIxq6M8D8OkFiQWCbx6opmoIv7JvGy18CBv+ep</HostId></Error>
[2014.06.06-09.47.58:312][  3]LogEpicStorage:Warning: EnumerateFiles request failed. Invalid response. code=403 error=<?xml version="1.0" encoding="UTF-8"?>
<Error><Code>AccessDenied</Code><Message>Access Denied</Message><RequestId>6E3EE94CE5EE191D</RequestId><HostId>mx5RIoQRnT5ulJs0IGPzS3Kzfb6MiYMJemAKN/Hx/xTp4kHWmTsFTChjddroE5Lj</HostId></Error>
[2014.06.06-09.47.58:363][  7]LogEpicSurvey:Warning: EnumerateFiles request failed. Invalid response. code=403 error=<?xml version="1.0" encoding="UTF-8"?>
<Error><Code>AccessDenied</Code><Message>Access Denied</Message><RequestId>8D5EBFD1D97AEE6C</RequestId><HostId>G0QtntsLn7exp/t9a8MT+RRQlU6Q7ROppdMp/GEVP+9SnzWcJyrpW3k46PoEe0vn</HostId></Error>
[2014.06.06-09.47.58:468][  9]LogEpicSurvey:Warning: EnumerateFiles request failed. Invalid response. code=403 error=<?xml version="1.0" encoding="UTF-8"?>
<Error><Code>AccessDenied</Code><Message>Access Denied</Message><RequestId>E2727054D8CD7995</RequestId><HostId>9ggnPpcI7nUDU3AdABUb5i/cXeLeWCWJ6iDiRiHBIp7f/YuxX6Og8m8wywpkZpo3</HostId></Error>
[2014.06.06-09.47.58:792][ 12]LogEpicStorage:Warning: ReadFile request failed. File request already pending for filename=http://cdn.unrealengine.com/newsfeed/blueprint_icon_b.png
[2014.06.06-09.48.02:959][358]LogPlayLevel: PIE:  No blueprints needed recompiling
[2014.06.06-09.48.02:959][358]PIE: New page: PIE session: Jam (07/06/2014 5:48:02 am)
[2014.06.06-09.48.02:961][358]LogPlayLevel: PIE: StaticDuplicateObject took: (0.002201s)
[2014.06.06-09.48.02:962][358]LogPlayLevel: PIE: World Init took: (0.000633s)
[2014.06.06-09.48.02:962][358]LogPlayLevel: PIE: Created PIE world by copying editor world from /Game/Jam.Jam to /Game/UEDPIE_0_Jam.Jam (0.003004s)
[2014.06.06-09.48.03:790][358]LogWorld: Game class is 'JamGameMode_C'
[2014.06.06-09.48.03:950][358]LogWorld: Bringing World /Game/UEDPIE_0_Jam.Jam up for play (max tick rate 0) at 2014.06.06-19.48.03
[2014.06.06-09.48.03:998][358]LogWorld: Bringing up level for play took: 0.049097
[2014.06.06-09.48.04:086][358]LogPlayerController: Spawned spectator SpectatorPawn_0 [server:1]
[2014.06.06-09.48.04:086][358]LogGameMode: RestartPlayer 256
[2014.06.06-09.48.04:097][358]LogPlayerController: ClientRestart_Implementation CharacterBP_C_0
[2014.06.06-09.48.04:097][358]LogPlayerController: ServerAcknowledgePossession_Implementation CharacterBP_C_0
[2014.06.06-09.48.04:101][358]PIE: Info Play in editor start time for /Game/UEDPIE_0_Jam 0.946
[2014.06.06-09.48.04:285][359]LogRenderer:Warning: Reallocating scene render targets to support 1136x944.
[2014.06.06-09.48.07:597][731]LogBlueprintUserMessages: Un-named character can walk through walls...
[2014.06.06-09.48.08:323][812]LogBlueprintUserMessages: Un-named character  has stopped walking through walls
[2014.06.06-09.48.19:327][ 60]LogBlueprintUserMessages: Un-named character can now fly !
[2014.06.06-09.48.30:962][369]LogBlueprintUserMessages: Un-named character  has stopped flying!
[2014.06.06-09.48.42:699][672]LogActorComponent: UnregisterComponent: (/Engine/Transient.CharacterMovementComponent_0) Not registered. Aborting.
[2014.06.06-09.48.42:719][672]LogParticles: Destroying 0 GPU particle simulations for FXSystem 0x000000000C53EA20
[2014.06.06-09.49.33:551][ 23]LogActorComponent: UnregisterComponent: (/Engine/Transient.StaticMeshComponent_0) Not registered. Aborting.
[2014.06.06-09.49.33:720][ 23]LogTexture:Display: Building textures: Texture2D_2 (G8)
[2014.06.06-09.49.34:634][ 97]Cmd: UpdateLandscapeHoleCollision
[2014.06.06-09.49.56:532][ 24]LogActorComponent: UnregisterComponent: (/Engine/Transient.CharacterMovementComponent_1) Not registered. Aborting.
[2014.06.06-09.49.59:219][ 25]Cmd: QUIT_EDITOR
[2014.06.06-09.49.59:339][ 25]LogWindowsTextInputMethodSystem:Error: Terminating failed while unadvising the language notification sink from the TSF source.
[2014.06.06-09.49.59:340][ 25]LogExit: Preparing to exit.
[2014.06.06-09.49.59:712][ 25]LogExit: Editor shut down
[2014.06.06-09.49.59:712][ 25]LogExit: Transaction tracking system shut down
[2014.06.06-09.49.59:713][ 25]LogParticles: Destroying 0 GPU particle simulations for FXSystem 0x000000001034F740
[2014.06.06-09.49.59:713][ 25]LogParticles: Destroying 0 GPU particle simulations for FXSystem 0x000000000C53DD00
[2014.06.06-09.49.59:743][ 25]LogParticles: Destroying 0 GPU particle simulations for FXSystem 0x000000000E62BD80
[2014.06.06-09.49.59:743][ 25]LogParticles: Destroying 0 GPU particle simulations for FXSystem 0x000000000E62B600
[2014.06.06-09.49.59:743][ 25]LogParticles: Destroying 0 GPU particle simulations for FXSystem 0x000000000E62B6A0
[2014.06.06-09.49.59:743][ 25]LogExit: Object subsystem successfully closed.
[2014.06.06-09.49.59:800][ 25]LogModuleManager: Shutting down and abandoning module AndroidDeviceDetection (163)
[2014.06.06-09.49.59:800][ 25]LogModuleManager: Shutting down and abandoning module CrashTracker (162)
[2014.06.06-09.49.59:800][ 25]LogModuleManager: Shutting down and abandoning module HTTP (161)
[2014.06.06-09.49.59:800][ 25]LogModuleManager: Shutting down and abandoning module NewsFeed (160)
[2014.06.06-09.49.59:800][ 25]LogModuleManager: Shutting down and abandoning module SceneOutliner (159)
[2014.06.06-09.49.59:800][ 25]LogModuleManager: Shutting down and abandoning module EditorWidgets (158)
[2014.06.06-09.49.59:800][ 25]LogModuleManager: Shutting down and abandoning module CollectionManager (157)
[2014.06.06-09.49.59:820][ 25]LogModuleManager: Shutting down and abandoning module StatsViewer (156)
[2014.06.06-09.49.59:820][ 25]LogModuleManager: Shutting down and abandoning module FoliageEdit (155)
[2014.06.06-09.49.59:820][ 25]LogModuleManager: Shutting down and abandoning module LandscapeEditor (154)
[2014.06.06-09.49.59:825][ 25]LogModuleManager: Shutting down and abandoning module MeshPaint (153)
[2014.06.06-09.49.59:825][ 25]LogModuleManager: Shutting down and abandoning module ActorPickerMode (152)
[2014.06.06-09.49.59:825][ 25]LogModuleManager: Shutting down and abandoning module GeometryMode (151)
[2014.06.06-09.49.59:825][ 25]LogModuleManager: Shutting down and abandoning module TextureAlignMode (150)
[2014.06.06-09.49.59:825][ 25]LogModuleManager: Shutting down and abandoning module BspMode (149)
[2014.06.06-09.49.59:825][ 25]LogModuleManager: Shutting down and abandoning module PlacementMode (148)
[2014.06.06-09.49.59:826][ 25]LogModuleManager: Shutting down and abandoning module AutomationWorker (147)
[2014.06.06-09.49.59:826][ 25]LogModuleManager: Shutting down and abandoning module ViewportSnapping (146)
[2014.06.06-09.49.59:826][ 25]LogModuleManager: Shutting down and abandoning module DeviceProfileEditor (145)
[2014.06.06-09.49.59:826][ 25]LogModuleManager: Shutting down and abandoning module UndoHistory (144)
[2014.06.06-09.49.59:826][ 25]LogModuleManager: Shutting down and abandoning module GameplayTagsEditor (143)
[2014.06.06-09.49.59:826][ 25]LogModuleManager: Shutting down and abandoning module UserFeedback (142)
[2014.06.06-09.49.59:826][ 25]LogModuleManager: Shutting down and abandoning module XmlParser (141)
[2014.06.06-09.49.59:826][ 25]LogModuleManager: Shutting down and abandoning module Blutility (140)
[2014.06.06-09.49.59:826][ 25]LogModuleManager: Shutting down and abandoning module AndroidPlatformEditor (137)
[2014.06.06-09.49.59:826][ 25]LogModuleManager: Shutting down and abandoning module AndroidRuntimeSettings (136)
[2014.06.06-09.49.59:826][ 25]LogModuleManager: Shutting down and abandoning module ProjectSettingsViewer (135)
[2014.06.06-09.49.59:826][ 25]LogModuleManager: Shutting down and abandoning module InputBindingEditor (134)
[2014.06.06-09.49.59:826][ 25]LogModuleManager: Shutting down and abandoning module EditorSettingsViewer (133)
[2014.06.06-09.49.59:826][ 25]LogModuleManager: Shutting down and abandoning module SettingsEditor (132)
[2014.06.06-09.49.59:826][ 25]LogModuleManager: Shutting down and abandoning module SessionLauncher (131)
[2014.06.06-09.49.59:826][ 25]LogModuleManager: Shutting down and abandoning module SessionFrontend (130)
[2014.06.06-09.49.59:826][ 25]LogModuleManager: Shutting down and abandoning module ProfilerClient (129)
[2014.06.06-09.49.59:826][ 25]LogModuleManager: Shutting down and abandoning module TargetDeviceServices (128)
[2014.06.06-09.49.59:826][ 25]LogModuleManager: Shutting down and abandoning module DeviceManager (127)
[2014.06.06-09.49.59:826][ 25]LogModuleManager: Shutting down and abandoning module AutomationController (126)
[2014.06.06-09.49.59:826][ 25]LogModuleManager: Shutting down and abandoning module AutomationWindow (125)
[2014.06.06-09.49.59:826][ 25]LogModuleManager: Shutting down and abandoning module Layers (124)
[2014.06.06-09.49.59:826][ 25]LogModuleManager: Shutting down and abandoning module ComponentVisualizers (123)
[2014.06.06-09.49.59:826][ 25]LogModuleManager: Shutting down and abandoning module DetailCustomizations (122)
[2014.06.06-09.49.59:826][ 25]LogModuleManager: Shutting down and abandoning module PackagesDialog (121)
[2014.06.06-09.49.59:826][ 25]LogModuleManager: Shutting down and abandoning module PropertyEditor (120)
[2014.06.06-09.49.59:826][ 25]LogModuleManager: Shutting down and abandoning module DirectoryWatcher (119)
[2014.06.06-09.49.59:827][ 25]LogModuleManager: Shutting down and abandoning module AssetRegistry (118)
[2014.06.06-09.49.59:896][ 25]LogModuleManager: Shutting down and abandoning module Persona (117)
[2014.06.06-09.49.59:896][ 25]LogModuleManager: Shutting down and abandoning module GraphEditor (116)
[2014.06.06-09.49.59:896][ 25]LogModuleManager: Shutting down and abandoning module ContentBrowser (115)
[2014.06.06-09.49.59:896][ 25]LogModuleManager: Shutting down and abandoning module ClassViewer (114)
[2014.06.06-09.49.59:896][ 25]LogModuleManager: Shutting down and abandoning module Toolbox (113)
[2014.06.06-09.49.59:896][ 25]LogModuleManager: Shutting down and abandoning module ModuleUI (112)
[2014.06.06-09.49.59:896][ 25]LogModuleManager: Shutting down and abandoning module Sequencer (111)
[2014.06.06-09.49.59:896][ 25]LogModuleManager: Shutting down and abandoning module AssetTools (110)
[2014.06.06-09.49.59:896][ 25]LogModuleManager: Shutting down and abandoning module MovieSceneTools (109)
[2014.06.06-09.49.59:896][ 25]LogModuleManager: Shutting down and abandoning module OutputLog (108)
[2014.06.06-09.49.59:896][ 25]LogModuleManager: Shutting down and abandoning module GammaUI (107)
[2014.06.06-09.49.59:896][ 25]LogModuleManager: Shutting down and abandoning module Documentation (106)
[2014.06.06-09.49.59:896][ 25]LogModuleManager: Shutting down and abandoning module StreamingPauseRendering (105)
[2014.06.06-09.49.59:896][ 25]LogModuleManager: Shutting down and abandoning module AnalyticsET (104)
[2014.06.06-09.49.59:896][ 25]LogModuleManager: Shutting down and abandoning module Analytics (103)
[2014.06.06-09.49.59:896][ 25]LogModuleManager: Shutting down and abandoning module ProfilerService (102)
[2014.06.06-09.50.00:002][ 25]LogModuleManager: Shutting down and abandoning module TaskGraph (101)
[2014.06.06-09.50.00:002][ 25]LogModuleManager: Shutting down and abandoning module GameProjectGeneration (100)
[2014.06.06-09.50.00:002][ 25]LogModuleManager: Shutting down and abandoning module Matinee (99)
[2014.06.06-09.50.00:002][ 25]LogModuleManager: Shutting down and abandoning module Kismet (98)
[2014.06.06-09.50.00:002][ 25]LogModuleManager: Shutting down and abandoning module SlateReflector (97)
[2014.06.06-09.50.00:002][ 25]LogModuleManager: Shutting down and abandoning module LevelEditor (96)
[2014.06.06-09.50.00:003][ 25]LogModuleManager: Shutting down and abandoning module MainFrame (95)
[2014.06.06-09.50.00:003][ 25]LogModuleManager: Shutting down and abandoning module SourceControl (94)
[2014.06.06-09.50.00:003][ 25]LogModuleManager: Shutting down and abandoning module ImageWrapper (93)
[2014.06.06-09.50.00:003][ 25]LogModuleManager: Shutting down and abandoning module OnlineBlueprintSupport (92)
[2014.06.06-09.50.00:003][ 25]LogModuleManager: Shutting down and abandoning module FunctionalTesting (91)
[2014.06.06-09.50.00:003][ 25]LogModuleManager: Shutting down and abandoning module CollisionAnalyzer (90)
[2014.06.06-09.50.00:003][ 25]LogModuleManager: Shutting down and abandoning module WorkspaceMenuStructure (89)
[2014.06.06-09.50.00:003][ 25]LogModuleManager: Shutting down and abandoning module MessageLog (88)
[2014.06.06-09.50.00:003][ 25]LogModuleManager: Shutting down and abandoning module Slate (87)
[2014.06.06-09.50.00:003][ 25]LogModuleManager: Shutting down and abandoning module EditorStyle (86)
[2014.06.06-09.50.00:005][ 25]LogModuleManager: Shutting down and abandoning module SessionServices (85)
[2014.06.06-09.50.00:005][ 25]LogModuleManager: Shutting down and abandoning module Messaging (84)
[2014.06.06-09.50.00:005][ 25]LogModuleManager: Shutting down and abandoning module SourceCodeAccess (83)
[2014.06.06-09.50.00:005][ 25]LogModuleManager: Shutting down and abandoning module HeadMountedDisplay (82)
[2014.06.06-09.50.00:005][ 25]LogModuleManager: Shutting down and abandoning module XAudio2 (81)
[2014.06.06-09.50.00:005][ 25]LogModuleManager: Shutting down and abandoning module Networking (79)
[2014.06.06-09.50.00:005][ 25]LogModuleManager: Shutting down and abandoning module Core (78)
[2014.06.06-09.50.00:005][ 25]LogModuleManager: Shutting down and abandoning module KismetCompiler (77)
[2014.06.06-09.50.00:005][ 25]LogModuleManager: Shutting down and abandoning module PhysXFormats (76)
[2014.06.06-09.50.00:005][ 25]LogModuleManager: Shutting down and abandoning module SimplygonMeshReduction (75)
[2014.06.06-09.50.00:005][ 25]LogModuleManager: Shutting down and abandoning module MeshUtilities (74)
[2014.06.06-09.50.00:005][ 25]LogModuleManager: Shutting down and abandoning module DerivedDataCache (73)
[2014.06.06-09.50.00:011][ 25]LogDerivedDataCache: Shutdown
[2014.06.06-09.50.00:011][ 25]LogModuleManager: Shutting down and abandoning module ShaderFormatOpenGL (72)
[2014.06.06-09.50.00:011][ 25]LogModuleManager: Shutting down and abandoning module ShaderFormatD3D (71)
[2014.06.06-09.50.00:011][ 25]LogModuleManager: Shutting down and abandoning module TextureFormatUncompressed (70)
[2014.06.06-09.50.00:011][ 25]LogModuleManager: Shutting down and abandoning module TextureFormatPVR (69)
[2014.06.06-09.50.00:011][ 25]LogModuleManager: Shutting down and abandoning module TextureFormatDXT (68)
[2014.06.06-09.50.00:011][ 25]LogModuleManager: Shutting down and abandoning module TextureFormatAndroid (67)
[2014.06.06-09.50.00:011][ 25]LogModuleManager: Shutting down and abandoning module AudioFormatOpus (66)
[2014.06.06-09.50.00:011][ 25]LogModuleManager: Shutting down and abandoning module AudioFormatOgg (65)
[2014.06.06-09.50.00:011][ 25]LogModuleManager: Shutting down and abandoning module AudioFormatADPCM (64)
[2014.06.06-09.50.00:011][ 25]LogModuleManager: Shutting down and abandoning module Android_PVRTCTargetPlatform (63)
[2014.06.06-09.50.00:011][ 25]LogModuleManager: Shutting down and abandoning module Android_ETC2TargetPlatform (62)
[2014.06.06-09.50.00:011][ 25]LogModuleManager: Shutting down and abandoning module Android_ETC1TargetPlatform (61)
[2014.06.06-09.50.00:011][ 25]LogModuleManager: Shutting down and abandoning module Android_DXTTargetPlatform (60)
[2014.06.06-09.50.00:011][ 25]LogModuleManager: Shutting down and abandoning module Android_ATCTargetPlatform (59)
[2014.06.06-09.50.00:011][ 25]LogModuleManager: Shutting down and abandoning module AndroidTargetPlatform (58)
[2014.06.06-09.50.00:011][ 25]LogModuleManager: Shutting down and abandoning module WindowsTargetPlatform (57)
[2014.06.06-09.50.00:011][ 25]LogModuleManager: Shutting down and abandoning module WindowsServerTargetPlatform (56)
[2014.06.06-09.50.00:011][ 25]LogModuleManager: Shutting down and abandoning module WindowsNoEditorTargetPlatform (55)
[2014.06.06-09.50.00:011][ 25]LogModuleManager: Shutting down and abandoning module WindowsClientTargetPlatform (54)
[2014.06.06-09.50.00:011][ 25]LogModuleManager: Shutting down and abandoning module TargetPlatform (53)
[2014.06.06-09.50.00:011][ 25]LogModuleManager: Shutting down and abandoning module InputCore (52)
[2014.06.06-09.50.00:011][ 25]LogModuleManager: Shutting down and abandoning module Settings (51)
[2014.06.06-09.50.00:011][ 25]LogModuleManager: Shutting down and abandoning module TextureCompressor (48)
[2014.06.06-09.50.00:011][ 25]LogModuleManager: Shutting down and abandoning module ShaderCore (47)
[2014.06.06-09.50.00:011][ 25]LogModuleManager: Shutting down and abandoning module OpenGLDrv (46)
[2014.06.06-09.50.00:011][ 25]LogModuleManager: Shutting down and abandoning module D3D11RHI (45)
[2014.06.06-09.50.00:011][ 25]LogModuleManager: Shutting down and abandoning module SlateRHIRenderer (44)
[2014.06.06-09.50.00:011][ 25]LogModuleManager: Shutting down and abandoning module Renderer (43)
[2014.06.06-09.50.00:011][ 25]LogModuleManager: Shutting down and abandoning module Engine (42)
[2014.06.06-09.50.00:011][ 25]LogModuleManager: Shutting down and abandoning module SlateRemote (41)
[2014.06.06-09.50.00:011][ 25]LogModuleManager: Shutting down and abandoning module ScriptPlugin (40)
[2014.06.06-09.50.00:011][ 25]LogModuleManager: Shutting down and abandoning module ScriptEditorPlugin (38)
[2014.06.06-09.50.00:011][ 25]LogModuleManager: Shutting down and abandoning module WindowsMoviePlayer (37)
[2014.06.06-09.50.00:013][ 25]LogModuleManager: Shutting down and abandoning module ExampleDeviceProfileSelector (32)
[2014.06.06-09.50.00:013][ 25]LogModuleManager: Shutting down and abandoning module CustomMeshComponent (31)
[2014.06.06-09.50.00:014][ 25]LogModuleManager: Shutting down and abandoning module CableComponent (30)
[2014.06.06-09.50.00:014][ 25]LogModuleManager: Shutting down and abandoning module OculusRift (26)
[2014.06.06-09.50.00:014][ 25]LogModuleManager: Shutting down and abandoning module UdpMessaging (25)
[2014.06.06-09.50.00:114][ 25]LogModuleManager: Shutting down and abandoning module MessagingDebugger (24)
[2014.06.06-09.50.00:114][ 25]LogModuleManager: Shutting down and abandoning module PluginsEditor (14)
[2014.06.06-09.50.00:114][ 25]LogModuleManager: Shutting down and abandoning module IntroTutorials (13)
[2014.06.06-09.50.00:114][ 25]LogModuleManager: Shutting down and abandoning module EpicSurvey (12)
[2014.06.06-09.50.00:129][ 25]LogModuleManager: Shutting down and abandoning module VisualStudioSourceCodeAccess (10)
[2014.06.06-09.50.00:129][ 25]LogModuleManager: Shutting down and abandoning module UObjectPlugin (9)
[2014.06.06-09.50.00:129][ 25]LogModuleManager: Shutting down and abandoning module SubversionSourceControl (8)
[2014.06.06-09.50.00:129][ 25]LogModuleManager: Shutting down and abandoning module PerforceSourceControl (7)
[2014.06.06-09.50.00:129][ 25]LogModuleManager: Shutting down and abandoning module BlankPlugin (6)
[2014.06.06-09.50.00:129][ 25]LogModuleManager: Shutting down and abandoning module CoreUObject (5)
[2014.06.06-09.50.00:129][ 25]LogModuleManager: Shutting down and abandoning module NetworkFile (4)
[2014.06.06-09.50.00:129][ 25]LogModuleManager: Shutting down and abandoning module StreamingFile (3)
[2014.06.06-09.50.00:129][ 25]LogModuleManager: Shutting down and abandoning module SandboxFile (2)
[2014.06.06-09.50.00:129][ 25]LogModuleManager: Shutting down and abandoning module PakFile (1)
[2014.06.06-09.50.00:129][ 25]LogExit: Exiting.
[2014.06.06-09.50.00:132][ 25]Log file closed, 06/06/14 19:50:00
