Log file open, 07/02/14 21:37:56
LogInit:Display: Running engine for game: DigitalJamSession
LogInit: Version: 4.2.0-2092659+++depot+UE4-Releases+4.2
LogInit: Compiled (64-bit): Jun  3 2014 00:56:21
LogInit: Build Configuration: Development
LogInit: Branch Name: ++depot+UE4-Releases+4.2
LogInit: Command line:  
LogInit: Base directory: C:/Program Files/Unreal Engine/4.2/Engine/Binaries/Win64/
LogInit: Rocket: 1
[2014.07.02-11.37.56:349][  0]LogTaskGraph: Started task graph with 3 named threads and 8 total threads.
[2014.07.02-11.37.56:425][  0]LogOnline:Warning: No default platform service specified for OnlineSubsystem
[2014.07.02-11.37.56:443][  0]LogInit: Presizing for 0 objects not considered by GC, pre-allocating 0 bytes.
[2014.07.02-11.37.56:452][  0]LogInit: Object subsystem initialized
[2014.07.02-11.37.56:455][  0]LogInit: Selected Device Profile: [Windows]
[2014.07.02-11.37.56:455][  0]LogInit: Applying CVar settings loaded from the selected device profile: [Windows]
[2014.07.02-11.37.56:471][  0]LogInit: Computer: TAKAMATSU-PC
[2014.07.02-11.37.56:471][  0]LogInit: User: takamatsu
[2014.07.02-11.37.56:472][  0]LogInit: CPU Page size=4096, Cores=8
[2014.07.02-11.37.56:472][  0]LogInit: High frequency timer resolution =3.527529 MHz
[2014.07.02-11.37.56:472][  0]LogMemory: Memory total: Physical=31.9GB (32GB approx) Virtual=8192.0GB
[2014.07.02-11.37.56:472][  0]LogMemory: Platform Memory Stats for Windows
[2014.07.02-11.37.56:472][  0]LogMemory: Process Physical Memory: 55.18 MB used, 55.18 MB peak
[2014.07.02-11.37.56:472][  0]LogMemory: Process Virtual Memory: 31.81 MB used, 31.92 MB peak
[2014.07.02-11.37.56:472][  0]LogMemory: Physical Memory: 4243.85 MB used, 32695.07 MB total
[2014.07.02-11.37.56:472][  0]LogMemory: Virtual Memory: 237.16 MB used, 8388608.00 MB total
[2014.07.02-11.37.56:526][  0]LogD3D11RHI: Found D3D11 adapter 0: ASUS HD7970 Series (Feature Level 11_0)
[2014.07.02-11.37.56:526][  0]LogD3D11RHI: Adapter has 3023MB of dedicated video memory, 0MB of dedicated system memory, and 16091MB of shared system memory, 1 output[s]
[2014.07.02-11.37.56:526][  0]LogD3D11RHI: Chosen D3D11 Adapter Id = 0
[2014.07.02-11.37.56:540][  0]LogRHI: Texture pool is 1361 MB (70% of 1945 MB)
[2014.07.02-11.37.56:570][  0]LogD3D11RHI: Async texture creation disabled: no driver support
[2014.07.02-11.37.56:701][  0]LogContentStreaming: Texture pool size is 0.000000MB
[2014.07.02-11.37.57:943][  0]LogTargetPlatformManager:Display: Building Assets For Windows
[2014.07.02-11.37.58:172][  0]LogTargetPlatformManager:Display: Building Assets For Windows
[2014.07.02-11.37.58:244][  0]LogDerivedDataCache:Display: Max Cache Size: 512 MB
[2014.07.02-11.37.58:321][  0]LogDerivedDataCache: Loaded boot cache 0.08s 43MB C:/Users/takamatsu/AppData/Local/UnrealEngine/4.2/DerivedDataCache/Boot.ddc.
[2014.07.02-11.37.58:321][  0]LogDerivedDataCache:Display: Loaded Boot cache: C:/Users/takamatsu/AppData/Local/UnrealEngine/4.2/DerivedDataCache/Boot.ddc
[2014.07.02-11.37.58:321][  0]LogDerivedDataCache: FDerivedDataBackendGraph:  Pak pak cache file ../../../../../../Users/takamatsu/Documents/Unreal Projects/DigitalJamSession/DerivedDataCache/DDC.ddp not found, will not use a pak cache.
[2014.07.02-11.37.58:321][  0]LogDerivedDataCache: Unable to find inner node Pak for hierarchical cache Hierarchy.
[2014.07.02-11.37.58:332][  0]LogDerivedDataCache:Display: Pak cache opened for reading ../../../Engine/DerivedDataCache/DDC.ddp.
[2014.07.02-11.37.58:344][  0]LogDerivedDataCache: Using Local data cache path C:/Users/takamatsu/AppData/Local/UnrealEngine/4.2/DerivedDataCache: Writable
[2014.07.02-11.37.58:641][  0]LogMeshUtilities: No automatic mesh reduction module available
[2014.07.02-11.37.58:641][  0]LogMeshUtilities: No automatic mesh merging module available
[2014.07.02-11.37.59:157][  0]LogInit: WinSock: version 1.1 (2.2), MaxSocks=32767, MaxUdp=65467
[2014.07.02-11.37.59:909][  0]LogStreaming:Warning: Failed to read file '../../../Engine/Content/Editor/Slate/Icons/ActorIcons/GroupActor_16x.png' error.
[2014.07.02-11.37.59:909][  0]LogSlate: Could not find file for Slate resource: ../../../Engine/Content/Editor/Slate/Icons/ActorIcons/GroupActor_16x.png
[2014.07.02-11.37.59:918][  0]LogStreaming:Warning: Failed to read file '../../../Engine/Content/Editor/Slate/Icons/ActorIcons/DecalActor_16x.png' error.
[2014.07.02-11.37.59:918][  0]LogSlate: Could not find file for Slate resource: ../../../Engine/Content/Editor/Slate/Icons/ActorIcons/DecalActor_16x.png
[2014.07.02-11.38.00:369][  0]UdpMessaging: Initializing bridge on interface 0.0.0.0:0 to multicast group 230.0.0.1:6666.
[2014.07.02-11.38.00:493][  0]SourceControl: Info Source control is disabled
[2014.07.02-11.38.00:493][  0]SourceControl: Info Source control is disabled
[2014.07.02-11.38.00:510][  0]SourceControl: Info Source control is disabled
[2014.07.02-11.38.00:656][  0]BlueprintLog: New page: Editor Load
[2014.07.02-11.38.00:724][  0]LogObj: 19136 objects as part of root set at end of initial load.
[2014.07.02-11.38.00:724][  0]LogUObjectAllocator: 3804656 out of 0 bytes used by permanent object pool.
[2014.07.02-11.38.01:201][  0]LogEngine: Initializing Engine...
[2014.07.02-11.38.01:365][  0]LogInit: XAudio2 using 'Speakers (SB Recon3D PCIe)' : 6 channels at 48 kHz using 32 bits per sample (channel mask 0x3f)
[2014.07.02-11.38.01:411][  0]LogInit: FAudioDevice initialized.
[2014.07.02-11.38.01:456][  0]LogDerivedDataCache: Saved boot cache 0.04s 43MB C:/Users/takamatsu/AppData/Local/UnrealEngine/4.2/DerivedDataCache/Boot.ddc.
[2014.07.02-11.38.01:467][  0]LogInit: Texture streaming: Enabled
[2014.07.02-11.38.01:526][  0]LogInit: Transaction tracking system initialized
[2014.07.02-11.38.01:742][  0]LogAssetRegistry: FAssetRegistry took 0.0103 seconds to start up
[2014.07.02-11.38.02:119][  0]LogModuleManager:Warning: ModuleManager: Unable to load module '' because the file was not found.
[2014.07.02-11.38.02:135][  0]LogModuleManager:Warning: ModuleManager: Unable to load module '' because the file was not found.
[2014.07.02-11.38.02:257][  0]LogConsoleResponse:Display: 
[2014.07.02-11.38.02:682][  0]SourceControl: Info Source control is disabled
[2014.07.02-11.38.02:682][  0]Cmd: MAP LOAD FILE="../../../../../../Users/takamatsu/Documents/Unreal Projects/DigitalJamSession/Content/Jam.umap" TEMPLATE=0 SHOWPROGRESS=1 WORLDCOMPOSITION=0
[2014.07.02-11.38.02:710][  0]LightingResults: New page: Lighting Build
[2014.07.02-11.38.02:725][  0]MapCheck: New page: Map Check
[2014.07.02-11.38.02:725][  0]LightingResults: New page: Lighting Build
[2014.07.02-11.38.02:734][  0]LogParticles: Destroying 0 GPU particle simulations for FXSystem 0x00000000174B6F20
[2014.07.02-11.38.04:105][  0]LogEditorServer: Finished looking for orphan Actors (0.000 secs)
[2014.07.02-11.38.04:106][  0]Cmd: MAP CHECKDEP
[2014.07.02-11.38.04:106][  0]MapCheck: New page: Jam - 03/07/2014 7:38:04 am
[2014.07.02-11.38.04:202][  0]MapCheck: Info ========== Map Check: 0 Error(s), 0 Warning(s), [95.913ms] ==========
[2014.07.02-11.38.04:202][  0]LogFileHelpers: Loading map 'Jam' took 1.520
[2014.07.02-11.38.04:382][  0]LogCollectionManager: Loaded 0 collections in 0.001137 seconds
[2014.07.02-11.38.04:580][  0]LogCrashTracker: Crashtracker disabled due to settings.
[2014.07.02-11.38.04:581][  0]Cmd: MODE PLACEMENT
[2014.07.02-11.38.04:624][  0]LogLoad: Full Startup: 9.91 seconds (BP compile: 0.07 seconds)
[2014.07.02-11.38.04:641][  0]LogContentBrowser:Verbose: The content browser source was changed by the sources view to '/Game/Assets'
[2014.07.02-11.38.04:717][  0]LogRenderer:Warning: Reallocating scene render targets to support 32x32.
[2014.07.02-11.38.04:871][  0]LogRenderer:Warning: Reallocating scene render targets to support 1040x896.
[2014.07.02-11.38.05:203][  1]LogEpicStorage:Warning: EnumerateFiles request failed. Invalid response. code=403 error=<?xml version="1.0" encoding="UTF-8"?>
<Error><Code>AccessDenied</Code><Message>Access Denied</Message><RequestId>45FD1C306A045F7B</RequestId><HostId>QeRxmSIPcPyylWhbPFXcblFBTDAYFLAnWHcT84TnlGjNaxF9oxyn/jKHD0sSWxr7</HostId></Error>
[2014.07.02-11.38.05:221][  1]LogAssetRegistry: Asset discovery search completed in 3.4895 seconds
[2014.07.02-11.38.05:263][  2]LogEpicSurvey:Warning: EnumerateFiles request failed. Invalid response. code=403 error=<?xml version="1.0" encoding="UTF-8"?>
<Error><Code>AccessDenied</Code><Message>Access Denied</Message><RequestId>F513918A4C8533DC</RequestId><HostId>il/5bfx2cDIHwzn9DwZmMwmXuz4UOzt5pexUoQHV+EczqQkOhPJIEwO65dpLVqgg</HostId></Error>
[2014.07.02-11.38.05:296][  3]LogEpicStorage:Warning: EnumerateFiles request failed. Invalid response. code=403 error=<?xml version="1.0" encoding="UTF-8"?>
<Error><Code>AccessDenied</Code><Message>Access Denied</Message><RequestId>2D9BB8B776E571BD</RequestId><HostId>Z808UaUWfErPeFc67UUKHHW+vzF2RTL+UazMp1jJbfz0++p7ejIEKorXc31xJApX</HostId></Error>
[2014.07.02-11.38.05:322][  4]LogEpicSurvey:Warning: EnumerateFiles request failed. Invalid response. code=403 error=<?xml version="1.0" encoding="UTF-8"?>
<Error><Code>AccessDenied</Code><Message>Access Denied</Message><RequestId>6CA4F41167141DD1</RequestId><HostId>BoQe4DjqRadNd3gtDqdFhdLK0xFIavsIHEHrYo09dO9yGMItH/h1cl6MHO8w6gX1</HostId></Error>
[2014.07.02-11.38.05:620][  6]LogEpicSurvey:Warning: EnumerateFiles request failed. Invalid response. code=403 error=<?xml version="1.0" encoding="UTF-8"?>
<Error><Code>AccessDenied</Code><Message>Access Denied</Message><RequestId>163CC489894885AB</RequestId><HostId>dkoZDAkbWrsNTwx/yMm9526HY1tKwRw0cmBSnJBj2cWc9kmEAw0SG9L9xWyoCMgI</HostId></Error>
[2014.07.02-11.38.06:176][  7]LogEpicStorage:Warning: ReadFile request failed. File request already pending for filename=http://cdn.unrealengine.com/newsfeed/blueprint_icon_b.png
[2014.07.02-11.38.06:239][  7]LogEpicStorage:Warning: ReadFile request failed. File request already pending for filename=http://cdn.unrealengine.com/newsfeed/blueprint_icon_b.png
[2014.07.02-11.38.27:270][899]LogContentBrowser:Verbose: The content browser source was changed by the sources view to '/Game/Assets/Character'
[2014.07.02-11.38.33:719][192]LogRenderer:Warning: Reallocating scene render targets to support 1616x896.
[2014.07.02-11.38.45:256][ 47]LogActorComponent: UnregisterComponent: (/Engine/Transient.CharacterMovementComponent_0) Not registered. Aborting.
[2014.07.02-11.38.57:316][659]LogActorComponent: UnregisterComponent: (/Engine/Transient.CharacterMovementComponent_1) Not registered. Aborting.
[2014.07.02-11.39.23:775][223]BlueprintLog: New page: Compile CharacterBP
[2014.07.02-11.39.24:378][223]BlueprintEditorCompileResults: Info [0089.12] Compile of CharacterBP successful! [in 48 ms]
[2014.07.02-11.39.25:686][247]LogSavePackage: Save=416.594727ms
[2014.07.02-11.39.25:686][247]LogSavePackage: Moving '../../../../../../Users/takamatsu/Documents/Unreal Projects/DigitalJamSession/Saved/CharacterBP65CA033E4B657C37F5179C8897FE6C96.tmp' to '../../../../../../Users/takamatsu/Documents/Unreal Projects/DigitalJamSession/Content/Assets/Character/CharacterBP.uasset'
[2014.07.02-11.39.36:311][177]LogPlayLevel: PIE:  No blueprints needed recompiling
[2014.07.02-11.39.36:312][177]PIE: New page: PIE session: Jam (03/07/2014 7:39:36 am)
[2014.07.02-11.39.36:331][177]LogPlayLevel: PIE: StaticDuplicateObject took: (0.019174s)
[2014.07.02-11.39.36:331][177]LogPlayLevel: PIE: World Init took: (0.000657s)
[2014.07.02-11.39.36:332][177]LogPlayLevel: PIE: Created PIE world by copying editor world from /Game/Jam.Jam to /Game/UEDPIE_1_Jam.Jam (0.020044s)
[2014.07.02-11.39.36:347][177]LogWorld: Game class is 'JamGameMode_C'
[2014.07.02-11.39.36:413][177]LogWorld: Bringing World /Game/UEDPIE_1_Jam.Jam up for play (max tick rate 0) at 2014.07.02-21.39.36
[2014.07.02-11.39.36:415][177]LogWorld: Bringing up level for play took: 0.003833
[2014.07.02-11.39.36:415][177]LogPlayerController: Spawned spectator SpectatorPawn_0 [server:1]
[2014.07.02-11.39.36:415][177]LogGameMode: RestartPlayer 256
[2014.07.02-11.39.36:417][177]LogPlayerController: ClientRestart_Implementation CharacterBP_C_12
[2014.07.02-11.39.36:417][177]LogPlayerController: ServerAcknowledgePossession_Implementation CharacterBP_C_12
[2014.07.02-11.39.36:425][177]PIE: Info Play in editor start time for /Game/UEDPIE_1_Jam -0.748
[2014.07.02-11.39.36:425][177]LogInit: WinSock: Socket queue 131072 / 131072
[2014.07.02-11.39.36:427][177]LogInit: WinSock: I am takamatsu-PC (10.0.0.1:0)
[2014.07.02-11.39.36:427][177]LogNet: GameNetDriver IpNetDriver_0 IpNetDriver listening on port 7777
[2014.07.02-11.39.36:427][177]PIE: New page: PIE session: Jam (03/07/2014 7:39:36 am)
[2014.07.02-11.39.36:428][177]LogWorld: Game class is 'GameMode'
[2014.07.02-11.39.36:476][177]LogWorld: Bringing World /Temp/Untitled_1.NewWorld up for play (max tick rate 0) at 2014.07.02-21.39.36
[2014.07.02-11.39.36:477][177]LogWorld: Bringing up level for play took: 0.000407
[2014.07.02-11.39.36:477][177]LogGameMode: Warning - PATHS NOT DEFINED or NO PLAYERSTART with positive rating
[2014.07.02-11.39.36:477][177]LogPlayerController: Spawned spectator SpectatorPawn_1 [server:1]
[2014.07.02-11.39.36:477][177]LogGameMode: RestartPlayer 257
[2014.07.02-11.39.36:477][177]LogPlayerController: ClientRestart_Implementation DefaultPawn_0
[2014.07.02-11.39.36:477][177]LogPlayerController: ServerAcknowledgePossession_Implementation DefaultPawn_0
[2014.07.02-11.39.36:483][177]PIE: Info Play in editor start time for /Game/Jam -0.689
[2014.07.02-11.39.36:483][177]LogNet: Browse: 127.0.0.1//Game/Jam
[2014.07.02-11.39.36:484][177]LogInit: WinSock: Socket queue 32768 / 32768
[2014.07.02-11.39.36:484][177]LogNet: Game client on port 7777, rate 10000
[2014.07.02-11.39.36:553][177]LogRenderer:Warning: Reallocating scene render targets to support 1616x904.
[2014.07.02-11.39.36:647][178]LogNet: NotifyAcceptingConnection: Server Jam accept
[2014.07.02-11.39.36:647][178]LogNet: Open Jam 07/02/14 21:39:36 127.0.0.1
[2014.07.02-11.39.36:647][178]LogNet: Added client connection.  Remote address = 127.0.0.1:52628
[2014.07.02-11.39.36:647][178]LogNet: NotifyAcceptingChannel Control 0 server World /Game/UEDPIE_1_Jam.Jam: Accepted
[2014.07.02-11.39.36:647][178]LogNet: Remote platform little endian=1
[2014.07.02-11.39.36:647][178]LogNet: This platform little endian=1
[2014.07.02-11.39.36:670][179]LogNet: Login request: /Game/Jam userId: Invalid
[2014.07.02-11.39.36:670][179]LogNet: Client netspeed is 10000
[2014.07.02-11.39.36:671][179]LogNet: Welcomed by server (Level: /Game/UEDPIE_1_Jam, Game: /Game/Assets/Character/JamGameMode.JamGameMode_C)
[2014.07.02-11.39.36:671][179]LogLoad: LoadMap: 127.0.0.1//Game/UEDPIE_1_Jam?game=/Game/Assets/Character/JamGameMode.JamGameMode_C
[2014.07.02-11.39.36:672][179]LogActorComponent: UnregisterComponent: (/Engine/Transient.CharacterMovementComponent_2) Not registered. Aborting.
[2014.07.02-11.39.36:687][179]LogParticles: Destroying 0 GPU particle simulations for FXSystem 0x0000000020A66020
[2014.07.02-11.39.36:687][179]LogParticles: Destroying 0 GPU particle simulations for FXSystem 0x0000000023642E80
[2014.07.02-11.39.36:691][179]Cmd: MEM
[2014.07.02-11.39.36:701][179]LogMemory: Platform Memory Stats for Windows
[2014.07.02-11.39.36:701][179]LogMemory: Process Physical Memory: 430.74 MB used, 452.80 MB peak
[2014.07.02-11.39.36:701][179]LogMemory: Process Virtual Memory: 373.86 MB used, 399.09 MB peak
[2014.07.02-11.39.36:701][179]LogMemory: Physical Memory: 4651.81 MB used, 32695.07 MB total
[2014.07.02-11.39.36:701][179]LogMemory: Virtual Memory: 839.04 MB used, 8388608.00 MB total
[2014.07.02-11.39.36:701][179]LogMemory: 
[2014.07.02-11.39.36:701][179]Allocator Stats for TBB: (not implemented)
[2014.07.02-11.39.36:702][179]LogLinker: Can't find file for asset '/Game/UEDPIE_1_Jam' while loading NULL.
[2014.07.02-11.39.36:718][179]LogWorld: PIE: Copying PIE streaming level from /Game/Jam.Jam to /Game/UEDPIE_2_Jam.Jam. OwningWorld: None
[2014.07.02-11.39.36:721][179]LogWorld: Bringing World /Game/UEDPIE_2_Jam.Jam up for play (max tick rate 0) at 2014.07.02-21.39.36
[2014.07.02-11.39.36:723][179]LogWorld: Bringing up level for play took: 0.003669
[2014.07.02-11.39.36:737][180]LogNet: Join request: /Game/Jam?SplitscreenCount=1
[2014.07.02-11.39.36:970][180]LogGameMode: Warning - PATHS NOT DEFINED or NO PLAYERSTART with positive rating
[2014.07.02-11.39.36:970][180]LogGameMode: RestartPlayer 258
[2014.07.02-11.39.36:970][180]LogGameMode:Warning: Couldn't spawn Pawn of type CharacterBP_C at WorldSettings_1
[2014.07.02-11.39.36:970][180]LogNet: Join succeeded: 258
[2014.07.02-11.39.36:985][181]LogNetPackageMap:Warning: UPackageMapClient::SupportsObject /Game/UEDPIE_1_Jam.Jam:PersistentLevel.CharacterBP_C_12.CharacterMesh0.MaterialInstanceDynamic_53 NOT Supported.Not RF_WasLoaded. NetGUID: <0>
[2014.07.02-11.39.36:985][181]LogNetPackageMap:Warning:    
[2014.07.02-11.39.36:986][181]LogPlayerController: NULL GameState when trying to spawn spectator!
[2014.07.02-11.39.36:986][181]LogNet: PlayerController_4 setplayer LocalPlayer_1
[2014.07.02-11.39.41:175][477]LogNet: UChannel::CleanUp: [GameNetDriver] [PlayerController_3] [PlayerController_3]. ChIndex == 0. Closing connection.
[2014.07.02-11.39.41:175][477]LogNet: UNetConnection::Close: Name: IpConnection_1, Driver: GameNetDriver IpNetDriver_0, PC: PlayerController_3, Owner: PlayerController_3, Channels: 8, RemoteAddr: 127.0.0.1:52628, Time: 2014.07.02-11.39.41
[2014.07.02-11.39.41:175][477]LogNet: UChannel::Close: Sending CloseBunch. ChIndex == 0. Name: ControlChannel_1
[2014.07.02-11.39.41:175][477]LogNet: UChannel::CleanUp: [GameNetDriver] [PlayerController_4] [PlayerController_4]. ChIndex == 0. Closing connection.
[2014.07.02-11.39.41:175][477]LogNet: UNetConnection::Close: Name: IpConnection_0, Driver: GameNetDriver IpNetDriver_1, PC: PlayerController_4, Owner: PlayerController_4, Channels: 8, RemoteAddr: 127.0.0.1:7777, Time: 2014.07.02-11.39.41
[2014.07.02-11.39.41:175][477]LogNet: UChannel::Close: Sending CloseBunch. ChIndex == 0. Name: ControlChannel_0
[2014.07.02-11.39.41:180][477]LogExit: GameNetDriver None shut down
[2014.07.02-11.39.41:180][477]LogExit: GameNetDriver None shut down
[2014.07.02-11.39.41:180][477]LogParticles: Destroying 0 GPU particle simulations for FXSystem 0x00000000176AC360
[2014.07.02-11.39.41:196][477]LogParticles: Destroying 0 GPU particle simulations for FXSystem 0x000000002417FF60
[2014.07.02-11.39.51:773][256]LogPlayLevel: PIE:  No blueprints needed recompiling
[2014.07.02-11.39.51:774][256]PIE: New page: PIE session: Jam (03/07/2014 7:39:51 am)
[2014.07.02-11.39.51:790][256]LogPlayLevel: PIE: StaticDuplicateObject took: (0.016045s)
[2014.07.02-11.39.51:791][256]LogPlayLevel: PIE: World Init took: (0.000873s)
[2014.07.02-11.39.51:791][256]LogPlayLevel: PIE: Created PIE world by copying editor world from /Game/Jam.Jam to /Game/UEDPIE_1_Jam.Jam (0.017117s)
[2014.07.02-11.39.51:791][256]LogWorld: Game class is 'JamGameMode_C'
[2014.07.02-11.39.51:846][256]LogWorld: Bringing World /Game/UEDPIE_1_Jam.Jam up for play (max tick rate 0) at 2014.07.02-21.39.51
[2014.07.02-11.39.51:848][256]LogWorld: Bringing up level for play took: 0.004152
[2014.07.02-11.39.51:848][256]LogPlayerController: Spawned spectator SpectatorPawn_2 [server:1]
[2014.07.02-11.39.51:848][256]LogGameMode: RestartPlayer 259
[2014.07.02-11.39.51:850][256]LogPlayerController: ClientRestart_Implementation CharacterBP_C_14
[2014.07.02-11.39.51:850][256]LogPlayerController: ServerAcknowledgePossession_Implementation CharacterBP_C_14
[2014.07.02-11.39.51:857][256]PIE: Info Play in editor start time for /Game/UEDPIE_1_Jam 0.684
[2014.07.02-11.39.51:857][256]LogInit: WinSock: Socket queue 131072 / 131072
[2014.07.02-11.39.51:858][256]LogNet: GameNetDriver IpNetDriver_2 IpNetDriver listening on port 7777
[2014.07.02-11.39.51:858][256]PIE: New page: PIE session: Jam (03/07/2014 7:39:51 am)
[2014.07.02-11.39.51:859][256]LogWorld: Game class is 'GameMode'
[2014.07.02-11.39.51:907][256]LogWorld: Bringing World /Temp/Untitled_2.NewWorld up for play (max tick rate 0) at 2014.07.02-21.39.51
[2014.07.02-11.39.51:908][256]LogWorld: Bringing up level for play took: 0.000418
[2014.07.02-11.39.51:908][256]LogGameMode: Warning - PATHS NOT DEFINED or NO PLAYERSTART with positive rating
[2014.07.02-11.39.51:908][256]LogPlayerController: Spawned spectator SpectatorPawn_3 [server:1]
[2014.07.02-11.39.51:908][256]LogGameMode: RestartPlayer 260
[2014.07.02-11.39.51:908][256]LogPlayerController: ClientRestart_Implementation DefaultPawn_1
[2014.07.02-11.39.51:909][256]LogPlayerController: ServerAcknowledgePossession_Implementation DefaultPawn_1
[2014.07.02-11.39.51:914][256]PIE: Info Play in editor start time for /Game/Jam 0.741
[2014.07.02-11.39.51:915][256]LogNet: Browse: 127.0.0.1//Game/Jam
[2014.07.02-11.39.51:915][256]LogInit: WinSock: Socket queue 32768 / 32768
[2014.07.02-11.39.51:915][256]LogNet: Game client on port 7777, rate 10000
[2014.07.02-11.39.52:023][257]LogNet: NotifyAcceptingConnection: Server Jam accept
[2014.07.02-11.39.52:023][257]LogNet: Open Jam 07/02/14 21:39:52 127.0.0.1
[2014.07.02-11.39.52:023][257]LogNet: Added client connection.  Remote address = 127.0.0.1:52629
[2014.07.02-11.39.52:023][257]LogNet: NotifyAcceptingChannel Control 0 server World /Game/UEDPIE_1_Jam.Jam: Accepted
[2014.07.02-11.39.52:023][257]LogNet: Remote platform little endian=1
[2014.07.02-11.39.52:023][257]LogNet: This platform little endian=1
[2014.07.02-11.39.52:047][258]LogNet: Login request: /Game/Jam userId: Invalid
[2014.07.02-11.39.52:047][258]LogNet: Client netspeed is 10000
[2014.07.02-11.39.52:049][258]LogNet: Welcomed by server (Level: /Game/UEDPIE_1_Jam, Game: /Game/Assets/Character/JamGameMode.JamGameMode_C)
[2014.07.02-11.39.52:049][258]LogLoad: LoadMap: 127.0.0.1//Game/UEDPIE_1_Jam?game=/Game/Assets/Character/JamGameMode.JamGameMode_C
[2014.07.02-11.39.52:061][258]LogParticles: Destroying 0 GPU particle simulations for FXSystem 0x000000002348D800
[2014.07.02-11.39.52:061][258]Cmd: MEM
[2014.07.02-11.39.52:071][258]LogMemory: Platform Memory Stats for Windows
[2014.07.02-11.39.52:071][258]LogMemory: Process Physical Memory: 436.14 MB used, 452.80 MB peak
[2014.07.02-11.39.52:071][258]LogMemory: Process Virtual Memory: 376.13 MB used, 399.09 MB peak
[2014.07.02-11.39.52:071][258]LogMemory: Physical Memory: 4667.38 MB used, 32695.07 MB total
[2014.07.02-11.39.52:071][258]LogMemory: Virtual Memory: 841.29 MB used, 8388608.00 MB total
[2014.07.02-11.39.52:071][258]LogMemory: 
[2014.07.02-11.39.52:071][258]Allocator Stats for TBB: (not implemented)
[2014.07.02-11.39.52:071][258]LogLinker: Can't find file for asset '/Game/UEDPIE_1_Jam' while loading NULL.
[2014.07.02-11.39.52:087][258]LogWorld: PIE: Copying PIE streaming level from /Game/Jam.Jam to /Game/UEDPIE_2_Jam.Jam. OwningWorld: None
[2014.07.02-11.39.52:089][258]LogWorld: Bringing World /Game/UEDPIE_2_Jam.Jam up for play (max tick rate 0) at 2014.07.02-21.39.52
[2014.07.02-11.39.52:091][258]LogWorld: Bringing up level for play took: 0.003754
[2014.07.02-11.39.52:105][259]LogNet: Join request: /Game/Jam?SplitscreenCount=1
[2014.07.02-11.39.52:105][259]LogGameMode: Warning - PATHS NOT DEFINED or NO PLAYERSTART with positive rating
[2014.07.02-11.39.52:105][259]LogGameMode: RestartPlayer 261
[2014.07.02-11.39.52:106][259]LogGameMode:Warning: Couldn't spawn Pawn of type CharacterBP_C at WorldSettings_1
[2014.07.02-11.39.52:106][259]LogNet: Join succeeded: 261
[2014.07.02-11.39.52:108][259]LogPlayerController: NULL GameState when trying to spawn spectator!
[2014.07.02-11.39.52:108][259]LogNet: PlayerController_9 setplayer LocalPlayer_3
[2014.07.02-11.39.52:124][260]LogNetPackageMap:Warning: UPackageMapClient::SupportsObject /Game/UEDPIE_1_Jam.Jam:PersistentLevel.CharacterBP_C_14.CharacterMesh0.MaterialInstanceDynamic_57 NOT Supported.Not RF_WasLoaded. NetGUID: <0>
[2014.07.02-11.39.52:124][260]LogNetPackageMap:Warning:    
[2014.07.02-11.39.55:927][530]LogNet: UChannel::CleanUp: [GameNetDriver] [None] [None]. ChIndex == 0. Closing connection.
[2014.07.02-11.39.55:927][530]LogNet: UNetConnection::Close: Name: IpConnection_3, Driver: GameNetDriver IpNetDriver_2, PC: None, Owner: None, Channels: 2, RemoteAddr: 127.0.0.1:52629, Time: 2014.07.02-11.39.55
[2014.07.02-11.39.55:927][530]LogNet: UChannel::Close: Sending CloseBunch. ChIndex == 0. Name: ControlChannel_3
[2014.07.02-11.39.55:927][530]LogNet: UChannel::CleanUp: [GameNetDriver] [None] [None]. ChIndex == 0. Closing connection.
[2014.07.02-11.39.55:927][530]LogNet: UNetConnection::Close: Name: IpConnection_2, Driver: GameNetDriver IpNetDriver_3, PC: None, Owner: None, Channels: 2, RemoteAddr: 127.0.0.1:7777, Time: 2014.07.02-11.39.55
[2014.07.02-11.39.55:927][530]LogNet: UChannel::Close: Sending CloseBunch. ChIndex == 0. Name: ControlChannel_2
[2014.07.02-11.39.55:931][530]LogExit: GameNetDriver None shut down
[2014.07.02-11.39.55:931][530]LogExit: GameNetDriver None shut down
[2014.07.02-11.39.55:931][530]LogParticles: Destroying 0 GPU particle simulations for FXSystem 0x000000000EC90B80
[2014.07.02-11.39.55:947][530]LogParticles: Destroying 0 GPU particle simulations for FXSystem 0x0000000023336A20
[2014.07.02-11.40.01:385][ 42]LogEditorViewport: Clicking on Actor (LMB): PlayerStart (Player Start)
[2014.07.02-11.40.03:381][222]LogNavigationPoint: PostEditMove Clear paths rebuilt
[2014.07.02-11.40.03:992][271]LogNavigationPoint: PostEditMove Clear paths rebuilt
[2014.07.02-11.40.04:707][336]LogEditorViewport: Clicking on Actor (LMB): StaticMeshActor (SM_Template_Map_Floor)
[2014.07.02-11.40.06:971][513]LogPlayLevel: PIE:  No blueprints needed recompiling
[2014.07.02-11.40.06:971][513]PIE: New page: PIE session: Jam (03/07/2014 7:40:06 am)
[2014.07.02-11.40.06:990][513]LogPlayLevel: PIE: StaticDuplicateObject took: (0.018129s)
[2014.07.02-11.40.06:990][513]LogPlayLevel: PIE: World Init took: (0.000690s)
[2014.07.02-11.40.06:990][513]LogPlayLevel: PIE: Created PIE world by copying editor world from /Game/Jam.Jam to /Game/UEDPIE_1_Jam.Jam (0.018999s)
[2014.07.02-11.40.06:991][513]LogWorld: Game class is 'JamGameMode_C'
[2014.07.02-11.40.07:041][513]LogWorld: Bringing World /Game/UEDPIE_1_Jam.Jam up for play (max tick rate 0) at 2014.07.02-21.40.07
[2014.07.02-11.40.07:043][513]LogWorld: Bringing up level for play took: 0.003842
[2014.07.02-11.40.07:044][513]LogPlayerController: Spawned spectator SpectatorPawn_4 [server:1]
[2014.07.02-11.40.07:044][513]LogGameMode: RestartPlayer 262
[2014.07.02-11.40.07:045][513]LogPlayerController: ClientRestart_Implementation CharacterBP_C_16
[2014.07.02-11.40.07:045][513]LogPlayerController: ServerAcknowledgePossession_Implementation CharacterBP_C_16
[2014.07.02-11.40.07:053][513]PIE: Info Play in editor start time for /Game/UEDPIE_1_Jam -0.12
[2014.07.02-11.40.07:053][513]LogInit: WinSock: Socket queue 131072 / 131072
[2014.07.02-11.40.07:054][513]LogNet: GameNetDriver IpNetDriver_4 IpNetDriver listening on port 7777
[2014.07.02-11.40.07:054][513]PIE: New page: PIE session: Jam (03/07/2014 7:40:07 am)
[2014.07.02-11.40.07:055][513]LogWorld: Game class is 'GameMode'
[2014.07.02-11.40.07:103][513]LogWorld: Bringing World /Temp/Untitled_3.NewWorld up for play (max tick rate 0) at 2014.07.02-21.40.07
[2014.07.02-11.40.07:104][513]LogWorld: Bringing up level for play took: 0.000413
[2014.07.02-11.40.07:104][513]LogGameMode: Warning - PATHS NOT DEFINED or NO PLAYERSTART with positive rating
[2014.07.02-11.40.07:104][513]LogPlayerController: Spawned spectator SpectatorPawn_5 [server:1]
[2014.07.02-11.40.07:104][513]LogGameMode: RestartPlayer 263
[2014.07.02-11.40.07:104][513]LogPlayerController: ClientRestart_Implementation DefaultPawn_2
[2014.07.02-11.40.07:104][513]LogPlayerController: ServerAcknowledgePossession_Implementation DefaultPawn_2
[2014.07.02-11.40.07:111][513]PIE: Info Play in editor start time for /Game/Jam -0.062
[2014.07.02-11.40.07:111][513]LogNet: Browse: 127.0.0.1//Game/Jam
[2014.07.02-11.40.07:111][513]LogInit: WinSock: Socket queue 32768 / 32768
[2014.07.02-11.40.07:112][513]LogNet: Game client on port 7777, rate 10000
[2014.07.02-11.40.07:224][514]LogNet: NotifyAcceptingConnection: Server Jam accept
[2014.07.02-11.40.07:225][514]LogNet: Open Jam 07/02/14 21:40:07 127.0.0.1
[2014.07.02-11.40.07:225][514]LogNet: Added client connection.  Remote address = 127.0.0.1:52630
[2014.07.02-11.40.07:225][514]LogNet: NotifyAcceptingChannel Control 0 server World /Game/UEDPIE_1_Jam.Jam: Accepted
[2014.07.02-11.40.07:225][514]LogNet: Remote platform little endian=1
[2014.07.02-11.40.07:225][514]LogNet: This platform little endian=1
[2014.07.02-11.40.07:247][515]LogNet: Login request: /Game/Jam userId: Invalid
[2014.07.02-11.40.07:247][515]LogNet: Client netspeed is 10000
[2014.07.02-11.40.07:248][515]LogNet: Welcomed by server (Level: /Game/UEDPIE_1_Jam, Game: /Game/Assets/Character/JamGameMode.JamGameMode_C)
[2014.07.02-11.40.07:248][515]LogLoad: LoadMap: 127.0.0.1//Game/UEDPIE_1_Jam?game=/Game/Assets/Character/JamGameMode.JamGameMode_C
[2014.07.02-11.40.07:260][515]LogParticles: Destroying 0 GPU particle simulations for FXSystem 0x000000000EC922A0
[2014.07.02-11.40.07:261][515]Cmd: MEM
[2014.07.02-11.40.07:271][515]LogMemory: Platform Memory Stats for Windows
[2014.07.02-11.40.07:271][515]LogMemory: Process Physical Memory: 439.36 MB used, 452.80 MB peak
[2014.07.02-11.40.07:271][515]LogMemory: Process Virtual Memory: 380.16 MB used, 399.09 MB peak
[2014.07.02-11.40.07:271][515]LogMemory: Physical Memory: 4668.03 MB used, 32695.07 MB total
[2014.07.02-11.40.07:271][515]LogMemory: Virtual Memory: 850.10 MB used, 8388608.00 MB total
[2014.07.02-11.40.07:271][515]LogMemory: 
[2014.07.02-11.40.07:271][515]Allocator Stats for TBB: (not implemented)
[2014.07.02-11.40.07:271][515]LogLinker: Can't find file for asset '/Game/UEDPIE_1_Jam' while loading NULL.
[2014.07.02-11.40.07:287][515]LogWorld: PIE: Copying PIE streaming level from /Game/Jam.Jam to /Game/UEDPIE_2_Jam.Jam. OwningWorld: None
[2014.07.02-11.40.07:290][515]LogWorld: Bringing World /Game/UEDPIE_2_Jam.Jam up for play (max tick rate 0) at 2014.07.02-21.40.07
[2014.07.02-11.40.07:292][515]LogWorld: Bringing up level for play took: 0.003473
[2014.07.02-11.40.07:305][516]LogNet: Join request: /Game/Jam?SplitscreenCount=1
[2014.07.02-11.40.07:306][516]LogGameMode: RestartPlayer 264
[2014.07.02-11.40.07:307][516]LogNet: Join succeeded: 264
[2014.07.02-11.40.07:309][516]LogPlayerController: NULL GameState when trying to spawn spectator!
[2014.07.02-11.40.07:309][516]LogNet: PlayerController_14 setplayer LocalPlayer_5
[2014.07.02-11.40.07:309][516]LogPlayerController: ClientRestart_Implementation None
[2014.07.02-11.40.07:324][517]LogNetPackageMap:Warning: UPackageMapClient::SupportsObject /Game/UEDPIE_1_Jam.Jam:PersistentLevel.CharacterBP_C_16.CharacterMesh0.MaterialInstanceDynamic_61 NOT Supported.Not RF_WasLoaded. NetGUID: <0>
[2014.07.02-11.40.07:324][517]LogNetPackageMap:Warning:    
[2014.07.02-11.40.07:325][517]LogNetPackageMap:Warning: UPackageMapClient::SupportsObject /Game/UEDPIE_1_Jam.Jam:PersistentLevel.CharacterBP_C_17.CharacterMesh0.MaterialInstanceDynamic_63 NOT Supported.Not RF_WasLoaded. NetGUID: <0>
[2014.07.02-11.40.07:325][517]LogNetPackageMap:Warning:    
[2014.07.02-11.40.07:353][519]LogPlayerController: Spawned spectator SpectatorPawn_6 [server:0]
[2014.07.02-11.40.07:502][530]LogPlayerController: ClientRetryClientRestart_Implementation CharacterBP_C_19, AcknowledgedPawn: None
[2014.07.02-11.40.07:502][530]LogPlayerController: ClientRestart_Implementation CharacterBP_C_19
[2014.07.02-11.40.07:515][531]LogPlayerController: ServerAcknowledgePossession_Implementation CharacterBP_C_17
[2014.07.02-11.40.16:761][121]LogNet: UChannel::CleanUp: [GameNetDriver] [None] [None]. ChIndex == 0. Closing connection.
[2014.07.02-11.40.16:761][121]LogNet: UNetConnection::Close: Name: IpConnection_5, Driver: GameNetDriver IpNetDriver_4, PC: None, Owner: None, Channels: 8, RemoteAddr: 127.0.0.1:52630, Time: 2014.07.02-11.40.16
[2014.07.02-11.40.16:761][121]LogNet: UChannel::Close: Sending CloseBunch. ChIndex == 0. Name: ControlChannel_5
[2014.07.02-11.40.16:761][121]LogNet: UChannel::CleanUp: [GameNetDriver] [None] [None]. ChIndex == 0. Closing connection.
[2014.07.02-11.40.16:761][121]LogNet: UNetConnection::Close: Name: IpConnection_4, Driver: GameNetDriver IpNetDriver_5, PC: None, Owner: None, Channels: 8, RemoteAddr: 127.0.0.1:7777, Time: 2014.07.02-11.40.16
[2014.07.02-11.40.16:761][121]LogNet: UChannel::Close: Sending CloseBunch. ChIndex == 0. Name: ControlChannel_4
[2014.07.02-11.40.16:766][121]LogExit: GameNetDriver None shut down
[2014.07.02-11.40.16:766][121]LogExit: GameNetDriver None shut down
[2014.07.02-11.40.16:767][121]LogParticles: Destroying 0 GPU particle simulations for FXSystem 0x000000001094EAC0
[2014.07.02-11.40.16:794][121]LogParticles: Destroying 0 GPU particle simulations for FXSystem 0x0000000023337560
[2014.07.02-11.43.18:924][944]LogActorComponent: UnregisterComponent: (/Engine/Transient.CharacterMovementComponent_3) Not registered. Aborting.
[2014.07.02-11.43.49:395][355]LogSlate:Warning: GetFontFace failed to load or process 'Roboto-Regular'
[2014.07.02-11.43.49:395][355]LogSlate:Warning: GetFontFace failed to load or process 'Roboto-Regular'
[2014.07.02-11.43.49:444][355]LogSlate:Warning: GetFontFace failed to load or process 'Roboto-Regular'
[2014.07.02-11.43.49:444][355]LogSlate:Warning: GetFontFace failed to load or process 'Roboto-Regular'
[2014.07.02-11.43.49:445][355]LogSlate:Warning: GetFontFace failed to load or process 'Roboto-Regular'
[2014.07.02-11.43.49:445][355]LogSlate:Warning: GetFontFace failed to load or process 'Roboto-Regular'
[2014.07.02-11.43.49:445][355]LogSlate:Warning: GetFontFace failed to load or process 'Roboto-Regular'
[2014.07.02-11.43.49:445][355]LogSlate:Warning: GetFontFace failed to load or process 'Roboto-Regular'
[2014.07.02-11.43.49:445][355]LogSlate:Warning: GetFontFace failed to load or process 'Roboto-Regular'
[2014.07.02-11.43.49:445][355]LogSlate:Warning: GetFontFace failed to load or process 'Roboto-Regular'
[2014.07.02-11.43.49:445][355]LogSlate:Warning: GetFontFace failed to load or process 'Roboto-Regular'
[2014.07.02-11.43.49:446][355]LogSlate:Warning: GetFontFace failed to load or process 'Roboto-Regular'
[2014.07.02-11.43.49:446][355]LogSlate:Warning: GetFontFace failed to load or process 'Roboto-Regular'
[2014.07.02-11.43.49:446][355]LogSlate:Warning: GetFontFace failed to load or process 'Roboto-Regular'
[2014.07.02-11.43.49:446][355]LogSlate:Warning: GetFontFace failed to load or process 'Roboto-Regular'
[2014.07.02-11.43.49:446][355]LogSlate:Warning: GetFontFace failed to load or process 'Roboto-Regular'
[2014.07.02-11.43.49:446][355]LogSlate:Warning: GetFontFace failed to load or process 'Roboto-Regular'
[2014.07.02-11.43.49:446][355]LogSlate:Warning: GetFontFace failed to load or process 'Roboto-Regular'
[2014.07.02-11.43.55:715][586]LogActorComponent: UnregisterComponent: (/Engine/Transient.CharacterMovementComponent_4) Not registered. Aborting.
[2014.07.02-11.44.06:971][ 37]LogSlate:Warning: GetFontFace failed to load or process 'Roboto-Regular'
[2014.07.02-11.44.06:971][ 37]LogSlate:Warning: GetFontFace failed to load or process 'Roboto-Regular'
[2014.07.02-11.44.06:972][ 37]LogSlate:Warning: GetFontFace failed to load or process 'Roboto-Regular'
[2014.07.02-11.44.06:972][ 37]LogSlate:Warning: GetFontFace failed to load or process 'Roboto-Regular'
[2014.07.02-11.44.12:841][279]LogSlate:Warning: GetFontFace failed to load or process 'Roboto-Regular'
[2014.07.02-11.48.10:529][588]LogActorComponent: UnregisterComponent: (/Engine/Transient.CharacterMovementComponent_5) Not registered. Aborting.
[2014.07.02-11.48.23:322][955]LogActorComponent: UnregisterComponent: (/Engine/Transient.CharacterMovementComponent_6) Not registered. Aborting.
[2014.07.02-11.48.23:572][955]LogSavePackage: Save=95.056625ms
[2014.07.02-11.48.23:572][955]LogSavePackage: Moving '../../../../../../Users/takamatsu/Documents/Unreal Projects/DigitalJamSession/Saved/Jam_Auto1ED755BEC47740D29496E029D2DA6DE0B.tmp' to '../../../../../../Users/takamatsu/Documents/Unreal Projects/DigitalJamSession/Saved/Autosaves/Game/Jam_Auto1.umap'
[2014.07.02-11.48.23:582][955]LogFileHelpers: Editor autosave (incl. sublevels) for '/Game/Jam' took 0.259
[2014.07.02-11.48.23:582][955]LogFileHelpers: Editor autosave (incl. sublevels) for all levels took 0.259
[2014.07.02-11.48.23:604][955]OBJ SavePackage: Generating thumbnails for [1] asset(s) in package [/Game/Assets/Character/CharacterBP] ([1] browsable assets)...
[2014.07.02-11.48.23:626][955]OBJ SavePackage:     Rendered thumbnail for [Blueprint /Game/Assets/Character/CharacterBP.CharacterBP]
[2014.07.02-11.48.23:626][955]OBJ SavePackage: Finished generating thumbnails for package [/Game/Assets/Character/CharacterBP]
[2014.07.02-11.48.24:081][955]LogSavePackage: Save=402.861053ms
[2014.07.02-11.48.24:081][955]LogSavePackage: Moving '../../../../../../Users/takamatsu/Documents/Unreal Projects/DigitalJamSession/Saved/CharacterBP_Auto1E41CF2394191A4C0DFB42192DDACC411.tmp' to '../../../../../../Users/takamatsu/Documents/Unreal Projects/DigitalJamSession/Saved/Autosaves/Game/Assets/Character/CharacterBP_Auto1.uasset'
[2014.07.02-11.48.24:090][955]LogFileHelpers: Auto-saving content packages took 0.508
[2014.07.02-11.49.00:568][ 39]BlueprintLog: New page: Compile CharacterBP
[2014.07.02-11.49.00:704][ 39]LogActorComponent: UnregisterComponent: (/Engine/Transient.CharacterMovementComponent_7) Not registered. Aborting.
[2014.07.02-11.49.01:009][ 39]BlueprintEditorCompileResults: Info [0665.92] Compile of CharacterBP successful! [in 53 ms]
[2014.07.02-11.49.01:967][ 49]LogSavePackage: Save=401.848724ms
[2014.07.02-11.49.01:967][ 49]LogSavePackage: Moving '../../../../../../Users/takamatsu/Documents/Unreal Projects/DigitalJamSession/Saved/CharacterBPBF4A1505487B9B9AAF7716AC4B3BBE5A.tmp' to '../../../../../../Users/takamatsu/Documents/Unreal Projects/DigitalJamSession/Content/Assets/Character/CharacterBP.uasset'
[2014.07.02-11.49.04:952][192]LogPlayLevel: PIE:  No blueprints needed recompiling
[2014.07.02-11.49.04:953][192]PIE: New page: PIE session: Jam (03/07/2014 7:49:04 am)
[2014.07.02-11.49.04:971][192]LogPlayLevel: PIE: StaticDuplicateObject took: (0.018066s)
[2014.07.02-11.49.04:971][192]LogPlayLevel: PIE: World Init took: (0.000690s)
[2014.07.02-11.49.04:972][192]LogPlayLevel: PIE: Created PIE world by copying editor world from /Game/Jam.Jam to /Game/UEDPIE_1_Jam.Jam (0.018940s)
[2014.07.02-11.49.04:972][192]LogWorld: Game class is 'JamGameMode_C'
[2014.07.02-11.49.05:027][192]LogWorld: Bringing World /Game/UEDPIE_1_Jam.Jam up for play (max tick rate 0) at 2014.07.02-21.49.05
[2014.07.02-11.49.05:029][192]LogWorld: Bringing up level for play took: 0.003877
[2014.07.02-11.49.05:030][192]LogPlayerController: Spawned spectator SpectatorPawn_7 [server:1]
[2014.07.02-11.49.05:030][192]LogGameMode: RestartPlayer 265
[2014.07.02-11.49.05:031][192]LogPlayerController: ClientRestart_Implementation CharacterBP_C_5
[2014.07.02-11.49.05:031][192]LogPlayerController: ServerAcknowledgePossession_Implementation CharacterBP_C_5
[2014.07.02-11.49.05:038][192]PIE: Info Play in editor start time for /Game/UEDPIE_1_Jam -0.137
[2014.07.02-11.49.05:038][192]LogInit: WinSock: Socket queue 131072 / 131072
[2014.07.02-11.49.05:039][192]LogNet: GameNetDriver IpNetDriver_6 IpNetDriver listening on port 7777
[2014.07.02-11.49.05:039][192]PIE: New page: PIE session: Jam (03/07/2014 7:49:05 am)
[2014.07.02-11.49.05:040][192]LogWorld: Game class is 'GameMode'
[2014.07.02-11.49.05:089][192]LogWorld: Bringing World /Temp/Untitled_4.NewWorld up for play (max tick rate 0) at 2014.07.02-21.49.05
[2014.07.02-11.49.05:089][192]LogWorld: Bringing up level for play took: 0.000401
[2014.07.02-11.49.05:090][192]LogGameMode: Warning - PATHS NOT DEFINED or NO PLAYERSTART with positive rating
[2014.07.02-11.49.05:090][192]LogPlayerController: Spawned spectator SpectatorPawn_8 [server:1]
[2014.07.02-11.49.05:090][192]LogGameMode: RestartPlayer 266
[2014.07.02-11.49.05:090][192]LogPlayerController: ClientRestart_Implementation DefaultPawn_3
[2014.07.02-11.49.05:090][192]LogPlayerController: ServerAcknowledgePossession_Implementation DefaultPawn_3
[2014.07.02-11.49.05:097][192]PIE: Info Play in editor start time for /Game/Jam -0.078
[2014.07.02-11.49.05:097][192]LogNet: Browse: 127.0.0.1//Game/Jam
[2014.07.02-11.49.05:097][192]LogInit: WinSock: Socket queue 32768 / 32768
[2014.07.02-11.49.05:098][192]LogNet: Game client on port 7777, rate 10000
[2014.07.02-11.49.05:221][193]LogNet: NotifyAcceptingConnection: Server Jam accept
[2014.07.02-11.49.05:221][193]LogNet: Open Jam 07/02/14 21:49:05 127.0.0.1
[2014.07.02-11.49.05:221][193]LogNet: Added client connection.  Remote address = 127.0.0.1:61553
[2014.07.02-11.49.05:222][193]LogNet: NotifyAcceptingChannel Control 0 server World /Game/UEDPIE_1_Jam.Jam: Accepted
[2014.07.02-11.49.05:222][193]LogNet: Remote platform little endian=1
[2014.07.02-11.49.05:222][193]LogNet: This platform little endian=1
[2014.07.02-11.49.05:242][194]LogNet: Login request: /Game/Jam userId: Invalid
[2014.07.02-11.49.05:242][194]LogNet: Client netspeed is 10000
[2014.07.02-11.49.05:244][194]LogNet: Welcomed by server (Level: /Game/UEDPIE_1_Jam, Game: /Game/Assets/Character/JamGameMode.JamGameMode_C)
[2014.07.02-11.49.05:245][194]LogLoad: LoadMap: 127.0.0.1//Game/UEDPIE_1_Jam?game=/Game/Assets/Character/JamGameMode.JamGameMode_C
[2014.07.02-11.49.05:246][194]LogActorComponent: UnregisterComponent: (/Engine/Transient.CharacterMovementComponent_8) Not registered. Aborting.
[2014.07.02-11.49.05:262][194]LogParticles: Destroying 0 GPU particle simulations for FXSystem 0x0000000021F03F60
[2014.07.02-11.49.05:262][194]LogParticles: Destroying 0 GPU particle simulations for FXSystem 0x000000001888E2A0
[2014.07.02-11.49.05:266][194]Cmd: MEM
[2014.07.02-11.49.05:277][194]LogMemory: Platform Memory Stats for Windows
[2014.07.02-11.49.05:277][194]LogMemory: Process Physical Memory: 578.70 MB used, 617.64 MB peak
[2014.07.02-11.49.05:277][194]LogMemory: Process Virtual Memory: 514.58 MB used, 550.35 MB peak
[2014.07.02-11.49.05:277][194]LogMemory: Physical Memory: 4918.75 MB used, 32695.07 MB total
[2014.07.02-11.49.05:277][194]LogMemory: Virtual Memory: 962.46 MB used, 8388608.00 MB total
[2014.07.02-11.49.05:277][194]LogMemory: 
[2014.07.02-11.49.05:277][194]Allocator Stats for TBB: (not implemented)
[2014.07.02-11.49.05:277][194]LogLinker: Can't find file for asset '/Game/UEDPIE_1_Jam' while loading NULL.
[2014.07.02-11.49.05:293][194]LogWorld: PIE: Copying PIE streaming level from /Game/Jam.Jam to /Game/UEDPIE_2_Jam.Jam. OwningWorld: None
[2014.07.02-11.49.05:295][194]LogWorld: Bringing World /Game/UEDPIE_2_Jam.Jam up for play (max tick rate 0) at 2014.07.02-21.49.05
[2014.07.02-11.49.05:297][194]LogWorld: Bringing up level for play took: 0.003500
[2014.07.02-11.49.05:309][195]LogNet: Join request: /Game/Jam?SplitscreenCount=1
[2014.07.02-11.49.05:310][195]LogGameMode: RestartPlayer 267
[2014.07.02-11.49.05:312][195]LogNet: Join succeeded: 267
[2014.07.02-11.49.05:314][195]LogPlayerController: NULL GameState when trying to spawn spectator!
[2014.07.02-11.49.05:314][195]LogNet: PlayerController_19 setplayer LocalPlayer_7
[2014.07.02-11.49.05:314][195]LogPlayerController: ClientRestart_Implementation None
[2014.07.02-11.49.05:328][196]LogNetPackageMap:Warning: UPackageMapClient::SupportsObject /Game/UEDPIE_1_Jam.Jam:PersistentLevel.CharacterBP_C_6.CharacterMesh0.MaterialInstanceDynamic_87 NOT Supported.Not RF_WasLoaded. NetGUID: <0>
[2014.07.02-11.49.05:328][196]LogNetPackageMap:Warning:    
[2014.07.02-11.49.05:328][196]LogNetPackageMap:Warning: UPackageMapClient::SupportsObject /Game/UEDPIE_1_Jam.Jam:PersistentLevel.CharacterBP_C_5.CharacterMesh0.MaterialInstanceDynamic_85 NOT Supported.Not RF_WasLoaded. NetGUID: <0>
[2014.07.02-11.49.05:328][196]LogNetPackageMap:Warning:    
[2014.07.02-11.49.05:342][197]LogPlayerController: Spawned spectator SpectatorPawn_9 [server:0]
[2014.07.02-11.49.05:343][197]LogScript:Warning: Accessed None 'CallFunc_GetPlayerCharacter_ReturnValue'
	CharacterBP_C /Game/UEDPIE_2_Jam.Jam:PersistentLevel.CharacterBP_C_7
	Function /Game/Assets/Character/CharacterBP.CharacterBP_C:ExecuteUbergraph_CharacterBP:0692
[2014.07.02-11.49.05:343][197]PIE:Error: Error Accessed None 'CallFunc_GetPlayerCharacter_ReturnValue' from node Set with Notify DynamicMaterial in blueprint CharacterBP
[2014.07.02-11.49.05:343][197]LogScript:Warning: Accessed None 'CallFunc_GetPlayerCharacter_ReturnValue'
	CharacterBP_C /Game/UEDPIE_2_Jam.Jam:PersistentLevel.CharacterBP_C_8
	Function /Game/Assets/Character/CharacterBP.CharacterBP_C:ExecuteUbergraph_CharacterBP:0692
[2014.07.02-11.49.05:343][197]PIE:Error: Error Accessed None 'CallFunc_GetPlayerCharacter_ReturnValue' from node Set with Notify DynamicMaterial in blueprint CharacterBP
[2014.07.02-11.49.05:354][198]LogScript:Warning: Accessed None 'CallFunc_GetPlayerCharacter_ReturnValue'
	CharacterBP_C /Game/UEDPIE_2_Jam.Jam:PersistentLevel.CharacterBP_C_7
	Function /Game/Assets/Character/CharacterBP.CharacterBP_C:ExecuteUbergraph_CharacterBP:0692
[2014.07.02-11.49.05:354][198]PIE:Error: Error Accessed None 'CallFunc_GetPlayerCharacter_ReturnValue' from node Set with Notify DynamicMaterial in blueprint CharacterBP
[2014.07.02-11.49.05:354][198]LogScript:Warning: Accessed None 'CallFunc_GetPlayerCharacter_ReturnValue'
	CharacterBP_C /Game/UEDPIE_2_Jam.Jam:PersistentLevel.CharacterBP_C_8
	Function /Game/Assets/Character/CharacterBP.CharacterBP_C:ExecuteUbergraph_CharacterBP:0692
[2014.07.02-11.49.05:354][198]PIE:Error: Error Accessed None 'CallFunc_GetPlayerCharacter_ReturnValue' from node Set with Notify DynamicMaterial in blueprint CharacterBP
[2014.07.02-11.49.05:365][199]LogScript:Warning: Accessed None 'CallFunc_GetPlayerCharacter_ReturnValue'
	CharacterBP_C /Game/UEDPIE_2_Jam.Jam:PersistentLevel.CharacterBP_C_7
	Function /Game/Assets/Character/CharacterBP.CharacterBP_C:ExecuteUbergraph_CharacterBP:0692
[2014.07.02-11.49.05:366][199]PIE:Error: Error Accessed None 'CallFunc_GetPlayerCharacter_ReturnValue' from node Set with Notify DynamicMaterial in blueprint CharacterBP
[2014.07.02-11.49.05:366][199]LogScript:Warning: Accessed None 'CallFunc_GetPlayerCharacter_ReturnValue'
	CharacterBP_C /Game/UEDPIE_2_Jam.Jam:PersistentLevel.CharacterBP_C_8
	Function /Game/Assets/Character/CharacterBP.CharacterBP_C:ExecuteUbergraph_CharacterBP:0692
[2014.07.02-11.49.05:366][199]PIE:Error: Error Accessed None 'CallFunc_GetPlayerCharacter_ReturnValue' from node Set with Notify DynamicMaterial in blueprint CharacterBP
[2014.07.02-11.49.05:377][200]LogScript:Warning: Accessed None 'CallFunc_GetPlayerCharacter_ReturnValue'
	CharacterBP_C /Game/UEDPIE_2_Jam.Jam:PersistentLevel.CharacterBP_C_7
	Function /Game/Assets/Character/CharacterBP.CharacterBP_C:ExecuteUbergraph_CharacterBP:0692
[2014.07.02-11.49.05:377][200]PIE:Error: Error Accessed None 'CallFunc_GetPlayerCharacter_ReturnValue' from node Set with Notify DynamicMaterial in blueprint CharacterBP
[2014.07.02-11.49.05:377][200]LogScript:Warning: Accessed None 'CallFunc_GetPlayerCharacter_ReturnValue'
	CharacterBP_C /Game/UEDPIE_2_Jam.Jam:PersistentLevel.CharacterBP_C_8
	Function /Game/Assets/Character/CharacterBP.CharacterBP_C:ExecuteUbergraph_CharacterBP:0692
[2014.07.02-11.49.05:377][200]PIE:Error: Error Accessed None 'CallFunc_GetPlayerCharacter_ReturnValue' from node Set with Notify DynamicMaterial in blueprint CharacterBP
[2014.07.02-11.49.05:490][208]LogPlayerController: ClientRetryClientRestart_Implementation CharacterBP_C_7, AcknowledgedPawn: None
[2014.07.02-11.49.05:490][208]LogPlayerController: ClientRestart_Implementation CharacterBP_C_7
[2014.07.02-11.49.05:503][209]LogPlayerController: ServerAcknowledgePossession_Implementation CharacterBP_C_6
[2014.07.02-11.49.20:474][158]LogNet: UChannel::CleanUp: [GameNetDriver] [PlayerController_18] [PlayerController_18]. ChIndex == 0. Closing connection.
[2014.07.02-11.49.20:474][158]LogNet: UNetConnection::Close: Name: IpConnection_7, Driver: GameNetDriver IpNetDriver_6, PC: PlayerController_18, Owner: PlayerController_18, Channels: 9, RemoteAddr: 127.0.0.1:61553, Time: 2014.07.02-11.49.20
[2014.07.02-11.49.20:474][158]LogNet: UChannel::Close: Sending CloseBunch. ChIndex == 0. Name: ControlChannel_7
[2014.07.02-11.49.20:475][158]LogNet: UChannel::CleanUp: [GameNetDriver] [PlayerController_19] [PlayerController_19]. ChIndex == 0. Closing connection.
[2014.07.02-11.49.20:475][158]LogNet: UNetConnection::Close: Name: IpConnection_6, Driver: GameNetDriver IpNetDriver_7, PC: PlayerController_19, Owner: PlayerController_19, Channels: 9, RemoteAddr: 127.0.0.1:7777, Time: 2014.07.02-11.49.20
[2014.07.02-11.49.20:475][158]LogNet: UChannel::Close: Sending CloseBunch. ChIndex == 0. Name: ControlChannel_6
[2014.07.02-11.49.20:480][158]LogExit: GameNetDriver None shut down
[2014.07.02-11.49.20:480][158]LogExit: GameNetDriver None shut down
[2014.07.02-11.49.20:481][158]LogParticles: Destroying 0 GPU particle simulations for FXSystem 0x0000000022E9EA20
[2014.07.02-11.49.20:492][158]LogParticles: Destroying 0 GPU particle simulations for FXSystem 0x000000000C9CF560
[2014.07.02-11.49.24:049][264]LogContentBrowser:Verbose: The content browser source was changed by the sources view to '/Game/Assets/Material'
[2014.07.02-11.49.25:916][322]LogContentBrowser:Verbose: The content browser source was changed by the sources view to '/Game/Assets/Character'
[2014.07.02-11.49.30:170][475]LogMaterial: Missing cached shader map for material PreviewMaterial_0, compiling.
[2014.07.02-11.49.30:207][475]LogActorComponent: UnregisterComponent: (/Engine/Transient.SkeletalMeshComponent_10) Not registered. Aborting.
[2014.07.02-11.49.30:281][475]LogActorComponent: UnregisterComponent: (/Engine/Transient.SkeletalMeshComponent_10) Not registered. Aborting.
[2014.07.02-11.49.30:281][475]LogActorComponent: RegisterComponentWithWorld: (/Engine/Transient.MaterialEditorMeshComponent_0) Already registered. Aborting.
[2014.07.02-11.49.30:281][475]LogActorComponent: UnregisterComponent: (/Engine/Transient.SkeletalMeshComponent_10) Not registered. Aborting.
[2014.07.02-11.49.30:281][475]LogActorComponent: RegisterComponentWithWorld: (/Engine/Transient.MaterialEditorMeshComponent_0) Already registered. Aborting.
[2014.07.02-11.49.30:303][475]LogMaterial: Missing cached shader map for material FMatExpressionPreview MaterialExpressionFontSampleParameter_0, compiling.
[2014.07.02-11.49.30:306][475]LogMaterial: Missing cached shader map for material FMatExpressionPreview MaterialExpressionConstant_1, compiling.
[2014.07.02-11.49.30:308][475]MaterialEditorStats: Info Base pass shader with only dynamic lighting: 70 instructions
[2014.07.02-11.49.30:308][475]MaterialEditorStats: Info Vertex shader: 34 instructions
[2014.07.02-11.49.30:308][475]MaterialEditorStats: Info Texture samplers: 4/16
[2014.07.02-11.50.30:244][967]LogActorComponent: UnregisterComponent: (/Engine/Transient.CharacterMovementComponent_9) Not registered. Aborting.
[2014.07.02-11.50.33:550][102]LogActorComponent: UnregisterComponent: (/Engine/Transient.CharacterMovementComponent_10) Not registered. Aborting.
[2014.07.02-11.50.36:362][222]BlueprintLog: New page: Compile CharacterBP
[2014.07.02-11.50.36:493][222]LogActorComponent: UnregisterComponent: (/Engine/Transient.CharacterMovementComponent_11) Not registered. Aborting.
[2014.07.02-11.50.36:509][222]LogParticles: Destroying 0 GPU particle simulations for FXSystem 0x0000000023337060
[2014.07.02-11.50.36:800][222]BlueprintEditorCompileResults: Info [0761.72] Compile of CharacterBP successful! [in 53 ms]
[2014.07.02-11.50.37:684][235]LogSavePackage: Save=395.329132ms
[2014.07.02-11.50.37:684][235]LogSavePackage: Moving '../../../../../../Users/takamatsu/Documents/Unreal Projects/DigitalJamSession/Saved/CharacterBP8523423743A0FEC11985B1B087F72F9A.tmp' to '../../../../../../Users/takamatsu/Documents/Unreal Projects/DigitalJamSession/Content/Assets/Character/CharacterBP.uasset'
[2014.07.02-11.50.42:432][529]LogPlayLevel: PIE:  No blueprints needed recompiling
[2014.07.02-11.50.42:432][529]PIE: New page: PIE session: Jam (03/07/2014 7:50:42 am)
[2014.07.02-11.50.42:451][529]LogPlayLevel: PIE: StaticDuplicateObject took: (0.018727s)
[2014.07.02-11.50.42:452][529]LogPlayLevel: PIE: World Init took: (0.000687s)
[2014.07.02-11.50.42:452][529]LogPlayLevel: PIE: Created PIE world by copying editor world from /Game/Jam.Jam to /Game/UEDPIE_1_Jam.Jam (0.019611s)
[2014.07.02-11.50.42:452][529]LogWorld: Game class is 'JamGameMode_C'
[2014.07.02-11.50.42:505][529]LogWorld: Bringing World /Game/UEDPIE_1_Jam.Jam up for play (max tick rate 0) at 2014.07.02-21.50.42
[2014.07.02-11.50.42:507][529]LogWorld: Bringing up level for play took: 0.003838
[2014.07.02-11.50.42:507][529]LogPlayerController: Spawned spectator SpectatorPawn_10 [server:1]
[2014.07.02-11.50.42:507][529]LogGameMode: RestartPlayer 268
[2014.07.02-11.50.42:509][529]LogPlayerController: ClientRestart_Implementation CharacterBP_C_9
[2014.07.02-11.50.42:509][529]LogPlayerController: ServerAcknowledgePossession_Implementation CharacterBP_C_9
[2014.07.02-11.50.42:516][529]PIE: Info Play in editor start time for /Game/UEDPIE_1_Jam -0.659
[2014.07.02-11.50.42:516][529]LogInit: WinSock: Socket queue 131072 / 131072
[2014.07.02-11.50.42:517][529]LogNet: GameNetDriver IpNetDriver_8 IpNetDriver listening on port 7777
[2014.07.02-11.50.42:517][529]PIE: New page: PIE session: Jam (03/07/2014 7:50:42 am)
[2014.07.02-11.50.42:518][529]LogWorld: Game class is 'GameMode'
[2014.07.02-11.50.42:573][529]LogWorld: Bringing World /Temp/Untitled_5.NewWorld up for play (max tick rate 0) at 2014.07.02-21.50.42
[2014.07.02-11.50.42:573][529]LogWorld: Bringing up level for play took: 0.000398
[2014.07.02-11.50.42:573][529]LogGameMode: Warning - PATHS NOT DEFINED or NO PLAYERSTART with positive rating
[2014.07.02-11.50.42:573][529]LogPlayerController: Spawned spectator SpectatorPawn_11 [server:1]
[2014.07.02-11.50.42:573][529]LogGameMode: RestartPlayer 269
[2014.07.02-11.50.42:574][529]LogPlayerController: ClientRestart_Implementation DefaultPawn_4
[2014.07.02-11.50.42:574][529]LogPlayerController: ServerAcknowledgePossession_Implementation DefaultPawn_4
[2014.07.02-11.50.42:580][529]PIE: Info Play in editor start time for /Game/Jam -0.595
[2014.07.02-11.50.42:580][529]LogNet: Browse: 127.0.0.1//Game/Jam
[2014.07.02-11.50.42:580][529]LogInit: WinSock: Socket queue 32768 / 32768
[2014.07.02-11.50.42:581][529]LogNet: Game client on port 7777, rate 10000
[2014.07.02-11.50.42:694][530]LogNet: NotifyAcceptingConnection: Server Jam accept
[2014.07.02-11.50.42:694][530]LogNet: Open Jam 07/02/14 21:50:42 127.0.0.1
[2014.07.02-11.50.42:694][530]LogNet: Added client connection.  Remote address = 127.0.0.1:61554
[2014.07.02-11.50.42:694][530]LogNet: NotifyAcceptingChannel Control 0 server World /Game/UEDPIE_1_Jam.Jam: Accepted
[2014.07.02-11.50.42:694][530]LogNet: Remote platform little endian=1
[2014.07.02-11.50.42:694][530]LogNet: This platform little endian=1
[2014.07.02-11.50.42:714][531]LogNet: Login request: /Game/Jam userId: Invalid
[2014.07.02-11.50.42:715][531]LogNet: Client netspeed is 10000
[2014.07.02-11.50.42:716][531]LogNet: Welcomed by server (Level: /Game/UEDPIE_1_Jam, Game: /Game/Assets/Character/JamGameMode.JamGameMode_C)
[2014.07.02-11.50.42:717][531]LogLoad: LoadMap: 127.0.0.1//Game/UEDPIE_1_Jam?game=/Game/Assets/Character/JamGameMode.JamGameMode_C
[2014.07.02-11.50.42:718][531]LogActorComponent: UnregisterComponent: (/Engine/Transient.CharacterMovementComponent_12) Not registered. Aborting.
[2014.07.02-11.50.42:733][531]LogParticles: Destroying 0 GPU particle simulations for FXSystem 0x0000000020A65800
[2014.07.02-11.50.42:733][531]LogParticles: Destroying 0 GPU particle simulations for FXSystem 0x000000001770C900
[2014.07.02-11.50.42:736][531]Cmd: MEM
[2014.07.02-11.50.42:747][531]LogMemory: Platform Memory Stats for Windows
[2014.07.02-11.50.42:747][531]LogMemory: Process Physical Memory: 591.04 MB used, 618.32 MB peak
[2014.07.02-11.50.42:747][531]LogMemory: Process Virtual Memory: 530.17 MB used, 559.27 MB peak
[2014.07.02-11.50.42:747][531]LogMemory: Physical Memory: 4933.83 MB used, 32695.07 MB total
[2014.07.02-11.50.42:747][531]LogMemory: Virtual Memory: 987.86 MB used, 8388608.00 MB total
[2014.07.02-11.50.42:747][531]LogMemory: 
[2014.07.02-11.50.42:747][531]Allocator Stats for TBB: (not implemented)
[2014.07.02-11.50.42:748][531]LogLinker: Can't find file for asset '/Game/UEDPIE_1_Jam' while loading NULL.
[2014.07.02-11.50.42:763][531]LogWorld: PIE: Copying PIE streaming level from /Game/Jam.Jam to /Game/UEDPIE_2_Jam.Jam. OwningWorld: None
[2014.07.02-11.50.42:766][531]LogWorld: Bringing World /Game/UEDPIE_2_Jam.Jam up for play (max tick rate 0) at 2014.07.02-21.50.42
[2014.07.02-11.50.42:768][531]LogWorld: Bringing up level for play took: 0.003639
[2014.07.02-11.50.42:780][532]LogNet: Join request: /Game/Jam?SplitscreenCount=1
[2014.07.02-11.50.42:781][532]LogGameMode: RestartPlayer 270
[2014.07.02-11.50.42:782][532]LogNet: Join succeeded: 270
[2014.07.02-11.50.42:784][532]LogPlayerController: NULL GameState when trying to spawn spectator!
[2014.07.02-11.50.42:784][532]LogNet: PlayerController_24 setplayer LocalPlayer_9
[2014.07.02-11.50.42:784][532]LogPlayerController: ClientRestart_Implementation None
[2014.07.02-11.50.42:798][533]LogNetPackageMap:Warning: UPackageMapClient::SupportsObject /Game/UEDPIE_1_Jam.Jam:PersistentLevel.CharacterBP_C_9.CharacterMesh0.MaterialInstanceDynamic_114 NOT Supported.Not RF_WasLoaded. NetGUID: <0>
[2014.07.02-11.50.42:798][533]LogNetPackageMap:Warning:    
[2014.07.02-11.50.42:798][533]LogNetPackageMap:Warning: UPackageMapClient::SupportsObject /Game/UEDPIE_1_Jam.Jam:PersistentLevel.CharacterBP_C_10.CharacterMesh0.MaterialInstanceDynamic_116 NOT Supported.Not RF_WasLoaded. NetGUID: <0>
[2014.07.02-11.50.42:798][533]LogNetPackageMap:Warning:    
[2014.07.02-11.50.42:823][535]LogPlayerController: Spawned spectator SpectatorPawn_12 [server:0]
[2014.07.02-11.50.42:823][535]LogScript:Warning: Accessed None 'CallFunc_GetPlayerCharacter_ReturnValue'
	CharacterBP_C /Game/UEDPIE_2_Jam.Jam:PersistentLevel.CharacterBP_C_11
	Function /Game/Assets/Character/CharacterBP.CharacterBP_C:ExecuteUbergraph_CharacterBP:0692
[2014.07.02-11.50.42:824][535]PIE:Error: Error Accessed None 'CallFunc_GetPlayerCharacter_ReturnValue' from node Set with Notify DynamicMaterial in blueprint CharacterBP
[2014.07.02-11.50.42:824][535]LogScript:Warning: Accessed None 'CallFunc_GetPlayerCharacter_ReturnValue'
	CharacterBP_C /Game/UEDPIE_2_Jam.Jam:PersistentLevel.CharacterBP_C_12
	Function /Game/Assets/Character/CharacterBP.CharacterBP_C:ExecuteUbergraph_CharacterBP:0692
[2014.07.02-11.50.42:824][535]PIE:Error: Error Accessed None 'CallFunc_GetPlayerCharacter_ReturnValue' from node Set with Notify DynamicMaterial in blueprint CharacterBP
[2014.07.02-11.50.42:834][536]LogScript:Warning: Accessed None 'CallFunc_GetPlayerCharacter_ReturnValue'
	CharacterBP_C /Game/UEDPIE_2_Jam.Jam:PersistentLevel.CharacterBP_C_11
	Function /Game/Assets/Character/CharacterBP.CharacterBP_C:ExecuteUbergraph_CharacterBP:0692
[2014.07.02-11.50.42:834][536]PIE:Error: Error Accessed None 'CallFunc_GetPlayerCharacter_ReturnValue' from node Set with Notify DynamicMaterial in blueprint CharacterBP
[2014.07.02-11.50.42:834][536]LogScript:Warning: Accessed None 'CallFunc_GetPlayerCharacter_ReturnValue'
	CharacterBP_C /Game/UEDPIE_2_Jam.Jam:PersistentLevel.CharacterBP_C_12
	Function /Game/Assets/Character/CharacterBP.CharacterBP_C:ExecuteUbergraph_CharacterBP:0692
[2014.07.02-11.50.42:834][536]PIE:Error: Error Accessed None 'CallFunc_GetPlayerCharacter_ReturnValue' from node Set with Notify DynamicMaterial in blueprint CharacterBP
[2014.07.02-11.50.42:844][537]LogScript:Warning: Accessed None 'CallFunc_GetPlayerCharacter_ReturnValue'
	CharacterBP_C /Game/UEDPIE_2_Jam.Jam:PersistentLevel.CharacterBP_C_11
	Function /Game/Assets/Character/CharacterBP.CharacterBP_C:ExecuteUbergraph_CharacterBP:0692
[2014.07.02-11.50.42:845][537]PIE:Error: Error Accessed None 'CallFunc_GetPlayerCharacter_ReturnValue' from node Set with Notify DynamicMaterial in blueprint CharacterBP
[2014.07.02-11.50.42:845][537]LogScript:Warning: Accessed None 'CallFunc_GetPlayerCharacter_ReturnValue'
	CharacterBP_C /Game/UEDPIE_2_Jam.Jam:PersistentLevel.CharacterBP_C_12
	Function /Game/Assets/Character/CharacterBP.CharacterBP_C:ExecuteUbergraph_CharacterBP:0692
[2014.07.02-11.50.42:845][537]PIE:Error: Error Accessed None 'CallFunc_GetPlayerCharacter_ReturnValue' from node Set with Notify DynamicMaterial in blueprint CharacterBP
[2014.07.02-11.50.42:974][546]LogPlayerController: ClientRetryClientRestart_Implementation CharacterBP_C_12, AcknowledgedPawn: None
[2014.07.02-11.50.42:974][546]LogPlayerController: ClientRestart_Implementation CharacterBP_C_12
[2014.07.02-11.50.42:988][547]LogPlayerController: ServerAcknowledgePossession_Implementation CharacterBP_C_10
[2014.07.02-11.50.48:005][877]LogBlueprintUserMessages: Server: Un-named character can now fly !
[2014.07.02-11.50.49:280][959]LogBlueprintUserMessages: Server: Un-named character can walk through walls...
[2014.07.02-11.50.49:297][960]LogNetPackageMap:Warning: UPackageMapClient::SupportsObject /Game/UEDPIE_1_Jam.Jam:PersistentLevel.CharacterBP_C_10.CharacterMesh0.MaterialInstanceDynamic_119 NOT Supported.Not RF_WasLoaded. NetGUID: <0>
[2014.07.02-11.50.49:297][960]LogNetPackageMap:Warning:    
[2014.07.02-11.51.42:883][543]LogBlueprintUserMessages: Server: Un-named character  has stopped walking through walls
[2014.07.02-11.51.42:901][544]LogNetPackageMap:Warning: UPackageMapClient::SupportsObject /Game/UEDPIE_1_Jam.Jam:PersistentLevel.CharacterBP_C_10.CharacterMesh0.MaterialInstanceDynamic_121 NOT Supported.Not RF_WasLoaded. NetGUID: <0>
[2014.07.02-11.51.42:901][544]LogNetPackageMap:Warning:    
[2014.07.02-11.51.44:791][678]LogBlueprintUserMessages: Server: Un-named character  has stopped flying!
[2014.07.02-11.51.53:166][256]LogNet: UChannel::CleanUp: [GameNetDriver] [PlayerController_23] [PlayerController_23]. ChIndex == 0. Closing connection.
[2014.07.02-11.51.53:166][256]LogNet: UNetConnection::Close: Name: IpConnection_9, Driver: GameNetDriver IpNetDriver_8, PC: PlayerController_23, Owner: PlayerController_23, Channels: 9, RemoteAddr: 127.0.0.1:61554, Time: 2014.07.02-11.51.53
[2014.07.02-11.51.53:166][256]LogNet: UChannel::Close: Sending CloseBunch. ChIndex == 0. Name: ControlChannel_9
[2014.07.02-11.51.53:166][256]LogNet: UChannel::CleanUp: [GameNetDriver] [PlayerController_24] [PlayerController_24]. ChIndex == 0. Closing connection.
[2014.07.02-11.51.53:166][256]LogNet: UNetConnection::Close: Name: IpConnection_8, Driver: GameNetDriver IpNetDriver_9, PC: PlayerController_24, Owner: PlayerController_24, Channels: 9, RemoteAddr: 127.0.0.1:7777, Time: 2014.07.02-11.51.53
[2014.07.02-11.51.53:166][256]LogNet: UChannel::Close: Sending CloseBunch. ChIndex == 0. Name: ControlChannel_8
[2014.07.02-11.51.53:172][256]LogExit: GameNetDriver None shut down
[2014.07.02-11.51.53:172][256]LogExit: GameNetDriver None shut down
[2014.07.02-11.51.53:172][256]LogParticles: Destroying 0 GPU particle simulations for FXSystem 0x0000000020A65C60
[2014.07.02-11.51.53:183][256]LogParticles: Destroying 0 GPU particle simulations for FXSystem 0x0000000020A645E0
[2014.07.02-11.51.54:944][318]LogSavePackage: Save=91.246590ms
[2014.07.02-11.51.54:944][318]LogSavePackage: Moving '../../../../../../Users/takamatsu/Documents/Unreal Projects/DigitalJamSession/Saved/Jam0C27A3E84323690E3E5E77A7E477AD47.tmp' to '../../../../../../Users/takamatsu/Documents/Unreal Projects/DigitalJamSession/Content/Jam.umap'
[2014.07.02-11.52.02:597][628]LogSavePackage: Save=95.310341ms
[2014.07.02-11.52.02:597][628]LogSavePackage: Moving '../../../../../../Users/takamatsu/Documents/Unreal Projects/DigitalJamSession/Saved/CharacterBPAFCA26CE48E4625228C987810639E212.tmp' to '../../../../../../Users/takamatsu/Documents/Unreal Projects/DigitalJamSession/Content/Assets/Character/CharacterBP.uasset'
[2014.07.02-11.53.04:853][691]LogEpicStorage:Warning: ReadFile request failed. File request already pending for filename=http://cdn.unrealengine.com/newsfeed/blueprint_icon_b.png
[2014.07.02-11.53.04:855][691]LogEpicStorage:Warning: ReadFile request failed. File request already pending for filename=http://cdn.unrealengine.com/newsfeed/blueprint_icon_b.png
[2014.07.02-11.54.20:020][ 11]LogActorComponent: UnregisterComponent: (/Engine/Transient.CharacterMovementComponent_13) Not registered. Aborting.
[2014.07.02-11.54.20:033][ 11]LogParticles: Destroying 0 GPU particle simulations for FXSystem 0x0000000022B1B740
[2014.07.02-11.54.21:526][ 11]LogSavePackage: Save=101.042114ms
[2014.07.02-11.54.21:526][ 11]LogSavePackage: Moving '../../../../../../Users/takamatsu/Documents/Unreal Projects/DigitalJamSession/Saved/CharacterBPE75C1AFB4DA869516773B2B8034AEC78.tmp' to '../../../../../../Users/takamatsu/Documents/Unreal Projects/DigitalJamSession/Content/Assets/Character/CharacterBP.uasset'
[2014.07.02-11.54.21:838][ 12]Cmd: QUIT_EDITOR
[2014.07.02-11.54.21:906][ 12]LogWindowsTextInputMethodSystem:Error: Terminating failed while unadvising the language notification sink from the TSF source.
[2014.07.02-11.54.21:907][ 12]LogExit: Preparing to exit.
[2014.07.02-11.54.22:539][ 12]LogExit: Editor shut down
[2014.07.02-11.54.22:539][ 12]LogExit: Transaction tracking system shut down
[2014.07.02-11.54.22:541][ 12]LogParticles: Destroying 0 GPU particle simulations for FXSystem 0x00000000101C32E0
[2014.07.02-11.54.22:541][ 12]LogParticles: Destroying 0 GPU particle simulations for FXSystem 0x000000000EEECAE0
[2014.07.02-11.54.22:542][ 12]LogParticles: Destroying 0 GPU particle simulations for FXSystem 0x000000000F9659E0
[2014.07.02-11.54.22:542][ 12]LogParticles: Destroying 0 GPU particle simulations for FXSystem 0x000000000EC4BBA0
[2014.07.02-11.54.22:542][ 12]LogParticles: Destroying 0 GPU particle simulations for FXSystem 0x000000000EC4B600
[2014.07.02-11.54.22:542][ 12]LogParticles: Destroying 0 GPU particle simulations for FXSystem 0x000000000EC4BF60
[2014.07.02-11.54.22:569][ 12]LogExit: Object subsystem successfully closed.
[2014.07.02-11.54.22:633][ 12]LogModuleManager: Shutting down and abandoning module MaterialEditor (164)
[2014.07.02-11.54.22:633][ 12]LogModuleManager: Shutting down and abandoning module AndroidDeviceDetection (163)
[2014.07.02-11.54.22:633][ 12]LogModuleManager: Shutting down and abandoning module CrashTracker (162)
[2014.07.02-11.54.22:633][ 12]LogModuleManager: Shutting down and abandoning module HTTP (161)
[2014.07.02-11.54.22:634][ 12]LogModuleManager: Shutting down and abandoning module NewsFeed (160)
[2014.07.02-11.54.22:634][ 12]LogModuleManager: Shutting down and abandoning module SceneOutliner (159)
[2014.07.02-11.54.22:634][ 12]LogModuleManager: Shutting down and abandoning module EditorWidgets (158)
[2014.07.02-11.54.22:634][ 12]LogModuleManager: Shutting down and abandoning module CollectionManager (157)
[2014.07.02-11.54.22:634][ 12]LogModuleManager: Shutting down and abandoning module StatsViewer (156)
[2014.07.02-11.54.22:634][ 12]LogModuleManager: Shutting down and abandoning module FoliageEdit (155)
[2014.07.02-11.54.22:634][ 12]LogModuleManager: Shutting down and abandoning module LandscapeEditor (154)
[2014.07.02-11.54.22:639][ 12]LogModuleManager: Shutting down and abandoning module MeshPaint (153)
[2014.07.02-11.54.22:639][ 12]LogModuleManager: Shutting down and abandoning module ActorPickerMode (152)
[2014.07.02-11.54.22:639][ 12]LogModuleManager: Shutting down and abandoning module GeometryMode (151)
[2014.07.02-11.54.22:639][ 12]LogModuleManager: Shutting down and abandoning module TextureAlignMode (150)
[2014.07.02-11.54.22:639][ 12]LogModuleManager: Shutting down and abandoning module BspMode (149)
[2014.07.02-11.54.22:639][ 12]LogModuleManager: Shutting down and abandoning module PlacementMode (148)
[2014.07.02-11.54.22:640][ 12]LogModuleManager: Shutting down and abandoning module AutomationWorker (147)
[2014.07.02-11.54.22:640][ 12]LogModuleManager: Shutting down and abandoning module ViewportSnapping (146)
[2014.07.02-11.54.22:640][ 12]LogModuleManager: Shutting down and abandoning module DeviceProfileEditor (145)
[2014.07.02-11.54.22:640][ 12]LogModuleManager: Shutting down and abandoning module UndoHistory (144)
[2014.07.02-11.54.22:640][ 12]LogModuleManager: Shutting down and abandoning module GameplayTagsEditor (143)
[2014.07.02-11.54.22:640][ 12]LogModuleManager: Shutting down and abandoning module UserFeedback (142)
[2014.07.02-11.54.22:640][ 12]LogModuleManager: Shutting down and abandoning module XmlParser (141)
[2014.07.02-11.54.22:640][ 12]LogModuleManager: Shutting down and abandoning module Blutility (140)
[2014.07.02-11.54.22:640][ 12]LogModuleManager: Shutting down and abandoning module AndroidPlatformEditor (137)
[2014.07.02-11.54.22:640][ 12]LogModuleManager: Shutting down and abandoning module AndroidRuntimeSettings (136)
[2014.07.02-11.54.22:640][ 12]LogModuleManager: Shutting down and abandoning module ProjectSettingsViewer (135)
[2014.07.02-11.54.22:640][ 12]LogModuleManager: Shutting down and abandoning module InputBindingEditor (134)
[2014.07.02-11.54.22:640][ 12]LogModuleManager: Shutting down and abandoning module EditorSettingsViewer (133)
[2014.07.02-11.54.22:640][ 12]LogModuleManager: Shutting down and abandoning module SettingsEditor (132)
[2014.07.02-11.54.22:640][ 12]LogModuleManager: Shutting down and abandoning module SessionLauncher (131)
[2014.07.02-11.54.22:640][ 12]LogModuleManager: Shutting down and abandoning module SessionFrontend (130)
[2014.07.02-11.54.22:640][ 12]LogModuleManager: Shutting down and abandoning module ProfilerClient (129)
[2014.07.02-11.54.22:640][ 12]LogModuleManager: Shutting down and abandoning module TargetDeviceServices (128)
[2014.07.02-11.54.22:640][ 12]LogModuleManager: Shutting down and abandoning module DeviceManager (127)
[2014.07.02-11.54.22:640][ 12]LogModuleManager: Shutting down and abandoning module AutomationController (126)
[2014.07.02-11.54.22:640][ 12]LogModuleManager: Shutting down and abandoning module AutomationWindow (125)
[2014.07.02-11.54.22:640][ 12]LogModuleManager: Shutting down and abandoning module Layers (124)
[2014.07.02-11.54.22:641][ 12]LogModuleManager: Shutting down and abandoning module ComponentVisualizers (123)
[2014.07.02-11.54.22:641][ 12]LogModuleManager: Shutting down and abandoning module DetailCustomizations (122)
[2014.07.02-11.54.22:641][ 12]LogModuleManager: Shutting down and abandoning module PackagesDialog (121)
[2014.07.02-11.54.22:641][ 12]LogModuleManager: Shutting down and abandoning module PropertyEditor (120)
[2014.07.02-11.54.22:641][ 12]LogModuleManager: Shutting down and abandoning module DirectoryWatcher (119)
[2014.07.02-11.54.22:641][ 12]LogModuleManager: Shutting down and abandoning module AssetRegistry (118)
[2014.07.02-11.54.22:739][ 12]LogModuleManager: Shutting down and abandoning module Persona (117)
[2014.07.02-11.54.22:739][ 12]LogModuleManager: Shutting down and abandoning module GraphEditor (116)
[2014.07.02-11.54.22:739][ 12]LogModuleManager: Shutting down and abandoning module ContentBrowser (115)
[2014.07.02-11.54.22:739][ 12]LogModuleManager: Shutting down and abandoning module ClassViewer (114)
[2014.07.02-11.54.22:739][ 12]LogModuleManager: Shutting down and abandoning module Toolbox (113)
[2014.07.02-11.54.22:739][ 12]LogModuleManager: Shutting down and abandoning module ModuleUI (112)
[2014.07.02-11.54.22:739][ 12]LogModuleManager: Shutting down and abandoning module Sequencer (111)
[2014.07.02-11.54.22:739][ 12]LogModuleManager: Shutting down and abandoning module AssetTools (110)
[2014.07.02-11.54.22:739][ 12]LogModuleManager: Shutting down and abandoning module MovieSceneTools (109)
[2014.07.02-11.54.22:739][ 12]LogModuleManager: Shutting down and abandoning module OutputLog (108)
[2014.07.02-11.54.22:739][ 12]LogModuleManager: Shutting down and abandoning module GammaUI (107)
[2014.07.02-11.54.22:739][ 12]LogModuleManager: Shutting down and abandoning module Documentation (106)
[2014.07.02-11.54.22:739][ 12]LogModuleManager: Shutting down and abandoning module StreamingPauseRendering (105)
[2014.07.02-11.54.22:739][ 12]LogModuleManager: Shutting down and abandoning module AnalyticsET (104)
[2014.07.02-11.54.22:739][ 12]LogModuleManager: Shutting down and abandoning module Analytics (103)
[2014.07.02-11.54.22:739][ 12]LogModuleManager: Shutting down and abandoning module ProfilerService (102)
[2014.07.02-11.54.22:814][ 12]LogModuleManager: Shutting down and abandoning module TaskGraph (101)
[2014.07.02-11.54.22:814][ 12]LogModuleManager: Shutting down and abandoning module GameProjectGeneration (100)
[2014.07.02-11.54.22:814][ 12]LogModuleManager: Shutting down and abandoning module Matinee (99)
[2014.07.02-11.54.22:814][ 12]LogModuleManager: Shutting down and abandoning module Kismet (98)
[2014.07.02-11.54.22:814][ 12]LogModuleManager: Shutting down and abandoning module SlateReflector (97)
[2014.07.02-11.54.22:814][ 12]LogModuleManager: Shutting down and abandoning module LevelEditor (96)
[2014.07.02-11.54.22:815][ 12]LogModuleManager: Shutting down and abandoning module MainFrame (95)
[2014.07.02-11.54.22:815][ 12]LogModuleManager: Shutting down and abandoning module SourceControl (94)
[2014.07.02-11.54.22:815][ 12]LogModuleManager: Shutting down and abandoning module ImageWrapper (93)
[2014.07.02-11.54.22:815][ 12]LogModuleManager: Shutting down and abandoning module OnlineBlueprintSupport (92)
[2014.07.02-11.54.22:815][ 12]LogModuleManager: Shutting down and abandoning module FunctionalTesting (91)
[2014.07.02-11.54.22:815][ 12]LogModuleManager: Shutting down and abandoning module CollisionAnalyzer (90)
[2014.07.02-11.54.22:815][ 12]LogModuleManager: Shutting down and abandoning module WorkspaceMenuStructure (89)
[2014.07.02-11.54.22:815][ 12]LogModuleManager: Shutting down and abandoning module MessageLog (88)
[2014.07.02-11.54.22:815][ 12]LogModuleManager: Shutting down and abandoning module Slate (87)
[2014.07.02-11.54.22:815][ 12]LogModuleManager: Shutting down and abandoning module EditorStyle (86)
[2014.07.02-11.54.22:817][ 12]LogModuleManager: Shutting down and abandoning module SessionServices (85)
[2014.07.02-11.54.22:817][ 12]LogModuleManager: Shutting down and abandoning module Messaging (84)
[2014.07.02-11.54.22:817][ 12]LogModuleManager: Shutting down and abandoning module SourceCodeAccess (83)
[2014.07.02-11.54.22:817][ 12]LogModuleManager: Shutting down and abandoning module HeadMountedDisplay (82)
[2014.07.02-11.54.22:817][ 12]LogModuleManager: Shutting down and abandoning module XAudio2 (81)
[2014.07.02-11.54.22:817][ 12]LogModuleManager: Shutting down and abandoning module Networking (79)
[2014.07.02-11.54.22:817][ 12]LogModuleManager: Shutting down and abandoning module Core (78)
[2014.07.02-11.54.22:817][ 12]LogModuleManager: Shutting down and abandoning module KismetCompiler (77)
[2014.07.02-11.54.22:817][ 12]LogModuleManager: Shutting down and abandoning module PhysXFormats (76)
[2014.07.02-11.54.22:817][ 12]LogModuleManager: Shutting down and abandoning module SimplygonMeshReduction (75)
[2014.07.02-11.54.22:817][ 12]LogModuleManager: Shutting down and abandoning module MeshUtilities (74)
[2014.07.02-11.54.22:817][ 12]LogModuleManager: Shutting down and abandoning module DerivedDataCache (73)
[2014.07.02-11.54.22:879][ 12]LogDerivedDataCache: Shutdown
[2014.07.02-11.54.22:879][ 12]LogModuleManager: Shutting down and abandoning module ShaderFormatOpenGL (72)
[2014.07.02-11.54.22:879][ 12]LogModuleManager: Shutting down and abandoning module ShaderFormatD3D (71)
[2014.07.02-11.54.22:879][ 12]LogModuleManager: Shutting down and abandoning module TextureFormatUncompressed (70)
[2014.07.02-11.54.22:879][ 12]LogModuleManager: Shutting down and abandoning module TextureFormatPVR (69)
[2014.07.02-11.54.22:879][ 12]LogModuleManager: Shutting down and abandoning module TextureFormatDXT (68)
[2014.07.02-11.54.22:879][ 12]LogModuleManager: Shutting down and abandoning module TextureFormatAndroid (67)
[2014.07.02-11.54.22:879][ 12]LogModuleManager: Shutting down and abandoning module AudioFormatOpus (66)
[2014.07.02-11.54.22:879][ 12]LogModuleManager: Shutting down and abandoning module AudioFormatOgg (65)
[2014.07.02-11.54.22:879][ 12]LogModuleManager: Shutting down and abandoning module AudioFormatADPCM (64)
[2014.07.02-11.54.22:879][ 12]LogModuleManager: Shutting down and abandoning module Android_PVRTCTargetPlatform (63)
[2014.07.02-11.54.22:879][ 12]LogModuleManager: Shutting down and abandoning module Android_ETC2TargetPlatform (62)
[2014.07.02-11.54.22:879][ 12]LogModuleManager: Shutting down and abandoning module Android_ETC1TargetPlatform (61)
[2014.07.02-11.54.22:879][ 12]LogModuleManager: Shutting down and abandoning module Android_DXTTargetPlatform (60)
[2014.07.02-11.54.22:879][ 12]LogModuleManager: Shutting down and abandoning module Android_ATCTargetPlatform (59)
[2014.07.02-11.54.22:879][ 12]LogModuleManager: Shutting down and abandoning module AndroidTargetPlatform (58)
[2014.07.02-11.54.22:879][ 12]LogModuleManager: Shutting down and abandoning module WindowsTargetPlatform (57)
[2014.07.02-11.54.22:879][ 12]LogModuleManager: Shutting down and abandoning module WindowsServerTargetPlatform (56)
[2014.07.02-11.54.22:879][ 12]LogModuleManager: Shutting down and abandoning module WindowsNoEditorTargetPlatform (55)
[2014.07.02-11.54.22:879][ 12]LogModuleManager: Shutting down and abandoning module WindowsClientTargetPlatform (54)
[2014.07.02-11.54.22:879][ 12]LogModuleManager: Shutting down and abandoning module TargetPlatform (53)
[2014.07.02-11.54.22:879][ 12]LogModuleManager: Shutting down and abandoning module InputCore (52)
[2014.07.02-11.54.22:879][ 12]LogModuleManager: Shutting down and abandoning module Settings (51)
[2014.07.02-11.54.22:879][ 12]LogModuleManager: Shutting down and abandoning module TextureCompressor (48)
[2014.07.02-11.54.22:879][ 12]LogModuleManager: Shutting down and abandoning module ShaderCore (47)
[2014.07.02-11.54.22:879][ 12]LogModuleManager: Shutting down and abandoning module OpenGLDrv (46)
[2014.07.02-11.54.22:879][ 12]LogModuleManager: Shutting down and abandoning module D3D11RHI (45)
[2014.07.02-11.54.22:879][ 12]LogModuleManager: Shutting down and abandoning module SlateRHIRenderer (44)
[2014.07.02-11.54.22:879][ 12]LogModuleManager: Shutting down and abandoning module Renderer (43)
[2014.07.02-11.54.22:879][ 12]LogModuleManager: Shutting down and abandoning module Engine (42)
[2014.07.02-11.54.22:879][ 12]LogModuleManager: Shutting down and abandoning module SlateRemote (41)
[2014.07.02-11.54.22:879][ 12]LogModuleManager: Shutting down and abandoning module ScriptPlugin (40)
[2014.07.02-11.54.22:879][ 12]LogModuleManager: Shutting down and abandoning module ScriptEditorPlugin (38)
[2014.07.02-11.54.22:879][ 12]LogModuleManager: Shutting down and abandoning module WindowsMoviePlayer (37)
[2014.07.02-11.54.22:882][ 12]LogModuleManager: Shutting down and abandoning module ExampleDeviceProfileSelector (32)
[2014.07.02-11.54.22:882][ 12]LogModuleManager: Shutting down and abandoning module CustomMeshComponent (31)
[2014.07.02-11.54.22:882][ 12]LogModuleManager: Shutting down and abandoning module CableComponent (30)
[2014.07.02-11.54.22:882][ 12]LogModuleManager: Shutting down and abandoning module OculusRift (26)
[2014.07.02-11.54.22:882][ 12]LogModuleManager: Shutting down and abandoning module UdpMessaging (25)
[2014.07.02-11.54.22:982][ 12]LogModuleManager: Shutting down and abandoning module MessagingDebugger (24)
[2014.07.02-11.54.22:982][ 12]LogModuleManager: Shutting down and abandoning module PluginsEditor (14)
[2014.07.02-11.54.22:982][ 12]LogModuleManager: Shutting down and abandoning module IntroTutorials (13)
[2014.07.02-11.54.22:982][ 12]LogModuleManager: Shutting down and abandoning module EpicSurvey (12)
[2014.07.02-11.54.22:982][ 12]LogModuleManager: Shutting down and abandoning module VisualStudioSourceCodeAccess (10)
[2014.07.02-11.54.22:982][ 12]LogModuleManager: Shutting down and abandoning module UObjectPlugin (9)
[2014.07.02-11.54.22:982][ 12]LogModuleManager: Shutting down and abandoning module SubversionSourceControl (8)
[2014.07.02-11.54.22:982][ 12]LogModuleManager: Shutting down and abandoning module PerforceSourceControl (7)
[2014.07.02-11.54.22:982][ 12]LogModuleManager: Shutting down and abandoning module BlankPlugin (6)
[2014.07.02-11.54.22:982][ 12]LogModuleManager: Shutting down and abandoning module CoreUObject (5)
[2014.07.02-11.54.22:982][ 12]LogModuleManager: Shutting down and abandoning module NetworkFile (4)
[2014.07.02-11.54.22:982][ 12]LogModuleManager: Shutting down and abandoning module StreamingFile (3)
[2014.07.02-11.54.22:982][ 12]LogModuleManager: Shutting down and abandoning module SandboxFile (2)
[2014.07.02-11.54.22:982][ 12]LogModuleManager: Shutting down and abandoning module PakFile (1)
[2014.07.02-11.54.22:982][ 12]LogExit: Exiting.
[2014.07.02-11.54.22:986][ 12]Log file closed, 07/02/14 21:54:22
