Log file open, 06/14/14 16:06:10
LogInit:Display: Running engine for game: DigitalJamSession
LogInit: Version: 4.2.0-2092659+++depot+UE4-Releases+4.2
LogInit: Compiled (64-bit): Jun  3 2014 00:56:21
LogInit: Build Configuration: Development
LogInit: Branch Name: ++depot+UE4-Releases+4.2
LogInit: Command line: 
LogInit: Base directory: C:/Program Files/Unreal Engine/4.2/Engine/Binaries/Win64/
LogInit: Rocket: 1
[2014.06.14-06.06.10:689][  0]LogTaskGraph: Started task graph with 3 named threads and 4 total threads.
[2014.06.14-06.06.10:722][  0]LogOnline:Warning: No default platform service specified for OnlineSubsystem
[2014.06.14-06.06.10:759][  0]LogInit: Presizing for 0 objects not considered by GC, pre-allocating 0 bytes.
[2014.06.14-06.06.10:768][  0]LogInit: Object subsystem initialized
[2014.06.14-06.06.10:770][  0]LogInit: Selected Device Profile: [Windows]
[2014.06.14-06.06.10:770][  0]LogInit: Applying CVar settings loaded from the selected device profile: [Windows]
[2014.06.14-06.06.10:778][  0]LogInit: Computer: VIZREALPC
[2014.06.14-06.06.10:779][  0]LogInit: User: Jonno
[2014.06.14-06.06.10:780][  0]LogInit: CPU Page size=4096, Cores=2
[2014.06.14-06.06.10:780][  0]LogInit: High frequency timer resolution =3.989538 MHz
[2014.06.14-06.06.10:780][  0]LogMemory: Memory total: Physical=16.0GB (16GB approx) Virtual=131072.0GB
[2014.06.14-06.06.10:780][  0]LogMemory: Platform Memory Stats for Windows
[2014.06.14-06.06.10:780][  0]LogMemory: Process Physical Memory: 53.20 MB used, 53.20 MB peak
[2014.06.14-06.06.10:780][  0]LogMemory: Process Virtual Memory: 29.50 MB used, 29.50 MB peak
[2014.06.14-06.06.10:780][  0]LogMemory: Physical Memory: 5096.89 MB used, 16367.23 MB total
[2014.06.14-06.06.10:780][  0]LogMemory: Virtual Memory: 242.44 MB used, 134217728.00 MB total
[2014.06.14-06.06.10:897][  0]LogD3D11RHI: Found D3D11 adapter 0: NVIDIA GeForce GTX 660   (Feature Level 11_0)
[2014.06.14-06.06.10:897][  0]LogD3D11RHI: Adapter has 1989MB of dedicated video memory, 0MB of dedicated system memory, and 2048MB of shared system memory, 1 output[s]
[2014.06.14-06.06.10:898][  0]LogD3D11RHI: Found D3D11 adapter 1: Microsoft Basic Render Driver (Feature Level 11_0)
[2014.06.14-06.06.10:898][  0]LogD3D11RHI: Adapter has 0MB of dedicated video memory, 0MB of dedicated system memory, and 256MB of shared system memory, 0 output[s]
[2014.06.14-06.06.10:898][  0]LogD3D11RHI: Chosen D3D11 Adapter Id = 0
[2014.06.14-06.06.10:904][  0]LogRHI: Texture pool is 1361 MB (70% of 1945 MB)
[2014.06.14-06.06.10:920][  0]LogD3D11RHI: Async texture creation enabled
[2014.06.14-06.06.11:183][  0]LogContentStreaming: Texture pool size is 0.000000MB
[2014.06.14-06.06.12:357][  0]LogTargetPlatformManager:Display: Building Assets For Windows
[2014.06.14-06.06.12:592][  0]LogTargetPlatformManager:Display: Building Assets For Windows
[2014.06.14-06.06.12:650][  0]LogDerivedDataCache:Display: Max Cache Size: 512 MB
[2014.06.14-06.06.12:722][  0]LogDerivedDataCache: Loaded boot cache 0.07s 39MB C:/Users/Jonno/AppData/Local/UnrealEngine/4.2/DerivedDataCache/Boot.ddc.
[2014.06.14-06.06.12:722][  0]LogDerivedDataCache:Display: Loaded Boot cache: C:/Users/Jonno/AppData/Local/UnrealEngine/4.2/DerivedDataCache/Boot.ddc
[2014.06.14-06.06.12:723][  0]LogDerivedDataCache: FDerivedDataBackendGraph:  Pak pak cache file ../../../../../../Users/Jonno/Documents/GitHub/DigitalJamSession/DerivedDataCache/DDC.ddp not found, will not use a pak cache.
[2014.06.14-06.06.12:723][  0]LogDerivedDataCache: Unable to find inner node Pak for hierarchical cache Hierarchy.
[2014.06.14-06.06.12:734][  0]LogDerivedDataCache:Display: Pak cache opened for reading ../../../Engine/DerivedDataCache/DDC.ddp.
[2014.06.14-06.06.12:747][  0]LogDerivedDataCache: Using Local data cache path C:/Users/Jonno/AppData/Local/UnrealEngine/4.2/DerivedDataCache: Writable
[2014.06.14-06.06.13:022][  0]LogMeshUtilities: No automatic mesh reduction module available
[2014.06.14-06.06.13:022][  0]LogMeshUtilities: No automatic mesh merging module available
[2014.06.14-06.06.13:487][  0]LogInit: WinSock: version 1.1 (2.2), MaxSocks=32767, MaxUdp=65467
[2014.06.14-06.06.14:148][  0]LogStreaming:Warning: Failed to read file '../../../Engine/Content/Editor/Slate/Icons/ActorIcons/GroupActor_16x.png' error.
[2014.06.14-06.06.14:148][  0]LogSlate: Could not find file for Slate resource: ../../../Engine/Content/Editor/Slate/Icons/ActorIcons/GroupActor_16x.png
[2014.06.14-06.06.14:154][  0]LogStreaming:Warning: Failed to read file '../../../Engine/Content/Editor/Slate/Icons/ActorIcons/DecalActor_16x.png' error.
[2014.06.14-06.06.14:154][  0]LogSlate: Could not find file for Slate resource: ../../../Engine/Content/Editor/Slate/Icons/ActorIcons/DecalActor_16x.png
[2014.06.14-06.06.14:567][  0]UdpMessaging: Initializing bridge on interface 0.0.0.0:0 to multicast group 230.0.0.1:6666.
[2014.06.14-06.06.14:731][  0]SourceControl: Info Source control is disabled
[2014.06.14-06.06.14:731][  0]SourceControl: Info Source control is disabled
[2014.06.14-06.06.14:739][  0]SourceControl: Info Source control is disabled
[2014.06.14-06.06.14:977][  0]BlueprintLog: New page: Editor Load
[2014.06.14-06.06.15:127][  0]LogObj: 19136 objects as part of root set at end of initial load.
[2014.06.14-06.06.15:127][  0]LogUObjectAllocator: 3804648 out of 0 bytes used by permanent object pool.
[2014.06.14-06.06.15:596][  0]LogEngine: Initializing Engine...
[2014.06.14-06.06.15:738][  0]LogInit: XAudio2 using 'Speakers (Realtek High Definition Audio)' : 2 channels at 48 kHz using 32 bits per sample (channel mask 0x3)
[2014.06.14-06.06.15:761][  0]LogInit: FAudioDevice initialized.
[2014.06.14-06.06.15:807][  0]LogDerivedDataCache: Saved boot cache 0.04s 39MB C:/Users/Jonno/AppData/Local/UnrealEngine/4.2/DerivedDataCache/Boot.ddc.
[2014.06.14-06.06.15:816][  0]LogInit: Texture streaming: Enabled
[2014.06.14-06.06.15:871][  0]LogInit: Transaction tracking system initialized
[2014.06.14-06.06.16:169][  0]LogAssetRegistry: FAssetRegistry took 0.0113 seconds to start up
[2014.06.14-06.06.16:628][  0]LogModuleManager:Warning: ModuleManager: Unable to load module '' because the file was not found.
[2014.06.14-06.06.16:636][  0]LogModuleManager:Warning: ModuleManager: Unable to load module '' because the file was not found.
[2014.06.14-06.06.16:756][  0]LogConsoleResponse:Display: 
[2014.06.14-06.06.17:133][  0]SourceControl: Info Source control is disabled
[2014.06.14-06.06.17:133][  0]Cmd: MAP LOAD FILE="../../../../../../Users/Jonno/Documents/GitHub/DigitalJamSession/Content/Jam.umap" TEMPLATE=0 SHOWPROGRESS=1 WORLDCOMPOSITION=0
[2014.06.14-06.06.17:133][  0]LightingResults: New page: Lighting Build
[2014.06.14-06.06.17:144][  0]MapCheck: New page: Map Check
[2014.06.14-06.06.17:144][  0]LightingResults: New page: Lighting Build
[2014.06.14-06.06.17:160][  0]LogParticles: Destroying 0 GPU particle simulations for FXSystem 0x000000979ED21580
[2014.06.14-06.06.17:355][  0]LogEditorServer: Finished looking for orphan Actors (0.000 secs)
[2014.06.14-06.06.17:356][  0]Cmd: MAP CHECKDEP
[2014.06.14-06.06.17:356][  0]MapCheck: New page: Jam - 15/06/2014 2:06:17 am
[2014.06.14-06.06.17:436][  0]MapCheck: Info ========== Map Check: 0 Error(s), 0 Warning(s), [80.523ms] ==========
[2014.06.14-06.06.17:436][  0]LogFileHelpers: Loading map 'Jam' took 0.304
[2014.06.14-06.06.17:618][  0]LogCollectionManager: Loaded 0 collections in 0.001726 seconds
[2014.06.14-06.06.17:769][  0]LogCrashTracker: Crashtracker disabled due to settings.
[2014.06.14-06.06.17:769][  0]Cmd: MODE PLACEMENT
[2014.06.14-06.06.17:812][  0]LogLoad: Full Startup: 8.25 seconds (BP compile: 0.07 seconds)
[2014.06.14-06.06.17:824][  0]LogContentBrowser:Verbose: The content browser source was changed by the sources view to '/Game/Assets/Character'
[2014.06.14-06.06.17:997][  0]LogRenderer:Warning: Reallocating scene render targets to support 912x872.
[2014.06.14-06.06.18:174][  1]LogAssetRegistry: Asset discovery search completed in 2.0171 seconds
[2014.06.14-06.06.18:294][  2]LogEpicStorage:Warning: EnumerateFiles request failed. Invalid response. code=403 error=<?xml version="1.0" encoding="UTF-8"?>
<Error><Code>AccessDenied</Code><Message>Access Denied</Message><RequestId>A083D76DA3EFEB43</RequestId><HostId>B3CT8IwNJUvM3Ax/TzaAoSAVCLv9MbY+zFs5bjRX9smnzU3bmxq3QSeWauYsHb2v</HostId></Error>
[2014.06.14-06.06.18:325][  3]LogEpicSurvey:Warning: EnumerateFiles request failed. Invalid response. code=403 error=<?xml version="1.0" encoding="UTF-8"?>
<Error><Code>AccessDenied</Code><Message>Access Denied</Message><RequestId>2DD0FBFFF882C089</RequestId><HostId>rhRzpUzijZ1rgL+siS7wtFCu/N/41H6NcMnEq0Nsi/ASwDNpaS57ycZ8EuswqW6Y</HostId></Error>
[2014.06.14-06.06.18:376][  5]LogEpicSurvey:Warning: EnumerateFiles request failed. Invalid response. code=403 error=<?xml version="1.0" encoding="UTF-8"?>
<Error><Code>AccessDenied</Code><Message>Access Denied</Message><RequestId>2F07F72A36843D22</RequestId><HostId>jd+ZhBd9tsGjbSyZAjzaJzBya0k9Vvz7haGsPKdsKtJeSkBiNlLSLD3tYYWJJjyhtjFpfSq1FDQ=</HostId></Error>
[2014.06.14-06.06.18:432][  8]LogEpicSurvey:Warning: EnumerateFiles request failed. Invalid response. code=403 error=<?xml version="1.0" encoding="UTF-8"?>
<Error><Code>AccessDenied</Code><Message>Access Denied</Message><RequestId>63E75BE79786E034</RequestId><HostId>WYZuT2VcwwZYX1FEwGubT206gABV0z9Bx8tKwXd3QAn30Y6fafLRO0lwV/mzqreAYSAAdFX7aK4=</HostId></Error>
[2014.06.14-06.06.18:778][ 43]LogEpicStorage:Warning: EnumerateFiles request failed. Invalid response. code=403 error=<?xml version="1.0" encoding="UTF-8"?>
<Error><Code>AccessDenied</Code><Message>Access Denied</Message><RequestId>44AA678A9411F91C</RequestId><HostId>/AZkONnyaiFwVxHeMY5QPdA8maiS7nGBk/qUZjzoCmx0QgjL2RIdrlyZHfHUMGGx</HostId></Error>
[2014.06.14-06.06.18:917][ 57]LogEpicStorage:Warning: ReadFile request failed. File request already pending for filename=http://cdn.unrealengine.com/newsfeed/blueprint_icon_b.png
[2014.06.14-06.07.11:752][102]LogContentBrowser:Verbose: The content browser source was changed by the sources view to '/Game/Assets'
[2014.06.14-06.07.13:061][257]LogContentBrowser:Verbose: The content browser source was changed by the sources view to '/Game'
[2014.06.14-06.07.29:667][237]LogContentBrowser:Verbose: The content browser source was changed by the sources view to '/Game/Assets'
[2014.06.14-06.07.32:883][622]LogContentBrowser:Verbose: The content browser source was changed by the sources view to '/Game/Assets/Character'
[2014.06.14-06.07.47:900][179]LogContentBrowser:Verbose: The content browser source was changed by the sources view to '/Game/Assets'
[2014.06.14-06.07.49:384][356]LogContentBrowser:Verbose: The content browser source was changed by the sources view to '/Game/Assets/Character'
[2014.06.14-06.07.51:311][581]LogContentBrowser:Verbose: The content browser source was changed by the sources view to '/Game/Assets'
[2014.06.14-06.19.57:886][891]Cmd: BRUSH ADD SELECTNEWBRUSH
[2014.06.14-06.19.57:909][891]LogInstancedFoliage: Map Rebuilt - Update all BSP painted foliage!
[2014.06.14-06.20.07:079][786]LogSavePackage: Save=48.628941ms
[2014.06.14-06.20.07:079][786]LogSavePackage: Moving '../../../../../../Users/Jonno/Documents/GitHub/DigitalJamSession/Saved/Jam_Auto171240FDC4027A36269A259A502B969BC.tmp' to '../../../../../../Users/Jonno/Documents/GitHub/DigitalJamSession/Saved/Autosaves/Game/Jam_Auto1.umap'
[2014.06.14-06.20.07:091][786]LogFileHelpers: Editor autosave (incl. sublevels) for '/Game/Jam' took 0.139
[2014.06.14-06.20.07:091][786]LogFileHelpers: Editor autosave (incl. sublevels) for all levels took 0.139
[2014.06.14-06.20.19:161][ 94]LogInstancedFoliage: Map Rebuilt - Update all BSP painted foliage!
[2014.06.14-06.20.23:464][566]LogInstancedFoliage: Map Rebuilt - Update all BSP painted foliage!
[2014.06.14-06.20.27:519][  3]LogInstancedFoliage: Map Rebuilt - Update all BSP painted foliage!
[2014.06.14-06.20.29:756][230]LogInstancedFoliage: Map Rebuilt - Update all BSP painted foliage!
[2014.06.14-06.20.39:786][225]LogInstancedFoliage: Map Rebuilt - Update all BSP painted foliage!
[2014.06.14-06.20.45:096][717]LogInstancedFoliage: Map Rebuilt - Update all BSP painted foliage!
[2014.06.14-06.20.48:259][962]LogInstancedFoliage: Map Rebuilt - Update all BSP painted foliage!
[2014.06.14-06.21.05:197][613]LogInstancedFoliage: Map Rebuilt - Update all BSP painted foliage!
[2014.06.14-06.21.10:347][994]LogInstancedFoliage: Map Rebuilt - Update all BSP painted foliage!
[2014.06.14-06.21.18:914][632]LogInstancedFoliage: Map Rebuilt - Update all BSP painted foliage!
[2014.06.14-06.21.20:657][782]LogEpicStorage:Warning: ReadFile request failed. File request already pending for filename=http://cdn.unrealengine.com/newsfeed/blueprint_icon_b.png
[2014.06.14-06.21.56:679][392]Cmd: DELETE
[2014.06.14-06.21.56:679][392]Cmd: ACTOR DELETE
[2014.06.14-06.21.56:687][392]LogEditorActor: Deleted Actor: Brush
[2014.06.14-06.21.58:280][392]LogEditorActor: Deleted 1 Actors (1.598 secs)
[2014.06.14-06.21.59:846][392]LogInstancedFoliage: Map Rebuilt - Update all BSP painted foliage!
[2014.06.14-06.22.01:027][502]Cmd: DELETE
[2014.06.14-06.22.01:027][502]Cmd: ACTOR DELETE
[2014.06.14-06.22.01:035][502]LogEditorActor: Deleted Actor: Brush
[2014.06.14-06.22.02:525][502]LogEditorActor: Deleted 1 Actors (1.495 secs)
[2014.06.14-06.22.03:925][502]LogInstancedFoliage: Map Rebuilt - Update all BSP painted foliage!
[2014.06.14-06.22.08:336][927]Cmd: DELETE
[2014.06.14-06.22.08:336][927]Cmd: ACTOR DELETE
[2014.06.14-06.22.08:344][927]LogEditorActor: Deleted Actor: Brush
[2014.06.14-06.22.09:709][927]LogEditorActor: Deleted 1 Actors (1.369 secs)
[2014.06.14-06.22.10:983][927]LogInstancedFoliage: Map Rebuilt - Update all BSP painted foliage!
[2014.06.14-06.22.11:079][928]LogEditorViewport: Clicking on Actor (context menu): StaticMeshActor (SM_Template_Map_Floor)
[2014.06.14-06.22.12:436][ 50]LogEditorViewport: Clicking on Actor (LMB): StaticMeshActor (SM_Template_Map_Floor)
[2014.06.14-06.22.25:816][313]Cmd: DELETE
[2014.06.14-06.22.25:816][313]Cmd: ACTOR DELETE
[2014.06.14-06.22.25:824][313]LogEditorActor: Deleted Actor: Brush
[2014.06.14-06.22.27:093][313]LogEditorActor: Deleted 1 Actors (1.274 secs)
[2014.06.14-06.22.28:281][313]LogInstancedFoliage: Map Rebuilt - Update all BSP painted foliage!
[2014.06.14-06.22.32:901][795]Cmd: DELETE
[2014.06.14-06.22.32:901][795]Cmd: ACTOR DELETE
[2014.06.14-06.22.32:909][795]LogEditorActor: Deleted Actor: Brush
[2014.06.14-06.22.34:068][795]LogEditorActor: Deleted 1 Actors (1.164 secs)
[2014.06.14-06.22.35:154][795]LogInstancedFoliage: Map Rebuilt - Update all BSP painted foliage!
[2014.06.14-06.22.40:292][340]Cmd: DELETE
[2014.06.14-06.22.40:292][340]Cmd: ACTOR DELETE
[2014.06.14-06.22.40:299][340]LogEditorActor: Deleted Actor: Brush
[2014.06.14-06.22.41:365][340]LogEditorActor: Deleted 1 Actors (1.070 secs)
[2014.06.14-06.22.42:341][340]LogInstancedFoliage: Map Rebuilt - Update all BSP painted foliage!
[2014.06.14-06.22.53:616][571]Cmd: DELETE
[2014.06.14-06.22.53:616][571]Cmd: ACTOR DELETE
[2014.06.14-06.22.53:622][571]LogEditorActor: Deleted Actor: Brush
[2014.06.14-06.22.54:574][571]LogEditorActor: Deleted 1 Actors (0.956 secs)
[2014.06.14-06.22.55:455][571]LogInstancedFoliage: Map Rebuilt - Update all BSP painted foliage!
[2014.06.14-06.22.58:727][913]Cmd: DELETE
[2014.06.14-06.22.58:727][913]Cmd: ACTOR DELETE
[2014.06.14-06.22.58:735][913]LogEditorActor: Deleted Actor: Brush
[2014.06.14-06.22.59:580][913]LogEditorActor: Deleted 1 Actors (0.849 secs)
[2014.06.14-06.23.00:374][913]LogInstancedFoliage: Map Rebuilt - Update all BSP painted foliage!
[2014.06.14-06.23.02:007][ 67]Cmd: DELETE
[2014.06.14-06.23.02:007][ 67]Cmd: ACTOR DELETE
[2014.06.14-06.23.02:014][ 67]LogEditorActor: Deleted Actor: Brush
[2014.06.14-06.23.02:757][ 67]LogEditorActor: Deleted 1 Actors (0.747 secs)
[2014.06.14-06.23.03:435][ 67]LogInstancedFoliage: Map Rebuilt - Update all BSP painted foliage!
[2014.06.14-06.23.13:374][182]Cmd: DELETE
[2014.06.14-06.23.13:374][182]Cmd: ACTOR DELETE
[2014.06.14-06.23.13:380][182]LogEditorActor: Deleted Actor: Brush
[2014.06.14-06.23.14:092][182]LogEditorActor: Deleted 1 Actors (0.715 secs)
[2014.06.14-06.23.14:700][182]LogInstancedFoliage: Map Rebuilt - Update all BSP painted foliage!
[2014.06.14-06.23.15:854][298]Cmd: DELETE
[2014.06.14-06.23.15:854][298]Cmd: ACTOR DELETE
[2014.06.14-06.23.15:859][298]LogEditorActor: Deleted Actor: Brush
[2014.06.14-06.23.16:469][298]LogEditorActor: Deleted 1 Actors (0.613 secs)
[2014.06.14-06.23.17:031][298]LogInstancedFoliage: Map Rebuilt - Update all BSP painted foliage!
[2014.06.14-06.23.18:028][393]Cmd: DELETE
[2014.06.14-06.23.18:028][393]Cmd: ACTOR DELETE
[2014.06.14-06.23.18:034][393]LogEditorActor: Deleted Actor: Brush
[2014.06.14-06.23.18:595][393]LogEditorActor: Deleted 1 Actors (0.563 secs)
[2014.06.14-06.23.19:093][393]LogInstancedFoliage: Map Rebuilt - Update all BSP painted foliage!
[2014.06.14-06.23.21:995][705]Cmd: DELETE
[2014.06.14-06.23.21:995][705]Cmd: ACTOR DELETE
[2014.06.14-06.23.22:002][705]LogEditorActor: Deleted Actor: Brush
[2014.06.14-06.23.22:495][705]LogEditorActor: Deleted 1 Actors (0.496 secs)
[2014.06.14-06.23.22:931][705]LogInstancedFoliage: Map Rebuilt - Update all BSP painted foliage!
[2014.06.14-06.23.24:149][830]Cmd: DELETE
[2014.06.14-06.23.24:149][830]Cmd: ACTOR DELETE
[2014.06.14-06.23.24:154][830]LogEditorActor: Deleted Actor: Brush
[2014.06.14-06.23.24:584][830]LogEditorActor: Deleted 1 Actors (0.432 secs)
[2014.06.14-06.23.24:961][830]LogInstancedFoliage: Map Rebuilt - Update all BSP painted foliage!
[2014.06.14-06.23.28:632][204]Cmd: DELETE
[2014.06.14-06.23.28:632][204]Cmd: ACTOR DELETE
[2014.06.14-06.23.28:637][204]LogEditorActor: Deleted Actor: Brush
[2014.06.14-06.23.29:051][204]LogEditorActor: Deleted 1 Actors (0.415 secs)
[2014.06.14-06.23.29:385][204]LogInstancedFoliage: Map Rebuilt - Update all BSP painted foliage!
[2014.06.14-06.23.30:505][316]Cmd: DELETE
[2014.06.14-06.23.30:505][316]Cmd: ACTOR DELETE
[2014.06.14-06.23.30:510][316]LogEditorActor: Deleted Actor: Brush
[2014.06.14-06.23.30:834][316]LogEditorActor: Deleted 1 Actors (0.326 secs)
[2014.06.14-06.23.31:105][316]LogInstancedFoliage: Map Rebuilt - Update all BSP painted foliage!
[2014.06.14-06.23.32:192][430]Cmd: DELETE
[2014.06.14-06.23.32:192][430]Cmd: ACTOR DELETE
[2014.06.14-06.23.32:196][430]LogEditorActor: Deleted Actor: Brush
[2014.06.14-06.23.32:466][430]LogEditorActor: Deleted 1 Actors (0.272 secs)
[2014.06.14-06.23.32:688][430]LogInstancedFoliage: Map Rebuilt - Update all BSP painted foliage!
[2014.06.14-06.24.13:396][196]Cmd: BRUSH ADD SELECTNEWBRUSH
[2014.06.14-06.24.13:846][196]LogInstancedFoliage: Map Rebuilt - Update all BSP painted foliage!
[2014.06.14-06.24.16:395][443]LogInstancedFoliage: Map Rebuilt - Update all BSP painted foliage!
[2014.06.14-06.24.19:922][791]LogInstancedFoliage: Map Rebuilt - Update all BSP painted foliage!
[2014.06.14-06.24.22:741][ 77]LogInstancedFoliage: Map Rebuilt - Update all BSP painted foliage!
[2014.06.14-06.24.25:490][351]LogInstancedFoliage: Map Rebuilt - Update all BSP painted foliage!
[2014.06.14-06.24.29:014][707]LogInstancedFoliage: Map Rebuilt - Update all BSP painted foliage!
[2014.06.14-06.24.30:674][857]LogInstancedFoliage: Map Rebuilt - Update all BSP painted foliage!
[2014.06.14-06.24.36:794][462]LogInstancedFoliage: Map Rebuilt - Update all BSP painted foliage!
[2014.06.14-06.24.39:823][764]LogInstancedFoliage: Map Rebuilt - Update all BSP painted foliage!
[2014.06.14-06.24.42:184][993]LogInstancedFoliage: Map Rebuilt - Update all BSP painted foliage!
[2014.06.14-06.24.44:372][190]LogInstancedFoliage: Map Rebuilt - Update all BSP painted foliage!
[2014.06.14-06.24.46:713][408]LogInstancedFoliage: Map Rebuilt - Update all BSP painted foliage!
[2014.06.14-06.24.49:657][702]LogInstancedFoliage: Map Rebuilt - Update all BSP painted foliage!
[2014.06.14-06.24.51:918][915]LogInstancedFoliage: Map Rebuilt - Update all BSP painted foliage!
[2014.06.14-06.24.53:943][108]LogInstancedFoliage: Map Rebuilt - Update all BSP painted foliage!
[2014.06.14-06.24.56:854][401]LogInstancedFoliage: Map Rebuilt - Update all BSP painted foliage!
[2014.06.14-06.25.02:959][ 15]LogInstancedFoliage: Map Rebuilt - Update all BSP painted foliage!
[2014.06.14-06.25.16:383][450]LogInstancedFoliage: Map Rebuilt - Update all BSP painted foliage!
[2014.06.14-06.25.19:444][750]LogInstancedFoliage: Map Rebuilt - Update all BSP painted foliage!
[2014.06.14-06.25.37:912][812]LogPlayLevel: PIE:  No blueprints needed recompiling
[2014.06.14-06.25.37:912][812]PIE: New page: PIE session: Jam (15/06/2014 2:25:37 am)
[2014.06.14-06.25.37:931][812]LogPlayLevel: PIE: StaticDuplicateObject took: (0.018032s)
[2014.06.14-06.25.37:932][812]LogPlayLevel: PIE: World Init took: (0.001212s)
[2014.06.14-06.25.37:932][812]LogPlayLevel: PIE: Created PIE world by copying editor world from /Game/Jam.Jam to /Game/UEDPIE_0_Jam.Jam (0.019454s)
[2014.06.14-06.25.38:567][812]LogWorld: Game class is 'JamGameMode_C'
[2014.06.14-06.25.38:615][812]LogWorld: Bringing World /Game/UEDPIE_0_Jam.Jam up for play (max tick rate 0) at 2014.06.14-16.25.38
[2014.06.14-06.25.38:619][812]LogWorld: Bringing up level for play took: 0.005640
[2014.06.14-06.25.38:620][812]LogPlayerController: Spawned spectator SpectatorPawn_0 [server:1]
[2014.06.14-06.25.38:620][812]LogGameMode: RestartPlayer 256
[2014.06.14-06.25.38:622][812]LogPlayerController: ClientRestart_Implementation CharacterBP_C_0
[2014.06.14-06.25.38:622][812]LogPlayerController: ServerAcknowledgePossession_Implementation CharacterBP_C_0
[2014.06.14-06.25.38:626][812]PIE: Info Play in editor start time for /Game/UEDPIE_0_Jam 1.611
[2014.06.14-06.26.51:330][460]LogParticles: Destroying 0 GPU particle simulations for FXSystem 0x00000097B14CD940
[2014.06.14-06.26.59:754][337]LogContentBrowser:Verbose: The content browser source was changed by the sources view to '/Game'
[2014.06.14-06.27.30:718][410]LogSavePackage: Save=88.284660ms
[2014.06.14-06.27.30:718][410]LogSavePackage: Moving '../../../../../../Users/Jonno/Documents/GitHub/DigitalJamSession/Saved/JamA258CECD4E91CA9C873FA9BEE79D579B.tmp' to '../../../../../../Users/Jonno/Documents/GitHub/DigitalJamSession/Content/Jam.umap'
[2014.06.14-06.36.19:494][951]LogEpicStorage:Warning: ReadFile request failed. File request already pending for filename=http://cdn.unrealengine.com/newsfeed/blueprint_icon_b.png
[2014.06.14-06.51.19:152][348]LogEpicStorage:Warning: ReadFile request failed. File request already pending for filename=http://cdn.unrealengine.com/newsfeed/blueprint_icon_b.png
[2014.06.14-07.06.19:156][785]LogEpicStorage:Warning: ReadFile request failed. File request already pending for filename=http://cdn.unrealengine.com/newsfeed/blueprint_icon_b.png
[2014.06.14-07.21.19:231][472]LogEpicStorage:Warning: ReadFile request failed. File request already pending for filename=http://cdn.unrealengine.com/newsfeed/blueprint_icon_b.png
[2014.06.14-07.36.19:592][715]LogEpicStorage:Warning: ReadFile request failed. File request already pending for filename=http://cdn.unrealengine.com/newsfeed/blueprint_icon_b.png
[2014.06.14-07.51.19:170][670]LogEpicStorage:Warning: ReadFile request failed. File request already pending for filename=http://cdn.unrealengine.com/newsfeed/blueprint_icon_b.png
[2014.06.14-08.06.19:207][376]LogEpicStorage:Warning: ReadFile request failed. File request already pending for filename=http://cdn.unrealengine.com/newsfeed/blueprint_icon_b.png
[2014.06.14-08.21.19:181][ 93]LogEpicStorage:Warning: ReadFile request failed. File request already pending for filename=http://cdn.unrealengine.com/newsfeed/blueprint_icon_b.png
[2014.06.14-08.36.19:186][373]LogEpicStorage:Warning: ReadFile request failed. File request already pending for filename=http://cdn.unrealengine.com/newsfeed/blueprint_icon_b.png
[2014.06.14-08.51.19:238][547]LogEpicStorage:Warning: ReadFile request failed. File request already pending for filename=http://cdn.unrealengine.com/newsfeed/blueprint_icon_b.png
[2014.06.14-09.06.19:197][635]LogEpicStorage:Warning: ReadFile request failed. File request already pending for filename=http://cdn.unrealengine.com/newsfeed/blueprint_icon_b.png
[2014.06.14-09.21.19:500][ 39]