Log file open, 06/05/14 21:28:33
LogInit:Display: Running engine for game: DigitalJamSession
LogInit: Version: 4.2.0-2092659+++depot+UE4-Releases+4.2
LogInit: Compiled (64-bit): Jun  3 2014 00:56:21
LogInit: Build Configuration: Development
LogInit: Branch Name: ++depot+UE4-Releases+4.2
LogInit: Command line: 
LogInit: Base directory: C:/Program Files/Unreal Engine/4.2/Engine/Binaries/Win64/
LogInit: Rocket: 1
[2014.06.05-11.28.33:122][  0]LogTaskGraph: Started task graph with 3 named threads and 8 total threads.
[2014.06.05-11.28.33:198][  0]LogOnline:Warning: No default platform service specified for OnlineSubsystem
[2014.06.05-11.28.33:214][  0]LogInit: Presizing for 0 objects not considered by GC, pre-allocating 0 bytes.
[2014.06.05-11.28.33:223][  0]LogInit: Object subsystem initialized
[2014.06.05-11.28.33:226][  0]LogInit: Selected Device Profile: [Windows]
[2014.06.05-11.28.33:226][  0]LogInit: Applying CVar settings loaded from the selected device profile: [Windows]
[2014.06.05-11.28.33:234][  0]LogInit: Computer: TAKAMATSU-PC
[2014.06.05-11.28.33:234][  0]LogInit: User: takamatsu
[2014.06.05-11.28.33:235][  0]LogInit: CPU Page size=4096, Cores=8
[2014.06.05-11.28.33:235][  0]LogInit: High frequency timer resolution =3.527529 MHz
[2014.06.05-11.28.33:235][  0]LogMemory: Memory total: Physical=31.9GB (32GB approx) Virtual=8192.0GB
[2014.06.05-11.28.33:235][  0]LogMemory: Platform Memory Stats for Windows
[2014.06.05-11.28.33:235][  0]LogMemory: Process Physical Memory: 53.20 MB used, 53.20 MB peak
[2014.06.05-11.28.33:235][  0]LogMemory: Process Virtual Memory: 29.79 MB used, 31.32 MB peak
[2014.06.05-11.28.33:235][  0]LogMemory: Physical Memory: 5285.44 MB used, 32695.07 MB total
[2014.06.05-11.28.33:235][  0]LogMemory: Virtual Memory: 235.10 MB used, 8388608.00 MB total
[2014.06.05-11.28.33:296][  0]LogD3D11RHI: Found D3D11 adapter 0: ASUS HD7970 Series (Feature Level 11_0)
[2014.06.05-11.28.33:296][  0]LogD3D11RHI: Adapter has 3023MB of dedicated video memory, 0MB of dedicated system memory, and 16091MB of shared system memory, 2 output[s]
[2014.06.05-11.28.33:296][  0]LogD3D11RHI: Chosen D3D11 Adapter Id = 0
[2014.06.05-11.28.33:307][  0]LogRHI: Texture pool is 1361 MB (70% of 1945 MB)
[2014.06.05-11.28.33:341][  0]LogD3D11RHI: Async texture creation disabled: no driver support
[2014.06.05-11.28.33:466][  0]LogContentStreaming: Texture pool size is 0.000000MB
[2014.06.05-11.28.34:607][  0]LogTargetPlatformManager:Display: Building Assets For Windows
[2014.06.05-11.28.34:835][  0]LogTargetPlatformManager:Display: Building Assets For Windows
[2014.06.05-11.28.34:907][  0]LogDerivedDataCache:Display: Max Cache Size: 512 MB
[2014.06.05-11.28.34:973][  0]LogDerivedDataCache: Loaded boot cache 0.07s 39MB C:/Users/takamatsu/AppData/Local/UnrealEngine/4.2/DerivedDataCache/Boot.ddc.
[2014.06.05-11.28.34:973][  0]LogDerivedDataCache:Display: Loaded Boot cache: C:/Users/takamatsu/AppData/Local/UnrealEngine/4.2/DerivedDataCache/Boot.ddc
[2014.06.05-11.28.34:973][  0]LogDerivedDataCache: FDerivedDataBackendGraph:  Pak pak cache file ../../../../../../Users/takamatsu/Documents/Unreal Projects/DigitalJamSession/DerivedDataCache/DDC.ddp not found, will not use a pak cache.
[2014.06.05-11.28.34:973][  0]LogDerivedDataCache: Unable to find inner node Pak for hierarchical cache Hierarchy.
[2014.06.05-11.28.34:984][  0]LogDerivedDataCache:Display: Pak cache opened for reading ../../../Engine/DerivedDataCache/DDC.ddp.
[2014.06.05-11.28.34:996][  0]LogDerivedDataCache: Using Local data cache path C:/Users/takamatsu/AppData/Local/UnrealEngine/4.2/DerivedDataCache: Writable
[2014.06.05-11.28.35:288][  0]LogMeshUtilities: No automatic mesh reduction module available
[2014.06.05-11.28.35:288][  0]LogMeshUtilities: No automatic mesh merging module available
[2014.06.05-11.28.35:776][  0]LogInit: WinSock: version 1.1 (2.2), MaxSocks=32767, MaxUdp=65467
[2014.06.05-11.28.36:323][  0]LogStreaming:Warning: Failed to read file '../../../Engine/Content/Editor/Slate/Icons/ActorIcons/GroupActor_16x.png' error.
[2014.06.05-11.28.36:323][  0]LogSlate: Could not find file for Slate resource: ../../../Engine/Content/Editor/Slate/Icons/ActorIcons/GroupActor_16x.png
[2014.06.05-11.28.36:329][  0]LogStreaming:Warning: Failed to read file '../../../Engine/Content/Editor/Slate/Icons/ActorIcons/DecalActor_16x.png' error.
[2014.06.05-11.28.36:329][  0]LogSlate: Could not find file for Slate resource: ../../../Engine/Content/Editor/Slate/Icons/ActorIcons/DecalActor_16x.png
[2014.06.05-11.28.36:725][  0]UdpMessaging: Initializing bridge on interface 0.0.0.0:0 to multicast group 230.0.0.1:6666.
[2014.06.05-11.28.36:839][  0]SourceControl: Info Source control is disabled
[2014.06.05-11.28.36:839][  0]SourceControl: Info Source control is disabled
[2014.06.05-11.28.36:853][  0]SourceControl: Info Source control is disabled
[2014.06.05-11.28.36:992][  0]BlueprintLog: New page: Editor Load
[2014.06.05-11.28.37:058][  0]LogObj: 19136 objects as part of root set at end of initial load.
[2014.06.05-11.28.37:058][  0]LogUObjectAllocator: 3804648 out of 0 bytes used by permanent object pool.
[2014.06.05-11.28.37:504][  0]LogEngine: Initializing Engine...
[2014.06.05-11.28.37:664][  0]LogInit: XAudio2 using 'Speakers (SB Recon3D PCIe)' : 6 channels at 48 kHz using 32 bits per sample (channel mask 0x3f)
[2014.06.05-11.28.37:711][  0]LogInit: FAudioDevice initialized.
[2014.06.05-11.28.37:748][  0]LogDerivedDataCache: Saved boot cache 0.03s 39MB C:/Users/takamatsu/AppData/Local/UnrealEngine/4.2/DerivedDataCache/Boot.ddc.
[2014.06.05-11.28.37:756][  0]LogInit: Texture streaming: Enabled
[2014.06.05-11.28.37:814][  0]LogInit: Transaction tracking system initialized
[2014.06.05-11.28.38:030][  0]LogAssetRegistry: FAssetRegistry took 0.0097 seconds to start up
[2014.06.05-11.28.38:392][  0]LogModuleManager:Warning: ModuleManager: Unable to load module '' because the file was not found.
[2014.06.05-11.28.38:407][  0]LogModuleManager:Warning: ModuleManager: Unable to load module '' because the file was not found.
[2014.06.05-11.28.38:565][  0]LogConsoleResponse:Display: 
[2014.06.05-11.28.38:964][  0]SourceControl: Info Source control is disabled
[2014.06.05-11.28.38:965][  0]Cmd: MAP LOAD FILE="../../../Engine/Content/Maps/Templates/Template_Default.umap" TEMPLATE=1 SHOWPROGRESS=1 WORLDCOMPOSITION=0
[2014.06.05-11.28.38:965][  0]LightingResults: New page: Lighting Build
[2014.06.05-11.28.38:981][  0]MapCheck: New page: Map Check
[2014.06.05-11.28.38:981][  0]LightingResults: New page: Lighting Build
[2014.06.05-11.28.38:989][  0]LogParticles: Destroying 0 GPU particle simulations for FXSystem 0x0000000014129580
[2014.06.05-11.28.39:183][  0]LogEditorServer: Finished looking for orphan Actors (0.000 secs)
[2014.06.05-11.28.39:183][  0]Cmd: MAP CHECKDEP
[2014.06.05-11.28.39:183][  0]MapCheck: New page: Untitled_1 - 06/06/2014 7:28:39 am
[2014.06.05-11.28.39:266][  0]MapCheck: Info ========== Map Check: 0 Error(s), 0 Warning(s), [82.99ms] ==========
[2014.06.05-11.28.39:266][  0]LogFileHelpers: Loading map 'Template_Default' took 0.302
[2014.06.05-11.28.39:445][  0]LogCollectionManager: Loaded 0 collections in 0.001162 seconds
[2014.06.05-11.28.39:607][  0]LogCrashTracker: Crashtracker disabled due to settings.
[2014.06.05-11.28.39:608][  0]Cmd: MODE PLACEMENT
[2014.06.05-11.28.39:642][  0]LogLoad: Full Startup: 7.79 seconds (BP compile: 0.07 seconds)
[2014.06.05-11.28.39:777][  0]LogRenderer:Warning: Reallocating scene render targets to support 1136x896.
[2014.06.05-11.28.40:113][  1]LogEpicStorage:Warning: EnumerateFiles request failed. Invalid response. code=403 error=<?xml version="1.0" encoding="UTF-8"?>
<Error><Code>AccessDenied</Code><Message>Access Denied</Message><RequestId>5DC3C27C230147E5</RequestId><HostId>It9pMS6t22pfVwxaWeDGjvQMOTbct6Ki+PWRtNL6Ky4RTLQtuVIT/f75K2ZD/Xzk</HostId></Error>
[2014.06.05-11.28.40:122][  1]LogAssetRegistry: Asset discovery search completed in 2.1022 seconds
[2014.06.05-11.28.40:146][  2]LogEpicSurvey:Warning: EnumerateFiles request failed. Invalid response. code=403 error=<?xml version="1.0" encoding="UTF-8"?>
<Error><Code>AccessDenied</Code><Message>Access Denied</Message><RequestId>EB2203C33BC1C70D</RequestId><HostId>XY/k/c8HUJLOtWJsBWeEVVdcrv2f34N0QOKzy39wCdDZBaaCGGyYsCWsePvni0ns</HostId></Error>
[2014.06.05-11.28.40:166][  3]LogEpicStorage:Warning: EnumerateFiles request failed. Invalid response. code=403 error=<?xml version="1.0" encoding="UTF-8"?>
<Error><Code>AccessDenied</Code><Message>Access Denied</Message><RequestId>9A79DC17AB5BB24D</RequestId><HostId>PWdbtsfEdppEJjxeDBDOt+4Y4kOU3mhdj7uO9apFceIN0VJOgkZSAMes7yGrBvtY</HostId></Error>
[2014.06.05-11.28.40:205][  6]LogEpicSurvey:Warning: EnumerateFiles request failed. Invalid response. code=403 error=<?xml version="1.0" encoding="UTF-8"?>
<Error><Code>AccessDenied</Code><Message>Access Denied</Message><RequestId>118130EEA55DE930</RequestId><HostId>cx51ypB/sW4H3OSjG0VKoolPQjqGKWoAs+BIprg4zpZHbw+QhafgjcLHkDq9aI7F</HostId></Error>
[2014.06.05-11.28.40:240][  9]LogEpicSurvey:Warning: EnumerateFiles request failed. Invalid response. code=403 error=<?xml version="1.0" encoding="UTF-8"?>
<Error><Code>AccessDenied</Code><Message>Access Denied</Message><RequestId>36BAA2F7908A643F</RequestId><HostId>JWWUjyG7UF3XXmz8wmnPkvgejFPAVqoJ/MjqD9H2IPyG2QWgdlSl6dD46V1Jn4E+</HostId></Error>
[2014.06.05-11.28.40:268][ 12]LogEpicStorage:Warning: ReadFile request failed. File request already pending for filename=http://cdn.unrealengine.com/newsfeed/blueprint_icon_b.png
[2014.06.05-11.28.49:070][886]LogEditorViewport: Clicking on Actor (LMB): StaticMeshActor (SM_Template_Map_Floor)
[2014.06.05-11.29.06:778][292]LogEditorViewport: Clicking on Actor (LMB): StaticMeshActor (SM_Template_Map_Floor)
[2014.06.05-11.29.31:751][192]LogEditorViewport: Clicking on Actor (LMB): StaticMeshActor (SM_Template_Map_Floor)
[2014.06.05-11.29.32:359][251]LogEditorViewport: Clicking on Actor (context menu): StaticMeshActor (SM_Template_Map_Floor)
[2014.06.05-11.29.32:830][294]LogEditorViewport: Clicking on Actor (LMB): StaticMeshActor (SM_Template_Map_Floor)
[2014.06.05-11.29.56:955][190]LogSavePackage: Save=35.715370ms
[2014.06.05-11.29.56:955][190]LogSavePackage: Moving '../../../../../../Users/takamatsu/Documents/Unreal Projects/DigitalJamSession/Saved/Jam69B4CAE34EC45C78B44997A5B6EE8F47.tmp' to '../../../../../../Users/takamatsu/Documents/Unreal Projects/DigitalJamSession/Content/Jam.umap'
[2014.06.05-11.29.56:976][190]LogFileHelpers: Saving map 'Jam' took 0.249
[2014.06.05-11.30.25:309][275]LogSavePackage: Save=28.781904ms
[2014.06.05-11.30.25:309][275]LogSavePackage: Moving '../../../../../../Users/takamatsu/Documents/Unreal Projects/DigitalJamSession/Saved/JamDB9CC91849ED1A108B363A9132ECB37F.tmp' to '../../../../../../Users/takamatsu/Documents/Unreal Projects/DigitalJamSession/Content/Jam.umap'
[2014.06.05-11.30.41:635][723]LogRenderer:Warning: Reallocating scene render targets to support 1136x936.
[2014.06.05-11.33.09:102][ 48]LogContentBrowser:Verbose: The content browser source was changed by the sources view to '/Game/Assets/Materials/CommentaryBox'
[2014.06.05-11.33.13:163][409]LogContentBrowser:Verbose: The content browser source was changed by the sources view to '/Game/Assets/Materials'
[2014.06.05-11.33.13:823][471]LogContentBrowser:Verbose: The content browser source was changed by the sources view to '/Game/Assets/Character'
[2014.06.05-11.33.19:865][982]LogContentBrowser:Verbose: The content browser source was changed by the sources view to '/Game/Assets/Materials/CommentaryBox'
[2014.06.05-11.33.28:610][780]LogBlueprint:Warning: [compiler] Warning Input Axis Event references unknown Axis 'MoveForward' for  InputAxis MoveForward 
[2014.06.05-11.33.28:610][780]LogBlueprint:Warning: [compiler] Warning Input Axis Event references unknown Axis 'MoveUp' for  InputAxis MoveUp 
[2014.06.05-11.33.28:610][780]LogBlueprint:Warning: [compiler] Warning InputAction Event references unknown Action 'Ghost' for  InputAction Ghost 
[2014.06.05-11.33.28:611][780]LogBlueprint:Warning: [compiler] Warning InputAction Event references unknown Action 'Fly' for  InputAction Fly 
[2014.06.05-11.33.28:611][780]LogBlueprint:Warning: [compiler] Warning InputAction Event references unknown Action 'Exit' for  InputAction Exit 
[2014.06.05-11.33.28:611][780]LogBlueprint:Warning: [compiler] Warning Input Axis Event references unknown Axis 'LookUpRate' for  InputAxis LookUpRate 
[2014.06.05-11.33.28:611][780]LogBlueprint:Warning: [compiler] Warning Input Axis Event references unknown Axis 'TurnRate' for  InputAxis TurnRate 
[2014.06.05-11.33.28:612][780]LogBlueprint:Warning: [compiler] Warning InputAction Event references unknown Action 'Jump' for  InputAction Jump 
[2014.06.05-11.33.28:612][780]LogBlueprint:Warning: [compiler] Warning Input Axis Event references unknown Axis 'LookUp' for  InputAxis LookUp 
[2014.06.05-11.33.28:612][780]LogBlueprint:Warning: [compiler] Warning Input Axis Event references unknown Axis 'Turn' for  InputAxis Turn 
[2014.06.05-11.33.28:613][780]LogBlueprint:Warning: [compiler] Warning Input Axis Event references unknown Axis 'MoveRight' for  InputAxis MoveRight 
[2014.06.05-11.33.28:626][780]LogBlueprint:Warning: [compiler] Warning [0296.77] Compile of CharacterBP successful, but with 11 Warning(s) [in 21 ms]
[2014.06.05-11.33.28:650][780]LogBlueprint:Warning: [compiler] Warning Input Axis Event references unknown Axis 'MoveForward' for  InputAxis MoveForward 
[2014.06.05-11.33.28:650][780]LogBlueprint:Warning: [compiler] Warning Input Axis Event references unknown Axis 'MoveUp' for  InputAxis MoveUp 
[2014.06.05-11.33.28:651][780]LogBlueprint:Warning: [compiler] Warning InputAction Event references unknown Action 'Ghost' for  InputAction Ghost 
[2014.06.05-11.33.28:651][780]LogBlueprint:Warning: [compiler] Warning InputAction Event references unknown Action 'Fly' for  InputAction Fly 
[2014.06.05-11.33.28:651][780]LogBlueprint:Warning: [compiler] Warning InputAction Event references unknown Action 'Exit' for  InputAction Exit 
[2014.06.05-11.33.28:651][780]LogBlueprint:Warning: [compiler] Warning Input Axis Event references unknown Axis 'LookUpRate' for  InputAxis LookUpRate 
[2014.06.05-11.33.28:652][780]LogBlueprint:Warning: [compiler] Warning Input Axis Event references unknown Axis 'TurnRate' for  InputAxis TurnRate 
[2014.06.05-11.33.28:652][780]LogBlueprint:Warning: [compiler] Warning InputAction Event references unknown Action 'Jump' for  InputAction Jump 
[2014.06.05-11.33.28:652][780]LogBlueprint:Warning: [compiler] Warning Input Axis Event references unknown Axis 'LookUp' for  InputAxis LookUp 
[2014.06.05-11.33.28:653][780]LogBlueprint:Warning: [compiler] Warning Input Axis Event references unknown Axis 'Turn' for  InputAxis Turn 
[2014.06.05-11.33.28:653][780]LogBlueprint:Warning: [compiler] Warning Input Axis Event references unknown Axis 'MoveRight' for  InputAxis MoveRight 
[2014.06.05-11.33.28:666][780]LogBlueprint:Warning: [compiler] Warning [0296.81] Compile of CharacterBP successful, but with 11 Warning(s) [in 21 ms]
[2014.06.05-11.33.29:217][780]LogSavePackage: Save=346.989075ms
[2014.06.05-11.33.29:217][780]LogSavePackage: Moving '../../../../../../Users/takamatsu/Documents/Unreal Projects/DigitalJamSession/Saved/M_TextMaterial_Opaque_Emissive4DD9D85246A0413678090AA6DDA82323.tmp' to '../../../../../../Users/takamatsu/Documents/Unreal Projects/DigitalJamSession/Content/Assets/Character/M_TextMaterial_Opaque_Emissive.uasset'
[2014.06.05-11.33.29:953][780]LogSavePackage: Save=409.832764ms
[2014.06.05-11.33.29:953][780]LogSavePackage: Moving '../../../../../../Users/takamatsu/Documents/Unreal Projects/DigitalJamSession/Saved/CharacterBP1EE028F94A489DA84A62A388CB725A88.tmp' to '../../../../../../Users/takamatsu/Documents/Unreal Projects/DigitalJamSession/Content/Assets/Character/CharacterBP.uasset'
[2014.06.05-11.33.31:794][945]LogContentBrowser:Verbose: The content browser source was changed by the sources view to '/Game/Assets/Materials'
[2014.06.05-11.33.32:736][ 32]LogContentBrowser:Verbose: The content browser source was changed by the sources view to '/Game/Assets/Character'
[2014.06.05-11.33.33:598][ 73]LogContentBrowser:Verbose: The content browser source was changed by the sources view to '/Game/Assets/Materials'
[2014.06.05-11.33.36:942][429]LogContentBrowser:Verbose: The content browser source was changed by the sources view to 'None'
[2014.06.05-11.33.45:462][140]LogPlayLevel: PIE:  No blueprints needed recompiling
[2014.06.05-11.33.45:462][140]PIE: New page: PIE session: Jam (06/06/2014 7:33:45 am)
[2014.06.05-11.33.45:464][140]LogPlayLevel: PIE: StaticDuplicateObject took: (0.001969s)
[2014.06.05-11.33.45:465][140]LogPlayLevel: PIE: World Init took: (0.000908s)
[2014.06.05-11.33.45:465][140]LogPlayLevel: PIE: Created PIE world by copying editor world from /Game/Jam.Jam to /Game/UEDPIE_0_Jam.Jam (0.003063s)
[2014.06.05-11.33.45:465][140]LogWorld: Game class is 'GameMode'
[2014.06.05-11.33.45:508][140]LogWorld: Bringing World /Game/UEDPIE_0_Jam.Jam up for play (max tick rate 0) at 2014.06.05-21.33.45
[2014.06.05-11.33.45:508][140]LogWorld: Bringing up level for play took: 0.001256
[2014.06.05-11.33.45:508][140]LogPlayerController: Spawned spectator SpectatorPawn_0 [server:1]
[2014.06.05-11.33.45:509][140]LogGameMode: RestartPlayer 256
[2014.06.05-11.33.45:509][140]LogPlayerController: ClientRestart_Implementation DefaultPawn_0
[2014.06.05-11.33.45:509][140]LogPlayerController: ServerAcknowledgePossession_Implementation DefaultPawn_0
[2014.06.05-11.33.45:512][140]PIE: Info Play in editor start time for /Game/UEDPIE_0_Jam -0.646
[2014.06.05-11.33.45:580][141]LogRenderer:Warning: Reallocating scene render targets to support 1136x944.
[2014.06.05-11.33.53:912][131]LogActorComponent: UnregisterComponent: (/Engine/Transient.CharacterMovementComponent_0) Not registered. Aborting.
[2014.06.05-11.33.53:923][131]LogParticles: Destroying 0 GPU particle simulations for FXSystem 0x000000000E23F920
[2014.06.05-11.33.57:754][431]LogContentBrowser:Verbose: The content browser source was changed by the sources view to '/Game/Assets/Character'
[2014.06.05-11.34.15:110][724]LogActorComponent: UnregisterComponent: (/Engine/Transient.CharacterMovementComponent_1) Not registered. Aborting.
[2014.06.05-11.34.15:121][724]LogMetaData: Removing '/Game/Assets/Character/GameMode.GameMode_C' ref from Metadata '/Game/Assets/Character/SiteDetailsGameMode.PackageMetaData'
[2014.06.05-11.34.15:121][724]LogMetaData: Removing '/Game/Assets/Character/GameMode.SKEL_GameMode_C' ref from Metadata '/Game/Assets/Character/SiteDetailsGameMode.PackageMetaData'
[2014.06.05-11.34.15:200][724]Cmd: OBJ SAVEPACKAGE PACKAGE="/Game/Assets/Character/GameMode" FILE="../../../../../../Users/takamatsu/Documents/Unreal Projects/DigitalJamSession/Content/Assets/Character/GameMode.uasset" SILENT=true
[2014.06.05-11.34.15:215][724]LogSavePackage: Save=12.147596ms
[2014.06.05-11.34.15:215][724]LogSavePackage: Moving '../../../../../../Users/takamatsu/Documents/Unreal Projects/DigitalJamSession/Saved/GameModeDC73A03D492DE008C4CEF8B3C803134E.tmp' to '../../../../../../Users/takamatsu/Documents/Unreal Projects/DigitalJamSession/Content/Assets/Character/GameMode.uasset'
[2014.06.05-11.34.43:898][ 76]BlueprintLog: New page: Compile GameMode
[2014.06.05-11.34.43:941][ 76]LogActorComponent: UnregisterComponent: (/Engine/Transient.CharacterMovementComponent_2) Not registered. Aborting.
[2014.06.05-11.34.44:202][ 76]BlueprintEditorCompileResults: Info [0372.04] Compile of GameMode successful! [in 0 ms]
[2014.06.05-11.34.44:767][120]Cmd: OBJ SAVEPACKAGE PACKAGE="/Game/Assets/Character/GameMode" FILE="../../../../../../Users/takamatsu/Documents/Unreal Projects/DigitalJamSession/Content/Assets/Character/GameMode.uasset" SILENT=true
[2014.06.05-11.34.44:789][120]LogSavePackage: Save=15.441971ms
[2014.06.05-11.34.44:789][120]LogSavePackage: Moving '../../../../../../Users/takamatsu/Documents/Unreal Projects/DigitalJamSession/Saved/GameMode1E010C4E43CD31EE308F77A84F852A30.tmp' to '../../../../../../Users/takamatsu/Documents/Unreal Projects/DigitalJamSession/Content/Assets/Character/GameMode.uasset'
[2014.06.05-11.34.49:150][511]LogPlayLevel: PIE:  No blueprints needed recompiling
[2014.06.05-11.34.49:150][511]PIE: New page: PIE session: Jam (06/06/2014 7:34:49 am)
[2014.06.05-11.34.49:152][511]LogPlayLevel: PIE: StaticDuplicateObject took: (0.001888s)
[2014.06.05-11.34.49:153][511]LogPlayLevel: PIE: World Init took: (0.001089s)
[2014.06.05-11.34.49:153][511]LogPlayLevel: PIE: Created PIE world by copying editor world from /Game/Jam.Jam to /Game/UEDPIE_0_Jam.Jam (0.003255s)
[2014.06.05-11.34.49:154][511]LogWorld: Game class is 'GameMode'
[2014.06.05-11.34.49:185][511]LogWorld: Bringing World /Game/UEDPIE_0_Jam.Jam up for play (max tick rate 0) at 2014.06.05-21.34.49
[2014.06.05-11.34.49:185][511]LogWorld: Bringing up level for play took: 0.001187
[2014.06.05-11.34.49:185][511]LogPlayerController: Spawned spectator SpectatorPawn_1 [server:1]
[2014.06.05-11.34.49:186][511]LogGameMode: RestartPlayer 257
[2014.06.05-11.34.49:186][511]LogPlayerController: ClientRestart_Implementation DefaultPawn_1
[2014.06.05-11.34.49:186][511]LogPlayerController: ServerAcknowledgePossession_Implementation DefaultPawn_1
[2014.06.05-11.34.49:189][511]PIE: Info Play in editor start time for /Game/UEDPIE_0_Jam 1.031
[2014.06.05-11.34.53:180][977]LogParticles: Destroying 0 GPU particle simulations for FXSystem 0x0000000021D39B20
[2014.06.05-11.34.53:200][978]LogParticles: Destroying 0 GPU particle simulations for FXSystem 0x00000000041565C0
[2014.06.05-11.35.12:124][273]BlueprintLog: New page: Compile CharacterBP
[2014.06.05-11.35.12:148][273]LogBlueprint:Warning: [compiler] Warning Input Axis Event references unknown Axis 'MoveForward' for  InputAxis MoveForward 
[2014.06.05-11.35.12:148][273]LogBlueprint:Warning: [compiler] Warning Input Axis Event references unknown Axis 'MoveUp' for  InputAxis MoveUp 
[2014.06.05-11.35.12:148][273]LogBlueprint:Warning: [compiler] Warning InputAction Event references unknown Action 'Ghost' for  InputAction Ghost 
[2014.06.05-11.35.12:148][273]LogBlueprint:Warning: [compiler] Warning InputAction Event references unknown Action 'Fly' for  InputAction Fly 
[2014.06.05-11.35.12:149][273]LogBlueprint:Warning: [compiler] Warning InputAction Event references unknown Action 'Exit' for  InputAction Exit 
[2014.06.05-11.35.12:149][273]LogBlueprint:Warning: [compiler] Warning Input Axis Event references unknown Axis 'LookUpRate' for  InputAxis LookUpRate 
[2014.06.05-11.35.12:149][273]LogBlueprint:Warning: [compiler] Warning Input Axis Event references unknown Axis 'TurnRate' for  InputAxis TurnRate 
[2014.06.05-11.35.12:150][273]LogBlueprint:Warning: [compiler] Warning InputAction Event references unknown Action 'Jump' for  InputAction Jump 
[2014.06.05-11.35.12:150][273]LogBlueprint:Warning: [compiler] Warning Input Axis Event references unknown Axis 'LookUp' for  InputAxis LookUp 
[2014.06.05-11.35.12:150][273]LogBlueprint:Warning: [compiler] Warning Input Axis Event references unknown Axis 'Turn' for  InputAxis Turn 
[2014.06.05-11.35.12:151][273]LogBlueprint:Warning: [compiler] Warning Input Axis Event references unknown Axis 'MoveRight' for  InputAxis MoveRight 
[2014.06.05-11.35.12:191][273]LogBlueprint:Warning: [compiler] Warning [0400.33] Compile of CharacterBP successful, but with 11 Warning(s) [in 48 ms]
[2014.06.05-11.35.12:235][273]LogActorComponent: UnregisterComponent: (/Engine/Transient.CharacterMovementComponent_3) Not registered. Aborting.
[2014.06.05-11.35.12:535][273]BlueprintEditorCompileResults:Warning: Warning Input Axis Event references unknown Axis 'MoveForward' for  InputAxis MoveForward 
[2014.06.05-11.35.12:535][273]BlueprintEditorCompileResults:Warning: Warning Input Axis Event references unknown Axis 'MoveUp' for  InputAxis MoveUp 
[2014.06.05-11.35.12:535][273]BlueprintEditorCompileResults:Warning: Warning InputAction Event references unknown Action 'Ghost' for  InputAction Ghost 
[2014.06.05-11.35.12:535][273]BlueprintEditorCompileResults:Warning: Warning InputAction Event references unknown Action 'Fly' for  InputAction Fly 
[2014.06.05-11.35.12:535][273]BlueprintEditorCompileResults:Warning: Warning InputAction Event references unknown Action 'Exit' for  InputAction Exit 
[2014.06.05-11.35.12:535][273]BlueprintEditorCompileResults:Warning: Warning Input Axis Event references unknown Axis 'LookUpRate' for  InputAxis LookUpRate 
[2014.06.05-11.35.12:535][273]BlueprintEditorCompileResults:Warning: Warning Input Axis Event references unknown Axis 'TurnRate' for  InputAxis TurnRate 
[2014.06.05-11.35.12:536][273]BlueprintEditorCompileResults:Warning: Warning InputAction Event references unknown Action 'Jump' for  InputAction Jump 
[2014.06.05-11.35.12:536][273]BlueprintEditorCompileResults:Warning: Warning Input Axis Event references unknown Axis 'LookUp' for  InputAxis LookUp 
[2014.06.05-11.35.12:536][273]BlueprintEditorCompileResults:Warning: Warning Input Axis Event references unknown Axis 'Turn' for  InputAxis Turn 
[2014.06.05-11.35.12:536][273]BlueprintEditorCompileResults:Warning: Warning Input Axis Event references unknown Axis 'MoveRight' for  InputAxis MoveRight 
[2014.06.05-11.35.12:536][273]BlueprintEditorCompileResults:Warning: Warning [0400.33] Compile of CharacterBP successful, but with 11 Warning(s) [in 48 ms]
[2014.06.05-11.40.37:782][439]LogActorComponent: UnregisterComponent: (/Engine/Transient.CharacterMovementComponent_4) Not registered. Aborting.
[2014.06.05-11.40.37:796][439]LogFileHelpers: Editor autosave (incl. sublevels) for '/Game/Jam' took 0.014
[2014.06.05-11.40.37:828][439]OBJ SavePackage: Generating thumbnails for [1] asset(s) in package [/Game/Assets/Character/CharacterBP] ([1] browsable assets)...
[2014.06.05-11.40.37:889][439]OBJ SavePackage:     Rendered thumbnail for [Blueprint /Game/Assets/Character/CharacterBP.CharacterBP]
[2014.06.05-11.40.37:889][439]OBJ SavePackage: Finished generating thumbnails for package [/Game/Assets/Character/CharacterBP]
[2014.06.05-11.40.38:387][439]LogSavePackage: Save=417.082611ms
[2014.06.05-11.40.38:387][439]LogSavePackage: Moving '../../../../../../Users/takamatsu/Documents/Unreal Projects/DigitalJamSession/Saved/CharacterBP_Auto19902B9D04500B463E0B0D2BDFA011E9D.tmp' to '../../../../../../Users/takamatsu/Documents/Unreal Projects/DigitalJamSession/Saved/Autosaves/Game/Assets/Character/CharacterBP_Auto1.uasset'
[2014.06.05-11.40.38:394][439]LogFileHelpers: Auto-saving content packages took 0.598
[2014.06.05-11.42.48:133][ 72]BlueprintLog: New page: Compile CharacterBP
[2014.06.05-11.42.48:244][ 72]LogActorComponent: UnregisterComponent: (/Engine/Transient.CharacterMovementComponent_5) Not registered. Aborting.
[2014.06.05-11.42.48:548][ 72]BlueprintEditorCompileResults: Info [0856.34] Compile of CharacterBP successful! [in 51 ms]
[2014.06.05-11.42.53:416][335]LogPlayLevel: PIE:  No blueprints needed recompiling
[2014.06.05-11.42.53:416][335]PIE: New page: PIE session: Jam (06/06/2014 7:42:53 am)
[2014.06.05-11.42.53:418][335]LogPlayLevel: PIE: StaticDuplicateObject took: (0.002134s)
[2014.06.05-11.42.53:419][335]LogPlayLevel: PIE: World Init took: (0.000732s)
[2014.06.05-11.42.53:419][335]LogPlayLevel: PIE: Created PIE world by copying editor world from /Game/Jam.Jam to /Game/UEDPIE_0_Jam.Jam (0.003035s)
[2014.06.05-11.42.53:419][335]LogWorld: Game class is 'GameMode'
[2014.06.05-11.42.53:446][335]LogWorld: Bringing World /Game/UEDPIE_0_Jam.Jam up for play (max tick rate 0) at 2014.06.05-21.42.53
[2014.06.05-11.42.53:446][335]LogWorld: Bringing up level for play took: 0.001192
[2014.06.05-11.42.53:447][335]LogPlayerController: Spawned spectator SpectatorPawn_2 [server:1]
[2014.06.05-11.42.53:447][335]LogGameMode: RestartPlayer 258
[2014.06.05-11.42.53:447][335]LogPlayerController: ClientRestart_Implementation DefaultPawn_2
[2014.06.05-11.42.53:447][335]LogPlayerController: ServerAcknowledgePossession_Implementation DefaultPawn_2
[2014.06.05-11.42.53:450][335]PIE: Info Play in editor start time for /Game/UEDPIE_0_Jam -0.709
[2014.06.05-11.42.53:451][335]LogInput:Error: Duplicate mapping of key None for axis MoveForward
[2014.06.05-11.42.58:243][896]LogActorComponent: UnregisterComponent: (/Engine/Transient.CharacterMovementComponent_6) Not registered. Aborting.
[2014.06.05-11.42.58:256][896]LogParticles: Destroying 0 GPU particle simulations for FXSystem 0x000000000FC49E40
[2014.06.05-11.42.58:257][896]LogParticles: Destroying 0 GPU particle simulations for FXSystem 0x0000000022934860
[2014.06.05-11.43.04:820][276]LogSavePackage: Save=422.723938ms
[2014.06.05-11.43.04:820][276]LogSavePackage: Moving '../../../../../../Users/takamatsu/Documents/Unreal Projects/DigitalJamSession/Saved/CharacterBP4654C8EE4DD83BB40DD8CBB281F633E0.tmp' to '../../../../../../Users/takamatsu/Documents/Unreal Projects/DigitalJamSession/Content/Assets/Character/CharacterBP.uasset'
[2014.06.05-11.43.06:364][373]LogPlayLevel: PIE:  No blueprints needed recompiling
[2014.06.05-11.43.06:364][373]PIE: New page: PIE session: Jam (06/06/2014 7:43:06 am)
[2014.06.05-11.43.06:366][373]LogPlayLevel: PIE: StaticDuplicateObject took: (0.001864s)
[2014.06.05-11.43.06:367][373]LogPlayLevel: PIE: World Init took: (0.000747s)
[2014.06.05-11.43.06:367][373]LogPlayLevel: PIE: Created PIE world by copying editor world from /Game/Jam.Jam to /Game/UEDPIE_0_Jam.Jam (0.002761s)
[2014.06.05-11.43.06:367][373]LogWorld: Game class is 'GameMode'
[2014.06.05-11.43.06:397][373]LogWorld: Bringing World /Game/UEDPIE_0_Jam.Jam up for play (max tick rate 0) at 2014.06.05-21.43.06
[2014.06.05-11.43.06:397][373]LogWorld: Bringing up level for play took: 0.001209
[2014.06.05-11.43.06:398][373]LogPlayerController: Spawned spectator SpectatorPawn_3 [server:1]
[2014.06.05-11.43.06:398][373]LogGameMode: RestartPlayer 259
[2014.06.05-11.43.06:398][373]LogPlayerController: ClientRestart_Implementation DefaultPawn_3
[2014.06.05-11.43.06:398][373]LogPlayerController: ServerAcknowledgePossession_Implementation DefaultPawn_3
[2014.06.05-11.43.06:401][373]PIE: Info Play in editor start time for /Game/UEDPIE_0_Jam 0.242
[2014.06.05-11.43.06:402][373]LogInput:Error: Duplicate mapping of key None for axis MoveForward
[2014.06.05-11.43.08:968][669]LogActorComponent: UnregisterComponent: (/Engine/Transient.CharacterMovementComponent_7) Not registered. Aborting.
[2014.06.05-11.43.08:980][669]LogParticles: Destroying 0 GPU particle simulations for FXSystem 0x00000000227CC900
[2014.06.05-11.43.11:935][824]LogContentBrowser:Verbose: The content browser source was changed by the sources view to '/Game/Assets/Character/Animations'
[2014.06.05-11.43.14:556][ 37]LogContentBrowser:Verbose: The content browser source was changed by the sources view to '/Game/Assets/Character'
[2014.06.05-11.43.39:802][396]LogEpicStorage:Warning: ReadFile request failed. File request already pending for filename=http://cdn.unrealengine.com/newsfeed/blueprint_icon_b.png
[2014.06.05-11.43.52:202][159]LogPlayLevel: PIE:  No blueprints needed recompiling
[2014.06.05-11.43.52:202][159]PIE: New page: PIE session: Jam (06/06/2014 7:43:52 am)
[2014.06.05-11.43.52:204][159]LogPlayLevel: PIE: StaticDuplicateObject took: (0.002180s)
[2014.06.05-11.43.52:205][159]LogPlayLevel: PIE: World Init took: (0.000675s)
[2014.06.05-11.43.52:205][159]LogPlayLevel: PIE: Created PIE world by copying editor world from /Game/Jam.Jam to /Game/UEDPIE_0_Jam.Jam (0.003003s)
[2014.06.05-11.43.52:205][159]LogWorld: Game class is 'GameMode'
[2014.06.05-11.43.52:235][159]LogWorld: Bringing World /Game/UEDPIE_0_Jam.Jam up for play (max tick rate 0) at 2014.06.05-21.43.52
[2014.06.05-11.43.52:235][159]LogWorld: Bringing up level for play took: 0.001050
[2014.06.05-11.43.52:236][159]LogPlayerController: Spawned spectator SpectatorPawn_4 [server:1]
[2014.06.05-11.43.52:236][159]LogGameMode: RestartPlayer 260
[2014.06.05-11.43.52:236][159]LogPlayerController: ClientRestart_Implementation DefaultPawn_4
[2014.06.05-11.43.52:236][159]LogPlayerController: ServerAcknowledgePossession_Implementation DefaultPawn_4
[2014.06.05-11.43.52:239][159]PIE: Info Play in editor start time for /Game/UEDPIE_0_Jam 0.08
[2014.06.05-11.43.52:239][159]LogInput:Error: Duplicate mapping of key None for axis MoveForward
[2014.06.05-11.43.53:144][257]LogActorComponent: UnregisterComponent: (/Engine/Transient.CharacterMovementComponent_8) Not registered. Aborting.
[2014.06.05-11.43.53:158][257]LogParticles: Destroying 0 GPU particle simulations for FXSystem 0x000000000FC49D00
[2014.06.05-11.43.53:158][257]LogParticles: Destroying 0 GPU particle simulations for FXSystem 0x000000001B956700
[2014.06.05-11.44.27:814][231]LogContentBrowser:Verbose: The majority of assets in the view are of type: AnimSequence
[2014.06.05-11.44.31:546][410]LogContentBrowser:Verbose: The majority of assets in the view are of type: AnimSequence
[2014.06.05-11.44.32:450][455]LogContentBrowser:Verbose: The majority of assets in the view are of type: AnimSequence
[2014.06.05-11.44.33:220][486]LogContentBrowser:Verbose: The majority of assets in the view are of type: AnimSequence
[2014.06.05-11.45.14:181][609]LogSlate:Warning: Prevented a slow task dialog from being summoned while a context menu was open
[2014.06.05-11.45.20:864][175]LogPlayLevel: PIE:  No blueprints needed recompiling
[2014.06.05-11.45.20:864][175]PIE: New page: PIE session: Jam (06/06/2014 7:45:20 am)
[2014.06.05-11.45.20:867][175]LogPlayLevel: PIE: StaticDuplicateObject took: (0.002505s)
[2014.06.05-11.45.20:868][175]LogPlayLevel: PIE: World Init took: (0.000777s)
[2014.06.05-11.45.20:868][175]LogPlayLevel: PIE: Created PIE world by copying editor world from /Game/Jam.Jam to /Game/UEDPIE_0_Jam.Jam (0.003507s)
[2014.06.05-11.45.20:868][175]LogWorld: Game class is 'GameMode'
[2014.06.05-11.45.20:897][175]LogWorld: Bringing World /Game/UEDPIE_0_Jam.Jam up for play (max tick rate 0) at 2014.06.05-21.45.20
[2014.06.05-11.45.20:897][175]LogWorld: Bringing up level for play took: 0.001277
[2014.06.05-11.45.20:898][175]LogPlayerController: Spawned spectator SpectatorPawn_5 [server:1]
[2014.06.05-11.45.20:898][175]LogGameMode: RestartPlayer 261
[2014.06.05-11.45.20:898][175]LogPlayerController: ClientRestart_Implementation DefaultPawn_5
[2014.06.05-11.45.20:898][175]LogPlayerController: ServerAcknowledgePossession_Implementation DefaultPawn_5
[2014.06.05-11.45.20:901][175]PIE: Info Play in editor start time for /Game/UEDPIE_0_Jam 0.741
[2014.06.05-11.45.20:902][175]LogInput:Error: Duplicate mapping of key None for axis MoveForward
[2014.06.05-11.45.24:212][561]LogActorComponent: UnregisterComponent: (/Engine/Transient.CharacterMovementComponent_9) Not registered. Aborting.
[2014.06.05-11.45.24:226][561]LogParticles: Destroying 0 GPU particle simulations for FXSystem 0x0000000024FC8720
[2014.06.05-11.45.24:246][562]LogParticles: Destroying 0 GPU particle simulations for FXSystem 0x000000000CF98720
[2014.06.05-11.45.36:278][443]LogActorComponent: UnregisterComponent: (/Engine/Transient.CharacterMovementComponent_10) Not registered. Aborting.
[2014.06.05-11.45.36:290][443]LogParticles: Destroying 0 GPU particle simulations for FXSystem 0x0000000025194B80
[2014.06.05-11.45.36:292][443]LogMetaData: Removing '/Game/Assets/Character/JamGameMode.JamGameMode_C' ref from Metadata '/Game/Assets/Character/GameMode.PackageMetaData'
[2014.06.05-11.45.36:292][443]LogMetaData: Removing '/Game/Assets/Character/JamGameMode.SKEL_JamGameMode_C' ref from Metadata '/Game/Assets/Character/GameMode.PackageMetaData'
[2014.06.05-11.45.36:382][443]LogSavePackage: Save=13.121650ms
[2014.06.05-11.45.36:382][443]LogSavePackage: Moving '../../../../../../Users/takamatsu/Documents/Unreal Projects/DigitalJamSession/Saved/JamGameMode6C6AF5E14D14C4F5801F2E9B92B860A0.tmp' to '../../../../../../Users/takamatsu/Documents/Unreal Projects/DigitalJamSession/Content/Assets/Character/JamGameMode.uasset'
[2014.06.05-11.45.46:631][223]LogSlate:Warning: Prevented a slow task dialog from being summoned while a context menu was open
[2014.06.05-11.45.55:226][966]LogPlayLevel: PIE:  No blueprints needed recompiling
[2014.06.05-11.45.55:226][966]PIE: New page: PIE session: Jam (06/06/2014 7:45:55 am)
[2014.06.05-11.45.55:229][966]LogPlayLevel: PIE: StaticDuplicateObject took: (0.002263s)
[2014.06.05-11.45.55:229][966]LogPlayLevel: PIE: World Init took: (0.000749s)
[2014.06.05-11.45.55:230][966]LogPlayLevel: PIE: Created PIE world by copying editor world from /Game/Jam.Jam to /Game/UEDPIE_0_Jam.Jam (0.003174s)
[2014.06.05-11.45.55:244][966]LogWorld: Game class is 'JamGameMode_C'
[2014.06.05-11.45.55:271][966]LogWorld: Bringing World /Game/UEDPIE_0_Jam.Jam up for play (max tick rate 0) at 2014.06.05-21.45.55
[2014.06.05-11.45.55:271][966]LogWorld: Bringing up level for play took: 0.001087
[2014.06.05-11.45.55:271][966]LogPlayerController: Spawned spectator SpectatorPawn_6 [server:1]
[2014.06.05-11.45.55:272][966]LogGameMode: RestartPlayer 262
[2014.06.05-11.45.55:273][966]LogPlayerController: ClientRestart_Implementation CharacterBP_C_0
[2014.06.05-11.45.55:273][966]LogPlayerController: ServerAcknowledgePossession_Implementation CharacterBP_C_0
[2014.06.05-11.45.55:277][966]PIE: Info Play in editor start time for /Game/UEDPIE_0_Jam -0.883
[2014.06.05-11.45.55:277][966]LogInput:Error: Duplicate mapping of key None for axis MoveForward
[2014.06.05-11.45.58:110][286]LogBlueprintUserMessages: Un-named character can walk through walls...
[2014.06.05-11.45.58:717][355]LogBlueprintUserMessages: Un-named character  has stopped walking through walls
[2014.06.05-11.46.00:127][514]LogBlueprintUserMessages: Un-named character can now fly !
[2014.06.05-11.46.06:642][266]LogBlueprintUserMessages: Un-named character  has stopped flying!
[2014.06.05-11.46.09:146][560]LogBlueprintUserMessages: Un-named character can walk through walls...
[2014.06.05-11.46.10:416][712]LogBlueprintUserMessages: Un-named character  has stopped walking through walls
[2014.06.05-11.46.14:237][163]LogActorComponent: UnregisterComponent: (/Engine/Transient.CharacterMovementComponent_11) Not registered. Aborting.
[2014.06.05-11.46.14:249][163]LogParticles: Destroying 0 GPU particle simulations for FXSystem 0x000000000CF98AE0
[2014.06.05-11.46.29:763][543]LogEditorViewport: Clicking on Actor (LMB): StaticMeshActor (SM_Template_Map_Floor)
[2014.06.05-11.46.37:741][244]LogEditorViewport: Clicking on Actor (LMB): StaticMeshActor (SM_Template_Map_Floor)
[2014.06.05-11.46.39:046][352]LogSavePackage: Save=30.725191ms
[2014.06.05-11.46.39:046][352]LogSavePackage: Moving '../../../../../../Users/takamatsu/Documents/Unreal Projects/DigitalJamSession/Saved/JamF8549ABB428953A2B6BF1EBF0571186D.tmp' to '../../../../../../Users/takamatsu/Documents/Unreal Projects/DigitalJamSession/Content/Jam.umap'
[2014.06.05-11.46.40:140][453]LogPlayLevel: PIE:  No blueprints needed recompiling
[2014.06.05-11.46.40:140][453]PIE: New page: PIE session: Jam (06/06/2014 7:46:40 am)
[2014.06.05-11.46.40:143][453]LogPlayLevel: PIE: StaticDuplicateObject took: (0.002068s)
[2014.06.05-11.46.40:143][453]LogPlayLevel: PIE: World Init took: (0.000651s)
[2014.06.05-11.46.40:143][453]LogPlayLevel: PIE: Created PIE world by copying editor world from /Game/Jam.Jam to /Game/UEDPIE_0_Jam.Jam (0.002884s)
[2014.06.05-11.46.40:144][453]LogWorld: Game class is 'JamGameMode_C'
[2014.06.05-11.46.40:172][453]LogWorld: Bringing World /Game/UEDPIE_0_Jam.Jam up for play (max tick rate 0) at 2014.06.05-21.46.40
[2014.06.05-11.46.40:172][453]LogWorld: Bringing up level for play took: 0.001238
[2014.06.05-11.46.40:173][453]LogPlayerController: Spawned spectator SpectatorPawn_7 [server:1]
[2014.06.05-11.46.40:173][453]LogGameMode: RestartPlayer 263
[2014.06.05-11.46.40:174][453]LogPlayerController: ClientRestart_Implementation CharacterBP_C_1
[2014.06.05-11.46.40:174][453]LogPlayerController: ServerAcknowledgePossession_Implementation CharacterBP_C_1
[2014.06.05-11.46.40:178][453]PIE: Info Play in editor start time for /Game/UEDPIE_0_Jam 0.018
[2014.06.05-11.46.40:178][453]LogInput:Error: Duplicate mapping of key None for axis MoveForward
[2014.06.05-11.46.43:047][791]LogBlueprintUserMessages: Un-named character can walk through walls...
[2014.06.05-11.46.44:893][ 12]LogBlueprintUserMessages: Un-named character  has stopped walking through walls
[2014.06.05-11.46.45:844][126]LogBlueprintUserMessages: Un-named character can now fly !
[2014.06.05-11.46.48:862][476]LogBlueprintUserMessages: Un-named character can walk through walls...
[2014.06.05-11.46.50:030][616]LogBlueprintUserMessages: Un-named character  has stopped flying!
[2014.06.05-11.46.52:285][886]LogBlueprintUserMessages: Un-named character  has stopped walking through walls
[2014.06.05-11.46.54:884][184]LogParticles: Destroying 0 GPU particle simulations for FXSystem 0x000000000E883EC0
[2014.06.05-11.47.14:408][847]LogSavePackage: Save=28.979492ms
[2014.06.05-11.47.14:408][847]LogSavePackage: Moving '../../../../../../Users/takamatsu/Documents/Unreal Projects/DigitalJamSession/Saved/Jam9A44B2AA46F01C652BE81197A4E9B24D.tmp' to '../../../../../../Users/takamatsu/Documents/Unreal Projects/DigitalJamSession/Content/Jam.umap'
[2014.06.05-11.47.26:870][881]Cmd: QUIT_EDITOR
[2014.06.05-11.47.26:941][881]LogWindowsTextInputMethodSystem:Error: Terminating failed while unadvising the language notification sink from the TSF source.
[2014.06.05-11.47.26:943][881]LogExit: Preparing to exit.
[2014.06.05-11.47.27:856][881]LogActorComponent: UnregisterComponent: (None.None) Not registered. Aborting.
[2014.06.05-11.47.27:856][881]LogActorComponent: UnregisterComponent: (None.None) Not registered. Aborting.
[2014.06.05-11.47.27:856][881]LogActorComponent: UnregisterComponent: (None.None) Not registered. Aborting.
[2014.06.05-11.47.27:856][881]LogActorComponent: UnregisterComponent: (None.None) Not registered. Aborting.
[2014.06.05-11.47.27:856][881]LogActorComponent: UnregisterComponent: (None.None) Not registered. Aborting.
[2014.06.05-11.47.27:856][881]LogActorComponent: UnregisterComponent: (None.None) Not registered. Aborting.
[2014.06.05-11.47.27:872][881]LogExit: Editor shut down
[2014.06.05-11.47.27:873][881]LogExit: Transaction tracking system shut down
[2014.06.05-11.47.27:874][881]LogParticles: Destroying 0 GPU particle simulations for FXSystem 0x000000000CEE34C0
[2014.06.05-11.47.27:875][881]LogParticles: Destroying 0 GPU particle simulations for FXSystem 0x000000000E8822A0
[2014.06.05-11.47.27:875][881]LogParticles: Destroying 0 GPU particle simulations for FXSystem 0x0000000012B95C60
[2014.06.05-11.47.27:875][881]LogParticles: Destroying 0 GPU particle simulations for FXSystem 0x0000000012B96A20
[2014.06.05-11.47.27:906][881]LogParticles: Destroying 0 GPU particle simulations for FXSystem 0x00000000229F14E0
[2014.06.05-11.47.27:906][881]LogParticles: Destroying 0 GPU particle simulations for FXSystem 0x00000000229F1760
[2014.06.05-11.47.27:906][881]LogExit: Object subsystem successfully closed.
[2014.06.05-11.47.27:985][881]LogModuleManager: Shutting down and abandoning module ExternalImagePicker (165)
[2014.06.05-11.47.27:985][881]LogModuleManager: Shutting down and abandoning module DesktopPlatform (164)
[2014.06.05-11.47.27:985][881]LogModuleManager: Shutting down and abandoning module AndroidDeviceDetection (163)
[2014.06.05-11.47.27:985][881]LogModuleManager: Shutting down and abandoning module CrashTracker (162)
[2014.06.05-11.47.27:985][881]LogModuleManager: Shutting down and abandoning module HTTP (161)
[2014.06.05-11.47.27:985][881]LogModuleManager: Shutting down and abandoning module NewsFeed (160)
[2014.06.05-11.47.27:985][881]LogModuleManager: Shutting down and abandoning module SceneOutliner (159)
[2014.06.05-11.47.27:985][881]LogModuleManager: Shutting down and abandoning module EditorWidgets (158)
[2014.06.05-11.47.27:985][881]LogModuleManager: Shutting down and abandoning module CollectionManager (157)
[2014.06.05-11.47.27:985][881]LogModuleManager: Shutting down and abandoning module StatsViewer (156)
[2014.06.05-11.47.27:985][881]LogModuleManager: Shutting down and abandoning module FoliageEdit (155)
[2014.06.05-11.47.27:985][881]LogModuleManager: Shutting down and abandoning module LandscapeEditor (154)
[2014.06.05-11.47.27:991][881]LogModuleManager: Shutting down and abandoning module MeshPaint (153)
[2014.06.05-11.47.27:991][881]LogModuleManager: Shutting down and abandoning module ActorPickerMode (152)
[2014.06.05-11.47.27:991][881]LogModuleManager: Shutting down and abandoning module GeometryMode (151)
[2014.06.05-11.47.27:991][881]LogModuleManager: Shutting down and abandoning module TextureAlignMode (150)
[2014.06.05-11.47.27:991][881]LogModuleManager: Shutting down and abandoning module BspMode (149)
[2014.06.05-11.47.27:991][881]LogModuleManager: Shutting down and abandoning module PlacementMode (148)
[2014.06.05-11.47.27:991][881]LogModuleManager: Shutting down and abandoning module AutomationWorker (147)
[2014.06.05-11.47.27:992][881]LogModuleManager: Shutting down and abandoning module ViewportSnapping (146)
[2014.06.05-11.47.27:992][881]LogModuleManager: Shutting down and abandoning module DeviceProfileEditor (145)
[2014.06.05-11.47.27:992][881]LogModuleManager: Shutting down and abandoning module UndoHistory (144)
[2014.06.05-11.47.27:992][881]LogModuleManager: Shutting down and abandoning module GameplayTagsEditor (143)
[2014.06.05-11.47.27:992][881]LogModuleManager: Shutting down and abandoning module UserFeedback (142)
[2014.06.05-11.47.27:992][881]LogModuleManager: Shutting down and abandoning module XmlParser (141)
[2014.06.05-11.47.27:992][881]LogModuleManager: Shutting down and abandoning module Blutility (140)
[2014.06.05-11.47.27:992][881]LogModuleManager: Shutting down and abandoning module AndroidPlatformEditor (137)
[2014.06.05-11.47.27:992][881]LogModuleManager: Shutting down and abandoning module AndroidRuntimeSettings (136)
[2014.06.05-11.47.27:992][881]LogModuleManager: Shutting down and abandoning module ProjectSettingsViewer (135)
[2014.06.05-11.47.27:992][881]LogModuleManager: Shutting down and abandoning module InputBindingEditor (134)
[2014.06.05-11.47.27:992][881]LogModuleManager: Shutting down and abandoning module EditorSettingsViewer (133)
[2014.06.05-11.47.27:992][881]LogModuleManager: Shutting down and abandoning module SettingsEditor (132)
[2014.06.05-11.47.27:992][881]LogModuleManager: Shutting down and abandoning module SessionLauncher (131)
[2014.06.05-11.47.27:992][881]LogModuleManager: Shutting down and abandoning module SessionFrontend (130)
[2014.06.05-11.47.27:992][881]LogModuleManager: Shutting down and abandoning module ProfilerClient (129)
[2014.06.05-11.47.27:992][881]LogModuleManager: Shutting down and abandoning module TargetDeviceServices (128)
[2014.06.05-11.47.27:992][881]LogModuleManager: Shutting down and abandoning module DeviceManager (127)
[2014.06.05-11.47.27:992][881]LogModuleManager: Shutting down and abandoning module AutomationController (126)
[2014.06.05-11.47.27:992][881]LogModuleManager: Shutting down and abandoning module AutomationWindow (125)
[2014.06.05-11.47.27:992][881]LogModuleManager: Shutting down and abandoning module Layers (124)
[2014.06.05-11.47.27:992][881]LogModuleManager: Shutting down and abandoning module ComponentVisualizers (123)
[2014.06.05-11.47.27:992][881]LogModuleManager: Shutting down and abandoning module DetailCustomizations (122)
[2014.06.05-11.47.27:992][881]LogModuleManager: Shutting down and abandoning module PackagesDialog (121)
[2014.06.05-11.47.27:992][881]LogModuleManager: Shutting down and abandoning module PropertyEditor (120)
[2014.06.05-11.47.27:992][881]LogModuleManager: Shutting down and abandoning module DirectoryWatcher (119)
[2014.06.05-11.47.27:993][881]LogModuleManager: Shutting down and abandoning module AssetRegistry (118)
[2014.06.05-11.47.28:018][881]LogModuleManager: Shutting down and abandoning module Persona (117)
[2014.06.05-11.47.28:018][881]LogModuleManager: Shutting down and abandoning module GraphEditor (116)
[2014.06.05-11.47.28:019][881]LogModuleManager: Shutting down and abandoning module ContentBrowser (115)
[2014.06.05-11.47.28:019][881]LogModuleManager: Shutting down and abandoning module ClassViewer (114)
[2014.06.05-11.47.28:019][881]LogModuleManager: Shutting down and abandoning module Toolbox (113)
[2014.06.05-11.47.28:019][881]LogModuleManager: Shutting down and abandoning module ModuleUI (112)
[2014.06.05-11.47.28:019][881]LogModuleManager: Shutting down and abandoning module Sequencer (111)
[2014.06.05-11.47.28:019][881]LogModuleManager: Shutting down and abandoning module AssetTools (110)
[2014.06.05-11.47.28:019][881]LogModuleManager: Shutting down and abandoning module MovieSceneTools (109)
[2014.06.05-11.47.28:019][881]LogModuleManager: Shutting down and abandoning module OutputLog (108)
[2014.06.05-11.47.28:019][881]LogModuleManager: Shutting down and abandoning module GammaUI (107)
[2014.06.05-11.47.28:019][881]LogModuleManager: Shutting down and abandoning module Documentation (106)
[2014.06.05-11.47.28:019][881]LogModuleManager: Shutting down and abandoning module StreamingPauseRendering (105)
[2014.06.05-11.47.28:019][881]LogModuleManager: Shutting down and abandoning module AnalyticsET (104)
[2014.06.05-11.47.28:019][881]LogModuleManager: Shutting down and abandoning module Analytics (103)
[2014.06.05-11.47.28:019][881]LogModuleManager: Shutting down and abandoning module ProfilerService (102)
[2014.06.05-11.47.28:157][881]LogModuleManager: Shutting down and abandoning module TaskGraph (101)
[2014.06.05-11.47.28:157][881]LogModuleManager: Shutting down and abandoning module GameProjectGeneration (100)
[2014.06.05-11.47.28:157][881]LogModuleManager: Shutting down and abandoning module Matinee (99)
[2014.06.05-11.47.28:157][881]LogModuleManager: Shutting down and abandoning module Kismet (98)
[2014.06.05-11.47.28:157][881]LogModuleManager: Shutting down and abandoning module SlateReflector (97)
[2014.06.05-11.47.28:157][881]LogModuleManager: Shutting down and abandoning module LevelEditor (96)
[2014.06.05-11.47.28:158][881]LogModuleManager: Shutting down and abandoning module MainFrame (95)
[2014.06.05-11.47.28:158][881]LogModuleManager: Shutting down and abandoning module SourceControl (94)
[2014.06.05-11.47.28:158][881]LogModuleManager: Shutting down and abandoning module ImageWrapper (93)
[2014.06.05-11.47.28:158][881]LogModuleManager: Shutting down and abandoning module OnlineBlueprintSupport (92)
[2014.06.05-11.47.28:158][881]LogModuleManager: Shutting down and abandoning module FunctionalTesting (91)
[2014.06.05-11.47.28:158][881]LogModuleManager: Shutting down and abandoning module CollisionAnalyzer (90)
[2014.06.05-11.47.28:158][881]LogModuleManager: Shutting down and abandoning module WorkspaceMenuStructure (89)
[2014.06.05-11.47.28:158][881]LogModuleManager: Shutting down and abandoning module MessageLog (88)
[2014.06.05-11.47.28:158][881]LogModuleManager: Shutting down and abandoning module Slate (87)
[2014.06.05-11.47.28:158][881]LogModuleManager: Shutting down and abandoning module EditorStyle (86)
[2014.06.05-11.47.28:161][881]LogModuleManager: Shutting down and abandoning module SessionServices (85)
[2014.06.05-11.47.28:161][881]LogModuleManager: Shutting down and abandoning module Messaging (84)
[2014.06.05-11.47.28:161][881]LogModuleManager: Shutting down and abandoning module SourceCodeAccess (83)
[2014.06.05-11.47.28:161][881]LogModuleManager: Shutting down and abandoning module HeadMountedDisplay (82)
[2014.06.05-11.47.28:161][881]LogModuleManager: Shutting down and abandoning module XAudio2 (81)
[2014.06.05-11.47.28:161][881]LogModuleManager: Shutting down and abandoning module Networking (79)
[2014.06.05-11.47.28:161][881]LogModuleManager: Shutting down and abandoning module Core (78)
[2014.06.05-11.47.28:161][881]LogModuleManager: Shutting down and abandoning module KismetCompiler (77)
[2014.06.05-11.47.28:161][881]LogModuleManager: Shutting down and abandoning module PhysXFormats (76)
[2014.06.05-11.47.28:161][881]LogModuleManager: Shutting down and abandoning module SimplygonMeshReduction (75)
[2014.06.05-11.47.28:161][881]LogModuleManager: Shutting down and abandoning module MeshUtilities (74)
[2014.06.05-11.47.28:161][881]LogModuleManager: Shutting down and abandoning module DerivedDataCache (73)
[2014.06.05-11.47.28:178][881]LogDerivedDataCache: Shutdown
[2014.06.05-11.47.28:178][881]LogModuleManager: Shutting down and abandoning module ShaderFormatOpenGL (72)
[2014.06.05-11.47.28:178][881]LogModuleManager: Shutting down and abandoning module ShaderFormatD3D (71)
[2014.06.05-11.47.28:178][881]LogModuleManager: Shutting down and abandoning module TextureFormatUncompressed (70)
[2014.06.05-11.47.28:178][881]LogModuleManager: Shutting down and abandoning module TextureFormatPVR (69)
[2014.06.05-11.47.28:178][881]LogModuleManager: Shutting down and abandoning module TextureFormatDXT (68)
[2014.06.05-11.47.28:178][881]LogModuleManager: Shutting down and abandoning module TextureFormatAndroid (67)
[2014.06.05-11.47.28:178][881]LogModuleManager: Shutting down and abandoning module AudioFormatOpus (66)
[2014.06.05-11.47.28:178][881]LogModuleManager: Shutting down and abandoning module AudioFormatOgg (65)
[2014.06.05-11.47.28:178][881]LogModuleManager: Shutting down and abandoning module AudioFormatADPCM (64)
[2014.06.05-11.47.28:178][881]LogModuleManager: Shutting down and abandoning module Android_PVRTCTargetPlatform (63)
[2014.06.05-11.47.28:178][881]LogModuleManager: Shutting down and abandoning module Android_ETC2TargetPlatform (62)
[2014.06.05-11.47.28:178][881]LogModuleManager: Shutting down and abandoning module Android_ETC1TargetPlatform (61)
[2014.06.05-11.47.28:178][881]LogModuleManager: Shutting down and abandoning module Android_DXTTargetPlatform (60)
[2014.06.05-11.47.28:178][881]LogModuleManager: Shutting down and abandoning module Android_ATCTargetPlatform (59)
[2014.06.05-11.47.28:178][881]LogModuleManager: Shutting down and abandoning module AndroidTargetPlatform (58)
[2014.06.05-11.47.28:178][881]LogModuleManager: Shutting down and abandoning module WindowsTargetPlatform (57)
[2014.06.05-11.47.28:178][881]LogModuleManager: Shutting down and abandoning module WindowsServerTargetPlatform (56)
[2014.06.05-11.47.28:178][881]LogModuleManager: Shutting down and abandoning module WindowsNoEditorTargetPlatform (55)
[2014.06.05-11.47.28:178][881]LogModuleManager: Shutting down and abandoning module WindowsClientTargetPlatform (54)
[2014.06.05-11.47.28:178][881]LogModuleManager: Shutting down and abandoning module TargetPlatform (53)
[2014.06.05-11.47.28:178][881]LogModuleManager: Shutting down and abandoning module InputCore (52)
[2014.06.05-11.47.28:178][881]LogModuleManager: Shutting down and abandoning module Settings (51)
[2014.06.05-11.47.28:178][881]LogModuleManager: Shutting down and abandoning module TextureCompressor (48)
[2014.06.05-11.47.28:178][881]LogModuleManager: Shutting down and abandoning module ShaderCore (47)
[2014.06.05-11.47.28:178][881]LogModuleManager: Shutting down and abandoning module OpenGLDrv (46)
[2014.06.05-11.47.28:178][881]LogModuleManager: Shutting down and abandoning module D3D11RHI (45)
[2014.06.05-11.47.28:178][881]LogModuleManager: Shutting down and abandoning module SlateRHIRenderer (44)
[2014.06.05-11.47.28:178][881]LogModuleManager: Shutting down and abandoning module Renderer (43)
[2014.06.05-11.47.28:178][881]LogModuleManager: Shutting down and abandoning module Engine (42)
[2014.06.05-11.47.28:178][881]LogModuleManager: Shutting down and abandoning module SlateRemote (41)
[2014.06.05-11.47.28:178][881]LogModuleManager: Shutting down and abandoning module ScriptPlugin (40)
[2014.06.05-11.47.28:178][881]LogModuleManager: Shutting down and abandoning module ScriptEditorPlugin (38)
[2014.06.05-11.47.28:178][881]LogModuleManager: Shutting down and abandoning module WindowsMoviePlayer (37)
[2014.06.05-11.47.28:181][881]LogModuleManager: Shutting down and abandoning module ExampleDeviceProfileSelector (32)
[2014.06.05-11.47.28:181][881]LogModuleManager: Shutting down and abandoning module CustomMeshComponent (31)
[2014.06.05-11.47.28:181][881]LogModuleManager: Shutting down and abandoning module CableComponent (30)
[2014.06.05-11.47.28:181][881]LogModuleManager: Shutting down and abandoning module OculusRift (26)
[2014.06.05-11.47.28:181][881]LogModuleManager: Shutting down and abandoning module UdpMessaging (25)
[2014.06.05-11.47.28:281][881]LogModuleManager: Shutting down and abandoning module MessagingDebugger (24)
[2014.06.05-11.47.28:281][881]LogModuleManager: Shutting down and abandoning module PluginsEditor (14)
[2014.06.05-11.47.28:281][881]LogModuleManager: Shutting down and abandoning module IntroTutorials (13)
[2014.06.05-11.47.28:281][881]LogModuleManager: Shutting down and abandoning module EpicSurvey (12)
[2014.06.05-11.47.28:281][881]LogModuleManager: Shutting down and abandoning module VisualStudioSourceCodeAccess (10)
[2014.06.05-11.47.28:281][881]LogModuleManager: Shutting down and abandoning module UObjectPlugin (9)
[2014.06.05-11.47.28:281][881]LogModuleManager: Shutting down and abandoning module SubversionSourceControl (8)
[2014.06.05-11.47.28:281][881]LogModuleManager: Shutting down and abandoning module PerforceSourceControl (7)
[2014.06.05-11.47.28:281][881]LogModuleManager: Shutting down and abandoning module BlankPlugin (6)
[2014.06.05-11.47.28:281][881]LogModuleManager: Shutting down and abandoning module CoreUObject (5)
[2014.06.05-11.47.28:281][881]LogModuleManager: Shutting down and abandoning module NetworkFile (4)
[2014.06.05-11.47.28:281][881]LogModuleManager: Shutting down and abandoning module StreamingFile (3)
[2014.06.05-11.47.28:281][881]LogModuleManager: Shutting down and abandoning module SandboxFile (2)
[2014.06.05-11.47.28:281][881]LogModuleManager: Shutting down and abandoning module PakFile (1)
[2014.06.05-11.47.28:282][881]LogExit: Exiting.
[2014.06.05-11.47.28:291][881]Log file closed, 06/05/14 21:47:28
