Log file open, 06/27/14 18:50:05
LogInit:Display: Running engine for game: DigitalJamSession
LogInit: Version: 4.2.0-2092659+++depot+UE4-Releases+4.2
LogInit: Compiled (64-bit): Jun  3 2014 00:56:21
LogInit: Build Configuration: Development
LogInit: Branch Name: ++depot+UE4-Releases+4.2
LogInit: Command line:  
LogInit: Base directory: C:/Program Files/Unreal Engine/4.2/Engine/Binaries/Win64/
LogInit: Rocket: 1
[2014.06.27-08.50.05:666][  0]LogTaskGraph: Started task graph with 3 named threads and 8 total threads.
[2014.06.27-08.50.05:745][  0]LogOnline:Warning: No default platform service specified for OnlineSubsystem
[2014.06.27-08.50.05:765][  0]LogInit: Presizing for 0 objects not considered by GC, pre-allocating 0 bytes.
[2014.06.27-08.50.05:775][  0]LogInit: Object subsystem initialized
[2014.06.27-08.50.05:778][  0]LogInit: Selected Device Profile: [Windows]
[2014.06.27-08.50.05:778][  0]LogInit: Applying CVar settings loaded from the selected device profile: [Windows]
[2014.06.27-08.50.05:812][  0]LogInit: Computer: TAKAMATSU-PC
[2014.06.27-08.50.05:812][  0]LogInit: User: takamatsu
[2014.06.27-08.50.05:814][  0]LogInit: CPU Page size=4096, Cores=8
[2014.06.27-08.50.05:814][  0]LogInit: High frequency timer resolution =3.527578 MHz
[2014.06.27-08.50.05:814][  0]LogMemory: Memory total: Physical=31.9GB (32GB approx) Virtual=8192.0GB
[2014.06.27-08.50.05:814][  0]LogMemory: Platform Memory Stats for Windows
[2014.06.27-08.50.05:814][  0]LogMemory: Process Physical Memory: 55.14 MB used, 55.14 MB peak
[2014.06.27-08.50.05:814][  0]LogMemory: Process Virtual Memory: 31.83 MB used, 31.93 MB peak
[2014.06.27-08.50.05:814][  0]LogMemory: Physical Memory: 4042.29 MB used, 32695.07 MB total
[2014.06.27-08.50.05:814][  0]LogMemory: Virtual Memory: 237.16 MB used, 8388608.00 MB total
[2014.06.27-08.50.05:906][  0]LogD3D11RHI: Found D3D11 adapter 0: ASUS HD7970 Series (Feature Level 11_0)
[2014.06.27-08.50.05:906][  0]LogD3D11RHI: Adapter has 3023MB of dedicated video memory, 0MB of dedicated system memory, and 16091MB of shared system memory, 2 output[s]
[2014.06.27-08.50.05:906][  0]LogD3D11RHI: Chosen D3D11 Adapter Id = 0
[2014.06.27-08.50.05:920][  0]LogRHI: Texture pool is 1361 MB (70% of 1945 MB)
[2014.06.27-08.50.05:952][  0]LogD3D11RHI: Async texture creation disabled: no driver support
[2014.06.27-08.50.06:157][  0]LogContentStreaming: Texture pool size is 0.000000MB
[2014.06.27-08.50.08:459][  0]LogTargetPlatformManager:Display: Building Assets For Windows
[2014.06.27-08.50.08:716][  0]LogTargetPlatformManager:Display: Building Assets For Windows
[2014.06.27-08.50.08:798][  0]LogDerivedDataCache:Display: Max Cache Size: 512 MB
[2014.06.27-08.50.09:223][  0]LogDerivedDataCache: Loaded boot cache 0.42s 42MB C:/Users/takamatsu/AppData/Local/UnrealEngine/4.2/DerivedDataCache/Boot.ddc.
[2014.06.27-08.50.09:223][  0]LogDerivedDataCache:Display: Loaded Boot cache: C:/Users/takamatsu/AppData/Local/UnrealEngine/4.2/DerivedDataCache/Boot.ddc
[2014.06.27-08.50.09:223][  0]LogDerivedDataCache: FDerivedDataBackendGraph:  Pak pak cache file ../../../../../../Users/takamatsu/Documents/Unreal Projects/DigitalJamSession/DerivedDataCache/DDC.ddp not found, will not use a pak cache.
[2014.06.27-08.50.09:223][  0]LogDerivedDataCache: Unable to find inner node Pak for hierarchical cache Hierarchy.
[2014.06.27-08.50.09:262][  0]LogDerivedDataCache:Display: Pak cache opened for reading ../../../Engine/DerivedDataCache/DDC.ddp.
[2014.06.27-08.50.09:274][  0]LogDerivedDataCache: Using Local data cache path C:/Users/takamatsu/AppData/Local/UnrealEngine/4.2/DerivedDataCache: Writable
[2014.06.27-08.50.09:622][  0]LogMeshUtilities: No automatic mesh reduction module available
[2014.06.27-08.50.09:622][  0]LogMeshUtilities: No automatic mesh merging module available
[2014.06.27-08.50.10:393][  0]LogInit: WinSock: version 1.1 (2.2), MaxSocks=32767, MaxUdp=65467
[2014.06.27-08.50.18:440][  0]LogStreaming:Warning: Failed to read file '../../../Engine/Content/Editor/Slate/Icons/ActorIcons/GroupActor_16x.png' error.
[2014.06.27-08.50.18:440][  0]LogSlate: Could not find file for Slate resource: ../../../Engine/Content/Editor/Slate/Icons/ActorIcons/GroupActor_16x.png
[2014.06.27-08.50.18:621][  0]LogStreaming:Warning: Failed to read file '../../../Engine/Content/Editor/Slate/Icons/ActorIcons/DecalActor_16x.png' error.
[2014.06.27-08.50.18:621][  0]LogSlate: Could not find file for Slate resource: ../../../Engine/Content/Editor/Slate/Icons/ActorIcons/DecalActor_16x.png
[2014.06.27-08.50.22:677][  0]UdpMessaging: Initializing bridge on interface 0.0.0.0:0 to multicast group 230.0.0.1:6666.
[2014.06.27-08.50.22:800][  0]SourceControl: Info Source control is disabled
[2014.06.27-08.50.22:800][  0]SourceControl: Info Source control is disabled
[2014.06.27-08.50.22:817][  0]SourceControl: Info Source control is disabled
[2014.06.27-08.50.23:159][  0]BlueprintLog: New page: Editor Load
[2014.06.27-08.50.23:365][  0]LogObj: 19136 objects as part of root set at end of initial load.
[2014.06.27-08.50.23:365][  0]LogUObjectAllocator: 3804656 out of 0 bytes used by permanent object pool.
[2014.06.27-08.50.23:923][  0]LogEngine: Initializing Engine...
[2014.06.27-08.50.24:193][  0]LogInit: XAudio2 using 'Speakers (2- SB Recon3D PCIe)' : 6 channels at 48 kHz using 32 bits per sample (channel mask 0x3f)
[2014.06.27-08.50.24:242][  0]LogInit: FAudioDevice initialized.
[2014.06.27-08.50.24:291][  0]LogDerivedDataCache: Saved boot cache 0.05s 43MB C:/Users/takamatsu/AppData/Local/UnrealEngine/4.2/DerivedDataCache/Boot.ddc.
[2014.06.27-08.50.24:303][  0]LogInit: Texture streaming: Enabled
[2014.06.27-08.50.24:372][  0]LogInit: Transaction tracking system initialized
[2014.06.27-08.50.24:623][  0]LogAssetRegistry: FAssetRegistry took 0.0103 seconds to start up
[2014.06.27-08.50.24:973][  0]LogModuleManager:Warning: ModuleManager: Unable to load module '' because the file was not found.
[2014.06.27-08.50.24:987][  0]LogModuleManager:Warning: ModuleManager: Unable to load module '' because the file was not found.
[2014.06.27-08.50.25:090][  0]LogConsoleResponse:Display: 
[2014.06.27-08.50.26:838][  0]SourceControl: Info Source control is disabled
[2014.06.27-08.50.26:838][  0]Cmd: MAP LOAD FILE="../../../../../../Users/takamatsu/Documents/Unreal Projects/DigitalJamSession/Content/Jam.umap" TEMPLATE=0 SHOWPROGRESS=1 WORLDCOMPOSITION=0
[2014.06.27-08.50.26:879][  0]LightingResults: New page: Lighting Build
[2014.06.27-08.50.26:898][  0]MapCheck: New page: Map Check
[2014.06.27-08.50.26:898][  0]LightingResults: New page: Lighting Build
[2014.06.27-08.50.26:906][  0]LogParticles: Destroying 0 GPU particle simulations for FXSystem 0x000000001346EF20
[2014.06.27-08.50.28:277][  0]LogEditorServer: Finished looking for orphan Actors (0.000 secs)
[2014.06.27-08.50.28:278][  0]Cmd: MAP CHECKDEP
[2014.06.27-08.50.28:278][  0]MapCheck: New page: Jam - 28/06/2014 4:50:28 am
[2014.06.27-08.50.28:366][  0]MapCheck: Info ========== Map Check: 0 Error(s), 0 Warning(s), [88.046ms] ==========
[2014.06.27-08.50.28:366][  0]LogFileHelpers: Loading map 'Jam' took 1.528
[2014.06.27-08.50.28:580][  0]LogCollectionManager: Loaded 0 collections in 0.002290 seconds
[2014.06.27-08.50.28:812][  0]LogCrashTracker: Crashtracker disabled due to settings.
[2014.06.27-08.50.28:813][  0]Cmd: MODE PLACEMENT
[2014.06.27-08.50.28:861][  0]LogLoad: Full Startup: 25.19 seconds (BP compile: 0.08 seconds)
[2014.06.27-08.50.28:879][  0]LogContentBrowser:Verbose: The content browser source was changed by the sources view to '/Game/Assets/Terrain_Trial/Material'
[2014.06.27-08.50.29:012][  0]LogRenderer:Warning: Reallocating scene render targets to support 32x32.
[2014.06.27-08.50.29:259][  0]LogRenderer:Warning: Reallocating scene render targets to support 1040x896.
[2014.06.27-08.50.29:557][  1]LogEpicStorage:Warning: EnumerateFiles request failed. Invalid response. code=403 error=<?xml version="1.0" encoding="UTF-8"?>
<Error><Code>AccessDenied</Code><Message>Access Denied</Message><RequestId>3CE55435E46BDB6D</RequestId><HostId>rYFjwApShaGtSEGXf66skbZ+hB4dbm9rLYfByEKWozjJSeHqupIIN+SlRYVK2Eq8</HostId></Error>
[2014.06.27-08.50.29:575][  1]LogAssetRegistry: Asset discovery search completed in 4.9629 seconds
[2014.06.27-08.50.29:615][  2]LogEpicSurvey:Warning: EnumerateFiles request failed. Invalid response. code=403 error=<?xml version="1.0" encoding="UTF-8"?>
<Error><Code>AccessDenied</Code><Message>Access Denied</Message><RequestId>682822B80C7ABE54</RequestId><HostId>jdMlssW0Md/YXkpn8xpe2ezw17MoOi8UabHyhYaMQhSIlajDAttOGjzRtrtVzn63</HostId></Error>
[2014.06.27-08.50.29:667][  3]LogEpicStorage:Warning: EnumerateFiles request failed. Invalid response. code=403 error=<?xml version="1.0" encoding="UTF-8"?>
<Error><Code>AccessDenied</Code><Message>Access Denied</Message><RequestId>474472B610DB6720</RequestId><HostId>GOQYLpK5GwBHY1ECuBrPOJQTnPLt2hdgaAmibIbsG9mUetROV1Hq6Daobf21bJUi</HostId></Error>
[2014.06.27-08.50.29:700][  4]LogEpicSurvey:Warning: EnumerateFiles request failed. Invalid response. code=403 error=<?xml version="1.0" encoding="UTF-8"?>
<Error><Code>AccessDenied</Code><Message>Access Denied</Message><RequestId>3DDDC1980366971A</RequestId><HostId>ehn3Mz5VcNZWA/1f6HLabQ0whwYRndHDPNh2XD7tZk5FIdZvK4LRVuQW0wvQ1/PN</HostId></Error>
[2014.06.27-08.50.29:996][  6]LogEpicSurvey:Warning: EnumerateFiles request failed. Invalid response. code=403 error=<?xml version="1.0" encoding="UTF-8"?>
<Error><Code>AccessDenied</Code><Message>Access Denied</Message><RequestId>26C3913C889FE273</RequestId><HostId>z3k+pYmff6SIRUrlyWH2cNBKIpjPyzSfTkFztWCKCsZznyuuBTlXA+o1SRzipFRb</HostId></Error>
[2014.06.27-08.50.30:528][  7]LogEpicStorage:Warning: ReadFile request failed. File request already pending for filename=http://cdn.unrealengine.com/newsfeed/blueprint_icon_b.png
[2014.06.27-08.50.30:674][  7]LogEpicStorage:Warning: ReadFile request failed. File request already pending for filename=http://cdn.unrealengine.com/newsfeed/blueprint_icon_b.png
[2014.06.27-08.51.09:599][992]LogEditorViewport: Clicking on Actor (LMB): StaticMeshActor (SM_Template_Map_Floor)
[2014.06.27-08.51.24:470][426]LogEditorViewport: Clicking on Actor (LMB): StaticMeshActor (SM_Template_Map_Floor)
[2014.06.27-08.51.25:282][510]LogEditorViewport: Clicking on Actor (LMB): StaticMeshActor (SM_Template_Map_Floor)
[2014.06.27-08.51.26:437][630]LogEditorViewport: Clicking on Actor (context menu): StaticMeshActor (SM_Template_Map_Floor)
[2014.06.27-08.51.27:382][730]LogEditorViewport: Clicking on Actor (LMB): StaticMeshActor (SM_Template_Map_Floor)
[2014.06.27-08.52.15:386][478]Cmd: SELECT NONE
[2014.06.27-08.52.43:822][325]Cmd: POLY SELECT ADJACENT ALL
[2014.06.27-08.52.52:124][ 74]Cmd: SELECT NONE
[2014.06.27-08.53.35:727][719]LogEditorViewport: Clicking on Actor (LMB): StaticMeshActor (SM_Template_Map_Floor)
[2014.06.27-08.53.39:286][900]LogContentBrowser:Verbose: The content browser source was changed by the sources view to '/Game/Assets/Terrain_Trial/Terrain_Mat_Info'
[2014.06.27-08.53.43:119][281]LogContentBrowser:Verbose: The content browser source was changed by the sources view to '/Game/Assets/Terrain_Trial/Textures'
[2014.06.27-08.53.44:634][406]LogContentBrowser:Verbose: The content browser source was changed by the sources view to '/Game/Assets/Terrain_Trial/Material'
[2014.06.27-08.53.46:754][508]LogContentBrowser:Verbose: The content browser source was changed by the sources view to '/Game/Assets/Character'
[2014.06.27-08.53.47:471][563]LogContentBrowser:Verbose: The content browser source was changed by the sources view to '/Game/Assets'
[2014.06.27-08.53.49:177][746]LogContentBrowser:Verbose: The content browser source was changed by the sources view to '/Game/Assets/Character'
[2014.06.27-08.53.50:754][907]LogContentBrowser:Verbose: The content browser source was changed by the sources view to '/Game/Assets/Terrain_Trial'
[2014.06.27-08.53.51:527][991]LogContentBrowser:Verbose: The content browser source was changed by the sources view to '/Game/Assets/Terrain_Trial/Material'
[2014.06.27-08.53.53:867][ 82]LogMaterial: Missing cached shader map for material PreviewMaterial_0, compiling.
[2014.06.27-08.53.53:884][ 82]LogActorComponent: UnregisterComponent: (/Engine/Transient.SkeletalMeshComponent_0) Not registered. Aborting.
[2014.06.27-08.53.53:970][ 82]LogActorComponent: UnregisterComponent: (/Engine/Transient.SkeletalMeshComponent_0) Not registered. Aborting.
[2014.06.27-08.53.53:970][ 82]LogActorComponent: RegisterComponentWithWorld: (/Engine/Transient.MaterialEditorMeshComponent_0) Already registered. Aborting.
[2014.06.27-08.53.53:970][ 82]LogActorComponent: UnregisterComponent: (/Engine/Transient.SkeletalMeshComponent_0) Not registered. Aborting.
[2014.06.27-08.53.53:970][ 82]LogActorComponent: RegisterComponentWithWorld: (/Engine/Transient.MaterialEditorMeshComponent_0) Already registered. Aborting.
[2014.06.27-08.53.54:012][ 82]LogMaterial: Missing cached shader map for material FMatExpressionPreview MaterialExpressionTextureSample_0, compiling.
[2014.06.27-08.53.54:044][ 82]LogMaterial: Missing cached shader map for material FMatExpressionPreview MaterialExpressionTextureSample_1, compiling.
[2014.06.27-08.53.54:061][ 82]LogMaterial: Missing cached shader map for material FMatExpressionPreview MaterialExpressionTextureCoordinate_0, compiling.
[2014.06.27-08.53.54:063][ 82]MaterialEditorStats: Info Base pass shader with static lighting: 101 instructions
[2014.06.27-08.53.54:063][ 82]MaterialEditorStats: Info Base pass shader with only dynamic lighting: 70 instructions
[2014.06.27-08.53.54:063][ 82]MaterialEditorStats: Info Vertex shader: 33 instructions
[2014.06.27-08.53.54:063][ 82]MaterialEditorStats: Info Texture samplers: 5/16
[2014.06.27-08.54.01:776][400]LogMaterial: Missing cached shader map for material PreviewMaterial_0, compiling.
[2014.06.27-08.54.01:794][400]LogMaterial: Missing cached shader map for material PreviewMaterial_0, compiling.
[2014.06.27-08.54.01:836][400]LogMaterial: Missing cached shader map for material FMatExpressionPreview MaterialExpressionTextureCoordinate_0, compiling.
[2014.06.27-08.54.02:125][409]LogMaterial: Missing cached shader map for material PreviewMaterial_0, compiling.
[2014.06.27-08.54.02:144][409]LogMaterial: Missing cached shader map for material PreviewMaterial_0, compiling.
[2014.06.27-08.54.02:182][409]LogMaterial: Missing cached shader map for material FMatExpressionPreview MaterialExpressionTextureCoordinate_0, compiling.
[2014.06.27-08.54.02:645][425]MaterialEditorStats: Info Base pass shader with static lighting: 101 instructions
[2014.06.27-08.54.02:645][425]MaterialEditorStats: Info Base pass shader with only dynamic lighting: 70 instructions
[2014.06.27-08.54.02:645][425]MaterialEditorStats: Info Vertex shader: 33 instructions
[2014.06.27-08.54.02:645][425]MaterialEditorStats: Info Texture samplers: 5/16
[2014.06.27-08.54.05:162][519]LogMaterialEditor: Applying material gravel3_Mat
[2014.06.27-08.54.05:522][519]LogMaterial: Missing cached shader map for material PreviewMaterial_0, compiling.
[2014.06.27-08.54.05:564][519]LogMaterial: Missing cached shader map for material gravel3_Mat, compiling.
[2014.06.27-08.54.05:596][519]LogMaterial: Missing cached shader map for material gravel3_Mat, compiling.
[2014.06.27-08.54.05:603][519]LogMaterial: 0.002721 seconds spent updating 1 materials, 1 interfaces, 0 instances, 0 with static permutations.
[2014.06.27-08.54.08:221][659]MaterialEditorStats: Info Base pass shader with static lighting: 101 instructions
[2014.06.27-08.54.08:221][659]MaterialEditorStats: Info Base pass shader with only dynamic lighting: 70 instructions
[2014.06.27-08.54.08:221][659]MaterialEditorStats: Info Vertex shader: 33 instructions
[2014.06.27-08.54.08:221][659]MaterialEditorStats: Info Texture samplers: 5/16
[2014.06.27-08.54.21:654][403]LogSavePackage: Save=112.248405ms
[2014.06.27-08.54.21:654][403]LogSavePackage: Moving '../../../../../../Users/takamatsu/Documents/Unreal Projects/DigitalJamSession/Saved/gravel3_Mat04FBC3F743F0C18F54C2DFBF10D6EE98.tmp' to '../../../../../../Users/takamatsu/Documents/Unreal Projects/DigitalJamSession/Content/Assets/Terrain_Trial/Material/gravel3_Mat.uasset'
[2014.06.27-08.54.25:472][550]LogMaterial: Missing cached shader map for material PreviewMaterial_1, compiling.
[2014.06.27-08.54.25:478][550]LogActorComponent: UnregisterComponent: (/Engine/Transient.SkeletalMeshComponent_1) Not registered. Aborting.
[2014.06.27-08.54.25:541][550]LogActorComponent: UnregisterComponent: (/Engine/Transient.SkeletalMeshComponent_1) Not registered. Aborting.
[2014.06.27-08.54.25:541][550]LogActorComponent: RegisterComponentWithWorld: (/Engine/Transient.MaterialEditorMeshComponent_1) Already registered. Aborting.
[2014.06.27-08.54.25:541][550]LogActorComponent: UnregisterComponent: (/Engine/Transient.SkeletalMeshComponent_1) Not registered. Aborting.
[2014.06.27-08.54.25:541][550]LogActorComponent: RegisterComponentWithWorld: (/Engine/Transient.MaterialEditorMeshComponent_1) Already registered. Aborting.
[2014.06.27-08.54.25:577][550]LogMaterial: Missing cached shader map for material FMatExpressionPreview MaterialExpressionTextureSample_2, compiling.
[2014.06.27-08.54.25:598][550]LogMaterial: Missing cached shader map for material FMatExpressionPreview MaterialExpressionTextureSample_3, compiling.
[2014.06.27-08.54.25:601][550]LogMaterial: Missing cached shader map for material FMatExpressionPreview MaterialExpressionTextureCoordinate_1, compiling.
[2014.06.27-08.54.25:606][550]MaterialEditorStats: Info Base pass shader with only dynamic lighting: 71 instructions
[2014.06.27-08.54.25:606][550]MaterialEditorStats: Info Vertex shader: 33 instructions
[2014.06.27-08.54.25:606][550]MaterialEditorStats: Info Texture samplers: 5/16
[2014.06.27-08.54.34:106][ 13]LogMaterial: Missing cached shader map for material PreviewMaterial_1, compiling.
[2014.06.27-08.54.34:109][ 13]LogMaterial: Missing cached shader map for material PreviewMaterial_1, compiling.
[2014.06.27-08.54.34:151][ 13]LogMaterial: Missing cached shader map for material FMatExpressionPreview MaterialExpressionTextureCoordinate_1, compiling.
[2014.06.27-08.54.34:492][ 30]LogMaterial: Missing cached shader map for material PreviewMaterial_1, compiling.
[2014.06.27-08.54.34:509][ 30]LogMaterial: Missing cached shader map for material PreviewMaterial_1, compiling.
[2014.06.27-08.54.34:551][ 30]LogMaterial: Missing cached shader map for material FMatExpressionPreview MaterialExpressionTextureCoordinate_1, compiling.
[2014.06.27-08.54.34:782][ 42]MaterialEditorStats: Info Base pass shader with only dynamic lighting: 71 instructions
[2014.06.27-08.54.34:782][ 42]MaterialEditorStats: Info Vertex shader: 33 instructions
[2014.06.27-08.54.34:782][ 42]MaterialEditorStats: Info Texture samplers: 5/16
[2014.06.27-08.54.36:265][110]LogMaterialEditor: Applying material Concrete
[2014.06.27-08.54.36:734][110]LogMaterial: Missing cached shader map for material PreviewMaterial_1, compiling.
[2014.06.27-08.54.36:797][110]LogMaterial: Missing cached shader map for material Concrete, compiling.
[2014.06.27-08.54.36:837][110]LogMaterial: Missing cached shader map for material Concrete, compiling.
[2014.06.27-08.54.36:842][110]LogMaterial: 0.002411 seconds spent updating 1 materials, 1 interfaces, 0 instances, 0 with static permutations.
[2014.06.27-08.54.39:016][222]MaterialEditorStats: Info Base pass shader with only dynamic lighting: 71 instructions
[2014.06.27-08.54.39:016][222]MaterialEditorStats: Info Vertex shader: 33 instructions
[2014.06.27-08.54.39:016][222]MaterialEditorStats: Info Texture samplers: 5/16
[2014.06.27-08.54.48:946][816]LogMaterial: Missing cached shader map for material PreviewMaterial_1, compiling.
[2014.06.27-08.54.48:958][816]LogMaterial: Missing cached shader map for material PreviewMaterial_1, compiling.
[2014.06.27-08.54.48:997][816]LogMaterial: Missing cached shader map for material FMatExpressionPreview MaterialExpressionTextureCoordinate_1, compiling.
[2014.06.27-08.54.49:115][821]LogMaterial: Missing cached shader map for material PreviewMaterial_1, compiling.
[2014.06.27-08.54.49:119][821]LogMaterial: Missing cached shader map for material PreviewMaterial_1, compiling.
[2014.06.27-08.54.49:147][821]LogMaterial: Missing cached shader map for material FMatExpressionPreview MaterialExpressionTextureCoordinate_1, compiling.
[2014.06.27-08.54.49:684][848]MaterialEditorStats: Info Base pass shader with only dynamic lighting: 71 instructions
[2014.06.27-08.54.49:684][848]MaterialEditorStats: Info Vertex shader: 33 instructions
[2014.06.27-08.54.49:684][848]MaterialEditorStats: Info Texture samplers: 5/16
[2014.06.27-08.54.50:978][898]LogMaterialEditor: Applying material Concrete
[2014.06.27-08.54.51:463][898]LogMaterial: Missing cached shader map for material PreviewMaterial_1, compiling.
[2014.06.27-08.54.51:511][898]LogMaterial: Missing cached shader map for material Concrete, compiling.
[2014.06.27-08.54.51:518][898]LogMaterial: Missing cached shader map for material Concrete, compiling.
[2014.06.27-08.54.51:523][898]LogMaterial: 0.002251 seconds spent updating 1 materials, 1 interfaces, 0 instances, 0 with static permutations.
[2014.06.27-08.54.53:832][ 22]MaterialEditorStats: Info Base pass shader with only dynamic lighting: 70 instructions
[2014.06.27-08.54.53:832][ 22]MaterialEditorStats: Info Vertex shader: 33 instructions
[2014.06.27-08.54.53:832][ 22]MaterialEditorStats: Info Texture samplers: 5/16
[2014.06.27-08.55.15:414][346]Cmd: DELETE
[2014.06.27-08.55.15:414][346]Cmd: ACTOR DELETE
[2014.06.27-08.55.15:416][346]LogEditorActor: Deleted Actor: Brush
[2014.06.27-08.55.15:430][346]LogParticles: Destroying 0 GPU particle simulations for FXSystem 0x000000000E519260
[2014.06.27-08.55.15:700][346]LogEditorActor: Deleted 1 Actors (0.285 secs)
[2014.06.27-08.55.15:959][346]LogInstancedFoliage: Map Rebuilt - Update all BSP painted foliage!
[2014.06.27-08.55.18:644][532]Cmd: DELETE
[2014.06.27-08.55.18:645][532]Cmd: ACTOR DELETE
[2014.06.27-08.55.18:646][532]LogEditorActor: Deleted Actor: Brush
[2014.06.27-08.55.18:893][532]LogEditorActor: Deleted 1 Actors (0.248 secs)
[2014.06.27-08.55.19:123][532]LogInstancedFoliage: Map Rebuilt - Update all BSP painted foliage!
[2014.06.27-08.55.19:493][552]Cmd: DELETE
[2014.06.27-08.55.19:493][552]Cmd: ACTOR DELETE
[2014.06.27-08.55.19:495][552]LogEditorActor: Deleted Actor: Brush
[2014.06.27-08.55.19:920][552]LogEditorActor: Deleted 1 Actors (0.426 secs)
[2014.06.27-08.55.20:141][552]LogInstancedFoliage: Map Rebuilt - Update all BSP painted foliage!
[2014.06.27-08.55.25:802][936]Cmd: DELETE
[2014.06.27-08.55.25:802][936]Cmd: ACTOR DELETE
[2014.06.27-08.55.25:804][936]LogEditorActor: Deleted Actor: Brush
[2014.06.27-08.55.25:991][936]LogEditorActor: Deleted 1 Actors (0.188 secs)
[2014.06.27-08.55.26:170][936]LogInstancedFoliage: Map Rebuilt - Update all BSP painted foliage!
[2014.06.27-08.59.06:827][845]LogContentBrowser:Verbose: The content browser source was changed by the sources view to '/Game/Assets'
[2014.06.27-08.59.10:015][143]LogContentBrowser:Verbose: The content browser source was changed by the sources view to '/Game/Assets'
[2014.06.27-08.59.15:254][677]LogContentBrowser:Verbose: The content browser source was changed by the sources view to '/Game/Assets/Meshes'
[2014.06.27-08.59.25:972][544]LogFactory: FactoryCreateBinary: StaticMesh with FbxFactory (0 0 C:\Users\takamatsu\Documents\monkey.fbx)
[2014.06.27-08.59.25:998][544]LogFbx: ItemName: Model, ItemCount : 9
[2014.06.27-08.59.25:998][544]LogFbx: ItemName: Geometry, ItemCount : 1
[2014.06.27-08.59.25:998][544]LogFbx: ItemName: Material, ItemCount : 1
[2014.06.27-08.59.25:998][544]LogFbx: ItemName: Pose, ItemCount : 1
[2014.06.27-08.59.25:998][544]LogFbx: ItemName: GlobalSettings, ItemCount : 1
[2014.06.27-08.59.28:221][544]LogFbx: Loading FBX Scene from C:\Users\takamatsu\Documents\monkey.fbx
[2014.06.27-08.59.28:271][544]LogFbx: FBX Scene Loaded Succesfully
[2014.06.27-08.59.28:288][544]LogFbx:Warning: Triangulating static mesh Model
[2014.06.27-08.59.28:573][544]LogFbx: == Initial material list:
[2014.06.27-08.59.28:573][544]LogFbx: 0: Material
[2014.06.27-08.59.28:573][544]LogFbx: == After sorting:
[2014.06.27-08.59.28:573][544]LogFbx: 0: Material
[2014.06.27-08.59.28:573][544]LogFbx: == Mapping table:
[2014.06.27-08.59.28:573][544]LogFbx:   sort 0 -> 0
[2014.06.27-08.59.28:592][544]LogStaticMesh: Building static mesh monkey...
[2014.06.27-08.59.28:624][544]LogStaticMesh: Built static mesh [49.858856ms] /Game/Assets/Meshes/monkey.monkey
[2014.06.27-08.59.28:632][544]LogContentBrowser:Verbose: The content browser source was changed by the sources view to 'None'
[2014.06.27-08.59.28:632][544]LogContentBrowser:Verbose: The content browser source was changed by the sources view to '/Game/Assets/Meshes'
[2014.06.27-08.59.30:278][661]LogRenderer:Warning: Reallocating scene render targets to support 1424x936.
[2014.06.27-08.59.53:832][123]LogStaticMesh: Building static mesh monkey...
[2014.06.27-08.59.53:851][123]LogStaticMesh: Built static mesh [41.049976ms] /Game/Assets/Meshes/monkey.monkey
[2014.06.27-08.59.59:973][378]LogStaticMesh: Building static mesh monkey...
[2014.06.27-08.59.59:992][378]LogStaticMesh: Built static mesh [40.503994ms] /Game/Assets/Meshes/monkey.monkey
[2014.06.27-09.00.11:728][269]LogContentBrowser:Verbose: The content browser source was changed by the sources view to '/Game/Assets/Terrain_Trial/Material'
[2014.06.27-09.00.22:930][719]Cmd: OBJ SAVEPACKAGE PACKAGE="/Game/Assets/Material/Concrete" FILE="../../../../../../Users/takamatsu/Documents/Unreal Projects/DigitalJamSession/Content/Assets/Material/Concrete.uasset" SILENT=true
[2014.06.27-09.00.23:120][719]LogSavePackage: Save=186.906433ms
[2014.06.27-09.00.23:120][719]LogSavePackage: Moving '../../../../../../Users/takamatsu/Documents/Unreal Projects/DigitalJamSession/Saved/Concrete1E3083F1474C5DF687491F84E45878A8.tmp' to '../../../../../../Users/takamatsu/Documents/Unreal Projects/DigitalJamSession/Content/Assets/Material/Concrete.uasset'
[2014.06.27-09.00.23:172][719]LogSavePackage: Save=5.299387ms
[2014.06.27-09.00.23:172][719]LogSavePackage: Moving '../../../../../../Users/takamatsu/Documents/Unreal Projects/DigitalJamSession/Saved/Concrete66A261CD4C19F26CC60BFB930C7F6082.tmp' to '../../../../../../Users/takamatsu/Documents/Unreal Projects/DigitalJamSession/Content/Assets/Terrain_Trial/Material/Concrete.uasset'
[2014.06.27-09.00.23:201][719]Cmd: OBJ SAVEPACKAGE PACKAGE="/Game/Assets/Material/gravel3_Mat" FILE="../../../../../../Users/takamatsu/Documents/Unreal Projects/DigitalJamSession/Content/Assets/Material/gravel3_Mat.uasset" SILENT=true
[2014.06.27-09.00.23:317][719]LogSavePackage: Save=112.217506ms
[2014.06.27-09.00.23:317][719]LogSavePackage: Moving '../../../../../../Users/takamatsu/Documents/Unreal Projects/DigitalJamSession/Saved/gravel3_MatFEF9B3F943D2BA9BECF84BB74C0E5DE5.tmp' to '../../../../../../Users/takamatsu/Documents/Unreal Projects/DigitalJamSession/Content/Assets/Material/gravel3_Mat.uasset'
[2014.06.27-09.00.23:359][719]LogSavePackage: Save=5.294568ms
[2014.06.27-09.00.23:359][719]LogSavePackage: Moving '../../../../../../Users/takamatsu/Documents/Unreal Projects/DigitalJamSession/Saved/gravel3_MatB7A4A5CF4AA6BAB71D22DAA8169684FD.tmp' to '../../../../../../Users/takamatsu/Documents/Unreal Projects/DigitalJamSession/Content/Assets/Terrain_Trial/Material/gravel3_Mat.uasset'
[2014.06.27-09.00.23:388][719]Cmd: OBJ SAVEPACKAGE PACKAGE="/Game/Assets/Material/PoolWater" FILE="../../../../../../Users/takamatsu/Documents/Unreal Projects/DigitalJamSession/Content/Assets/Material/PoolWater.uasset" SILENT=true
[2014.06.27-09.00.23:737][719]LogSavePackage: Save=345.418304ms
[2014.06.27-09.00.23:737][719]LogSavePackage: Moving '../../../../../../Users/takamatsu/Documents/Unreal Projects/DigitalJamSession/Saved/PoolWater6FD70BCB4B9B35ECC0F490A103E04EA4.tmp' to '../../../../../../Users/takamatsu/Documents/Unreal Projects/DigitalJamSession/Content/Assets/Material/PoolWater.uasset'
[2014.06.27-09.00.23:778][719]LogSavePackage: Save=5.283228ms
[2014.06.27-09.00.23:778][719]LogSavePackage: Moving '../../../../../../Users/takamatsu/Documents/Unreal Projects/DigitalJamSession/Saved/PoolWater3545F96344C4B76903079FAE07FFD610.tmp' to '../../../../../../Users/takamatsu/Documents/Unreal Projects/DigitalJamSession/Content/Assets/Terrain_Trial/Material/PoolWater.uasset'
[2014.06.27-09.00.23:812][719]Cmd: OBJ SAVEPACKAGE PACKAGE="/Game/Assets/Material/TerrainMat" FILE="../../../../../../Users/takamatsu/Documents/Unreal Projects/DigitalJamSession/Content/Assets/Material/TerrainMat.uasset" SILENT=true
[2014.06.27-09.00.23:996][719]LogSavePackage: Save=180.940857ms
[2014.06.27-09.00.23:996][719]LogSavePackage: Moving '../../../../../../Users/takamatsu/Documents/Unreal Projects/DigitalJamSession/Saved/TerrainMat1E1AF93743B9CDD261543C9971FC0CD5.tmp' to '../../../../../../Users/takamatsu/Documents/Unreal Projects/DigitalJamSession/Content/Assets/Material/TerrainMat.uasset'
[2014.06.27-09.00.24:041][719]LogSavePackage: Save=5.358351ms
[2014.06.27-09.00.24:041][719]LogSavePackage: Moving '../../../../../../Users/takamatsu/Documents/Unreal Projects/DigitalJamSession/Saved/TerrainMatAB2B47334E17B03D4E920893ADDDF753.tmp' to '../../../../../../Users/takamatsu/Documents/Unreal Projects/DigitalJamSession/Content/Assets/Terrain_Trial/Material/TerrainMat.uasset'
[2014.06.27-09.00.24:054][719]LogContentBrowser:Verbose: The content browser source was changed by the sources view to 'None'
[2014.06.27-09.00.24:054][719]LogContentBrowser:Verbose: The content browser source was changed by the sources view to '/Game/Assets/Material'
[2014.06.27-09.00.28:012][865]LogParticles: Destroying 0 GPU particle simulations for FXSystem 0x000000000EF8A520
[2014.06.27-09.00.28:155][865]LogSavePackage: Save=82.526878ms
[2014.06.27-09.00.28:155][865]LogSavePackage: Moving '../../../../../../Users/takamatsu/Documents/Unreal Projects/DigitalJamSession/Saved/Jam_Auto1BD3355B7493CEDE70B55DA8E279EF8D8.tmp' to '../../../../../../Users/takamatsu/Documents/Unreal Projects/DigitalJamSession/Saved/Autosaves/Game/Jam_Auto1.umap'
[2014.06.27-09.00.28:166][865]LogFileHelpers: Editor autosave (incl. sublevels) for '/Game/Jam' took 0.166
[2014.06.27-09.00.28:166][865]LogFileHelpers: Editor autosave (incl. sublevels) for all levels took 0.166
[2014.06.27-09.00.28:192][865]OBJ SavePackage: Generating thumbnails for [1] asset(s) in package [/Game/Assets/Meshes/monkey] ([1] browsable assets)...
[2014.06.27-09.00.28:214][865]OBJ SavePackage:     Rendered thumbnail for [StaticMesh /Game/Assets/Meshes/monkey.monkey]
[2014.06.27-09.00.28:214][865]OBJ SavePackage: Finished generating thumbnails for package [/Game/Assets/Meshes/monkey]
[2014.06.27-09.00.28:507][865]LogSavePackage: Save=260.453766ms
[2014.06.27-09.00.28:507][865]LogSavePackage: Moving '../../../../../../Users/takamatsu/Documents/Unreal Projects/DigitalJamSession/Saved/monkey_Auto18761CD6D48663831EF54B9A13FE3872E.tmp' to '../../../../../../Users/takamatsu/Documents/Unreal Projects/DigitalJamSession/Saved/Autosaves/Game/Assets/Meshes/monkey_Auto1.uasset'
[2014.06.27-09.00.28:519][865]LogFileHelpers: Auto-saving content packages took 0.352
[2014.06.27-09.00.36:077][235]LogContentBrowser:Verbose: The content browser source was changed by the sources view to '/Game/Assets/Material'
[2014.06.27-09.00.43:901][616]LogMaterial: Missing cached shader map for material PreviewMaterial_2, compiling.
[2014.06.27-09.00.43:909][616]LogActorComponent: UnregisterComponent: (/Engine/Transient.SkeletalMeshComponent_2) Not registered. Aborting.
[2014.06.27-09.00.43:976][616]LogActorComponent: UnregisterComponent: (/Engine/Transient.SkeletalMeshComponent_2) Not registered. Aborting.
[2014.06.27-09.00.43:976][616]LogActorComponent: RegisterComponentWithWorld: (/Engine/Transient.MaterialEditorMeshComponent_2) Already registered. Aborting.
[2014.06.27-09.00.43:976][616]LogActorComponent: UnregisterComponent: (/Engine/Transient.SkeletalMeshComponent_2) Not registered. Aborting.
[2014.06.27-09.00.43:976][616]LogActorComponent: RegisterComponentWithWorld: (/Engine/Transient.MaterialEditorMeshComponent_2) Already registered. Aborting.
[2014.06.27-09.00.52:471][236]LogMaterial: Missing cached shader map for material PreviewMaterial_2, compiling.
[2014.06.27-09.00.52:496][236]LogMaterial: Missing cached shader map for material FMatExpressionPreview MaterialExpressionConstant3Vector_0, compiling.
[2014.06.27-09.00.53:065][272]MaterialEditorStats: Info Base pass shader with only dynamic lighting: 60 instructions
[2014.06.27-09.00.53:065][272]MaterialEditorStats: Info Vertex shader: 31 instructions
[2014.06.27-09.00.53:066][272]MaterialEditorStats: Info Texture samplers: 3/16
[2014.06.27-09.00.55:735][383]LogMaterial: Missing cached shader map for material PreviewMaterial_2, compiling.
[2014.06.27-09.00.55:765][383]LogMaterial: Missing cached shader map for material FMatExpressionPreview MaterialExpressionConstant3Vector_0, compiling.
[2014.06.27-09.00.56:384][408]MaterialEditorStats: Info Base pass shader with only dynamic lighting: 60 instructions
[2014.06.27-09.00.56:384][408]MaterialEditorStats: Info Vertex shader: 31 instructions
[2014.06.27-09.00.56:384][408]MaterialEditorStats: Info Texture samplers: 3/16
[2014.06.27-09.01.02:003][781]LogMaterial: Missing cached shader map for material PreviewMaterial_2, compiling.
[2014.06.27-09.01.02:007][781]LogMaterial: Missing cached shader map for material PreviewMaterial_2, compiling.
[2014.06.27-09.01.02:043][781]LogMaterial: Missing cached shader map for material FMatExpressionPreview MaterialExpressionConstant3Vector_0, compiling.
[2014.06.27-09.01.02:648][815]MaterialEditorStats: Info Base pass shader with only dynamic lighting: 63 instructions
[2014.06.27-09.01.02:648][815]MaterialEditorStats: Info Vertex shader: 31 instructions
[2014.06.27-09.01.02:648][815]MaterialEditorStats: Info Texture samplers: 3/16
[2014.06.27-09.01.06:219][ 25]LogMaterial: Missing cached shader map for material PreviewMaterial_2, compiling.
[2014.06.27-09.01.06:240][ 25]LogMaterial: Missing cached shader map for material FMatExpressionPreview MaterialExpressionConstant_0, compiling.
[2014.06.27-09.01.06:895][ 53]MaterialEditorStats: Info Base pass shader with only dynamic lighting: 63 instructions
[2014.06.27-09.01.06:895][ 53]MaterialEditorStats: Info Vertex shader: 31 instructions
[2014.06.27-09.01.06:895][ 53]MaterialEditorStats: Info Texture samplers: 3/16
[2014.06.27-09.01.08:147][ 97]LogMaterial: Missing cached shader map for material PreviewMaterial_2, compiling.
[2014.06.27-09.01.08:845][134]MaterialEditorStats: Info Base pass shader with only dynamic lighting: 63 instructions
[2014.06.27-09.01.08:845][134]MaterialEditorStats: Info Vertex shader: 31 instructions
[2014.06.27-09.01.08:845][134]MaterialEditorStats: Info Texture samplers: 3/16
[2014.06.27-09.01.09:679][171]LogMaterial: Missing cached shader map for material PreviewMaterial_2, compiling.
[2014.06.27-09.01.10:355][210]MaterialEditorStats: Info Base pass shader with only dynamic lighting: 63 instructions
[2014.06.27-09.01.10:355][210]MaterialEditorStats: Info Vertex shader: 31 instructions
[2014.06.27-09.01.10:355][210]MaterialEditorStats: Info Texture samplers: 3/16
[2014.06.27-09.01.12:142][333]LogMaterial: Missing cached shader map for material PreviewMaterial_2, compiling.
[2014.06.27-09.01.12:146][333]LogMaterial: Missing cached shader map for material PreviewMaterial_2, compiling.
[2014.06.27-09.01.12:874][379]MaterialEditorStats: Info Base pass shader with only dynamic lighting: 62 instructions
[2014.06.27-09.01.12:874][379]MaterialEditorStats: Info Vertex shader: 31 instructions
[2014.06.27-09.01.12:874][379]MaterialEditorStats: Info Texture samplers: 3/16
[2014.06.27-09.01.18:852][712]LogUObjectGlobals:Warning: Failed to find object 'Object None.'
[2014.06.27-09.01.18:866][712]LogMaterial: Missing cached shader map for material PreviewMaterial_2, compiling.
[2014.06.27-09.01.18:889][712]LogMaterial: Missing cached shader map for material PreviewMaterial_2, compiling.
[2014.06.27-09.01.19:597][736]MaterialEditorStats: Info Base pass shader with only dynamic lighting: 62 instructions
[2014.06.27-09.01.19:597][736]MaterialEditorStats: Info Vertex shader: 31 instructions
[2014.06.27-09.01.19:597][736]MaterialEditorStats: Info Texture samplers: 3/16
[2014.06.27-09.01.20:917][790]LogMaterial: Missing cached shader map for material PreviewMaterial_2, compiling.
[2014.06.27-09.01.21:583][831]MaterialEditorStats: Info Base pass shader with only dynamic lighting: 62 instructions
[2014.06.27-09.01.21:583][831]MaterialEditorStats: Info Vertex shader: 31 instructions
[2014.06.27-09.01.21:583][831]MaterialEditorStats: Info Texture samplers: 3/16
[2014.06.27-09.01.29:799][382]LogUObjectGlobals:Warning: Failed to find object 'Object None.'
[2014.06.27-09.01.29:823][382]LogMaterial: Missing cached shader map for material PreviewMaterial_2, compiling.
[2014.06.27-09.01.29:827][382]LogMaterial: Missing cached shader map for material PreviewMaterial_2, compiling.
[2014.06.27-09.01.30:520][419]MaterialEditorStats: Info Base pass shader with only dynamic lighting: 62 instructions
[2014.06.27-09.01.30:520][419]MaterialEditorStats: Info Vertex shader: 31 instructions
[2014.06.27-09.01.30:520][419]MaterialEditorStats: Info Texture samplers: 3/16
[2014.06.27-09.01.32:966][516]LogMaterial: Missing cached shader map for material PreviewMaterial_2, compiling.
[2014.06.27-09.01.33:684][541]MaterialEditorStats: Info Base pass shader with only dynamic lighting: 62 instructions
[2014.06.27-09.01.33:684][541]MaterialEditorStats: Info Vertex shader: 31 instructions
[2014.06.27-09.01.33:684][541]MaterialEditorStats: Info Texture samplers: 3/16
[2014.06.27-09.01.36:376][699]LogMaterial: Missing cached shader map for material PreviewMaterial_2, compiling.
[2014.06.27-09.01.36:387][699]LogMaterial: Missing cached shader map for material PreviewMaterial_2, compiling.
[2014.06.27-09.01.37:049][740]MaterialEditorStats: Info Base pass shader with only dynamic lighting: 61 instructions
[2014.06.27-09.01.37:049][740]MaterialEditorStats: Info Vertex shader: 31 instructions
[2014.06.27-09.01.37:049][740]MaterialEditorStats: Info Texture samplers: 3/16
[2014.06.27-09.01.41:479][ 23]LogMaterial: Missing cached shader map for material PreviewMaterial_2, compiling.
[2014.06.27-09.01.41:483][ 23]LogMaterial: Missing cached shader map for material PreviewMaterial_2, compiling.
[2014.06.27-09.01.42:150][ 65]MaterialEditorStats: Info Base pass shader with only dynamic lighting: 62 instructions
[2014.06.27-09.01.42:150][ 65]MaterialEditorStats: Info Vertex shader: 31 instructions
[2014.06.27-09.01.42:150][ 65]MaterialEditorStats: Info Texture samplers: 3/16
[2014.06.27-09.01.48:161][425]LogMaterial: Missing cached shader map for material PreviewMaterial_2, compiling.
[2014.06.27-09.01.48:190][425]LogMaterial: Missing cached shader map for material PreviewMaterial_2, compiling.
[2014.06.27-09.01.48:836][465]MaterialEditorStats: Info Base pass shader with only dynamic lighting: 62 instructions
[2014.06.27-09.01.48:836][465]MaterialEditorStats: Info Vertex shader: 31 instructions
[2014.06.27-09.01.48:836][465]MaterialEditorStats: Info Texture samplers: 3/16
[2014.06.27-09.01.56:956][982]LogMaterial: Missing cached shader map for material PreviewMaterial_2, compiling.
[2014.06.27-09.01.56:976][982]LogMaterial: Missing cached shader map for material PreviewMaterial_2, compiling.
[2014.06.27-09.01.56:999][982]LogMaterial: Missing cached shader map for material FMatExpressionPreview MaterialExpressionConstant3Vector_0, compiling.
[2014.06.27-09.01.57:633][ 20]MaterialEditorStats: Info Base pass shader with only dynamic lighting: 62 instructions
[2014.06.27-09.01.57:633][ 20]MaterialEditorStats: Info Vertex shader: 31 instructions
[2014.06.27-09.01.57:633][ 20]MaterialEditorStats: Info Texture samplers: 3/16
[2014.06.27-09.02.04:827][480]LogMaterialEditor: Saving and Compiling material Golden_Monkey
[2014.06.27-09.02.05:178][480]LogMaterial: Missing cached shader map for material PreviewMaterial_2, compiling.
[2014.06.27-09.02.05:260][480]LogMaterial: Missing cached shader map for material Golden_Monkey, compiling.
[2014.06.27-09.02.05:266][480]LogMaterial: Missing cached shader map for material Golden_Monkey, compiling.
[2014.06.27-09.02.05:274][480]LogMaterial: 0.005132 seconds spent updating 1 materials, 1 interfaces, 0 instances, 0 with static permutations.
[2014.06.27-09.02.07:549][480]LogSavePackage: Save=268.541199ms
[2014.06.27-09.02.07:549][480]LogSavePackage: Moving '../../../../../../Users/takamatsu/Documents/Unreal Projects/DigitalJamSession/Saved/Golden_MonkeyDAB51ADD4CBE57F5C9E3BFA4293E3EF2.tmp' to '../../../../../../Users/takamatsu/Documents/Unreal Projects/DigitalJamSession/Content/Assets/Material/Golden_Monkey.uasset'
[2014.06.27-09.02.15:264][878]Cmd: OBJ SAVEPACKAGE PACKAGE="/Game/Assets/Meshes/monkey" FILE="../../../../../../Users/takamatsu/Documents/Unreal Projects/DigitalJamSession/Content/Assets/Meshes/monkey.uasset" SILENT=true
[2014.06.27-09.02.15:590][878]LogSavePackage: Save=322.415833ms
[2014.06.27-09.02.15:590][878]LogSavePackage: Moving '../../../../../../Users/takamatsu/Documents/Unreal Projects/DigitalJamSession/Saved/monkey71CDB92049BF95DBA04ADA8045036BEF.tmp' to '../../../../../../Users/takamatsu/Documents/Unreal Projects/DigitalJamSession/Content/Assets/Meshes/monkey.uasset'
[2014.06.27-09.02.17:334][976]LogContentBrowser:Verbose: The content browser source was changed by the sources view to '/Game/Assets/Meshes'
[2014.06.27-09.02.18:206][  9]LogActorFactory: Actor Factory created monkey
[2014.06.27-09.02.19:783][143]LogActorFactory: Actor Factory created monkey
[2014.06.27-09.03.09:422][828]Cmd: SELECT NONE
[2014.06.27-09.05.29:299][389]LogEpicStorage:Warning: ReadFile request failed. File request already pending for filename=http://cdn.unrealengine.com/newsfeed/blueprint_icon_b.png
[2014.06.27-09.05.29:305][389]LogEpicStorage:Warning: ReadFile request failed. File request already pending for filename=http://cdn.unrealengine.com/newsfeed/blueprint_icon_b.png
[2014.06.27-09.08.02:658][125]LogContentBrowser:Verbose: The content browser source was changed by the sources view to '/Game/Assets/Material'
[2014.06.27-09.08.05:539][238]LogContentBrowser:Verbose: The content browser source was changed by the sources view to '/Game/Assets'
[2014.06.27-09.08.08:530][444]LogContentBrowser:Verbose: The content browser source was changed by the sources view to '/Game/Assets'
[2014.06.27-09.08.12:525][689]LogContentBrowser:Verbose: The content browser source was changed by the sources view to '/Game/Assets/Textures'
[2014.06.27-09.08.23:743][428]LogFactory: FactoryCreateBinary: Texture with TextureFactory (0 0 C:\Users\takamatsu\Desktop\scratched.jpg)
[2014.06.27-09.08.23:835][428]0.000027 seconds to analyze Texture2D /Game/Assets/Textures/scratched.scratched

[2014.06.27-09.08.23:868][428]LogTexture:Display: Building textures: scratched (BC5)
[2014.06.27-09.08.24:060][428]LogContentBrowser:Verbose: The content browser source was changed by the sources view to 'None'
[2014.06.27-09.08.24:060][428]LogContentBrowser:Verbose: The content browser source was changed by the sources view to '/Game/Assets/Textures'
[2014.06.27-09.08.29:943][697]Cmd: OBJ SAVEPACKAGE PACKAGE="/Game/Assets/Textures/scratched" FILE="../../../../../../Users/takamatsu/Documents/Unreal Projects/DigitalJamSession/Content/Assets/Textures/scratched.uasset" SILENT=true
[2014.06.27-09.08.32:339][697]LogSavePackage: Save=2392.625488ms
[2014.06.27-09.08.32:339][697]LogSavePackage: Moving '../../../../../../Users/takamatsu/Documents/Unreal Projects/DigitalJamSession/Saved/scratched971D5D1A4ADF7261CD09E3ADA40A5DC7.tmp' to '../../../../../../Users/takamatsu/Documents/Unreal Projects/DigitalJamSession/Content/Assets/Textures/scratched.uasset'
[2014.06.27-09.08.35:332][797]LogMaterial: Missing cached shader map for material PreviewMaterial_2, compiling.
[2014.06.27-09.08.35:335][797]LogMaterial: Missing cached shader map for material FMatExpressionPreview MaterialExpressionTextureSample_0, compiling.
[2014.06.27-09.08.35:377][797]LogMaterial: Missing cached shader map for material FMatExpressionPreview MaterialExpressionConstant3Vector_0, compiling.
[2014.06.27-09.08.35:380][797]LogMaterial: Missing cached shader map for material FMatExpressionPreview MaterialExpressionTextureSample_0, compiling.
[2014.06.27-09.08.37:241][859]MaterialEditorStats: Info Base pass shader with only dynamic lighting: 62 instructions
[2014.06.27-09.08.37:241][859]MaterialEditorStats: Info Vertex shader: 31 instructions
[2014.06.27-09.08.37:241][859]MaterialEditorStats: Info Texture samplers: 3/16
[2014.06.27-09.08.37:814][884]LogMaterial: Missing cached shader map for material PreviewMaterial_2, compiling.
[2014.06.27-09.08.37:842][884]LogMaterial: Missing cached shader map for material FMatExpressionPreview MaterialExpressionTextureSample_0, compiling.
[2014.06.27-09.08.38:543][923]MaterialEditorStats: Info Base pass shader with only dynamic lighting: 68 instructions
[2014.06.27-09.08.38:543][923]MaterialEditorStats: Info Vertex shader: 33 instructions
[2014.06.27-09.08.38:543][923]MaterialEditorStats: Info Texture samplers: 4/16
[2014.06.27-09.08.43:917][256]LogActorComponent: UnregisterComponent: (/Engine/Transient.SkeletalMeshComponent_2) Not registered. Aborting.
[2014.06.27-09.08.43:917][256]LogActorComponent: RegisterComponentWithWorld: (/Engine/Transient.MaterialEditorMeshComponent_2) Already registered. Aborting.
[2014.06.27-09.08.49:856][623]LogMaterialEditor: Applying material Golden_Monkey
[2014.06.27-09.08.50:210][623]LogMaterial: Missing cached shader map for material PreviewMaterial_2, compiling.
[2014.06.27-09.08.50:280][623]LogMaterial: Missing cached shader map for material Golden_Monkey, compiling.
[2014.06.27-09.08.50:304][623]LogMaterial: Missing cached shader map for material Golden_Monkey, compiling.
[2014.06.27-09.08.50:312][623]LogMaterial: 0.004841 seconds spent updating 1 materials, 1 interfaces, 0 instances, 0 with static permutations.
[2014.06.27-09.08.52:714][774]MaterialEditorStats: Info Base pass shader with only dynamic lighting: 68 instructions
[2014.06.27-09.08.52:714][774]MaterialEditorStats: Info Vertex shader: 33 instructions
[2014.06.27-09.08.52:714][774]MaterialEditorStats: Info Texture samplers: 4/16
[2014.06.27-09.09.21:413][837]LogMaterial: Missing cached shader map for material PreviewMaterial_2, compiling.
[2014.06.27-09.09.21:431][837]LogMaterial: Missing cached shader map for material FMatExpressionPreview MaterialExpressionTextureCoordinate_0, compiling.
[2014.06.27-09.09.23:260][908]MaterialEditorStats: Info Base pass shader with only dynamic lighting: 68 instructions
[2014.06.27-09.09.23:261][908]MaterialEditorStats: Info Vertex shader: 33 instructions
[2014.06.27-09.09.23:261][908]MaterialEditorStats: Info Texture samplers: 4/16
[2014.06.27-09.09.23:321][910]LogMaterial: Missing cached shader map for material PreviewMaterial_2, compiling.
[2014.06.27-09.09.23:368][910]LogMaterial: Missing cached shader map for material FMatExpressionPreview MaterialExpressionTextureSample_0, compiling.
[2014.06.27-09.09.23:385][910]LogMaterial: Missing cached shader map for material FMatExpressionPreview MaterialExpressionTextureCoordinate_0, compiling.
[2014.06.27-09.09.24:146][940]MaterialEditorStats: Info Base pass shader with only dynamic lighting: 68 instructions
[2014.06.27-09.09.24:146][940]MaterialEditorStats: Info Vertex shader: 33 instructions
[2014.06.27-09.09.24:146][940]MaterialEditorStats: Info Texture samplers: 4/16
[2014.06.27-09.09.26:572][ 97]LogMaterial: Missing cached shader map for material PreviewMaterial_2, compiling.
[2014.06.27-09.09.26:595][ 97]LogMaterial: Missing cached shader map for material PreviewMaterial_2, compiling.
[2014.06.27-09.09.26:636][ 97]LogMaterial: Missing cached shader map for material FMatExpressionPreview MaterialExpressionTextureCoordinate_0, compiling.
[2014.06.27-09.09.26:788][104]LogMaterial: Missing cached shader map for material PreviewMaterial_2, compiling.
[2014.06.27-09.09.26:812][104]LogMaterial: Missing cached shader map for material PreviewMaterial_2, compiling.
[2014.06.27-09.09.26:843][104]LogMaterial: Missing cached shader map for material FMatExpressionPreview MaterialExpressionTextureCoordinate_0, compiling.
[2014.06.27-09.09.27:265][131]MaterialEditorStats: Info Base pass shader with only dynamic lighting: 69 instructions
[2014.06.27-09.09.27:265][131]MaterialEditorStats: Info Vertex shader: 33 instructions
[2014.06.27-09.09.27:265][131]MaterialEditorStats: Info Texture samplers: 4/16
[2014.06.27-09.09.30:222][307]LogMaterialEditor: Applying material Golden_Monkey
[2014.06.27-09.09.30:598][307]LogMaterial: Missing cached shader map for material PreviewMaterial_2, compiling.
[2014.06.27-09.09.30:662][307]LogMaterial: Missing cached shader map for material Golden_Monkey, compiling.
[2014.06.27-09.09.30:678][307]LogMaterial: Missing cached shader map for material Golden_Monkey, compiling.
[2014.06.27-09.09.30:686][307]LogMaterial: 0.004448 seconds spent updating 1 materials, 1 interfaces, 0 instances, 0 with static permutations.
[2014.06.27-09.09.33:091][461]MaterialEditorStats: Info Base pass shader with only dynamic lighting: 69 instructions
[2014.06.27-09.09.33:091][461]MaterialEditorStats: Info Vertex shader: 33 instructions
[2014.06.27-09.09.33:091][461]MaterialEditorStats: Info Texture samplers: 4/16
[2014.06.27-09.10.19:800][446]LogPlayLevel: PIE:  No blueprints needed recompiling
[2014.06.27-09.10.19:801][446]PIE: New page: PIE session: Jam (28/06/2014 5:10:19 am)
[2014.06.27-09.10.19:821][446]LogPlayLevel: PIE: StaticDuplicateObject took: (0.019997s)
[2014.06.27-09.10.19:821][446]LogPlayLevel: PIE: World Init took: (0.000759s)
[2014.06.27-09.10.19:822][446]LogPlayLevel: PIE: Created PIE world by copying editor world from /Game/Jam.Jam to /Game/UEDPIE_0_Jam.Jam (0.020978s)
[2014.06.27-09.10.20:621][446]LogWorld: Game class is 'JamGameMode_C'
[2014.06.27-09.10.20:695][446]LogWorld: Bringing World /Game/UEDPIE_0_Jam.Jam up for play (max tick rate 0) at 2014.06.27-19.10.20
[2014.06.27-09.10.20:697][446]LogWorld: Bringing up level for play took: 0.003949
[2014.06.27-09.10.20:698][446]LogPlayerController: Spawned spectator SpectatorPawn_0 [server:1]
[2014.06.27-09.10.20:698][446]LogGameMode: RestartPlayer 256
[2014.06.27-09.10.20:700][446]LogPlayerController: ClientRestart_Implementation CharacterBP_C_0
[2014.06.27-09.10.20:700][446]LogPlayerController: ServerAcknowledgePossession_Implementation CharacterBP_C_0
[2014.06.27-09.10.20:705][446]PIE: Info Play in editor start time for /Game/UEDPIE_0_Jam 1.513
[2014.06.27-09.11.05:320][801]LogParticles: Destroying 0 GPU particle simulations for FXSystem 0x000000000EF8A520
[2014.06.27-09.11.08:543][915]LogMaterialEditor: Saving and Compiling material Golden_Monkey
[2014.06.27-09.11.08:907][915]LogMaterial: Missing cached shader map for material PreviewMaterial_2, compiling.
[2014.06.27-09.11.08:947][915]LogMaterial: Missing cached shader map for material Golden_Monkey, compiling.
[2014.06.27-09.11.08:967][915]LogMaterial: Missing cached shader map for material Golden_Monkey, compiling.
[2014.06.27-09.11.08:975][915]LogMaterial: 0.005283 seconds spent updating 1 materials, 1 interfaces, 0 instances, 0 with static permutations.
[2014.06.27-09.11.12:265][915]LogSavePackage: Save=191.778320ms
[2014.06.27-09.11.12:265][915]LogSavePackage: Moving '../../../../../../Users/takamatsu/Documents/Unreal Projects/DigitalJamSession/Saved/Golden_Monkey215FF0C14F0FB1F4029AB98E00F73C00.tmp' to '../../../../../../Users/takamatsu/Documents/Unreal Projects/DigitalJamSession/Content/Assets/Material/Golden_Monkey.uasset'
[2014.06.27-09.11.15:279][ 13]LogParticles: Destroying 0 GPU particle simulations for FXSystem 0x000000000E5193A0
[2014.06.27-09.11.15:434][ 13]LogSavePackage: Save=85.923546ms
[2014.06.27-09.11.15:434][ 13]LogSavePackage: Moving '../../../../../../Users/takamatsu/Documents/Unreal Projects/DigitalJamSession/Saved/Jam_Auto266D992BF4EE87CE8AA31D0BE6DF88AE0.tmp' to '../../../../../../Users/takamatsu/Documents/Unreal Projects/DigitalJamSession/Saved/Autosaves/Game/Jam_Auto2.umap'
[2014.06.27-09.11.15:447][ 13]LogFileHelpers: Editor autosave (incl. sublevels) for '/Game/Jam' took 0.179
[2014.06.27-09.11.15:447][ 13]LogFileHelpers: Editor autosave (incl. sublevels) for all levels took 0.179
[2014.06.27-09.12.27:709][237]LogContentBrowser:Verbose: The content browser source was changed by the sources view to '/Game/Assets/Meshes'
[2014.06.27-09.13.41:823][ 10]Cmd: OBJ SAVEPACKAGE PACKAGE="/Game/Assets/Meshes/monkey" FILE="../../../../../../Users/takamatsu/Documents/Unreal Projects/DigitalJamSession/Content/Assets/Meshes/monkey.uasset" SILENT=true
[2014.06.27-09.13.41:861][ 10]LogSavePackage: Save=8.202229ms
[2014.06.27-09.13.41:861][ 10]LogSavePackage: Moving '../../../../../../Users/takamatsu/Documents/Unreal Projects/DigitalJamSession/Saved/monkeyC793E11943B015C59302A79830BE3AF2.tmp' to '../../../../../../Users/takamatsu/Documents/Unreal Projects/DigitalJamSession/Content/Assets/Meshes/monkey.uasset'
[2014.06.27-09.13.44:825][241]LogPlayLevel: PIE:  No blueprints needed recompiling
[2014.06.27-09.13.44:825][241]PIE: New page: PIE session: Jam (28/06/2014 5:13:44 am)
[2014.06.27-09.13.44:847][241]LogPlayLevel: PIE: StaticDuplicateObject took: (0.021640s)
[2014.06.27-09.13.44:848][241]LogPlayLevel: PIE: World Init took: (0.000855s)
[2014.06.27-09.13.44:848][241]LogPlayLevel: PIE: Created PIE world by copying editor world from /Game/Jam.Jam to /Game/UEDPIE_0_Jam.Jam (0.022707s)
[2014.06.27-09.13.44:849][241]LogWorld: Game class is 'JamGameMode_C'
[2014.06.27-09.13.44:877][241]LogWorld: Bringing World /Game/UEDPIE_0_Jam.Jam up for play (max tick rate 0) at 2014.06.27-19.13.44
[2014.06.27-09.13.44:879][241]LogWorld: Bringing up level for play took: 0.003895
[2014.06.27-09.13.44:880][241]LogPlayerController: Spawned spectator SpectatorPawn_1 [server:1]
[2014.06.27-09.13.44:880][241]LogGameMode: RestartPlayer 257
[2014.06.27-09.13.44:881][241]LogPlayerController: ClientRestart_Implementation CharacterBP_C_1
[2014.06.27-09.13.44:881][241]LogPlayerController: ServerAcknowledgePossession_Implementation CharacterBP_C_1
[2014.06.27-09.13.44:884][241]PIE: Info Play in editor start time for /Game/UEDPIE_0_Jam -0.311
[2014.06.27-09.13.47:330][528]LogBlueprintUserMessages: Un-named character can now fly !
[2014.06.27-09.13.52:905][179]LogBlueprintUserMessages: Un-named character  has stopped flying!
[2014.06.27-09.13.54:492][364]LogBlueprintUserMessages: Un-named character can walk through walls...
[2014.06.27-09.13.58:122][797]LogBlueprintUserMessages: Un-named character can now fly !
[2014.06.27-09.14.04:297][525]LogBlueprintUserMessages: Un-named character  has stopped walking through walls
[2014.06.27-09.14.14:054][643]LogBlueprintUserMessages: Un-named character  has stopped flying!
[2014.06.27-09.14.24:761][865]LogBlueprintUserMessages: Un-named character can now fly !
[2014.06.27-09.14.26:739][ 98]LogBlueprintUserMessages: Un-named character  has stopped flying!
[2014.06.27-09.14.34:077][952]LogParticles: Destroying 0 GPU particle simulations for FXSystem 0x000000000E97A200
[2014.06.27-09.14.34:077][952]LogParticles: Destroying 0 GPU particle simulations for FXSystem 0x0000000013D92A20
[2014.06.27-09.14.36:528][127]MapCheck: New page: Map Check
[2014.06.27-09.14.36:558][127]LightingResults: New page: Lighting Build - 28/06/2014 5:14:36 am
[2014.06.27-09.14.51:070][127]LogStaticLightingSystem:Warning: No importance volume found, so the scene bounding box was used.  You can optimize your scene's quality and lighting build times by adding importance volumes.
[2014.06.27-09.14.51:087][127]LogStaticLightingSystem: Running Lightmass w/ ImmediateImport mode ENABLED
[2014.06.27-09.14.51:087][127]LogStaticLightingSystem: Running Lightmass w/ ImmediateProcess mode ENABLED
[2014.06.27-09.14.51:087][127]LogStaticLightingSystem: Running Lightmass w/ Sorting mode ENABLED
[2014.06.27-09.14.51:087][127]LogStaticLightingSystem: Running Lightmass w/ Mapping paddings ENABLED
[2014.06.27-09.14.51:087][127]LogStaticLightingSystem: Running Lightmass w/ Mapping debug paddings DISABLED
[2014.06.27-09.14.51:253][127]LogEditorBuildUtils: Build time 0:00:14
[2014.06.27-09.14.51:292][127]LogMaterial: Missing cached shader map for material FLightmassMaterialRenderer gravel3_Mat, compiling.
[2014.06.27-09.14.51:313][127]LogMaterial: Missing cached shader map for material FLightmassMaterialRenderer gravel3_Mat, compiling.
[2014.06.27-09.14.51:325][127]LogMaterial: Missing cached shader map for material FLightmassMaterialRenderer gravel3_Mat, compiling.
[2014.06.27-09.14.51:475][129]LogMaterial: Missing cached shader map for material FLightmassMaterialRenderer Golden_Monkey, compiling.
[2014.06.27-09.14.51:488][129]LogMaterial: Missing cached shader map for material FLightmassMaterialRenderer Golden_Monkey, compiling.
[2014.06.27-09.14.51:490][129]LogMaterial: Missing cached shader map for material FLightmassMaterialRenderer Golden_Monkey, compiling.
[2014.06.27-09.14.51:550][130]LogMaterial: Missing cached shader map for material FLightmassMaterialRenderer Concrete, compiling.
[2014.06.27-09.14.51:553][130]LogMaterial: Missing cached shader map for material FLightmassMaterialRenderer Concrete, compiling.
[2014.06.27-09.14.51:572][130]LogMaterial: Missing cached shader map for material FLightmassMaterialRenderer Concrete, compiling.
[2014.06.27-09.14.51:619][131]LogMaterial: Missing cached shader map for material FLightmassMaterialRenderer PoolWater, compiling.
[2014.06.27-09.14.51:650][131]LogMaterial: Missing cached shader map for material FLightmassMaterialRenderer PoolWater, compiling.
[2014.06.27-09.14.51:668][131]LogMaterial: Missing cached shader map for material FLightmassMaterialRenderer PoolWater, compiling.
[2014.06.27-09.14.51:670][131]LogMaterial: Missing cached shader map for material FLightmassMaterialRenderer PoolWater, compiling.
[2014.06.27-09.14.53:656][133]LogContentBrowser:Verbose: The content browser source was changed by the sources view to '/Game/Assets'
[2014.06.27-09.14.56:939][219]Job is a success!
[2014.06.27-09.14.57:183][220]LogMaterial:Warning: Material /Game/Assets/Material/Golden_Monkey.Golden_Monkey needed to have new flag set bUsedWithStaticLighting !
[2014.06.27-09.14.57:185][220]LogMaterial: Missing cached shader map for material Golden_Monkey, compiling.
[2014.06.27-09.14.57:191][220]LogMaterial: 0.000121 seconds spent updating 1 materials, 1 interfaces, 0 instances, 0 with static permutations.
[2014.06.27-09.14.57:338][220]LogTexture:Display: Building textures: HQ_Lightmap1_1 (AutoDXT)
[2014.06.27-09.14.57:448][220]LogTexture:Display: Building textures: LQ_Lightmap_0_4 (DXT1)
[2014.06.27-09.14.57:504][220]LogTexture:Display: Building textures: HQ_Lightmap0_4 (AutoDXT)
[2014.06.27-09.14.57:533][220]LogTexture:Display: Building textures: LQ_Lightmap_0_3 (DXT1)
[2014.06.27-09.14.57:542][220]LogTexture:Display: Building textures: HQ_Lightmap0_3 (AutoDXT)
[2014.06.27-09.14.57:552][220]LogTexture:Display: Building textures: LQ_Lightmap_0_2 (DXT1)
[2014.06.27-09.14.57:568][220]LogTexture:Display: Building textures: HQ_Lightmap0_2 (AutoDXT)
[2014.06.27-09.14.57:591][220]LogTexture:Display: Building textures: LQ_Lightmap_1_1 (DXT1)
[2014.06.27-09.14.57:683][220]LogTexture:Display: Building textures: ShadowMapTexture2D_1 (BGRA8)
[2014.06.27-09.14.57:752][220]LogTexture:Display: Building textures: ShadowMapTexture2D_2 (BGRA8)
[2014.06.27-09.14.57:781][220]LogTexture:Display: Building textures: ShadowMapTexture2D_3 (BGRA8)
[2014.06.27-09.14.57:830][220]LogTexture:Display: Building textures: ShadowMapTexture2D_4 (BGRA8)
[2014.06.27-09.14.58:000][220]Lightmass on TAKAMATSU-PC: 2.64 sec total, 383 ms importing, 8 ms setup, 432 ms photons, 1.72 sec processing, 0 ms extra exporting [319/319 mappings]. Threads: 15.2 sec total, 4.54 sec processing.
[2014.06.27-09.14.58:016][220]LogMaterial:Warning: Material /Game/Assets/Material/Concrete.Concrete needed to have new flag set bUsedWithStaticLighting !
[2014.06.27-09.14.58:035][220]LogMaterial: Missing cached shader map for material Concrete, compiling.
[2014.06.27-09.14.58:039][220]LogMaterial: 0.000123 seconds spent updating 1 materials, 1 interfaces, 0 instances, 0 with static permutations.
[2014.06.27-09.14.58:039][220]LogMaterial:Warning: Material /Game/Assets/Material/PoolWater.PoolWater needed to have new flag set bUsedWithStaticLighting !
[2014.06.27-09.14.58:069][220]LogMaterial: Missing cached shader map for material PoolWater, compiling.
[2014.06.27-09.14.58:083][220]LogMaterial: 0.000170 seconds spent updating 1 materials, 1 interfaces, 0 instances, 0 with static permutations.
[2014.06.27-09.14.58:156][220]LogStaticLightingSystem:Warning: Illumination: 21.5 sec (632 ms encoding lightmaps)
[2014.06.27-09.14.58:156][220]LogStaticLightingSystem: Lightmap texture memory:  0.4 MB (0.1 MB streaming, 0.3 MB non-streaming), 8 textures
[2014.06.27-09.14.58:156][220]LogStaticLightingSystem: Shadowmap texture memory: 0.0 MB (0.0 MB streaming, 0.0 MB non-streaming), 4 textures
[2014.06.27-09.14.59:081][221]Cmd: MAP CHECK NOTIFYRESULTS
[2014.06.27-09.14.59:081][221]MapCheck: New page: Jam - 28/06/2014 5:14:59 am
[2014.06.27-09.14.59:081][221]MapCheck:Warning: Warning Run 'Clean BSP Materials' to clear 5 unnecessary materal references 
[2014.06.27-09.14.59:255][221]MapCheck: Info ========== Map Check: 0 Error(s), 1 Warning(s), [174.254ms] ==========
[2014.06.27-09.15.17:512][353]LogWindows: LaunchURL http://docs.unrealengine.com/latest/INT/Shared/Editor/MapErrors/index.html
[2014.06.27-09.15.36:905][888]Cmd: MAP CHECK
[2014.06.27-09.15.36:905][888]MapCheck: New page: Jam - 28/06/2014 5:15:36 am
[2014.06.27-09.15.36:906][888]MapCheck:Warning: Warning Run 'Clean BSP Materials' to clear 5 unnecessary materal references 
[2014.06.27-09.15.37:015][888]MapCheck: Info ========== Map Check: 0 Error(s), 1 Warning(s), [109.942ms] ==========
[2014.06.27-09.15.39:922][ 93]LogWindows: LaunchURL http://docs.unrealengine.com/latest/INT/Shared/Editor/MapErrors/index.html
[2014.06.27-09.18.13:239][ 16]LogSlateStyle:Warning: Unable to find Slate Widget Style 'ViewportLayoutToolbar.Label'. Using FTextBlockStyle defaults instead.
[2014.06.27-09.18.13:240][ 16]LogSlateStyle:Warning: Unable to find Slate Widget Style 'ViewportLayoutToolbar.Button'. Using FButtonStyle defaults instead.
[2014.06.27-09.18.13:240][ 16]LogSlateStyle:Warning: Unable to find Slate Widget Style 'ViewportLayoutToolbar.Label'. Using FTextBlockStyle defaults instead.
[2014.06.27-09.18.13:240][ 16]LogSlateStyle:Warning: Unable to find Slate Widget Style 'ViewportLayoutToolbar.Label'. Using FTextBlockStyle defaults instead.
[2014.06.27-09.18.13:240][ 16]LogSlateStyle:Warning: Unable to find Slate Widget Style 'ViewportLayoutToolbar.Button'. Using FButtonStyle defaults instead.
[2014.06.27-09.18.13:240][ 16]LogSlateStyle:Warning: Unable to find Slate Widget Style 'ViewportLayoutToolbar.Label'. Using FTextBlockStyle defaults instead.
[2014.06.27-09.18.13:240][ 16]LogSlateStyle:Warning: Unable to find Slate Widget Style 'ViewportLayoutToolbar.Label'. Using FTextBlockStyle defaults instead.
[2014.06.27-09.18.13:241][ 16]LogSlateStyle:Warning: Unable to find Slate Widget Style 'ViewportLayoutToolbar.Label'. Using FTextBlockStyle defaults instead.
[2014.06.27-09.18.13:241][ 16]LogSlateStyle:Warning: Unable to find Slate Widget Style 'ViewportLayoutToolbar.Label'. Using FTextBlockStyle defaults instead.
[2014.06.27-09.18.13:241][ 16]LogSlateStyle:Warning: Unable to find Slate Widget Style 'ViewportLayoutToolbar.Button'. Using FButtonStyle defaults instead.
[2014.06.27-09.18.13:241][ 16]LogSlateStyle:Warning: Unable to find Slate Widget Style 'ViewportLayoutToolbar.Label'. Using FTextBlockStyle defaults instead.
[2014.06.27-09.18.13:241][ 16]LogSlateStyle:Warning: Unable to find Slate Widget Style 'ViewportLayoutToolbar.Label'. Using FTextBlockStyle defaults instead.
[2014.06.27-09.18.13:241][ 16]LogSlateStyle:Warning: Unable to find Slate Widget Style 'ViewportLayoutToolbar.Label'. Using FTextBlockStyle defaults instead.
[2014.06.27-09.18.13:242][ 16]LogSlateStyle:Warning: Unable to find Slate Widget Style 'ViewportLayoutToolbar.Label'. Using FTextBlockStyle defaults instead.
[2014.06.27-09.18.13:242][ 16]LogSlateStyle:Warning: Unable to find Slate Widget Style 'ViewportLayoutToolbar.Label'. Using FTextBlockStyle defaults instead.
[2014.06.27-09.18.13:242][ 16]LogSlateStyle:Warning: Unable to find Slate Widget Style 'ViewportLayoutToolbar.Button'. Using FButtonStyle defaults instead.
[2014.06.27-09.18.15:879][296]LogSlateStyle:Warning: Unable to find Slate Widget Style 'ViewportLayoutToolbar.Label'. Using FTextBlockStyle defaults instead.
[2014.06.27-09.18.15:879][296]LogSlateStyle:Warning: Unable to find Slate Widget Style 'ViewportLayoutToolbar.Button'. Using FButtonStyle defaults instead.
[2014.06.27-09.18.15:880][296]LogSlateStyle:Warning: Unable to find Slate Widget Style 'ViewportLayoutToolbar.Label'. Using FTextBlockStyle defaults instead.
[2014.06.27-09.18.15:880][296]LogSlateStyle:Warning: Unable to find Slate Widget Style 'ViewportLayoutToolbar.Label'. Using FTextBlockStyle defaults instead.
[2014.06.27-09.18.15:880][296]LogSlateStyle:Warning: Unable to find Slate Widget Style 'ViewportLayoutToolbar.Button'. Using FButtonStyle defaults instead.
[2014.06.27-09.18.15:880][296]LogSlateStyle:Warning: Unable to find Slate Widget Style 'ViewportLayoutToolbar.Label'. Using FTextBlockStyle defaults instead.
[2014.06.27-09.18.15:880][296]LogSlateStyle:Warning: Unable to find Slate Widget Style 'ViewportLayoutToolbar.Label'. Using FTextBlockStyle defaults instead.
[2014.06.27-09.18.15:881][296]LogSlateStyle:Warning: Unable to find Slate Widget Style 'ViewportLayoutToolbar.Label'. Using FTextBlockStyle defaults instead.
[2014.06.27-09.18.15:881][296]LogSlateStyle:Warning: Unable to find Slate Widget Style 'ViewportLayoutToolbar.Label'. Using FTextBlockStyle defaults instead.
[2014.06.27-09.18.15:881][296]LogSlateStyle:Warning: Unable to find Slate Widget Style 'ViewportLayoutToolbar.Button'. Using FButtonStyle defaults instead.
[2014.06.27-09.18.15:881][296]LogSlateStyle:Warning: Unable to find Slate Widget Style 'ViewportLayoutToolbar.Label'. Using FTextBlockStyle defaults instead.
[2014.06.27-09.18.15:881][296]LogSlateStyle:Warning: Unable to find Slate Widget Style 'ViewportLayoutToolbar.Label'. Using FTextBlockStyle defaults instead.
[2014.06.27-09.18.15:881][296]LogSlateStyle:Warning: Unable to find Slate Widget Style 'ViewportLayoutToolbar.Label'. Using FTextBlockStyle defaults instead.
[2014.06.27-09.18.15:882][296]LogSlateStyle:Warning: Unable to find Slate Widget Style 'ViewportLayoutToolbar.Label'. Using FTextBlockStyle defaults instead.
[2014.06.27-09.18.15:882][296]LogSlateStyle:Warning: Unable to find Slate Widget Style 'ViewportLayoutToolbar.Label'. Using FTextBlockStyle defaults instead.
[2014.06.27-09.18.15:882][296]LogSlateStyle:Warning: Unable to find Slate Widget Style 'ViewportLayoutToolbar.Button'. Using FButtonStyle defaults instead.
[2014.06.27-09.19.01:252][634]Cmd: SELECT NONE
[2014.06.27-09.20.29:084][135]LogEpicStorage:Warning: ReadFile request failed. File request already pending for filename=http://cdn.unrealengine.com/newsfeed/blueprint_icon_b.png
[2014.06.27-09.20.29:091][135]LogEpicStorage:Warning: ReadFile request failed. File request already pending for filename=http://cdn.unrealengine.com/newsfeed/blueprint_icon_b.png
[2014.06.27-09.22.05:611][727]LogSavePackage: Save=111.708092ms
[2014.06.27-09.22.05:611][727]LogSavePackage: Moving '../../../../../../Users/takamatsu/Documents/Unreal Projects/DigitalJamSession/Saved/Jam0113C8624AD025BE097677BD70C2729A.tmp' to '../../../../../../Users/takamatsu/Documents/Unreal Projects/DigitalJamSession/Content/Jam.umap'
[2014.06.27-09.22.08:206][832]MapCheck: New page: Map Check
[2014.06.27-09.22.08:236][832]LightingResults: New page: Lighting Build - 28/06/2014 5:22:08 am
[2014.06.27-09.22.13:446][832]LogStaticLightingSystem:Warning: No importance volume found, so the scene bounding box was used.  You can optimize your scene's quality and lighting build times by adding importance volumes.
[2014.06.27-09.22.13:464][832]LogStaticLightingSystem: Running Lightmass w/ ImmediateImport mode ENABLED
[2014.06.27-09.22.13:464][832]LogStaticLightingSystem: Running Lightmass w/ ImmediateProcess mode ENABLED
[2014.06.27-09.22.13:464][832]LogStaticLightingSystem: Running Lightmass w/ Sorting mode ENABLED
[2014.06.27-09.22.13:464][832]LogStaticLightingSystem: Running Lightmass w/ Mapping paddings ENABLED
[2014.06.27-09.22.13:464][832]LogStaticLightingSystem: Running Lightmass w/ Mapping debug paddings DISABLED
[2014.06.27-09.22.13:552][832]LogEditorBuildUtils: Build time 0:00:05
[2014.06.27-09.22.15:790][909]Job is a success!
[2014.06.27-09.22.16:034][910]LogTexture:Display: Building textures: HQ_Lightmap0_1 (AutoDXT)
[2014.06.27-09.22.16:145][910]LogTexture:Display: Building textures: LQ_Lightmap_1_4 (DXT1)
[2014.06.27-09.22.16:201][910]LogTexture:Display: Building textures: HQ_Lightmap1_4 (AutoDXT)
[2014.06.27-09.22.16:258][910]LogTexture:Display: Building textures: LQ_Lightmap_1_3 (DXT1)
[2014.06.27-09.22.16:320][910]LogTexture:Display: Building textures: HQ_Lightmap1_3 (AutoDXT)
[2014.06.27-09.22.16:329][910]LogTexture:Display: Building textures: LQ_Lightmap_1_2 (DXT1)
[2014.06.27-09.22.16:344][910]LogTexture:Display: Building textures: HQ_Lightmap1_2 (AutoDXT)
[2014.06.27-09.22.16:366][910]LogTexture:Display: Building textures: LQ_Lightmap_0_1 (DXT1)
[2014.06.27-09.22.16:448][910]LogTexture:Display: Building textures: ShadowMapTexture2D_5 (BGRA8)
[2014.06.27-09.22.16:479][910]LogTexture:Display: Building textures: ShadowMapTexture2D_6 (BGRA8)
[2014.06.27-09.22.16:505][910]LogTexture:Display: Building textures: ShadowMapTexture2D_7 (BGRA8)
[2014.06.27-09.22.16:510][910]LogTexture:Display: Building textures: ShadowMapTexture2D_8 (BGRA8)
[2014.06.27-09.22.16:521][910]Lightmass on TAKAMATSU-PC: 2.40 sec total, 313 ms importing, 6 ms setup, 429 ms photons, 1.54 sec processing, 0 ms extra exporting [319/319 mappings]. Threads: 13.6 sec total, 4.74 sec processing.
[2014.06.27-09.22.16:566][910]LogStaticLightingSystem:Warning: Illumination: 8.27 sec (560 ms encoding lightmaps)
[2014.06.27-09.22.16:566][910]LogStaticLightingSystem: Lightmap texture memory:  0.4 MB (0.1 MB streaming, 0.3 MB non-streaming), 8 textures
[2014.06.27-09.22.16:566][910]LogStaticLightingSystem: Shadowmap texture memory: 0.0 MB (0.0 MB streaming, 0.0 MB non-streaming), 8 textures
[2014.06.27-09.22.17:457][911]Cmd: MAP CHECK NOTIFYRESULTS
[2014.06.27-09.22.17:457][911]MapCheck: New page: Jam - 28/06/2014 5:22:17 am
[2014.06.27-09.22.17:457][911]MapCheck:Warning: Warning Run 'Clean BSP Materials' to clear 5 unnecessary materal references 
[2014.06.27-09.22.17:581][911]MapCheck: Info ========== Map Check: 0 Error(s), 1 Warning(s), [123.983ms] ==========
[2014.06.27-09.24.31:071][446]LogEditorViewport: Clicking on Actor (context menu): StaticMeshActor (SM_Template_Map_Floor)
[2014.06.27-09.24.33:962][732]Cmd: SELECT NONE
[2014.06.27-09.24.43:767][642]LogSavePackage: Save=98.625740ms
[2014.06.27-09.24.43:767][642]LogSavePackage: Moving '../../../../../../Users/takamatsu/Documents/Unreal Projects/DigitalJamSession/Saved/Jam1D5C0EC44662B2B272093A89D67F2183.tmp' to '../../../../../../Users/takamatsu/Documents/Unreal Projects/DigitalJamSession/Content/Jam.umap'
[2014.06.27-09.24.46:996][777]Cmd: OBJ SAVEPACKAGE PACKAGE="/Game/Assets/Material/Concrete" FILE="../../../../../../Users/takamatsu/Documents/Unreal Projects/DigitalJamSession/Content/Assets/Material/Concrete.uasset" SILENT=true
[2014.06.27-09.24.47:033][777]LogSavePackage: Save=8.703989ms
[2014.06.27-09.24.47:033][777]LogSavePackage: Moving '../../../../../../Users/takamatsu/Documents/Unreal Projects/DigitalJamSession/Saved/Concrete7318B97941BFB67A1EE3FABF7DD1B93A.tmp' to '../../../../../../Users/takamatsu/Documents/Unreal Projects/DigitalJamSession/Content/Assets/Material/Concrete.uasset'
[2014.06.27-09.24.47:075][777]LogSavePackage: Save=7.962404ms
[2014.06.27-09.24.47:075][777]LogSavePackage: Moving '../../../../../../Users/takamatsu/Documents/Unreal Projects/DigitalJamSession/Saved/Golden_MonkeyF23B758C4654ED2ACC8761843DCF9C71.tmp' to '../../../../../../Users/takamatsu/Documents/Unreal Projects/DigitalJamSession/Content/Assets/Material/Golden_Monkey.uasset'
[2014.06.27-09.24.47:084][777]Cmd: OBJ SAVEPACKAGE PACKAGE="/Game/Assets/Material/PoolWater" FILE="../../../../../../Users/takamatsu/Documents/Unreal Projects/DigitalJamSession/Content/Assets/Material/PoolWater.uasset" SILENT=true
[2014.06.27-09.24.47:118][777]LogSavePackage: Save=8.659199ms
[2014.06.27-09.24.47:118][777]LogSavePackage: Moving '../../../../../../Users/takamatsu/Documents/Unreal Projects/DigitalJamSession/Saved/PoolWater8EB757D741097B7668297EA9EBFD49AC.tmp' to '../../../../../../Users/takamatsu/Documents/Unreal Projects/DigitalJamSession/Content/Assets/Material/PoolWater.uasset'
[2014.06.27-09.24.47:474][778]Cmd: QUIT_EDITOR
[2014.06.27-09.24.47:543][778]LogWindowsTextInputMethodSystem:Error: Terminating failed while unadvising the language notification sink from the TSF source.
[2014.06.27-09.24.47:544][778]LogExit: Preparing to exit.
[2014.06.27-09.24.47:872][778]LogExit: Editor shut down
[2014.06.27-09.24.47:873][778]LogExit: Transaction tracking system shut down
[2014.06.27-09.24.47:874][778]LogParticles: Destroying 0 GPU particle simulations for FXSystem 0x000000000CEB8A40
[2014.06.27-09.24.47:875][778]LogParticles: Destroying 0 GPU particle simulations for FXSystem 0x000000000EAB9DA0
[2014.06.27-09.24.47:875][778]LogParticles: Destroying 0 GPU particle simulations for FXSystem 0x0000000013D92480
[2014.06.27-09.24.47:901][778]LogParticles: Destroying 0 GPU particle simulations for FXSystem 0x000000000E518B80
[2014.06.27-09.24.47:901][778]LogExit: Object subsystem successfully closed.
[2014.06.27-09.24.47:972][778]LogModuleManager: Shutting down and abandoning module ExternalImagePicker (166)
[2014.06.27-09.24.47:972][778]LogModuleManager: Shutting down and abandoning module StaticMeshEditor (165)
[2014.06.27-09.24.47:972][778]LogModuleManager: Shutting down and abandoning module MaterialEditor (164)
[2014.06.27-09.24.47:972][778]LogModuleManager: Shutting down and abandoning module AndroidDeviceDetection (163)
[2014.06.27-09.24.47:972][778]LogModuleManager: Shutting down and abandoning module CrashTracker (162)
[2014.06.27-09.24.47:972][778]LogModuleManager: Shutting down and abandoning module HTTP (161)
[2014.06.27-09.24.47:972][778]LogModuleManager: Shutting down and abandoning module NewsFeed (160)
[2014.06.27-09.24.47:972][778]LogModuleManager: Shutting down and abandoning module SceneOutliner (159)
[2014.06.27-09.24.47:972][778]LogModuleManager: Shutting down and abandoning module EditorWidgets (158)
[2014.06.27-09.24.47:972][778]LogModuleManager: Shutting down and abandoning module CollectionManager (157)
[2014.06.27-09.24.47:972][778]LogModuleManager: Shutting down and abandoning module StatsViewer (156)
[2014.06.27-09.24.47:972][778]LogModuleManager: Shutting down and abandoning module FoliageEdit (155)
[2014.06.27-09.24.47:972][778]LogModuleManager: Shutting down and abandoning module LandscapeEditor (154)
[2014.06.27-09.24.47:979][778]LogModuleManager: Shutting down and abandoning module MeshPaint (153)
[2014.06.27-09.24.47:979][778]LogModuleManager: Shutting down and abandoning module ActorPickerMode (152)
[2014.06.27-09.24.47:979][778]LogModuleManager: Shutting down and abandoning module GeometryMode (151)
[2014.06.27-09.24.47:979][778]LogModuleManager: Shutting down and abandoning module TextureAlignMode (150)
[2014.06.27-09.24.47:979][778]LogModuleManager: Shutting down and abandoning module BspMode (149)
[2014.06.27-09.24.47:979][778]LogModuleManager: Shutting down and abandoning module PlacementMode (148)
[2014.06.27-09.24.47:980][778]LogModuleManager: Shutting down and abandoning module AutomationWorker (147)
[2014.06.27-09.24.47:980][778]LogModuleManager: Shutting down and abandoning module ViewportSnapping (146)
[2014.06.27-09.24.47:980][778]LogModuleManager: Shutting down and abandoning module DeviceProfileEditor (145)
[2014.06.27-09.24.47:980][778]LogModuleManager: Shutting down and abandoning module UndoHistory (144)
[2014.06.27-09.24.47:980][778]LogModuleManager: Shutting down and abandoning module GameplayTagsEditor (143)
[2014.06.27-09.24.47:980][778]LogModuleManager: Shutting down and abandoning module UserFeedback (142)
[2014.06.27-09.24.47:980][778]LogModuleManager: Shutting down and abandoning module XmlParser (141)
[2014.06.27-09.24.47:980][778]LogModuleManager: Shutting down and abandoning module Blutility (140)
[2014.06.27-09.24.47:980][778]LogModuleManager: Shutting down and abandoning module AndroidPlatformEditor (137)
[2014.06.27-09.24.47:980][778]LogModuleManager: Shutting down and abandoning module AndroidRuntimeSettings (136)
[2014.06.27-09.24.47:980][778]LogModuleManager: Shutting down and abandoning module ProjectSettingsViewer (135)
[2014.06.27-09.24.47:980][778]LogModuleManager: Shutting down and abandoning module InputBindingEditor (134)
[2014.06.27-09.24.47:981][778]LogModuleManager: Shutting down and abandoning module EditorSettingsViewer (133)
[2014.06.27-09.24.47:981][778]LogModuleManager: Shutting down and abandoning module SettingsEditor (132)
[2014.06.27-09.24.47:981][778]LogModuleManager: Shutting down and abandoning module SessionLauncher (131)
[2014.06.27-09.24.47:981][778]LogModuleManager: Shutting down and abandoning module SessionFrontend (130)
[2014.06.27-09.24.47:981][778]LogModuleManager: Shutting down and abandoning module ProfilerClient (129)
[2014.06.27-09.24.47:981][778]LogModuleManager: Shutting down and abandoning module TargetDeviceServices (128)
[2014.06.27-09.24.47:981][778]LogModuleManager: Shutting down and abandoning module DeviceManager (127)
[2014.06.27-09.24.47:981][778]LogModuleManager: Shutting down and abandoning module AutomationController (126)
[2014.06.27-09.24.47:981][778]LogModuleManager: Shutting down and abandoning module AutomationWindow (125)
[2014.06.27-09.24.47:981][778]LogModuleManager: Shutting down and abandoning module Layers (124)
[2014.06.27-09.24.47:981][778]LogModuleManager: Shutting down and abandoning module ComponentVisualizers (123)
[2014.06.27-09.24.47:981][778]LogModuleManager: Shutting down and abandoning module DetailCustomizations (122)
[2014.06.27-09.24.47:981][778]LogModuleManager: Shutting down and abandoning module PackagesDialog (121)
[2014.06.27-09.24.47:981][778]LogModuleManager: Shutting down and abandoning module PropertyEditor (120)
[2014.06.27-09.24.47:981][778]LogModuleManager: Shutting down and abandoning module DirectoryWatcher (119)
[2014.06.27-09.24.47:982][778]LogModuleManager: Shutting down and abandoning module AssetRegistry (118)
[2014.06.27-09.24.48:062][778]LogModuleManager: Shutting down and abandoning module Persona (117)
[2014.06.27-09.24.48:062][778]LogModuleManager: Shutting down and abandoning module GraphEditor (116)
[2014.06.27-09.24.48:062][778]LogModuleManager: Shutting down and abandoning module ContentBrowser (115)
[2014.06.27-09.24.48:062][778]LogModuleManager: Shutting down and abandoning module ClassViewer (114)
[2014.06.27-09.24.48:062][778]LogModuleManager: Shutting down and abandoning module Toolbox (113)
[2014.06.27-09.24.48:062][778]LogModuleManager: Shutting down and abandoning module ModuleUI (112)
[2014.06.27-09.24.48:062][778]LogModuleManager: Shutting down and abandoning module Sequencer (111)
[2014.06.27-09.24.48:062][778]LogModuleManager: Shutting down and abandoning module AssetTools (110)
[2014.06.27-09.24.48:062][778]LogModuleManager: Shutting down and abandoning module MovieSceneTools (109)
[2014.06.27-09.24.48:062][778]LogModuleManager: Shutting down and abandoning module OutputLog (108)
[2014.06.27-09.24.48:062][778]LogModuleManager: Shutting down and abandoning module GammaUI (107)
[2014.06.27-09.24.48:062][778]LogModuleManager: Shutting down and abandoning module Documentation (106)
[2014.06.27-09.24.48:062][778]LogModuleManager: Shutting down and abandoning module StreamingPauseRendering (105)
[2014.06.27-09.24.48:062][778]LogModuleManager: Shutting down and abandoning module AnalyticsET (104)
[2014.06.27-09.24.48:062][778]LogModuleManager: Shutting down and abandoning module Analytics (103)
[2014.06.27-09.24.48:062][778]LogModuleManager: Shutting down and abandoning module ProfilerService (102)
[2014.06.27-09.24.48:070][778]LogModuleManager: Shutting down and abandoning module TaskGraph (101)
[2014.06.27-09.24.48:070][778]LogModuleManager: Shutting down and abandoning module GameProjectGeneration (100)
[2014.06.27-09.24.48:070][778]LogModuleManager: Shutting down and abandoning module Matinee (99)
[2014.06.27-09.24.48:070][778]LogModuleManager: Shutting down and abandoning module Kismet (98)
[2014.06.27-09.24.48:070][778]LogModuleManager: Shutting down and abandoning module SlateReflector (97)
[2014.06.27-09.24.48:070][778]LogModuleManager: Shutting down and abandoning module LevelEditor (96)
[2014.06.27-09.24.48:071][778]LogModuleManager: Shutting down and abandoning module MainFrame (95)
[2014.06.27-09.24.48:071][778]LogModuleManager: Shutting down and abandoning module SourceControl (94)
[2014.06.27-09.24.48:071][778]LogModuleManager: Shutting down and abandoning module ImageWrapper (93)
[2014.06.27-09.24.48:071][778]LogModuleManager: Shutting down and abandoning module OnlineBlueprintSupport (92)
[2014.06.27-09.24.48:071][778]LogModuleManager: Shutting down and abandoning module FunctionalTesting (91)
[2014.06.27-09.24.48:071][778]LogModuleManager: Shutting down and abandoning module CollisionAnalyzer (90)
[2014.06.27-09.24.48:071][778]LogModuleManager: Shutting down and abandoning module WorkspaceMenuStructure (89)
[2014.06.27-09.24.48:071][778]LogModuleManager: Shutting down and abandoning module MessageLog (88)
[2014.06.27-09.24.48:071][778]LogModuleManager: Shutting down and abandoning module Slate (87)
[2014.06.27-09.24.48:071][778]LogModuleManager: Shutting down and abandoning module EditorStyle (86)
[2014.06.27-09.24.48:073][778]LogModuleManager: Shutting down and abandoning module SessionServices (85)
[2014.06.27-09.24.48:073][778]LogModuleManager: Shutting down and abandoning module Messaging (84)
[2014.06.27-09.24.48:073][778]LogModuleManager: Shutting down and abandoning module SourceCodeAccess (83)
[2014.06.27-09.24.48:073][778]LogModuleManager: Shutting down and abandoning module HeadMountedDisplay (82)
[2014.06.27-09.24.48:073][778]LogModuleManager: Shutting down and abandoning module XAudio2 (81)
[2014.06.27-09.24.48:073][778]LogModuleManager: Shutting down and abandoning module Networking (79)
[2014.06.27-09.24.48:073][778]LogModuleManager: Shutting down and abandoning module Core (78)
[2014.06.27-09.24.48:073][778]LogModuleManager: Shutting down and abandoning module KismetCompiler (77)
[2014.06.27-09.24.48:073][778]LogModuleManager: Shutting down and abandoning module PhysXFormats (76)
[2014.06.27-09.24.48:073][778]LogModuleManager: Shutting down and abandoning module SimplygonMeshReduction (75)
[2014.06.27-09.24.48:073][778]LogModuleManager: Shutting down and abandoning module MeshUtilities (74)
[2014.06.27-09.24.48:073][778]LogModuleManager: Shutting down and abandoning module DerivedDataCache (73)
[2014.06.27-09.24.48:149][778]LogDerivedDataCache: Shutdown
[2014.06.27-09.24.48:149][778]LogModuleManager: Shutting down and abandoning module ShaderFormatOpenGL (72)
[2014.06.27-09.24.48:149][778]LogModuleManager: Shutting down and abandoning module ShaderFormatD3D (71)
[2014.06.27-09.24.48:149][778]LogModuleManager: Shutting down and abandoning module TextureFormatUncompressed (70)
[2014.06.27-09.24.48:149][778]LogModuleManager: Shutting down and abandoning module TextureFormatPVR (69)
[2014.06.27-09.24.48:149][778]LogModuleManager: Shutting down and abandoning module TextureFormatDXT (68)
[2014.06.27-09.24.48:149][778]LogModuleManager: Shutting down and abandoning module TextureFormatAndroid (67)
[2014.06.27-09.24.48:149][778]LogModuleManager: Shutting down and abandoning module AudioFormatOpus (66)
[2014.06.27-09.24.48:149][778]LogModuleManager: Shutting down and abandoning module AudioFormatOgg (65)
[2014.06.27-09.24.48:149][778]LogModuleManager: Shutting down and abandoning module AudioFormatADPCM (64)
[2014.06.27-09.24.48:149][778]LogModuleManager: Shutting down and abandoning module Android_PVRTCTargetPlatform (63)
[2014.06.27-09.24.48:149][778]LogModuleManager: Shutting down and abandoning module Android_ETC2TargetPlatform (62)
[2014.06.27-09.24.48:149][778]LogModuleManager: Shutting down and abandoning module Android_ETC1TargetPlatform (61)
[2014.06.27-09.24.48:149][778]LogModuleManager: Shutting down and abandoning module Android_DXTTargetPlatform (60)
[2014.06.27-09.24.48:149][778]LogModuleManager: Shutting down and abandoning module Android_ATCTargetPlatform (59)
[2014.06.27-09.24.48:149][778]LogModuleManager: Shutting down and abandoning module AndroidTargetPlatform (58)
[2014.06.27-09.24.48:149][778]LogModuleManager: Shutting down and abandoning module WindowsTargetPlatform (57)
[2014.06.27-09.24.48:149][778]LogModuleManager: Shutting down and abandoning module WindowsServerTargetPlatform (56)
[2014.06.27-09.24.48:149][778]LogModuleManager: Shutting down and abandoning module WindowsNoEditorTargetPlatform (55)
[2014.06.27-09.24.48:149][778]LogModuleManager: Shutting down and abandoning module WindowsClientTargetPlatform (54)
[2014.06.27-09.24.48:149][778]LogModuleManager: Shutting down and abandoning module TargetPlatform (53)
[2014.06.27-09.24.48:149][778]LogModuleManager: Shutting down and abandoning module InputCore (52)
[2014.06.27-09.24.48:149][778]LogModuleManager: Shutting down and abandoning module Settings (51)
[2014.06.27-09.24.48:149][778]LogModuleManager: Shutting down and abandoning module TextureCompressor (48)
[2014.06.27-09.24.48:149][778]LogModuleManager: Shutting down and abandoning module ShaderCore (47)
[2014.06.27-09.24.48:149][778]LogModuleManager: Shutting down and abandoning module OpenGLDrv (46)
[2014.06.27-09.24.48:149][778]LogModuleManager: Shutting down and abandoning module D3D11RHI (45)
[2014.06.27-09.24.48:149][778]LogModuleManager: Shutting down and abandoning module SlateRHIRenderer (44)
[2014.06.27-09.24.48:149][778]LogModuleManager: Shutting down and abandoning module Renderer (43)
[2014.06.27-09.24.48:149][778]LogModuleManager: Shutting down and abandoning module Engine (42)
[2014.06.27-09.24.48:149][778]LogModuleManager: Shutting down and abandoning module SlateRemote (41)
[2014.06.27-09.24.48:149][778]LogModuleManager: Shutting down and abandoning module ScriptPlugin (40)
[2014.06.27-09.24.48:149][778]LogModuleManager: Shutting down and abandoning module ScriptEditorPlugin (38)
[2014.06.27-09.24.48:149][778]LogModuleManager: Shutting down and abandoning module WindowsMoviePlayer (37)
[2014.06.27-09.24.48:152][778]LogModuleManager: Shutting down and abandoning module ExampleDeviceProfileSelector (32)
[2014.06.27-09.24.48:152][778]LogModuleManager: Shutting down and abandoning module CustomMeshComponent (31)
[2014.06.27-09.24.48:152][778]LogModuleManager: Shutting down and abandoning module CableComponent (30)
[2014.06.27-09.24.48:152][778]LogModuleManager: Shutting down and abandoning module OculusRift (26)
[2014.06.27-09.24.48:152][778]LogModuleManager: Shutting down and abandoning module UdpMessaging (25)
[2014.06.27-09.24.48:252][778]LogModuleManager: Shutting down and abandoning module MessagingDebugger (24)
[2014.06.27-09.24.48:252][778]LogModuleManager: Shutting down and abandoning module PluginsEditor (14)
[2014.06.27-09.24.48:252][778]LogModuleManager: Shutting down and abandoning module IntroTutorials (13)
[2014.06.27-09.24.48:252][778]LogModuleManager: Shutting down and abandoning module EpicSurvey (12)
[2014.06.27-09.24.48:252][778]LogModuleManager: Shutting down and abandoning module VisualStudioSourceCodeAccess (10)
[2014.06.27-09.24.48:252][778]LogModuleManager: Shutting down and abandoning module UObjectPlugin (9)
[2014.06.27-09.24.48:252][778]LogModuleManager: Shutting down and abandoning module SubversionSourceControl (8)
[2014.06.27-09.24.48:252][778]LogModuleManager: Shutting down and abandoning module PerforceSourceControl (7)
[2014.06.27-09.24.48:252][778]LogModuleManager: Shutting down and abandoning module BlankPlugin (6)
[2014.06.27-09.24.48:252][778]LogModuleManager: Shutting down and abandoning module CoreUObject (5)
[2014.06.27-09.24.48:252][778]LogModuleManager: Shutting down and abandoning module NetworkFile (4)
[2014.06.27-09.24.48:252][778]LogModuleManager: Shutting down and abandoning module StreamingFile (3)
[2014.06.27-09.24.48:252][778]LogModuleManager: Shutting down and abandoning module SandboxFile (2)
[2014.06.27-09.24.48:252][778]LogModuleManager: Shutting down and abandoning module PakFile (1)
[2014.06.27-09.24.48:253][778]LogExit: Exiting.
[2014.06.27-09.24.48:264][778]Log file closed, 06/27/14 19:24:48
