Log file open, 06/14/14 14:40:50
LogInit:Display: Running engine for game: DigitalJamSession
LogInit: Version: 4.2.0-2092659+++depot+UE4-Releases+4.2
LogInit: Compiled (64-bit): Jun  3 2014 00:56:21
LogInit: Build Configuration: Development
LogInit: Branch Name: ++depot+UE4-Releases+4.2
LogInit: Command line: 
LogInit: Base directory: C:/Program Files/Unreal Engine/4.2/Engine/Binaries/Win64/
LogInit: Rocket: 1
[2014.06.14-04.40.50:643][  0]LogTaskGraph: Started task graph with 3 named threads and 4 total threads.
[2014.06.14-04.40.50:673][  0]LogOnline:Warning: No default platform service specified for OnlineSubsystem
[2014.06.14-04.40.50:710][  0]LogInit: Presizing for 0 objects not considered by GC, pre-allocating 0 bytes.
[2014.06.14-04.40.50:719][  0]LogInit: Object subsystem initialized
[2014.06.14-04.40.50:721][  0]LogInit: Selected Device Profile: [Windows]
[2014.06.14-04.40.50:721][  0]LogInit: Applying CVar settings loaded from the selected device profile: [Windows]
[2014.06.14-04.40.50:748][  0]LogInit: Computer: VIZREALPC
[2014.06.14-04.40.50:748][  0]LogInit: User: Jonno
[2014.06.14-04.40.50:749][  0]LogInit: CPU Page size=4096, Cores=2
[2014.06.14-04.40.50:749][  0]LogInit: High frequency timer resolution =3.989538 MHz
[2014.06.14-04.40.50:749][  0]LogMemory: Memory total: Physical=16.0GB (16GB approx) Virtual=131072.0GB
[2014.06.14-04.40.50:749][  0]LogMemory: Platform Memory Stats for Windows
[2014.06.14-04.40.50:749][  0]LogMemory: Process Physical Memory: 53.15 MB used, 53.15 MB peak
[2014.06.14-04.40.50:749][  0]LogMemory: Process Virtual Memory: 29.47 MB used, 29.47 MB peak
[2014.06.14-04.40.50:749][  0]LogMemory: Physical Memory: 3344.01 MB used, 16367.23 MB total
[2014.06.14-04.40.50:749][  0]LogMemory: Virtual Memory: 242.44 MB used, 134217728.00 MB total
[2014.06.14-04.40.50:859][  0]LogD3D11RHI: Found D3D11 adapter 0: NVIDIA GeForce GTX 660   (Feature Level 11_0)
[2014.06.14-04.40.50:859][  0]LogD3D11RHI: Adapter has 1989MB of dedicated video memory, 0MB of dedicated system memory, and 2048MB of shared system memory, 1 output[s]
[2014.06.14-04.40.50:861][  0]LogD3D11RHI: Found D3D11 adapter 1: Microsoft Basic Render Driver (Feature Level 11_0)
[2014.06.14-04.40.50:861][  0]LogD3D11RHI: Adapter has 0MB of dedicated video memory, 0MB of dedicated system memory, and 256MB of shared system memory, 0 output[s]
[2014.06.14-04.40.50:861][  0]LogD3D11RHI: Chosen D3D11 Adapter Id = 0
[2014.06.14-04.40.50:867][  0]LogRHI: Texture pool is 1361 MB (70% of 1945 MB)
[2014.06.14-04.40.50:881][  0]LogD3D11RHI: Async texture creation enabled
[2014.06.14-04.40.51:102][  0]LogContentStreaming: Texture pool size is 0.000000MB
[2014.06.14-04.40.52:168][  0]LogTargetPlatformManager:Display: Building Assets For Windows
[2014.06.14-04.40.52:395][  0]LogTargetPlatformManager:Display: Building Assets For Windows
[2014.06.14-04.40.52:451][  0]LogDerivedDataCache:Display: Max Cache Size: 512 MB
[2014.06.14-04.40.52:522][  0]LogDerivedDataCache: Loaded boot cache 0.07s 43MB C:/Users/Jonno/AppData/Local/UnrealEngine/4.2/DerivedDataCache/Boot.ddc.
[2014.06.14-04.40.52:522][  0]LogDerivedDataCache:Display: Loaded Boot cache: C:/Users/Jonno/AppData/Local/UnrealEngine/4.2/DerivedDataCache/Boot.ddc
[2014.06.14-04.40.52:522][  0]LogDerivedDataCache: FDerivedDataBackendGraph:  Pak pak cache file ../../../../../../Users/Jonno/Documents/GitHub/DigitalJamSession/DerivedDataCache/DDC.ddp not found, will not use a pak cache.
[2014.06.14-04.40.52:522][  0]LogDerivedDataCache: Unable to find inner node Pak for hierarchical cache Hierarchy.
[2014.06.14-04.40.52:533][  0]LogDerivedDataCache:Display: Pak cache opened for reading ../../../Engine/DerivedDataCache/DDC.ddp.
[2014.06.14-04.40.52:546][  0]LogDerivedDataCache: Using Local data cache path C:/Users/Jonno/AppData/Local/UnrealEngine/4.2/DerivedDataCache: Writable
[2014.06.14-04.40.52:803][  0]LogMeshUtilities: No automatic mesh reduction module available
[2014.06.14-04.40.52:803][  0]LogMeshUtilities: No automatic mesh merging module available
[2014.06.14-04.40.53:248][  0]LogInit: WinSock: version 1.1 (2.2), MaxSocks=32767, MaxUdp=65467
[2014.06.14-04.40.53:843][  0]LogStreaming:Warning: Failed to read file '../../../Engine/Content/Editor/Slate/Icons/ActorIcons/GroupActor_16x.png' error.
[2014.06.14-04.40.53:843][  0]LogSlate: Could not find file for Slate resource: ../../../Engine/Content/Editor/Slate/Icons/ActorIcons/GroupActor_16x.png
[2014.06.14-04.40.53:849][  0]LogStreaming:Warning: Failed to read file '../../../Engine/Content/Editor/Slate/Icons/ActorIcons/DecalActor_16x.png' error.
[2014.06.14-04.40.53:849][  0]LogSlate: Could not find file for Slate resource: ../../../Engine/Content/Editor/Slate/Icons/ActorIcons/DecalActor_16x.png
[2014.06.14-04.40.54:223][  0]UdpMessaging: Initializing bridge on interface 0.0.0.0:0 to multicast group 230.0.0.1:6666.
[2014.06.14-04.40.54:420][  0]SourceControl: Info Source control is disabled
[2014.06.14-04.40.54:420][  0]SourceControl: Info Source control is disabled
[2014.06.14-04.40.54:428][  0]SourceControl: Info Source control is disabled
[2014.06.14-04.40.54:631][  0]BlueprintLog: New page: Editor Load
[2014.06.14-04.40.54:774][  0]LogObj: 19136 objects as part of root set at end of initial load.
[2014.06.14-04.40.54:774][  0]LogUObjectAllocator: 3804648 out of 0 bytes used by permanent object pool.
[2014.06.14-04.40.55:229][  0]LogEngine: Initializing Engine...
[2014.06.14-04.40.55:360][  0]LogInit: XAudio2 using 'Speakers (Realtek High Definition Audio)' : 2 channels at 48 kHz using 32 bits per sample (channel mask 0x3)
[2014.06.14-04.40.55:380][  0]LogInit: FAudioDevice initialized.
[2014.06.14-04.40.55:422][  0]LogDerivedDataCache: Saved boot cache 0.04s 43MB C:/Users/Jonno/AppData/Local/UnrealEngine/4.2/DerivedDataCache/Boot.ddc.
[2014.06.14-04.40.55:432][  0]LogInit: Texture streaming: Enabled
[2014.06.14-04.40.55:487][  0]LogInit: Transaction tracking system initialized
[2014.06.14-04.40.55:759][  0]LogAssetRegistry: FAssetRegistry took 0.0106 seconds to start up
[2014.06.14-04.40.56:199][  0]LogModuleManager:Warning: ModuleManager: Unable to load module '' because the file was not found.
[2014.06.14-04.40.56:206][  0]LogModuleManager:Warning: ModuleManager: Unable to load module '' because the file was not found.
[2014.06.14-04.40.56:321][  0]LogConsoleResponse:Display: 
[2014.06.14-04.40.56:687][  0]SourceControl: Info Source control is disabled
[2014.06.14-04.40.56:687][  0]Cmd: MAP LOAD FILE="../../../../../../Users/Jonno/Documents/GitHub/DigitalJamSession/Content/Jam.umap" TEMPLATE=0 SHOWPROGRESS=1 WORLDCOMPOSITION=0
[2014.06.14-04.40.56:700][  0]LightingResults: New page: Lighting Build
[2014.06.14-04.40.56:710][  0]MapCheck: New page: Map Check
[2014.06.14-04.40.56:710][  0]LightingResults: New page: Lighting Build
[2014.06.14-04.40.56:726][  0]LogParticles: Destroying 0 GPU particle simulations for FXSystem 0x00000006BC48D580
[2014.06.14-04.40.56:911][  0]LogEditorServer: Finished looking for orphan Actors (0.000 secs)
[2014.06.14-04.40.56:911][  0]Cmd: MAP CHECKDEP
[2014.06.14-04.40.56:911][  0]MapCheck: New page: Jam - 15/06/2014 12:40:56 am
[2014.06.14-04.40.56:987][  0]MapCheck: Info ========== Map Check: 0 Error(s), 0 Warning(s), [76.282ms] ==========
[2014.06.14-04.40.56:988][  0]LogFileHelpers: Loading map 'Jam' took 0.300
[2014.06.14-04.40.57:628][  0]LogCollectionManager: Loaded 0 collections in 0.001643 seconds
[2014.06.14-04.40.57:905][  0]LogCrashTracker: Crashtracker disabled due to settings.
[2014.06.14-04.40.57:906][  0]Cmd: MODE PLACEMENT
[2014.06.14-04.40.57:954][  0]LogLoad: Full Startup: 8.54 seconds (BP compile: 0.07 seconds)
[2014.06.14-04.40.57:966][  0]LogContentBrowser:Verbose: The content browser source was changed by the sources view to '/Game/Assets/Character'
[2014.06.14-04.40.58:670][  0]LogRenderer:Warning: Reallocating scene render targets to support 912x872.
[2014.06.14-04.40.58:960][  1]LogEpicStorage:Warning: EnumerateFiles request failed. Invalid response. code=403 error=<?xml version="1.0" encoding="UTF-8"?>
<Error><Code>AccessDenied</Code><Message>Access Denied</Message><RequestId>CB385F14CCF1694C</RequestId><HostId>nXM17ppvm+aTlKSwSB0HxtEUNUYQGCo5nBZ98JYdoWseycUQtIf8HdSEnXq7SHHL</HostId></Error>
[2014.06.14-04.40.59:006][  1]LogAssetRegistry: Asset discovery search completed in 3.2576 seconds
[2014.06.14-04.40.59:043][  2]LogEpicSurvey:Warning: EnumerateFiles request failed. Invalid response. code=403 error=<?xml version="1.0" encoding="UTF-8"?>
<Error><Code>AccessDenied</Code><Message>Access Denied</Message><RequestId>231B1A8F7CE055AE</RequestId><HostId>JiySaAO1lM6fsNo27Db5fykxmsJ/MWwIcxKdvDAYaYVbP6SA11nr70NYtJxnahyr</HostId></Error>
[2014.06.14-04.40.59:079][  3]LogEpicStorage:Warning: EnumerateFiles request failed. Invalid response. code=403 error=<?xml version="1.0" encoding="UTF-8"?>
<Error><Code>AccessDenied</Code><Message>Access Denied</Message><RequestId>8923A52A94F430C6</RequestId><HostId>QChTCYbKqyfsJFJ+91hiAxPjFaPf2OUHqmzpWJKAppJFqZHUpATC5WY9pH4qG4s1</HostId></Error>
[2014.06.14-04.40.59:105][  5]LogEpicSurvey:Warning: EnumerateFiles request failed. Invalid response. code=403 error=<?xml version="1.0" encoding="UTF-8"?>
<Error><Code>AccessDenied</Code><Message>Access Denied</Message><RequestId>02BFB1823958DE0E</RequestId><HostId>0sH0ZLT1x9mM9jZhhYEqY7PZ55KNlcCXtRyb+DweL4MS0zJXm7ebMqKxLPGdImim</HostId></Error>
[2014.06.14-04.40.59:196][  8]LogEpicSurvey:Warning: EnumerateFiles request failed. Invalid response. code=403 error=<?xml version="1.0" encoding="UTF-8"?>
<Error><Code>AccessDenied</Code><Message>Access Denied</Message><RequestId>EAA15D8762A28AC6</RequestId><HostId>klR+wwMZEX+9eq396NnWeAUd4Gaj4zoCsJQlwpawS3++j+CX+KRrfBjPiAMEw8+z</HostId></Error>
[2014.06.14-04.40.59:374][ 13]LogEpicStorage:Warning: ReadFile request failed. File request already pending for filename=http://cdn.unrealengine.com/newsfeed/blueprint_icon_b.png
[2014.06.14-04.42.19:290][571]ImportText (LocalizedDisplayNames): Missing closing parenthesis: (Language="en",Text="Blueprint Side Scroller"
[2014.06.14-04.42.19:290][571]ImportText (LocalizedDisplayNames): Missing closing parenthesis: (Language="ko",Text="è°¸ ¡¤ld"
[2014.06.14-04.42.19:300][571]LogUProjectInfo: Found 0 directories to search
[2014.06.14-04.42.19:300][571]LogUProjectInfo: FillProjectInfo took 0.0001 seconds
[2014.06.14-04.42.19:306][571]LogJson:Warning: Field EngineAssociation was not found.
[2014.06.14-04.42.19:306][571]LogJson:Error: Json Value of type 'Null' used as a 'String'.
[2014.06.14-04.42.19:309][571]LogJson:Warning: Field EngineAssociation was not found.
[2014.06.14-04.42.19:309][571]LogJson:Error: Json Value of type 'Null' used as a 'String'.
[2014.06.14-04.42.19:309][571]LogJson:Warning: Field EngineAssociation was not found.
[2014.06.14-04.42.19:309][571]LogJson:Error: Json Value of type 'Null' used as a 'String'.
[2014.06.14-04.42.19:310][571]LogJson:Warning: Field EngineAssociation was not found.
[2014.06.14-04.42.19:310][571]LogJson:Error: Json Value of type 'Null' used as a 'String'.
[2014.06.14-04.42.19:311][571]LogJson:Warning: Field EngineAssociation was not found.
[2014.06.14-04.42.19:311][571]LogJson:Error: Json Value of type 'Null' used as a 'String'.
[2014.06.14-04.42.19:312][571]LogJson:Warning: Field EngineAssociation was not found.
[2014.06.14-04.42.19:312][571]LogJson:Error: Json Value of type 'Null' used as a 'String'.
[2014.06.14-04.42.19:312][571]LogJson:Warning: Field EngineAssociation was not found.
[2014.06.14-04.42.19:312][571]LogJson:Error: Json Value of type 'Null' used as a 'String'.
[2014.06.14-04.42.19:315][571]LogJson:Warning: Field EngineAssociation was not found.
[2014.06.14-04.42.19:315][571]LogJson:Error: Json Value of type 'Null' used as a 'String'.
[2014.06.14-04.42.19:317][571]LogJson:Warning: Field EngineAssociation was not found.
[2014.06.14-04.42.19:317][571]LogJson:Error: Json Value of type 'Null' used as a 'String'.
[2014.06.14-04.42.19:318][571]LogJson:Warning: Field EngineAssociation was not found.
[2014.06.14-04.42.19:318][571]LogJson:Error: Json Value of type 'Null' used as a 'String'.
[2014.06.14-04.42.19:319][571]LogJson:Warning: Field EngineAssociation was not found.
[2014.06.14-04.42.19:320][571]LogJson:Error: Json Value of type 'Null' used as a 'String'.
[2014.06.14-04.42.19:320][571]LogJson:Warning: Field EngineAssociation was not found.
[2014.06.14-04.42.19:320][571]LogJson:Error: Json Value of type 'Null' used as a 'String'.
[2014.06.14-04.42.19:321][571]LogJson:Warning: Field EngineAssociation was not found.
[2014.06.14-04.42.19:321][571]LogJson:Error: Json Value of type 'Null' used as a 'String'.
[2014.06.14-04.42.24:229][126]Cmd: CLOSE_SLATE_MAINFRAME
[2014.06.14-04.42.24:598][127]Cmd: QUIT_EDITOR
[2014.06.14-04.42.24:731][127]LogWindowsTextInputMethodSystem:Error: Terminating failed while unadvising the language notification sink from the TSF source.
[2014.06.14-04.42.24:733][127]LogExit: Preparing to exit.
[2014.06.14-04.42.25:367][127]LogExit: Editor shut down
[2014.06.14-04.42.25:367][127]LogExit: Transaction tracking system shut down
[2014.06.14-04.42.25:368][127]LogParticles: Destroying 0 GPU particle simulations for FXSystem 0x00000006B5EE1800
[2014.06.14-04.42.25:389][127]LogParticles: Destroying 0 GPU particle simulations for FXSystem 0x00000006B8C26B60
[2014.06.14-04.42.25:389][127]LogExit: Object subsystem successfully closed.
[2014.06.14-04.42.25:430][127]LogModuleManager: Shutting down and abandoning module DesktopPlatform (164)
[2014.06.14-04.42.25:430][127]LogModuleManager: Shutting down and abandoning module AndroidDeviceDetection (163)
[2014.06.14-04.42.25:430][127]LogModuleManager: Shutting down and abandoning module CrashTracker (162)
[2014.06.14-04.42.25:430][127]LogModuleManager: Shutting down and abandoning module HTTP (161)
[2014.06.14-04.42.25:430][127]LogModuleManager: Shutting down and abandoning module NewsFeed (160)
[2014.06.14-04.42.25:430][127]LogModuleManager: Shutting down and abandoning module SceneOutliner (159)
[2014.06.14-04.42.25:430][127]LogModuleManager: Shutting down and abandoning module EditorWidgets (158)
[2014.06.14-04.42.25:430][127]LogModuleManager: Shutting down and abandoning module CollectionManager (157)
[2014.06.14-04.42.25:430][127]LogModuleManager: Shutting down and abandoning module StatsViewer (156)
[2014.06.14-04.42.25:430][127]LogModuleManager: Shutting down and abandoning module FoliageEdit (155)
[2014.06.14-04.42.25:430][127]LogModuleManager: Shutting down and abandoning module LandscapeEditor (154)
[2014.06.14-04.42.25:435][127]LogModuleManager: Shutting down and abandoning module MeshPaint (153)
[2014.06.14-04.42.25:435][127]LogModuleManager: Shutting down and abandoning module ActorPickerMode (152)
[2014.06.14-04.42.25:435][127]LogModuleManager: Shutting down and abandoning module GeometryMode (151)
[2014.06.14-04.42.25:436][127]LogModuleManager: Shutting down and abandoning module TextureAlignMode (150)
[2014.06.14-04.42.25:436][127]LogModuleManager: Shutting down and abandoning module BspMode (149)
[2014.06.14-04.42.25:436][127]LogModuleManager: Shutting down and abandoning module PlacementMode (148)
[2014.06.14-04.42.25:436][127]LogModuleManager: Shutting down and abandoning module AutomationWorker (147)
[2014.06.14-04.42.25:436][127]LogModuleManager: Shutting down and abandoning module ViewportSnapping (146)
[2014.06.14-04.42.25:436][127]LogModuleManager: Shutting down and abandoning module DeviceProfileEditor (145)
[2014.06.14-04.42.25:436][127]LogModuleManager: Shutting down and abandoning module UndoHistory (144)
[2014.06.14-04.42.25:436][127]LogModuleManager: Shutting down and abandoning module GameplayTagsEditor (143)
[2014.06.14-04.42.25:436][127]LogModuleManager: Shutting down and abandoning module UserFeedback (142)
[2014.06.14-04.42.25:436][127]LogModuleManager: Shutting down and abandoning module XmlParser (141)
[2014.06.14-04.42.25:436][127]LogModuleManager: Shutting down and abandoning module Blutility (140)
[2014.06.14-04.42.25:436][127]LogModuleManager: Shutting down and abandoning module AndroidPlatformEditor (137)
[2014.06.14-04.42.25:436][127]LogModuleManager: Shutting down and abandoning module AndroidRuntimeSettings (136)
[2014.06.14-04.42.25:436][127]LogModuleManager: Shutting down and abandoning module ProjectSettingsViewer (135)
[2014.06.14-04.42.25:436][127]LogModuleManager: Shutting down and abandoning module InputBindingEditor (134)
[2014.06.14-04.42.25:436][127]LogModuleManager: Shutting down and abandoning module EditorSettingsViewer (133)
[2014.06.14-04.42.25:436][127]LogModuleManager: Shutting down and abandoning module SettingsEditor (132)
[2014.06.14-04.42.25:436][127]LogModuleManager: Shutting down and abandoning module SessionLauncher (131)
[2014.06.14-04.42.25:436][127]LogModuleManager: Shutting down and abandoning module SessionFrontend (130)
[2014.06.14-04.42.25:436][127]LogModuleManager: Shutting down and abandoning module ProfilerClient (129)
[2014.06.14-04.42.25:436][127]LogModuleManager: Shutting down and abandoning module TargetDeviceServices (128)
[2014.06.14-04.42.25:436][127]LogModuleManager: Shutting down and abandoning module DeviceManager (127)
[2014.06.14-04.42.25:437][127]LogModuleManager: Shutting down and abandoning module AutomationController (126)
[2014.06.14-04.42.25:437][127]LogModuleManager: Shutting down and abandoning module AutomationWindow (125)
[2014.06.14-04.42.25:437][127]LogModuleManager: Shutting down and abandoning module Layers (124)
[2014.06.14-04.42.25:437][127]LogModuleManager: Shutting down and abandoning module ComponentVisualizers (123)
[2014.06.14-04.42.25:437][127]LogModuleManager: Shutting down and abandoning module DetailCustomizations (122)
[2014.06.14-04.42.25:437][127]LogModuleManager: Shutting down and abandoning module PackagesDialog (121)
[2014.06.14-04.42.25:437][127]LogModuleManager: Shutting down and abandoning module PropertyEditor (120)
[2014.06.14-04.42.25:437][127]LogModuleManager: Shutting down and abandoning module DirectoryWatcher (119)
[2014.06.14-04.42.25:437][127]LogModuleManager: Shutting down and abandoning module AssetRegistry (118)
[2014.06.14-04.42.25:474][127]LogModuleManager: Shutting down and abandoning module Persona (117)
[2014.06.14-04.42.25:474][127]LogModuleManager: Shutting down and abandoning module GraphEditor (116)
[2014.06.14-04.42.25:474][127]LogModuleManager: Shutting down and abandoning module ContentBrowser (115)
[2014.06.14-04.42.25:474][127]LogModuleManager: Shutting down and abandoning module ClassViewer (114)
[2014.06.14-04.42.25:474][127]LogModuleManager: Shutting down and abandoning module Toolbox (113)
[2014.06.14-04.42.25:474][127]LogModuleManager: Shutting down and abandoning module ModuleUI (112)
[2014.06.14-04.42.25:474][127]LogModuleManager: Shutting down and abandoning module Sequencer (111)
[2014.06.14-04.42.25:474][127]LogModuleManager: Shutting down and abandoning module AssetTools (110)
[2014.06.14-04.42.25:474][127]LogModuleManager: Shutting down and abandoning module MovieSceneTools (109)
[2014.06.14-04.42.25:474][127]LogModuleManager: Shutting down and abandoning module OutputLog (108)
[2014.06.14-04.42.25:474][127]LogModuleManager: Shutting down and abandoning module GammaUI (107)
[2014.06.14-04.42.25:474][127]LogModuleManager: Shutting down and abandoning module Documentation (106)
[2014.06.14-04.42.25:474][127]LogModuleManager: Shutting down and abandoning module StreamingPauseRendering (105)
[2014.06.14-04.42.25:474][127]LogModuleManager: Shutting down and abandoning module AnalyticsET (104)
[2014.06.14-04.42.25:474][127]LogModuleManager: Shutting down and abandoning module Analytics (103)
[2014.06.14-04.42.25:474][127]LogModuleManager: Shutting down and abandoning module ProfilerService (102)
[2014.06.14-04.42.25:628][127]LogModuleManager: Shutting down and abandoning module TaskGraph (101)
[2014.06.14-04.42.25:628][127]LogModuleManager: Shutting down and abandoning module GameProjectGeneration (100)
[2014.06.14-04.42.25:629][127]LogModuleManager: Shutting down and abandoning module Matinee (99)
[2014.06.14-04.42.25:629][127]LogModuleManager: Shutting down and abandoning module Kismet (98)
[2014.06.14-04.42.25:629][127]LogModuleManager: Shutting down and abandoning module SlateReflector (97)
[2014.06.14-04.42.25:629][127]LogModuleManager: Shutting down and abandoning module LevelEditor (96)
[2014.06.14-04.42.25:630][127]LogModuleManager: Shutting down and abandoning module MainFrame (95)
[2014.06.14-04.42.25:630][127]LogModuleManager: Shutting down and abandoning module SourceControl (94)
[2014.06.14-04.42.25:630][127]LogModuleManager: Shutting down and abandoning module ImageWrapper (93)
[2014.06.14-04.42.25:630][127]LogModuleManager: Shutting down and abandoning module OnlineBlueprintSupport (92)
[2014.06.14-04.42.25:630][127]LogModuleManager: Shutting down and abandoning module FunctionalTesting (91)
[2014.06.14-04.42.25:630][127]LogModuleManager: Shutting down and abandoning module CollisionAnalyzer (90)
[2014.06.14-04.42.25:630][127]LogModuleManager: Shutting down and abandoning module WorkspaceMenuStructure (89)
[2014.06.14-04.42.25:630][127]LogModuleManager: Shutting down and abandoning module MessageLog (88)
[2014.06.14-04.42.25:630][127]LogModuleManager: Shutting down and abandoning module Slate (87)
[2014.06.14-04.42.25:631][127]LogModuleManager: Shutting down and abandoning module EditorStyle (86)
[2014.06.14-04.42.25:633][127]LogModuleManager: Shutting down and abandoning module SessionServices (85)
[2014.06.14-04.42.25:633][127]LogModuleManager: Shutting down and abandoning module Messaging (84)
[2014.06.14-04.42.25:633][127]LogModuleManager: Shutting down and abandoning module SourceCodeAccess (83)
[2014.06.14-04.42.25:633][127]LogModuleManager: Shutting down and abandoning module HeadMountedDisplay (82)
[2014.06.14-04.42.25:633][127]LogModuleManager: Shutting down and abandoning module XAudio2 (81)
[2014.06.14-04.42.25:633][127]LogModuleManager: Shutting down and abandoning module Networking (79)
[2014.06.14-04.42.25:633][127]LogModuleManager: Shutting down and abandoning module Core (78)
[2014.06.14-04.42.25:633][127]LogModuleManager: Shutting down and abandoning module KismetCompiler (77)
[2014.06.14-04.42.25:633][127]LogModuleManager: Shutting down and abandoning module PhysXFormats (76)
[2014.06.14-04.42.25:633][127]LogModuleManager: Shutting down and abandoning module SimplygonMeshReduction (75)
[2014.06.14-04.42.25:633][127]LogModuleManager: Shutting down and abandoning module MeshUtilities (74)
[2014.06.14-04.42.25:633][127]LogModuleManager: Shutting down and abandoning module DerivedDataCache (73)
[2014.06.14-04.42.26:138][127]LogDerivedDataCache: Shutdown
[2014.06.14-04.42.26:138][127]LogModuleManager: Shutting down and abandoning module ShaderFormatOpenGL (72)
[2014.06.14-04.42.26:138][127]LogModuleManager: Shutting down and abandoning module ShaderFormatD3D (71)
[2014.06.14-04.42.26:138][127]LogModuleManager: Shutting down and abandoning module TextureFormatUncompressed (70)
[2014.06.14-04.42.26:138][127]LogModuleManager: Shutting down and abandoning module TextureFormatPVR (69)
[2014.06.14-04.42.26:138][127]LogModuleManager: Shutting down and abandoning module TextureFormatDXT (68)
[2014.06.14-04.42.26:138][127]LogModuleManager: Shutting down and abandoning module TextureFormatAndroid (67)
[2014.06.14-04.42.26:138][127]LogModuleManager: Shutting down and abandoning module AudioFormatOpus (66)
[2014.06.14-04.42.26:138][127]LogModuleManager: Shutting down and abandoning module AudioFormatOgg (65)
[2014.06.14-04.42.26:138][127]LogModuleManager: Shutting down and abandoning module AudioFormatADPCM (64)
[2014.06.14-04.42.26:138][127]LogModuleManager: Shutting down and abandoning module Android_PVRTCTargetPlatform (63)
[2014.06.14-04.42.26:138][127]LogModuleManager: Shutting down and abandoning module Android_ETC2TargetPlatform (62)
[2014.06.14-04.42.26:138][127]LogModuleManager: Shutting down and abandoning module Android_ETC1TargetPlatform (61)
[2014.06.14-04.42.26:138][127]LogModuleManager: Shutting down and abandoning module Android_DXTTargetPlatform (60)
[2014.06.14-04.42.26:138][127]LogModuleManager: Shutting down and abandoning module Android_ATCTargetPlatform (59)
[2014.06.14-04.42.26:138][127]LogModuleManager: Shutting down and abandoning module AndroidTargetPlatform (58)
[2014.06.14-04.42.26:138][127]LogModuleManager: Shutting down and abandoning module WindowsTargetPlatform (57)
[2014.06.14-04.42.26:138][127]LogModuleManager: Shutting down and abandoning module WindowsServerTargetPlatform (56)
[2014.06.14-04.42.26:138][127]LogModuleManager: Shutting down and abandoning module WindowsNoEditorTargetPlatform (55)
[2014.06.14-04.42.26:138][127]LogModuleManager: Shutting down and abandoning module WindowsClientTargetPlatform (54)
[2014.06.14-04.42.26:138][127]LogModuleManager: Shutting down and abandoning module TargetPlatform (53)
[2014.06.14-04.42.26:138][127]LogModuleManager: Shutting down and abandoning module InputCore (52)
[2014.06.14-04.42.26:139][127]LogModuleManager: Shutting down and abandoning module Settings (51)
[2014.06.14-04.42.26:139][127]LogModuleManager: Shutting down and abandoning module TextureCompressor (48)
[2014.06.14-04.42.26:139][127]LogModuleManager: Shutting down and abandoning module ShaderCore (47)
[2014.06.14-04.42.26:139][127]LogModuleManager: Shutting down and abandoning module OpenGLDrv (46)
[2014.06.14-04.42.26:139][127]LogModuleManager: Shutting down and abandoning module D3D11RHI (45)
[2014.06.14-04.42.26:139][127]LogModuleManager: Shutting down and abandoning module SlateRHIRenderer (44)
[2014.06.14-04.42.26:139][127]LogModuleManager: Shutting down and abandoning module Renderer (43)
[2014.06.14-04.42.26:139][127]LogModuleManager: Shutting down and abandoning module Engine (42)
[2014.06.14-04.42.26:139][127]LogModuleManager: Shutting down and abandoning module SlateRemote (41)
[2014.06.14-04.42.26:139][127]LogModuleManager: Shutting down and abandoning module ScriptPlugin (40)
[2014.06.14-04.42.26:139][127]LogModuleManager: Shutting down and abandoning module ScriptEditorPlugin (38)
[2014.06.14-04.42.26:139][127]LogModuleManager: Shutting down and abandoning module WindowsMoviePlayer (37)
[2014.06.14-04.42.26:141][127]LogModuleManager: Shutting down and abandoning module ExampleDeviceProfileSelector (32)
[2014.06.14-04.42.26:141][127]LogModuleManager: Shutting down and abandoning module CustomMeshComponent (31)
[2014.06.14-04.42.26:141][127]LogModuleManager: Shutting down and abandoning module CableComponent (30)
[2014.06.14-04.42.26:141][127]LogModuleManager: Shutting down and abandoning module OculusRift (26)
[2014.06.14-04.42.26:141][127]LogModuleManager: Shutting down and abandoning module UdpMessaging (25)
[2014.06.14-04.42.26:242][127]LogModuleManager: Shutting down and abandoning module MessagingDebugger (24)
[2014.06.14-04.42.26:242][127]LogModuleManager: Shutting down and abandoning module PluginsEditor (14)
[2014.06.14-04.42.26:242][127]LogModuleManager: Shutting down and abandoning module IntroTutorials (13)
[2014.06.14-04.42.26:242][127]LogModuleManager: Shutting down and abandoning module EpicSurvey (12)
[2014.06.14-04.42.26:242][127]LogModuleManager: Shutting down and abandoning module VisualStudioSourceCodeAccess (10)
[2014.06.14-04.42.26:242][127]LogModuleManager: Shutting down and abandoning module UObjectPlugin (9)
[2014.06.14-04.42.26:242][127]LogModuleManager: Shutting down and abandoning module SubversionSourceControl (8)
[2014.06.14-04.42.26:242][127]LogModuleManager: Shutting down and abandoning module PerforceSourceControl (7)
[2014.06.14-04.42.26:242][127]LogModuleManager: Shutting down and abandoning module BlankPlugin (6)
[2014.06.14-04.42.26:242][127]LogModuleManager: Shutting down and abandoning module CoreUObject (5)
[2014.06.14-04.42.26:242][127]LogModuleManager: Shutting down and abandoning module NetworkFile (4)
[2014.06.14-04.42.26:242][127]LogModuleManager: Shutting down and abandoning module StreamingFile (3)
[2014.06.14-04.42.26:242][127]LogModuleManager: Shutting down and abandoning module SandboxFile (2)
[2014.06.14-04.42.26:242][127]LogModuleManager: Shutting down and abandoning module PakFile (1)
[2014.06.14-04.42.26:242][127]LogExit: Exiting.
[2014.06.14-04.42.26:247][127]Log file closed, 06/14/14 14:42:26
